===============
ADS_Functor
0:00:03 elapsed time

===============
Aggregation_Algebras
Running Aggregation_Algebras ...
Aggregation_Algebras FAILED
(see also /home/quiqui/.isabelle/Isabelle2021/heaps/polyml-5.8.2_x86_64_32-linux/log/Aggregation_Algebras)
*** Failed to refine any pending goal
*** At command "show" (line 934 of "~/Desktop/2024_sem1/AutomaticProofRepair/AFPs/afp-2020/thys/Aggregation_Algebras/Minimum_Spanning_Trees.thy")
*** Failed to refine any pending goal
*** At command "show" (line 300 of "~/Desktop/2024_sem1/AutomaticProofRepair/AFPs/afp-2020/thys/Aggregation_Algebras/Minimum_Spanning_Trees.thy")
Unfinished session(s): Aggregation_Algebras
0:00:54 elapsed time, 0:01:43 cpu time, factor 1.89

===============
Amortized_Complexity
Running Amortized_Complexity ...
Amortized_Complexity FAILED
(see also /home/quiqui/.isabelle/Isabelle2021/heaps/polyml-5.8.2_x86_64_32-linux/log/Amortized_Complexity)
*** Failed to load theory "Amortized_Complexity.Pairing_Heap_List2_Analysis" (unresolved "Pairing_Heap.Pairing_Heap_List2")
*** Failed to load theory "Amortized_Complexity.Pairing_Heap_List1_Analysis" (unresolved "Pairing_Heap.Pairing_Heap_List1")
*** Failed to load theory "Amortized_Complexity.Pairing_Heap_List1_Analysis2" (unresolved "Amortized_Complexity.Pairing_Heap_List1_Analysis")
*** Variable "Union_mset" occurs on right hand side only:
*** ⋀x hs Union_mset.
***    mset_heap (Hp x hs) = {#x#} + Union_mset (mset (map mset_heap hs))
*** At command "fun" (line 72 of "~/Desktop/2024_sem1/AutomaticProofRepair/AFPs/afp-2020/thys/Pairing_Heap/Pairing_Heap_List1.thy")
*** Variable "Union_mset" occurs on right hand side only:
*** ⋀x hs Union_mset.
***    mset_hp (Hp x hs) = {#x#} + Union_mset (mset (map mset_hp hs))
*** At command "fun" (line 106 of "~/Desktop/2024_sem1/AutomaticProofRepair/AFPs/afp-2020/thys/Pairing_Heap/Pairing_Heap_List2.thy")
Unfinished session(s): Amortized_Complexity
0:00:28 elapsed time, 0:02:06 cpu time, factor 4.39

===============
AODV
Building AWN ...
AWN FAILED
(see also /home/quiqui/.isabelle/Isabelle2021/heaps/polyml-5.8.2_x86_64_32-linux/log/AWN)
*** Failed to refine any pending goal
*** At command "by" (line 1203 of "~/Desktop/2024_sem1/AutomaticProofRepair/AFPs/afp-2020/thys/AWN/OClosed_Transfer.thy")
*** Failed to refine any pending goal
*** At command "by" (line 995 of "~/Desktop/2024_sem1/AutomaticProofRepair/AFPs/afp-2020/thys/AWN/OClosed_Transfer.thy")
AODV CANCELLED
Unfinished session(s): AODV, AWN
0:00:32 elapsed time, 0:02:27 cpu time, factor 4.48

===============
Applicative_Lifting
0:00:04 elapsed time

===============
Approximation_Algorithms
0:00:03 elapsed time

===============
Arith_Prog_Rel_Primes
0:00:03 elapsed time

===============
ArrowImpossibilityGS
Running ArrowImpossibilityGS ...
ArrowImpossibilityGS FAILED
(see also /home/quiqui/.isabelle/Isabelle2021/heaps/polyml-5.8.2_x86_64_32-linux/log/ArrowImpossibilityGS)
*** exception THM 0 raised (line 309 of "drule.ML"):
***   OF: no unifiers
***   ⟦a <⇘F (λi. if h i < ?n then Lab else Lba)⇙ b;
***    (a, b) ∉ F (λi. if h i < 0 then Lab else Lba)⟧
***   ⟹ ∃k<?n.
***         (∀i≤k. (a, b) ∉ F (λia. if h ia < i then Lab else Lba)) ∧
***         a <⇘F (λi. if h i < Suc k then Lab else Lba)⇙ b
***   (a, b) ∉ F (λi. if h i < 0 then Lab else Lba)
***   a <⇘F (λi. if h i < N then Lab else Lba)⇙ b
*** At command "with" (line 277 of "~/Desktop/2024_sem1/AutomaticProofRepair/AFPs/afp-2020/thys/ArrowImpossibilityGS/Thys/Arrow_Order.thy")
Unfinished session(s): ArrowImpossibilityGS
0:00:07 elapsed time, 0:00:12 cpu time, factor 1.60

===============
Auto2_HOL
Running Auto2_HOL ...
Auto2_HOL FAILED
(see also /home/quiqui/.isabelle/Isabelle2021/heaps/polyml-5.8.2_x86_64_32-linux/log/Auto2_HOL)
*** Failed to load theory "Auto2_HOL.Lists_Thms" (unresolved "Auto2_HOL.Set_Thms")
*** Failed to load theory "Auto2_HOL.Auto2_Main" (unresolved "Auto2_HOL.Lists_Thms")
*** Failed to load theory "Auto2_HOL.Auto2_Test" (unresolved "Auto2_HOL.Auto2_Main")
*** Undefined fact: "card_empty" (line 139 of "~/Desktop/2024_sem1/AutomaticProofRepair/AFPs/afp-2020/thys/Auto2_HOL/HOL/Set_Thms.thy")
*** At command "setup" (line 139 of "~/Desktop/2024_sem1/AutomaticProofRepair/AFPs/afp-2020/thys/Auto2_HOL/HOL/Set_Thms.thy")
Unfinished session(s): Auto2_HOL
0:00:11 elapsed time, 0:00:24 cpu time, factor 2.13

===============
Automated_Stateful_Protocol_Verification
Building Stateful_Protocol_Composition_and_Typing ...
*** Timeout
Stateful_Protocol_Composition_and_Typing FAILED
(see also /home/quiqui/.isabelle/Isabelle2021/heaps/polyml-5.8.2_x86_64_32-linux/log/Stateful_Protocol_Composition_and_Typing)
*** Failed to apply initial proof method (line 347 of "~/Desktop/2024_sem1/AutomaticProofRepair/AFPs/afp-2020/thys/Stateful_Protocol_Composition_and_Typing/Typing_Result.thy"):
*** using this:
***     ℐ ?v2 = ?t2 ⟹ Γ (Var ?v2) = Γ ?t2 ∧ public_ground_wf_term ?t2
***     public_ground_wf_term ?t ⟹ fv ?t = {}
*** goal (1 subgoal):
***  1. ℐ v ≠ Var v
*** At command "by" (line 347 of "~/Desktop/2024_sem1/AutomaticProofRepair/AFPs/afp-2020/thys/Stateful_Protocol_Composition_and_Typing/Typing_Result.thy")
Automated_Stateful_Protocol_Verification CANCELLED
Unfinished session(s): Automated_Stateful_Protocol_Verification, Stateful_Protocol_Composition_and_Typing
0:40:07 elapsed time, 1:31:36 cpu time, factor 2.28

===============
Automatic_Refinement
0:00:03 elapsed time

===============
AWN
Running AWN ...
AWN FAILED
(see also /home/quiqui/.isabelle/Isabelle2021/heaps/polyml-5.8.2_x86_64_32-linux/log/AWN)
*** Failed to refine any pending goal
*** At command "by" (line 1203 of "~/Desktop/2024_sem1/AutomaticProofRepair/AFPs/afp-2020/thys/AWN/OClosed_Transfer.thy")
*** Failed to refine any pending goal
*** At command "by" (line 995 of "~/Desktop/2024_sem1/AutomaticProofRepair/AFPs/afp-2020/thys/AWN/OClosed_Transfer.thy")
Unfinished session(s): AWN
0:00:22 elapsed time, 0:01:48 cpu time, factor 4.76

===============
Banach_Steinhaus
Running Banach_Steinhaus ...
Banach_Steinhaus FAILED
(see also /home/quiqui/.isabelle/Isabelle2021/heaps/polyml-5.8.2_x86_64_32-linux/log/Banach_Steinhaus)
*** Undefined fact: "real_mult_le_cancel_iff2" (line 459 of "~/Desktop/2024_sem1/AutomaticProofRepair/AFPs/afp-2020/thys/Banach_Steinhaus/Banach_Steinhaus.thy")
*** At command "by" (line 458 of "~/Desktop/2024_sem1/AutomaticProofRepair/AFPs/afp-2020/thys/Banach_Steinhaus/Banach_Steinhaus.thy")
*** Failed to finish proof (line 249 of "~/Desktop/2024_sem1/AutomaticProofRepair/AFPs/afp-2020/thys/Banach_Steinhaus/Banach_Steinhaus.thy"):
*** goal (1 subgoal):
***  1. (⋀n. (1 / 3) ^ n = inverse (3 ^ n)) ⟹ summable (λn. inverse (3 ^ n))
*** At command "by" (line 249 of "~/Desktop/2024_sem1/AutomaticProofRepair/AFPs/afp-2020/thys/Banach_Steinhaus/Banach_Steinhaus.thy")
*** Undefined fact: "real_mult_le_cancel_iff2" (line 218 of "~/Desktop/2024_sem1/AutomaticProofRepair/AFPs/afp-2020/thys/Banach_Steinhaus/Banach_Steinhaus_Missing.thy")
*** At command "using" (line 218 of "~/Desktop/2024_sem1/AutomaticProofRepair/AFPs/afp-2020/thys/Banach_Steinhaus/Banach_Steinhaus_Missing.thy")
Unfinished session(s): Banach_Steinhaus
0:00:07 elapsed time, 0:00:10 cpu time, factor 1.46

===============
Bicategory
0:00:03 elapsed time

===============
Binding_Syntax_Theory
0:00:01 elapsed time

===============
Binomial-Heaps
Running Binomial-Heaps ...
Binomial-Heaps FAILED
(see also /home/quiqui/.isabelle/Isabelle2021/heaps/polyml-5.8.2_x86_64_32-linux/log/Binomial-Heaps)
*** Variable "Union_mset" occurs on right hand side only:
*** ⋀e a q Union_mset.
***    elem_to_mset (Element e a q) =
***    {#(e, a)#} +
***    Union_mset
***     (image_mset elem_to_mset
***       (image_mset fst
***         (SkewBinomialHeapStruc.queue_to_multiset (map bsmapt q))))
*** At command "function" (line 2067 of "~/Desktop/2024_sem1/AutomaticProofRepair/AFPs/afp-2020/thys/Binomial-Heaps/SkewBinomialHeap.thy")
Unfinished session(s): Binomial-Heaps
0:00:09 elapsed time, 0:00:24 cpu time, factor 2.43

===============
Bondy
Running Bondy ...
Bondy FAILED
(see also /home/quiqui/.isabelle/Isabelle2021/heaps/polyml-5.8.2_x86_64_32-linux/log/Bondy)
*** Undefined fact: "card_infinite" (line 14 of "~/Desktop/2024_sem1/AutomaticProofRepair/AFPs/afp-2020/thys/Bondy/Bondy.thy")
*** At command "by" (line 14 of "~/Desktop/2024_sem1/AutomaticProofRepair/AFPs/afp-2020/thys/Bondy/Bondy.thy")
Unfinished session(s): Bondy
0:00:03 elapsed time

===============
Buchi_Complementation
*** HOL-Word import

===============
Buildings
Running Buildings ...
Buildings FAILED
(see also /home/quiqui/.isabelle/Isabelle2021/heaps/polyml-5.8.2_x86_64_32-linux/log/Buildings)
*** Failed to finish proof (line 1843 of "~/Desktop/2024_sem1/AutomaticProofRepair/AFPs/afp-2020/thys/Buildings/Algebra.thy"):
*** goal (2 subgoals):
***  1. ⋀P a b xs.
***        ⟦b = [] ⟹ P; a = [] ⟹ P;
***         ⋀xs aa ba ab bb ys. a = xs @ [(aa, ba)] ∧ b = (ab, bb) # ys ⟹ P;
***         a = xs ∧ b = []⟧
***        ⟹ P
***  2. ⋀P a b ys.
***        ⟦b = [] ⟹ P; a = [] ⟹ P;
***         ⋀xs aa ba ab bb ys. a = xs @ [(aa, ba)] ∧ b = (ab, bb) # ys ⟹ P;
***         a = [] ∧ b = ys⟧
***        ⟹ P
*** At command "by" (line 1843 of "~/Desktop/2024_sem1/AutomaticProofRepair/AFPs/afp-2020/thys/Buildings/Algebra.thy")
*** Failed to finish proof (line 71 of "~/Desktop/2024_sem1/AutomaticProofRepair/AFPs/afp-2020/thys/Buildings/Simplicial.thy"):
*** goal (1 subgoal):
***  1. ⋀xa. ⟦z ⊲ insert v z; v ∉ z; f ` x = insert v z; u ≡ the_inv_into x f v;
***           y ≡ {v ∈ x. f v ∈ z}; ⋀xa. xa ∈ x ⟹ the_inv_into x f (f xa) = xa;
***           ⋀xa B.
***              ⟦xa = v ∨ xa ∈ z; order.greater_eq B x⟧
***              ⟹ the_inv_into x f xa ∈ B;
***           xa ∈ x; xa ≠ the_inv_into x f v⟧
***          ⟹ f xa ∈ z
*** At command "by" (line 71 of "~/Desktop/2024_sem1/AutomaticProofRepair/AFPs/afp-2020/thys/Buildings/Simplicial.thy")
Unfinished session(s): Buildings
0:00:28 elapsed time, 0:02:21 cpu time, factor 4.98

===============
BytecodeLogicJmlTypes
Running BytecodeLogicJmlTypes ...
BytecodeLogicJmlTypes FAILED
(see also /home/quiqui/.isabelle/Isabelle2021/heaps/polyml-5.8.2_x86_64_32-linux/log/BytecodeLogicJmlTypes)
***         ∀a b aa ab ba.
***            MS (par, code, l0) l0 (mkState (a, b)) (l + 1) (aa, ab, ba) ⟶
***            SINV_pre (fst M') T A (a, b) (aa, ab, ba) ⟶
***            (∀h v. ((par, code, l0), l + 1, (aa, ab, ba), 0, h, v) ∈ Exec ⟶
***                   SINV_post (fst M') T B (a, b) (aa, ab, ba) (h, v)) ∧
***            (∀ll ac ad bb.
***                (((par, code, l0), l + 1, (aa, ab, ba), 0, ll, ac, ad, bb)
***                 ∈ MStep ⟶
***                 (∀Q. Annoa↓ll = Some Q ⟶ Q (a, b) (ac, ad, bb))) ∧
***                (((par, code, l0), l + 1, (aa, ab, ba), 0, ac, ad, bb)
***                 ∈ Reachable ⟶
***                 SINV_inv (fst M') T I (a, b) (aa, ab, ba)
***                  (heap (ac, ad, bb))));
***         MS (par, code, l0) l0 (mkState (ab, ba)) l (ac, ad, bb);
***         A (ab, ba) (ac, ad, bb);
***         ((par, code, l0), l, (ac, ad, bb), 0, ll, a, aa, b) ∈ Step;
***         ((par, code, l0), ll, (a, aa, b), 0, h, v) ∈ Exec⟧
***        ⟹ B (ab, ba) (ac, ad, bb) (h, v)
***  2. ⋀M Mspec Minv Annoa par code l0 s0 s k.
***        ⟦INVS_SC C m l D m' T MI Anno Anno2 M' A I; G_validn 0 G;
***         MST_validn 0; mbody_is C m M;
***         MST↓(C, m) = Some (Mspec, Minv, Annoa); M = (par, code, l0);
***         ∀s0 s.
***            MS M l0 (mkState s0) (l + 1) s ⟶
***            SINV_pre (fst M') T A s0 s ⟶
***            (∀k≤0. (∀h v. (M, l + 1, s, k, h, v) ∈ Exec ⟶
***                          SINV_post (fst M') T B s0 s (h, v)) ∧
***                   (∀ll r.
***                       ((M, l + 1, s, k, ll, r) ∈ MStep ⟶
***                        (∀Q. Annoa↓ll = Some Q ⟶ Q s0 r)) ∧
***                       ((M, l + 1, s, k, r) ∈ Reachable ⟶
***                        SINV_inv (fst M') T I s0 s (heap r))));
***         MS M l0 (mkState s0) l s; A s0 s; k ≤ Suc 0⟧
***        ⟹ ∀ll r.
***              ((M, l, s, k, ll, r) ∈ MStep ⟶
***               (∀Q. Annoa↓ll = Some Q ⟶ Q s0 r)) ∧
***              ((M, l, s, k, r) ∈ Reachable ⟶ I s0 s (heap r))
***  3. ⋀K. INVS_soundK K G C m l D m' T MI Anno Anno2 M' A B I ⟹
***         INVS_soundK (Suc K) G C m l D m' T MI Anno Anno2 M' A B I
*** At command "apply" (line 345 of "~/Desktop/2024_sem1/AutomaticProofRepair/AFPs/afp-2020/thys/BytecodeLogicJmlTypes/Sound.thy")
Unfinished session(s): BytecodeLogicJmlTypes
0:00:26 elapsed time, 0:01:15 cpu time, factor 2.86

===============
CakeML
*** HOL-Word import

===============
CakeML_Codegen
*** HOL-Word import

===============
Call_Arity
Building Launchbury ...
Launchbury FAILED
(see also /home/quiqui/.isabelle/Isabelle2021/heaps/polyml-5.8.2_x86_64_32-linux/log/Launchbury)
*** Failed to load theory "Launchbury.Nominal-Utils" (unresolved "Nominal2.Nominal2")
*** Failed to load theory "Launchbury.Vars" (unresolved "Nominal2.Nominal2")
*** Failed to load theory "Launchbury.AList-Utils-Nominal" (unresolved "Launchbury.Nominal-Utils")
*** Failed to load theory "Launchbury.Terms" (unresolved "Launchbury.AList-Utils-Nominal", "Launchbury.Nominal-Utils", "Launchbury.Vars")
*** Failed to load theory "Launchbury.EvalHeap" (unresolved "Nominal2.Nominal2")
*** Failed to load theory "Launchbury.Substitution" (unresolved "Launchbury.Terms")
*** Failed to load theory "Launchbury.Nominal-HOLCF" (unresolved "Launchbury.Nominal-Utils")
*** Failed to load theory "Launchbury.Launchbury" (unresolved "Launchbury.Substitution", "Launchbury.Terms")
*** Failed to load theory "Launchbury.CValue-Nominal" (unresolved "Launchbury.Nominal-HOLCF", "Launchbury.Nominal-Utils")
*** Failed to load theory "Launchbury.Env-Nominal" (unresolved "Launchbury.Nominal-HOLCF", "Launchbury.Nominal-Utils")
*** Failed to load theory "Launchbury.HasESem" (unresolved "Launchbury.Nominal-HOLCF")
*** Failed to load theory "Launchbury.Value-Nominal" (unresolved "Launchbury.Nominal-HOLCF", "Launchbury.Nominal-Utils")
*** Failed to load theory "Launchbury.HeapSemantics" (unresolved "Launchbury.AList-Utils-Nominal", "Launchbury.Env-Nominal", "Launchbury.EvalHeap", "Launchbury.HasESem")
*** Failed to load theory "Launchbury.AbstractDenotational" (unresolved "Launchbury.HeapSemantics", "Launchbury.Terms")
*** Failed to load theory "Launchbury.Abstract-Denotational-Props" (unresolved "Launchbury.AbstractDenotational", "Launchbury.Substitution")
*** Failed to load theory "Launchbury.ResourcedDenotational" (unresolved "Launchbury.Abstract-Denotational-Props", "Launchbury.CValue-Nominal")
*** Failed to load theory "Launchbury.Denotational" (unresolved "Launchbury.Abstract-Denotational-Props", "Launchbury.Value-Nominal")
*** Failed to load theory "Launchbury.CorrectnessResourced" (unresolved "Launchbury.Launchbury", "Launchbury.ResourcedDenotational")
*** Failed to load theory "Launchbury.CorrectnessOriginal" (unresolved "Launchbury.Denotational", "Launchbury.Launchbury")
*** Failed to load theory "Launchbury.ResourcedAdequacy" (unresolved "Launchbury.CorrectnessResourced", "Launchbury.Launchbury", "Launchbury.ResourcedDenotational")
*** Failed to load theory "Launchbury.Denotational-Related" (unresolved "Launchbury.Denotational", "Launchbury.ResourcedDenotational")
*** Failed to load theory "Launchbury.Adequacy" (unresolved "Launchbury.Denotational-Related", "Launchbury.ResourcedAdequacy")
*** Failed to load theory "Launchbury.EverythingAdequacy" (unresolved "Launchbury.Adequacy", "Launchbury.CorrectnessOriginal")
*** ML error (line 118 of "~/Desktop/2024_sem1/AutomaticProofRepair/AFPs/afp-2020/thys/Nominal2/nominal_dt_rawfuns.ML"):
*** Value or constructor (subtarget) has not been declared in structure Local_Theory
*** ML error (line 255 of "~/Desktop/2024_sem1/AutomaticProofRepair/AFPs/afp-2020/thys/Nominal2/nominal_dt_rawfuns.ML"):
*** Value or constructor (subtarget) has not been declared in structure Local_Theory
*** ML error (line 328 of "~/Desktop/2024_sem1/AutomaticProofRepair/AFPs/afp-2020/thys/Nominal2/nominal_dt_rawfuns.ML"):
*** Value or constructor (subtarget) has not been declared in structure Local_Theory
*** At command "ML_file" (line 13 of "~/Desktop/2024_sem1/AutomaticProofRepair/AFPs/afp-2020/thys/Nominal2/Nominal2.thy")
Call_Arity CANCELLED
Unfinished session(s): Call_Arity, Launchbury
0:00:16 elapsed time, 0:01:07 cpu time, factor 4.11

===============
Card_Multisets
Running Card_Multisets ...
Card_Multisets FAILED
(see also /home/quiqui/.isabelle/Isabelle2021/heaps/polyml-5.8.2_x86_64_32-linux/log/Card_Multisets)
*** Undefined fact: "card_empty" (line 193 of "~/Desktop/2024_sem1/AutomaticProofRepair/AFPs/afp-2020/thys/Card_Multisets/Card_Multisets.thy")
*** At command "by" (line 193 of "~/Desktop/2024_sem1/AutomaticProofRepair/AFPs/afp-2020/thys/Card_Multisets/Card_Multisets.thy")
Unfinished session(s): Card_Multisets
0:00:07 elapsed time, 0:00:15 cpu time, factor 1.91

===============
Card_Number_Partitions
Running Card_Number_Partitions ...
Card_Number_Partitions FAILED
(see also /home/quiqui/.isabelle/Isabelle2021/heaps/polyml-5.8.2_x86_64_32-linux/log/Card_Number_Partitions)
*** Undefined fact: "card_empty" (line 146 of "~/Desktop/2024_sem1/AutomaticProofRepair/AFPs/afp-2020/thys/Card_Number_Partitions/Card_Number_Partitions.thy")
*** At command "by" (line 146 of "~/Desktop/2024_sem1/AutomaticProofRepair/AFPs/afp-2020/thys/Card_Number_Partitions/Card_Number_Partitions.thy")
*** Undefined fact: "card_empty" (line 306 of "~/Desktop/2024_sem1/AutomaticProofRepair/AFPs/afp-2020/thys/Card_Number_Partitions/Card_Number_Partitions.thy")
*** At command "by" (line 306 of "~/Desktop/2024_sem1/AutomaticProofRepair/AFPs/afp-2020/thys/Card_Number_Partitions/Card_Number_Partitions.thy")
Unfinished session(s): Card_Number_Partitions
0:00:05 elapsed time, 0:00:07 cpu time, factor 1.41

===============
Card_Partitions
Running Card_Partitions ...
Card_Partitions FAILED
(see also /home/quiqui/.isabelle/Isabelle2021/heaps/polyml-5.8.2_x86_64_32-linux/log/Card_Partitions)
*** Undefined fact: "card_empty" (line 350 of "~/Desktop/2024_sem1/AutomaticProofRepair/AFPs/afp-2020/thys/Card_Partitions/Card_Partitions.thy")
*** At command "by" (line 350 of "~/Desktop/2024_sem1/AutomaticProofRepair/AFPs/afp-2020/thys/Card_Partitions/Card_Partitions.thy")
Unfinished session(s): Card_Partitions
0:00:07 elapsed time, 0:00:16 cpu time, factor 2.32

===============
Case_Labeling
Running Case_Labeling ...
Case_Labeling FAILED
(see also /home/quiqui/.isabelle/Isabelle2021/heaps/polyml-5.8.2_x86_64_32-linux/log/Case_Labeling)
*** Failed to load theory "Case_Labeling.Labeled_Hoare_Examples" (unresolved "Case_Labeling.Labeled_Hoare")
*** Failed to load theory "Case_Labeling.Case_Labeling_Examples" (unresolved "Case_Labeling.Labeled_Hoare_Examples")
*** Undefined constant: "_Seq"
*** At command "lemma" (line 12 of "~/Desktop/2024_sem1/AutomaticProofRepair/AFPs/afp-2020/thys/Case_Labeling/Examples/Hoare/Labeled_Hoare.thy")
Unfinished session(s): Case_Labeling
0:00:06 elapsed time, 0:00:08 cpu time, factor 1.20

===============
Category3
0:00:02 elapsed time

===============
Cauchy
0:00:01 elapsed time

===============
CAVA_Automata
*** HOL-Word import

===============
CAVA_LTL_Modelchecker
*** HOL-Word import

===============
Chandy_Lamport
Building Ordered_Resolution_Prover ...
Ordered_Resolution_Prover FAILED
(see also /home/quiqui/.isabelle/Isabelle2021/heaps/polyml-5.8.2_x86_64_32-linux/log/Ordered_Resolution_Prover)
*** Failed to load theory "Ordered_Resolution_Prover.Clausal_Logic" (unresolved "Nested_Multisets_Ordinals.Multiset_More")
*** Failed to load theory "Ordered_Resolution_Prover.Herbrand_Interpretation" (unresolved "Ordered_Resolution_Prover.Clausal_Logic")
*** Failed to load theory "Ordered_Resolution_Prover.Abstract_Substitution" (unresolved "Ordered_Resolution_Prover.Clausal_Logic")
*** Failed to load theory "Ordered_Resolution_Prover.Ground_Resolution_Model" (unresolved "Ordered_Resolution_Prover.Herbrand_Interpretation")
*** Failed to load theory "Ordered_Resolution_Prover.Inference_System" (unresolved "Ordered_Resolution_Prover.Herbrand_Interpretation")
*** Failed to load theory "Ordered_Resolution_Prover.Ordered_Ground_Resolution" (unresolved "Ordered_Resolution_Prover.Ground_Resolution_Model", "Ordered_Resolution_Prover.Inference_System")
*** Failed to load theory "Ordered_Resolution_Prover.Unordered_Ground_Resolution" (unresolved "Ordered_Resolution_Prover.Ground_Resolution_Model", "Ordered_Resolution_Prover.Inference_System")
*** Failed to load theory "Ordered_Resolution_Prover.Proving_Process" (unresolved "Ordered_Resolution_Prover.Unordered_Ground_Resolution")
*** Failed to load theory "Ordered_Resolution_Prover.Standard_Redundancy" (unresolved "Ordered_Resolution_Prover.Proving_Process")
*** Failed to load theory "Ordered_Resolution_Prover.FO_Ordered_Resolution" (unresolved "Ordered_Resolution_Prover.Abstract_Substitution", "Ordered_Resolution_Prover.Ordered_Ground_Resolution", "Ordered_Resolution_Prover.Standard_Redundancy")
*** Failed to load theory "Ordered_Resolution_Prover.FO_Ordered_Resolution_Prover" (unresolved "Ordered_Resolution_Prover.FO_Ordered_Resolution")
*** Type unification failed: Clash of types "_ multiset" and "_ list"
*** 
*** Type error in application: incompatible operand type
*** 
*** Operator:  (#) ⋃ ::
***   (??'a set set ⇒ ??'a set) list ⇒ (??'a set set ⇒ ??'a set) list
*** Operand:   {#image_mset (Pair a) (B a). a ∈# A#} ::
***   ('a × 'b) multiset multiset
*** 
*** At command "definition" (line 527 of "~/Desktop/2024_sem1/AutomaticProofRepair/AFPs/afp-2020/thys/Nested_Multisets_Ordinals/Multiset_More.thy")
*** At command "by" (line 329 of "~/Desktop/2024_sem1/AutomaticProofRepair/AFPs/afp-2020/thys/Nested_Multisets_Ordinals/Multiset_More.thy")
*** Type unification failed: Clash of types "_ multiset" and "_ list"
*** 
*** Type error in application: incompatible operand type
*** 
*** Operator:  (#) ⋃ ::
***   (??'a set set ⇒ ??'a set) list ⇒ (??'a set set ⇒ ??'a set) list
*** Operand:   {#image_mset (Pair a) (B a). a ∈# A#} ::
***   ('a × 'b) multiset multiset
*** 
*** At command "definition" (line 527 of "~/Desktop/2024_sem1/AutomaticProofRepair/AFPs/afp-2020/thys/Nested_Multisets_Ordinals/Multiset_More.thy")
Chandy_Lamport CANCELLED
Unfinished session(s): Chandy_Lamport, Ordered_Resolution_Prover
0:00:15 elapsed time, 0:00:42 cpu time, factor 2.71

===============
Circus
Running Circus ...
Circus FAILED
(see also /home/quiqui/.isabelle/Isabelle2021/heaps/polyml-5.8.2_x86_64_32-linux/log/Circus)
***         action.relation_of xa
***          (aa⦇tr := [], wait := False⦈, ba⦇tr := tr b - tr aa, ok := False⦈)⟧
***        ⟹ False
***  6. ⋀b aa ba xa xb.
***        ⟦tr ba = tr b; ref ba = ref b; alpha_rp.more ba = alpha_rp.more b;
***         xa ∈ A; ¬ wait aa; tr aa ≤ tr b; ok aa;
***         ¬ action.relation_of xa
***            (aa⦇tr := [], wait := False⦈, b
***             ⦇tr := tr b - tr aa, ok := False⦈);
***         xb ∈ A; ok b; ¬ wait ba; ¬ wait b;
***         ¬ action.relation_of xa
***            (aa⦇tr := [], wait := False⦈, b⦇tr := tr b - tr aa, ok := True⦈);
***         action.relation_of xa
***          (aa⦇tr := [], wait := False⦈, ba⦇tr := tr b - tr aa, ok := False⦈)⟧
***        ⟹ False
***  7. ⋀b aa ba xa xb.
***        ⟦tr ba = tr b; ref ba = ref b; alpha_rp.more ba = alpha_rp.more b;
***         xa ∈ A; ¬ wait aa; tr aa ≤ tr b; ok aa;
***         ¬ action.relation_of xa
***            (aa⦇tr := [], wait := False⦈, b
***             ⦇tr := tr b - tr aa, ok := False⦈);
***         xb ∈ A; ok b; ok ba;
***         action.relation_of xa
***          (aa⦇tr := [], wait := False⦈, ba⦇tr := tr b - tr aa, ok := True⦈);
***         wait ba; wait b⟧
***        ⟹ action.relation_of xa
***            (aa⦇tr := [], wait := False⦈, b⦇tr := tr b - tr aa, ok := True⦈)
***  8. ⋀b aa ba xa xb.
***        ⟦tr ba = tr b; ref ba = ref b; alpha_rp.more ba = alpha_rp.more b;
***         xa ∈ A; ¬ wait aa; tr aa ≤ tr b; ok aa;
***         ¬ action.relation_of xa
***            (aa⦇tr := [], wait := False⦈, b
***             ⦇tr := tr b - tr aa, ok := False⦈);
***         xb ∈ A; ok b; ok ba;
***         action.relation_of xa
***          (aa⦇tr := [], wait := False⦈, ba⦇tr := tr b - tr aa, ok := True⦈);
***         ¬ wait ba; ¬ wait b⟧
***        ⟹ action.relation_of xa
***            (aa⦇tr := [], wait := False⦈, b⦇tr := tr b - tr aa, ok := True⦈)
*** At command "apply" (line 374 of "~/Desktop/2024_sem1/AutomaticProofRepair/AFPs/afp-2020/thys/Circus/Circus_Actions.thy")
Unfinished session(s): Circus
0:00:15 elapsed time, 0:01:00 cpu time, factor 4.00

===============
Closest_Pair_Points
0:00:04 elapsed time

===============
Collections
*** HOL-Word import

===============
Complete_Non_Orders
### Ignoring bad database "/home/quiqui/.isabelle/Isabelle2021/heaps/polyml-5.8.2_x86_64_32-linux/log/Complete_Non_Orders.db"
Running Complete_Non_Orders ...
Finished Complete_Non_Orders (0:00:06 elapsed time, 0:00:10 cpu time, factor 1.69)
0:00:08 elapsed time, 0:00:10 cpu time, factor 1.26

===============
Complex_Geometry
Running Complex_Geometry ...
Complex_Geometry FAILED
(see also /home/quiqui/.isabelle/Isabelle2021/heaps/polyml-5.8.2_x86_64_32-linux/log/Complex_Geometry)
*** Failed to finish proof (line 866 of "~/Desktop/2024_sem1/AutomaticProofRepair/AFPs/afp-2020/thys/Complex_Geometry/Unit_Circle_Preserving_Moebius.thy"):
*** goal (1 subgoal):
***  1. ⋀φ a'.
***        ⟦⋀φ'. a = cnj a * cis φ' ∧ (a' = 0 ∨ cis φ = cis φ') ⟹ thesis;
***         a ≠ 0; k ≠ 0; a * cnj a ≠ b * cnj b;
***         M =
***         (k * cnj a * cis φ, - (k * cnj a * cis φ * a'),
***          - (k * cnj a * cnj a'), k * cnj a);
***         a' * cnj a' ≠ 1; a = cnj a * cis φ;
***         k * b = - (k * cnj a * cis φ * a');
***         k * cnj b = - (k * cnj a * cnj a')⟧
***        ⟹ thesis
*** At command "by" (line 866 of "~/Desktop/2024_sem1/AutomaticProofRepair/AFPs/afp-2020/thys/Complex_Geometry/Unit_Circle_Preserving_Moebius.thy")
*** Failed to finish proof (line 270 of "~/Desktop/2024_sem1/AutomaticProofRepair/AFPs/afp-2020/thys/Complex_Geometry/Unit_Circle_Preserving_Moebius.thy"):
*** goal (1 subgoal):
***  1. ⟦0 < k;
***      mat_adj M *⇩m⇩m (1 / cor k, 0, 0, - (1 / cor k)) *⇩m⇩m M = (1, 0, 0, - 1);
***      mat_det M ≠ 0;
***      mat_adj (mat_inv M) *⇩m⇩m (1, 0, 0, - 1) *⇩m⇩m mat_inv M =
***      (1 / cor k, 0, 0, - (1 / cor k));
***      (1, 0, 0, - 1) = (1 / cor k) *⇩s⇩m (mat_adj M *⇩m⇩m (1, 0, 0, - 1) *⇩m⇩m M)⟧
***     ⟹ mat_adj M *⇩m⇩m (1, 0, 0, - 1) *⇩m⇩m M = (cor k, 0, 0, - cor k)
*** At command "by" (line 270 of "~/Desktop/2024_sem1/AutomaticProofRepair/AFPs/afp-2020/thys/Complex_Geometry/Unit_Circle_Preserving_Moebius.thy")
*** Undefined fact: "card_infinite" (line 83 of "~/Desktop/2024_sem1/AutomaticProofRepair/AFPs/afp-2020/thys/Complex_Geometry/More_Set.thy")
*** At command "using" (line 83 of "~/Desktop/2024_sem1/AutomaticProofRepair/AFPs/afp-2020/thys/Complex_Geometry/More_Set.thy")
*** Undefined fact: "card_infinite" (line 60 of "~/Desktop/2024_sem1/AutomaticProofRepair/AFPs/afp-2020/thys/Complex_Geometry/More_Set.thy")
*** At command "using" (line 60 of "~/Desktop/2024_sem1/AutomaticProofRepair/AFPs/afp-2020/thys/Complex_Geometry/More_Set.thy")
Unfinished session(s): Complex_Geometry
0:00:25 elapsed time, 0:01:55 cpu time, factor 4.56

===============
Complx
*** HOL-Word import

===============
ConcurrentGC
Building ConcurrentIMP ...
Finished ConcurrentIMP (0:00:19 elapsed time, 0:01:02 cpu time, factor 3.14)
Running ConcurrentGC ...
ConcurrentGC FAILED
(see also /home/quiqui/.isabelle/Isabelle2021/heaps/polyml-5.8.2_x86_64_32-linux/log/ConcurrentGC)
*** More names than parameters in subgoal!
*** At command "apply" (line 2731 of "~/Desktop/2024_sem1/AutomaticProofRepair/AFPs/afp-2020/thys/ConcurrentGC/StrongTricolour.thy")
Unfinished session(s): ConcurrentGC
0:31:11 elapsed time, 3:18:40 cpu time, factor 6.37

===============
ConcurrentIMP
0:00:02 elapsed time

===============
Consensus_Refined
Running Consensus_Refined ...
Consensus_Refined FAILED
(see also /home/quiqui/.isabelle/Isabelle2021/heaps/polyml-5.8.2_x86_64_32-linux/log/Consensus_Refined)
*** Undefined fact: "card_empty" (line 353 of "~/Desktop/2024_sem1/AutomaticProofRepair/AFPs/afp-2020/thys/Consensus_Refined/MRU/Paxos_Proofs.thy")
*** At command "by" (line 353 of "~/Desktop/2024_sem1/AutomaticProofRepair/AFPs/afp-2020/thys/Consensus_Refined/MRU/Paxos_Proofs.thy")
*** Undefined fact: "card_empty" (line 349 of "~/Desktop/2024_sem1/AutomaticProofRepair/AFPs/afp-2020/thys/Consensus_Refined/MRU/CT_Proofs.thy")
*** At command "by" (line 349 of "~/Desktop/2024_sem1/AutomaticProofRepair/AFPs/afp-2020/thys/Consensus_Refined/MRU/CT_Proofs.thy")
Unfinished session(s): Consensus_Refined
0:00:12 elapsed time, 0:01:01 cpu time, factor 4.93

===============
Constructive_Cryptography
*** HOL-Word import

===============
Constructor_Funs
Running Constructor_Funs ...
Constructor_Funs FAILED
(see also /home/quiqui/.isabelle/Isabelle2021/heaps/polyml-5.8.2_x86_64_32-linux/log/Constructor_Funs)
*** Failed to load theory "Constructor_Funs.Test_Constructor_Funs" (unresolved "Constructor_Funs.Constructor_Funs")
*** ML error (line 78 of "~/Desktop/2024_sem1/AutomaticProofRepair/AFPs/afp-2020/thys/Constructor_Funs/constructor_funs.ML"):
*** Value or constructor (open_target) has not been declared in structure Local_Theory
*** ML error (line 85 of "~/Desktop/2024_sem1/AutomaticProofRepair/AFPs/afp-2020/thys/Constructor_Funs/constructor_funs.ML"):
*** Value or constructor (close_target) has not been declared in structure Local_Theory
*** At command "ML_file" (line 32 of "~/Desktop/2024_sem1/AutomaticProofRepair/AFPs/afp-2020/thys/Constructor_Funs/Constructor_Funs.thy")
Unfinished session(s): Constructor_Funs
0:00:03 elapsed time

===============
Containers
*** HOL-Word import

===============
CoreC++
Running CoreC++ ...
CoreC++ FAILED
(see also /home/quiqui/.isabelle/Isabelle2021/heaps/polyml-5.8.2_x86_64_32-linux/log/CoreC++)
*** Undefined fact: "card_infinite" (line 457 of "~/Desktop/2024_sem1/AutomaticProofRepair/AFPs/afp-2020/thys/CoreC++/Execute.thy")
*** At command "apply" (line 457 of "~/Desktop/2024_sem1/AutomaticProofRepair/AFPs/afp-2020/thys/CoreC++/Execute.thy")
*** Failed to apply proof method (line 99 of "~/Desktop/2024_sem1/AutomaticProofRepair/AFPs/afp-2020/thys/CoreC++/Execute.thy"):
*** goal (1 subgoal):
***  1. ⋀a ys aa lista.
***        ⟦⋀ys. map Val lista = map Val ys ⟹ map_val (map Val ys) ys;
***         a = Val aa; ys = aa # lista⟧
***        ⟹ map_val (Val aa # map Val lista) (aa # lista)
*** At command "apply" (line 99 of "~/Desktop/2024_sem1/AutomaticProofRepair/AFPs/afp-2020/thys/CoreC++/Execute.thy")
Unfinished session(s): CoreC++
0:01:15 elapsed time, 0:06:13 cpu time, factor 4.94

===============
Core_DOM
Running Core_DOM ...
Core_DOM FAILED
(see also /home/quiqui/.isabelle/Isabelle2021/heaps/polyml-5.8.2_x86_64_32-linux/log/Core_DOM)
*** Failed to apply initial proof method (line 153 of "~/Desktop/2024_sem1/AutomaticProofRepair/AFPs/afp-2020/thys/Core_DOM/monads/BaseMonad.thy"):
*** using this:
***     Complete_Partial_Order.chain (flat_ord (Inl e)) {y. ∃f∈A. y = f ?a}
***     flat_lub (Inl e) {y. ∃f∈A. y = f ?a1} = ?a ⟹
***     ?a = Inl e ∨ ?a ∈ {y. ∃f∈A. y = f ?a1}
***     ∀xa∈A. ∀h h2 r. the_prog (Prog xa) h = Inr (r, h2) ⟶ P h h2 r
***     the_prog (Prog (λx. flat_lub (Inl e) {y. ∃f∈A. y = f x})) h =
***     Inr (r, h2)
*** goal (1 subgoal):
***  1. P h h2 r
*** At command "by" (line 153 of "~/Desktop/2024_sem1/AutomaticProofRepair/AFPs/afp-2020/thys/Core_DOM/monads/BaseMonad.thy")
*** Failed to finish proof (line 174 of "~/Desktop/2024_sem1/AutomaticProofRepair/AFPs/afp-2020/thys/Core_DOM/monads/BaseMonad.thy"):
*** goal (1 subgoal):
***  1. ⟦⋀a. flat_lub (Inl e) {y. ∃f∈A. y = f a} = Inl e ∨
***          (∃f∈A. flat_lub (Inl e) {y. ∃f∈A. y = f a} = f a);
***      flat_lub (Inl e) {y. ∃f∈A. y = f h} = Inr (r, h2)⟧
***     ⟹ ∃f∈A. Inr (r, h2) = f h
*** At command "by" (line 174 of "~/Desktop/2024_sem1/AutomaticProofRepair/AFPs/afp-2020/thys/Core_DOM/monads/BaseMonad.thy")
Unfinished session(s): Core_DOM
0:01:30 elapsed time, 0:08:24 cpu time, factor 5.57

===============
Count_Complex_Roots
Building HOL-Complex_Analysis ...
Finished HOL-Complex_Analysis (0:00:34 elapsed time, 0:02:58 cpu time, factor 5.16)
Running Count_Complex_Roots ...
Count_Complex_Roots FAILED
(see also /home/quiqui/.isabelle/Isabelle2021/heaps/polyml-5.8.2_x86_64_32-linux/log/Count_Complex_Roots)
*** Failed to apply initial proof method (line 2237 of "~/Desktop/2024_sem1/AutomaticProofRepair/AFPs/afp-2020/thys/Winding_Number_Eval/Winding_Number_Eval.thy"):
*** goal (1 subgoal):
***  1. z0 +
***     complex_of_real r *
***     (cos (complex_of_real ((1 - 0) *⇩R (2 * pi) + 0 *⇩R tt)) +
***      𝗂 * sin (complex_of_real ((1 - 0) *⇩R (2 * pi) + 0 *⇩R tt))) =
***     z0 + complex_of_real r
*** At command "by" (line 2237 of "~/Desktop/2024_sem1/AutomaticProofRepair/AFPs/afp-2020/thys/Winding_Number_Eval/Winding_Number_Eval.thy")
*** Undefined fact: "card_empty" (line 190 of "~/Desktop/2024_sem1/AutomaticProofRepair/AFPs/afp-2020/thys/Count_Complex_Roots/More_Polynomials.thy")
*** At command "by" (line 190 of "~/Desktop/2024_sem1/AutomaticProofRepair/AFPs/afp-2020/thys/Count_Complex_Roots/More_Polynomials.thy")
Unfinished session(s): Count_Complex_Roots
0:01:20 elapsed time, 0:06:29 cpu time, factor 4.83

===============
CRDT
Running CRDT ...
CRDT FAILED
(see also /home/quiqui/.isabelle/Isabelle2021/heaps/polyml-5.8.2_x86_64_32-linux/log/CRDT)
*** Type unification failed
*** 
*** Failed to meet type constraint:
*** 
*** Term:  m :: 'op
*** Type:  bool
*** 
*** At command "apply" (line 510 of "~/Desktop/2024_sem1/AutomaticProofRepair/AFPs/afp-2020/thys/CRDT/Network.thy")
Unfinished session(s): CRDT
0:00:09 elapsed time, 0:00:34 cpu time, factor 3.50

===============
CryptHOL
*** HOL-Word import

===============
CSP_RefTK
Running CSP_RefTK ...
CSP_RefTK FAILED
(see also /home/quiqui/.isabelle/Isabelle2021/heaps/polyml-5.8.2_x86_64_32-linux/log/CSP_RefTK)
*** Failed to apply initial proof method (line 783 of "~/Desktop/2024_sem1/AutomaticProofRepair/AFPs/afp-2020/thys/CSP_RefTK/DiningPhilosophers.thy"):
*** using this:
***     fs ! 0 = 0
***     e = picks 0 0
***     (∀i. Suc i < N ⟶ (fs ! Suc i = 1) = (ps ! Suc i ≠ 0)) ∧
***     (fs ! (N - 1) = 2) = (ps ! 0 ≠ 0) ∧
***     (∀i<N - 1. (fs ! i = 2) = (ps ! Suc i = 2)) ∧
***     (fs ! 0 = 1) = (ps ! 0 = 2) ∧
***     (∀i<N. fs ! i = 0 ∨ fs ! i = 1 ∨ fs ! i = 2) ∧
***     (∀i<N. ps ! i = 0 ∨ ps ! i = 1 ∨ ps ! i = 2 ∨ ps ! i = 3) ∧
***     length fs = N ∧ length ps = N
***     s = (ps, fs)
***     ps ! 0 = Suc 0
***     of_bool (N ≠ Suc 0) = 0
***     1 < N
*** goal (1 subgoal):
***  1. (∀i. Suc i < N ⟶ (fs[0 := 2] ! Suc i = 1) = (ps[0 := 2] ! Suc i ≠ 0)) ∧
***     (fs[0 := 2] ! (N - 1) = 2) = (ps[0 := 2] ! 0 ≠ 0) ∧
***     (∀i<N - 1. (fs[0 := 2] ! i = 2) = (ps[0 := 2] ! Suc i = 2)) ∧
***     (fs[0 := 2] ! 0 = 1) = (ps[0 := 2] ! 0 = 2) ∧
***     (∀i<N. fs[0 := 2] ! i = 0 ∨ fs[0 := 2] ! i = 1 ∨ fs[0 := 2] ! i = 2) ∧
***     (∀i<N. ps[0 := 2] ! i = 0 ∨
***            ps[0 := 2] ! i = 1 ∨ ps[0 := 2] ! i = 2 ∨ ps[0 := 2] ! i = 3) ∧
***     length (fs[0 := 2]) = N ∧ length (ps[0 := 2]) = N
*** At command "by" (line 783 of "~/Desktop/2024_sem1/AutomaticProofRepair/AFPs/afp-2020/thys/CSP_RefTK/DiningPhilosophers.thy")
*** exception THM 0 raised (line 309 of "drule.ML"):
***   OF: no unifiers
***   ⟦s setinterleaves ((?t1.0, ?u), C); set ?t2.0 ∩ C = {}⟧
***   ⟹ s @ ?t2.0 setinterleaves ((?t1.0 @ ?t2.0, ?u), C)
***   aa ∈ C
***   s setinterleaves ((aa # lista, list), C)
*** At command "with" (line 1599 of "~/Desktop/2024_sem1/AutomaticProofRepair/AFPs/afp-2020/thys/HOL-CSP/CSP.thy")
*** Too many parameters for case "1" (line 1315 of "~/Desktop/2024_sem1/AutomaticProofRepair/AFPs/afp-2020/thys/HOL-CSP/CSP.thy")
*** At command "case" (line 1315 of "~/Desktop/2024_sem1/AutomaticProofRepair/AFPs/afp-2020/thys/HOL-CSP/CSP.thy")
Unfinished session(s): CSP_RefTK
0:01:34 elapsed time, 0:09:32 cpu time, factor 6.08

===============
CYK
Running CYK ...
*** Timeout
CYK FAILED
(see also /home/quiqui/.isabelle/Isabelle2021/heaps/polyml-5.8.2_x86_64_32-linux/log/CYK)
*** Interrupt
Unfinished session(s): CYK
0:05:02 elapsed time, 0:05:05 cpu time, factor 1.01

===============
Decreasing-Diagrams-II
Running Decreasing-Diagrams-II ...
Decreasing-Diagrams-II FAILED
(see also /home/quiqui/.isabelle/Isabelle2021/heaps/polyml-5.8.2_x86_64_32-linux/log/Decreasing-Diagrams-II)
***            (⋃ (L ` (under r a ∩ under r b)) ∪
***             (⋃x∈under r a ∩ under r b. (L x)¯)))⇧*⟧
***        ⟹ (t, u)
***           ∈ (⋃ (E ` under r a) ∪
***              (⋃ (L ` under r a) ∪ (⋃x∈under r a. (L x)¯)))⇧* O
***             (Id ∪ L b) O
***             (⋃ (E ` (under r a ∪ under r b)) ∪
***              (⋃ (L ` (under r a ∪ under r b)) ∪
***               (⋃x∈under r a ∪ under r b. (L x)¯)))⇧*
***  2. ⋀za zb yc zc.
***        ⟦(t, u)
***         ∉ (⋃ (E ` (under r a ∩ under r b)) ∪
***            (⋃ (L ` (under r a ∩ under r b)) ∪
***             (⋃x∈under r a ∩ under r b. (L x)¯)))⇧* O
***           (Id ∪ L b) O
***           (⋃ (E ` under r b) ∪
***            (⋃ (L ` under r b) ∪ (⋃x∈under r b. (L x)¯)))⇧* O
***           E a O
***           (⋃ (E ` under r b) ∪
***            (⋃ (L ` under r b) ∪ (⋃x∈under r b. (L x)¯)))⇧*;
***         (za, u)
***         ∈ (⋃ (E ` under r b) ∪
***            (⋃ (L ` under r b) ∪ (⋃x∈under r b. (L x)¯)))⇧*;
***         (zb, za) ∈ E a;
***         (zc, zb)
***         ∈ (⋃ (E ` under r b) ∪
***            (⋃ (L ` under r b) ∪ (⋃x∈under r b. (L x)¯)))⇧*;
***         (t, yc)
***         ∈ (⋃ (E ` (under r a ∩ under r b)) ∪
***            (⋃ (L ` (under r a ∩ under r b)) ∪
***             (⋃x∈under r a ∩ under r b. (L x)¯)))⇧*;
***         (yc, zc) ∈ L b⟧
***        ⟹ (t, u)
***           ∈ (⋃ (E ` under r a) ∪
***              (⋃ (L ` under r a) ∪ (⋃x∈under r a. (L x)¯)))⇧* O
***             (Id ∪ L b) O
***             (⋃ (E ` (under r a ∪ under r b)) ∪
***              (⋃ (L ` (under r a ∪ under r b)) ∪
***               (⋃x∈under r a ∪ under r b. (L x)¯)))⇧*
*** At command "by" (line 887 of "~/Desktop/2024_sem1/AutomaticProofRepair/AFPs/afp-2020/thys/Decreasing-Diagrams-II/Decreasing_Diagrams_II.thy")
Unfinished session(s): Decreasing-Diagrams-II
0:00:11 elapsed time, 0:00:29 cpu time, factor 2.65

===============
Delta_System_Lemma
Building ZF ...
Finished ZF (0:00:10 elapsed time, 0:00:31 cpu time, factor 3.12)
Building ZF-Constructible ...
Finished ZF-Constructible (0:00:07 elapsed time, 0:00:27 cpu time, factor 3.74)
Running Delta_System_Lemma ...
Delta_System_Lemma FAILED
(see also /home/quiqui/.isabelle/Isabelle2021/heaps/polyml-5.8.2_x86_64_32-linux/log/Delta_System_Lemma)
*** Undefined fact: "lepoll_imp_Card_le" (line 44 of "~/Desktop/2024_sem1/AutomaticProofRepair/AFPs/afp-2020/thys/Delta_System_Lemma/Konig.thy")
*** At command "using" (line 43 of "~/Desktop/2024_sem1/AutomaticProofRepair/AFPs/afp-2020/thys/Delta_System_Lemma/Konig.thy")
*** Undefined fact: "lepoll_imp_Card_le" (line 653 of "~/Desktop/2024_sem1/AutomaticProofRepair/AFPs/afp-2020/thys/Delta_System_Lemma/Cardinal_Library.thy")
*** At command "using" (line 653 of "~/Desktop/2024_sem1/AutomaticProofRepair/AFPs/afp-2020/thys/Delta_System_Lemma/Cardinal_Library.thy")
*** Undefined fact: "lepoll_imp_Card_le" (line 214 of "~/Desktop/2024_sem1/AutomaticProofRepair/AFPs/afp-2020/thys/Delta_System_Lemma/Cardinal_Library.thy")
*** At command "using" (line 214 of "~/Desktop/2024_sem1/AutomaticProofRepair/AFPs/afp-2020/thys/Delta_System_Lemma/Cardinal_Library.thy")
*** Undefined fact: "lepoll_imp_Card_le" (line 116 of "~/Desktop/2024_sem1/AutomaticProofRepair/AFPs/afp-2020/thys/Delta_System_Lemma/Cardinal_Library.thy")
*** At command "using" (line 116 of "~/Desktop/2024_sem1/AutomaticProofRepair/AFPs/afp-2020/thys/Delta_System_Lemma/Cardinal_Library.thy")
*** Undefined fact: "lepoll_imp_Card_le" (line 86 of "~/Desktop/2024_sem1/AutomaticProofRepair/AFPs/afp-2020/thys/Delta_System_Lemma/Cardinal_Library.thy")
*** At command "using" (line 86 of "~/Desktop/2024_sem1/AutomaticProofRepair/AFPs/afp-2020/thys/Delta_System_Lemma/Cardinal_Library.thy")
Unfinished session(s): Delta_System_Lemma
0:00:24 elapsed time, 0:01:14 cpu time, factor 3.08

===============
Dependent_SIFUM_Refinement
Building Dependent_SIFUM_Type_Systems ...
Finished Dependent_SIFUM_Type_Systems (0:00:48 elapsed time, 0:03:30 cpu time, factor 4.38)
Running Dependent_SIFUM_Refinement ...
Dependent_SIFUM_Refinement FAILED
(see also /home/quiqui/.isabelle/Isabelle2021/heaps/polyml-5.8.2_x86_64_32-linux/log/Dependent_SIFUM_Refinement)
*** Cannot determine type of "xb" (line 42 of "~/Desktop/2024_sem1/AutomaticProofRepair/AFPs/afp-2020/thys/Dependent_SIFUM_Refinement/Examples/Eg1Eg2.thy")
*** At command "apply" (line 42 of "~/Desktop/2024_sem1/AutomaticProofRepair/AFPs/afp-2020/thys/Dependent_SIFUM_Refinement/Examples/Eg1Eg2.thy")
Unfinished session(s): Dependent_SIFUM_Refinement
0:01:37 elapsed time, 0:06:36 cpu time, factor 4.05

===============
Derangements
Running Derangements ...
Derangements FAILED
(see also /home/quiqui/.isabelle/Isabelle2021/heaps/polyml-5.8.2_x86_64_32-linux/log/Derangements)
*** exception THM 0 raised (line 309 of "drule.ML"):
***   OF: no unifiers
***   ⟦⋀n. ?f n ≤ ?g n; ?f sums ?s; ?g sums ?t⟧ ⟹ ?s ≤ ?t
***   (⋀x. ?P x) ⟹ ∀x. ?P x
*** At command "proof" (line 456 of "~/Desktop/2024_sem1/AutomaticProofRepair/AFPs/afp-2020/thys/Derangements/Derangements.thy")
Unfinished session(s): Derangements
0:00:09 elapsed time, 0:00:26 cpu time, factor 2.66

===============
Deriving
*** HOL-Word import

===============
Dict_Construction
*** HOL-Word import

===============
Differential_Dynamic_Logic
*** HOL-Word import

===============
Dijkstra_Shortest_Path
*** HOL-Word import

===============
Diophantine_Eqns_Lin_Hom
Running Diophantine_Eqns_Lin_Hom ...
Diophantine_Eqns_Lin_Hom FAILED
(see also /home/quiqui/.isabelle/Isabelle2021/heaps/polyml-5.8.2_x86_64_32-linux/log/Diophantine_Eqns_Lin_Hom)
*** Failed to finish proof (line 591 of "~/Desktop/2024_sem1/AutomaticProofRepair/AFPs/afp-2020/thys/Diophantine_Eqns_Lin_Hom/Linear_Diophantine_Equations.thy"):
*** goal (1 subgoal):
***  1. ⋀x. ⟦∃x∈set Seq. b ∙ x mod a ! k = 0 ⟹ thesis;
***          ∃i<a ! k.
***             ∃j<a ! k.
***                i ≠ j ∧
***                map ((∙) b) Seq ! i mod a ! k =
***                map ((∙) b) Seq ! j mod a ! k ⟹
***          thesis;
***          length Seq = a ! k; Seq_p = map ((∙) b) Seq; 0 < a ! k;
***          x ∈ set Seq; a ! k dvd b ∙ x⟧
***         ⟹ thesis
*** At command "by" (line 591 of "~/Desktop/2024_sem1/AutomaticProofRepair/AFPs/afp-2020/thys/Diophantine_Eqns_Lin_Hom/Linear_Diophantine_Equations.thy")
Unfinished session(s): Diophantine_Eqns_Lin_Hom
0:00:08 elapsed time, 0:00:39 cpu time, factor 4.40

===============
Dirichlet_Series
*** HOL-Word import

===============
DPT-SAT-Solver
Running DPT-SAT-Solver ...
Finished DPT-SAT-Solver (0:00:02 elapsed time, 0:00:04 cpu time)
0:00:04 elapsed time, 0:00:04 cpu time, factor 0.88

===============
DynamicArchitectures
Building Coinductive ...
Finished Coinductive (0:00:46 elapsed time, 0:04:33 cpu time, factor 5.85)
Running DynamicArchitectures ...
DynamicArchitectures FAILED
(see also /home/quiqui/.isabelle/Isabelle2021/heaps/polyml-5.8.2_x86_64_32-linux/log/DynamicArchitectures)
*** Failed to finish proof (line 1504 of "~/Desktop/2024_sem1/AutomaticProofRepair/AFPs/afp-2020/thys/DynamicArchitectures/Configuration_Traces.thy"):
*** goal (1 subgoal):
***  1. ⟦∥c∥⇘t i⇙; ∀n'>n. ¬ ∥c∥⇘t n'⇙; ∥c∥⇘t i'⇙; ∀y. ∥c∥⇘t y⇙ ⟶ y ≤ i';
***      ⋀c t. ⟨c ∧ t⟩ ≡ GREATEST i. ∥c∥⇘t i⇙;
***      ⋀b. (⋀y. ∥c∥⇘t y⇙ ⟹ y ≤ b) ⟹ i ≤ (GREATEST i'. ∥c∥⇘t i'⇙)⟧
***     ⟹ i ≤ (GREATEST i. ∥c∥⇘t i⇙)
*** At command "by" (line 1504 of "~/Desktop/2024_sem1/AutomaticProofRepair/AFPs/afp-2020/thys/DynamicArchitectures/Configuration_Traces.thy")
*** Failed to finish proof (line 1483 of "~/Desktop/2024_sem1/AutomaticProofRepair/AFPs/afp-2020/thys/DynamicArchitectures/Configuration_Traces.thy"):
*** goal (1 subgoal):
***  1. ⟦∥c∥⇘t i'⇙; ∀y. ∥c∥⇘t y⇙ ⟶ y ≤ i'; ⋀c t. ⟨c ∧ t⟩ ≡ GREATEST i. ∥c∥⇘t i⇙;
***      ⋀k b. ⟦∥c∥⇘t k⇙; ⋀y. ∥c∥⇘t y⇙ ⟹ y ≤ b⟧ ⟹ ∥c∥⇘t (GREATEST i'. ∥c∥⇘t i'⇙)⇙⟧
***     ⟹ ∥c∥⇘t (GREATEST i. ∥c∥⇘t i⇙)⇙
*** At command "by" (line 1483 of "~/Desktop/2024_sem1/AutomaticProofRepair/AFPs/afp-2020/thys/DynamicArchitectures/Configuration_Traces.thy")
Unfinished session(s): DynamicArchitectures
0:00:57 elapsed time, 0:04:53 cpu time, factor 5.09

===============
Dynamic_Tables
Building Amortized_Complexity ...
Amortized_Complexity FAILED
(see also /home/quiqui/.isabelle/Isabelle2021/heaps/polyml-5.8.2_x86_64_32-linux/log/Amortized_Complexity)
*** Failed to load theory "Amortized_Complexity.Pairing_Heap_List2_Analysis" (unresolved "Pairing_Heap.Pairing_Heap_List2")
*** Failed to load theory "Amortized_Complexity.Pairing_Heap_List1_Analysis" (unresolved "Pairing_Heap.Pairing_Heap_List1")
*** Failed to load theory "Amortized_Complexity.Pairing_Heap_List1_Analysis2" (unresolved "Amortized_Complexity.Pairing_Heap_List1_Analysis")
*** Variable "Union_mset" occurs on right hand side only:
*** ⋀x hs Union_mset.
***    mset_heap (Hp x hs) = {#x#} + Union_mset (mset (map mset_heap hs))
*** At command "fun" (line 72 of "~/Desktop/2024_sem1/AutomaticProofRepair/AFPs/afp-2020/thys/Pairing_Heap/Pairing_Heap_List1.thy")
*** Variable "Union_mset" occurs on right hand side only:
*** ⋀x hs Union_mset.
***    mset_hp (Hp x hs) = {#x#} + Union_mset (mset (map mset_hp hs))
*** At command "fun" (line 106 of "~/Desktop/2024_sem1/AutomaticProofRepair/AFPs/afp-2020/thys/Pairing_Heap/Pairing_Heap_List2.thy")
Dynamic_Tables CANCELLED
Unfinished session(s): Amortized_Complexity, Dynamic_Tables
0:00:20 elapsed time, 0:01:40 cpu time, factor 4.85

===============
Echelon_Form
Running Echelon_Form ...
Echelon_Form FAILED
(see also /home/quiqui/.isabelle/Isabelle2021/heaps/polyml-5.8.2_x86_64_32-linux/log/Echelon_Form)
*** Failed to finish proof (line 1277 of "~/Desktop/2024_sem1/AutomaticProofRepair/AFPs/afp-2020/thys/Echelon_Form/Echelon_Form.thy"):
*** goal (1 subgoal):
***  1. ⟦mod_type_class.to_nat a = 0; i < a;
***      ⋀y k. y < mod_type_class.from_nat k ⟹ mod_type_class.to_nat y < k⟧
***     ⟹ A $ a $ mod_type_class.from_nat k = (0::'a)
*** At command "by" (line 1277 of "~/Desktop/2024_sem1/AutomaticProofRepair/AFPs/afp-2020/thys/Echelon_Form/Echelon_Form.thy")
*** Undefined fact: "card_insert" (line 393 of "~/Desktop/2024_sem1/AutomaticProofRepair/AFPs/afp-2020/thys/Gauss_Jordan/System_Of_Equations.thy")
*** At command "using" (line 393 of "~/Desktop/2024_sem1/AutomaticProofRepair/AFPs/afp-2020/thys/Gauss_Jordan/System_Of_Equations.thy")
*** Undefined fact: "nat_add_left_cancel" (line 43 of "~/Desktop/2024_sem1/AutomaticProofRepair/AFPs/afp-2020/thys/Gauss_Jordan/Rank.thy")
*** At command "by" (line 43 of "~/Desktop/2024_sem1/AutomaticProofRepair/AFPs/afp-2020/thys/Gauss_Jordan/Rank.thy")
*** Failed to finish proof (line 448 of "~/Desktop/2024_sem1/AutomaticProofRepair/AFPs/afp-2020/thys/Rank_Nullity_Theorem/Mod_Type.thy"):
*** goal (1 subgoal):
***  1. ⟦mod_type_class.to_nat (0::'a) = 0; mod_type_class.to_nat x = 0⟧
***     ⟹ x = (0::'a)
*** At command "by" (line 448 of "~/Desktop/2024_sem1/AutomaticProofRepair/AFPs/afp-2020/thys/Rank_Nullity_Theorem/Mod_Type.thy")
Unfinished session(s): Echelon_Form
0:01:33 elapsed time, 0:08:56 cpu time, factor 5.72

===============
Efficient-Mergesort
Running Efficient-Mergesort ...
Finished Efficient-Mergesort (0:00:05 elapsed time, 0:00:09 cpu time, factor 1.84)
0:00:07 elapsed time, 0:00:09 cpu time, factor 1.27

===============
Ergodic_Theory
Running Ergodic_Theory ...
Ergodic_Theory FAILED
(see also /home/quiqui/.isabelle/Isabelle2021/heaps/polyml-5.8.2_x86_64_32-linux/log/Ergodic_Theory)
*** Undefined fact: "real_mult_le_cancel_iff2" (line 609 of "~/Desktop/2024_sem1/AutomaticProofRepair/AFPs/afp-2020/thys/Ergodic_Theory/Gouezel_Karlsson.thy")
*** At command "by" (line 609 of "~/Desktop/2024_sem1/AutomaticProofRepair/AFPs/afp-2020/thys/Ergodic_Theory/Gouezel_Karlsson.thy")
*** Undefined fact: "real_mult_le_cancel_iff1" (line 1330 of "~/Desktop/2024_sem1/AutomaticProofRepair/AFPs/afp-2020/thys/Ergodic_Theory/Normalizing_Sequences.thy")
*** At command "by" (line 1330 of "~/Desktop/2024_sem1/AutomaticProofRepair/AFPs/afp-2020/thys/Ergodic_Theory/Normalizing_Sequences.thy")
*** Undefined fact: "real_mult_le_cancel_iff1" (line 1224 of "~/Desktop/2024_sem1/AutomaticProofRepair/AFPs/afp-2020/thys/Ergodic_Theory/Normalizing_Sequences.thy")
*** At command "by" (line 1224 of "~/Desktop/2024_sem1/AutomaticProofRepair/AFPs/afp-2020/thys/Ergodic_Theory/Normalizing_Sequences.thy")
*** Undefined fact: "real_mult_le_cancel_iff2" (line 1410 of "~/Desktop/2024_sem1/AutomaticProofRepair/AFPs/afp-2020/thys/Ergodic_Theory/Invariants.thy")
*** At command "by" (line 1410 of "~/Desktop/2024_sem1/AutomaticProofRepair/AFPs/afp-2020/thys/Ergodic_Theory/Invariants.thy")
*** exception THM 0 raised (line 309 of "drule.ML"):
***   OF: no unifiers
***   convex_on ?C ?f =
***   (∀x∈?C.
***       ∀y∈?C.
***          ∀μ. 0 ≤ μ ∧ μ ≤ 1 ⟶
***              ?f (μ *⇩R x + (1 - μ) *⇩R y) ≤ μ * ?f x + (1 - μ) * ?f y)
***   convex C
*** At command "unfolding" (line 340 of "~/Desktop/2024_sem1/AutomaticProofRepair/AFPs/afp-2020/thys/Ergodic_Theory/SG_Library_Complement.thy")
Unfinished session(s): Ergodic_Theory
0:00:30 elapsed time, 0:02:24 cpu time, factor 4.82

===============
Extended_Finite_State_Machine_Inference
Building Extended_Finite_State_Machines ...
Extended_Finite_State_Machines FAILED
(see also /home/quiqui/.isabelle/Isabelle2021/heaps/polyml-5.8.2_x86_64_32-linux/log/Extended_Finite_State_Machines)
*** Type unification failed: Clash of types "_ list" and "String.literal"
*** 
*** Type error in application: incompatible operand type
*** 
*** Operator:  possible_steps e2 s2 r2 ::
***   String.literal ⇒ value list ⇒ (nat × transition) fset
*** Operand:   l :: value list
*** 
*** At command "apply" (line 1139 of "~/Desktop/2024_sem1/AutomaticProofRepair/AFPs/afp-2020/thys/Extended_Finite_State_Machines/EFSM.thy")
*** Type unification failed: Clash of types "nat" and "_ list"
*** 
*** Type error in application: incompatible operand type
*** 
*** Operator:  evaluate_outputs t1 ::
***   value list ⇒ nat ⇒f value option ⇒ value option list
*** Operand:   i :: nat
*** 
*** At command "apply" (line 953 of "~/Desktop/2024_sem1/AutomaticProofRepair/AFPs/afp-2020/thys/Extended_Finite_State_Machines/EFSM.thy")
*** Failed to apply initial proof method (line 590 of "~/Desktop/2024_sem1/AutomaticProofRepair/AFPs/afp-2020/thys/Extended_Finite_State_Machines/EFSM.thy"):
*** goal:
*** No subgoals!
*** At command "by" (line 590 of "~/Desktop/2024_sem1/AutomaticProofRepair/AFPs/afp-2020/thys/Extended_Finite_State_Machines/EFSM.thy")
*** Undefined fact: "card_empty" (line 299 of "~/Desktop/2024_sem1/AutomaticProofRepair/AFPs/afp-2020/thys/Extended_Finite_State_Machines/FSet_Utils.thy")
*** At command "by" (line 299 of "~/Desktop/2024_sem1/AutomaticProofRepair/AFPs/afp-2020/thys/Extended_Finite_State_Machines/FSet_Utils.thy")
Extended_Finite_State_Machine_Inference CANCELLED
Unfinished session(s): Extended_Finite_State_Machine_Inference, Extended_Finite_State_Machines
0:00:18 elapsed time, 0:01:24 cpu time, factor 4.62

===============
Extended_Finite_State_Machines
Running Extended_Finite_State_Machines ...
Extended_Finite_State_Machines FAILED
(see also /home/quiqui/.isabelle/Isabelle2021/heaps/polyml-5.8.2_x86_64_32-linux/log/Extended_Finite_State_Machines)
*** Type unification failed: Clash of types "_ list" and "String.literal"
*** 
*** Type error in application: incompatible operand type
*** 
*** Operator:  possible_steps e2 s2 r2 ::
***   String.literal ⇒ value list ⇒ (nat × transition) fset
*** Operand:   l :: value list
*** 
*** At command "apply" (line 1139 of "~/Desktop/2024_sem1/AutomaticProofRepair/AFPs/afp-2020/thys/Extended_Finite_State_Machines/EFSM.thy")
*** Type unification failed: Clash of types "nat" and "_ list"
*** 
*** Type error in application: incompatible operand type
*** 
*** Operator:  evaluate_outputs t1 ::
***   value list ⇒ nat ⇒f value option ⇒ value option list
*** Operand:   i :: nat
*** 
*** At command "apply" (line 953 of "~/Desktop/2024_sem1/AutomaticProofRepair/AFPs/afp-2020/thys/Extended_Finite_State_Machines/EFSM.thy")
*** Failed to apply initial proof method (line 590 of "~/Desktop/2024_sem1/AutomaticProofRepair/AFPs/afp-2020/thys/Extended_Finite_State_Machines/EFSM.thy"):
*** goal:
*** No subgoals!
*** At command "by" (line 590 of "~/Desktop/2024_sem1/AutomaticProofRepair/AFPs/afp-2020/thys/Extended_Finite_State_Machines/EFSM.thy")
*** Undefined fact: "card_empty" (line 299 of "~/Desktop/2024_sem1/AutomaticProofRepair/AFPs/afp-2020/thys/Extended_Finite_State_Machines/FSet_Utils.thy")
*** At command "by" (line 299 of "~/Desktop/2024_sem1/AutomaticProofRepair/AFPs/afp-2020/thys/Extended_Finite_State_Machines/FSet_Utils.thy")
Unfinished session(s): Extended_Finite_State_Machines
0:00:18 elapsed time, 0:01:28 cpu time, factor 4.72

===============
Factored_Transition_System_Bounding
Running Factored_Transition_System_Bounding ...
Factored_Transition_System_Bounding FAILED
(see also /home/quiqui/.isabelle/Isabelle2021/heaps/polyml-5.8.2_x86_64_32-linux/log/Factored_Transition_System_Bounding)
*** Failed to apply initial proof method (line 822 of "~/Desktop/2024_sem1/AutomaticProofRepair/AFPs/afp-2020/thys/Factored_Transition_System_Bounding/AcycSspace.thy"):
*** using this:
***     S vs lss PROB (fmrestrict_set vs s)
***     ≤ Max {S vs lss PROB s' |s'. s' ∈ valid_states (prob_proj PROB vs)}
***     Sup ?X = (if ?X = {} then 0 else Max ?X)
*** goal (1 subgoal):
***  1. S vs lss PROB (fmrestrict_set vs s)
***     ≤ Sup {S vs lss PROB s' |s'. s' ∈ valid_states (prob_proj PROB vs)}
*** At command "by" (line 822 of "~/Desktop/2024_sem1/AutomaticProofRepair/AFPs/afp-2020/thys/Factored_Transition_System_Bounding/AcycSspace.thy")
*** Failed to apply initial proof method (line 2027 of "~/Desktop/2024_sem1/AutomaticProofRepair/AFPs/afp-2020/thys/Factored_Transition_System_Bounding/TopologicalProps.thy"):
*** using this:
***     ∀y. y ∈ {length p - 1 |p. valid_path Pi p ∧ distinct p} ⟶ y ≤ x
***     x ∈ {length p - 1 |p. valid_path Pi p ∧ distinct p}
***     x = length p - 1
*** goal (1 subgoal):
***  1. length p - 1 ≤ Max {length p - 1 |p. valid_path Pi p ∧ distinct p}
*** At command "by" (line 2027 of "~/Desktop/2024_sem1/AutomaticProofRepair/AFPs/afp-2020/thys/Factored_Transition_System_Bounding/TopologicalProps.thy")
*** Failed to apply initial proof method (line 2127 of "~/Desktop/2024_sem1/AutomaticProofRepair/AFPs/afp-2020/thys/Factored_Transition_System_Bounding/TopologicalProps.thy"):
*** using this:
***   Max (MPLS Pi) ≤ Max {length p - 1 |p. valid_path Pi p ∧ distinct p}
*** goal (1 subgoal):
***  1. (if MPLS Pi = {} then 0 else Max (MPLS Pi))
***     ≤ (if {length p - 1 |p. valid_path Pi p ∧ distinct p} = {} then 0
***        else Max {length p - 1 |p. valid_path Pi p ∧ distinct p})
*** At command "by" (line 2127 of "~/Desktop/2024_sem1/AutomaticProofRepair/AFPs/afp-2020/thys/Factored_Transition_System_Bounding/TopologicalProps.thy")
*** Undefined fact: "card_infinite" (line 483 of "~/Desktop/2024_sem1/AutomaticProofRepair/AFPs/afp-2020/thys/Factored_Transition_System_Bounding/FactoredSystem.thy")
*** At command "using" (line 483 of "~/Desktop/2024_sem1/AutomaticProofRepair/AFPs/afp-2020/thys/Factored_Transition_System_Bounding/FactoredSystem.thy")
Unfinished session(s): Factored_Transition_System_Bounding
0:00:33 elapsed time, 0:01:39 cpu time, factor 2.97

===============
Farkas
*** HOL-Word import

===============
Finger-Trees
Running Finger-Trees ...
Finger-Trees FAILED
(see also /home/quiqui/.isabelle/Isabelle2021/heaps/polyml-5.8.2_x86_64_32-linux/log/Finger-Trees)
*** Failed to apply proof method (line 612 of "~/Desktop/2024_sem1/AutomaticProofRepair/AFPs/afp-2020/thys/Finger-Trees/FingerTree.thy"):
*** goal (3 subgoals):
***  1. ⋀pr m a b.
***        digitToList pr @
***        rec_FingerTreeStruc [] nodeToList
***         (λ_ pr m sf ma. digitToList pr @ ma @ digitToList sf) m @
***        nodeToList a @ nodeToList b =
***        rec_FingerTreeStruc [] nodeToList
***         (λ_ pr m sf ma. digitToList pr @ ma @ digitToList sf)
***         (deep pr m (Two a b))
***  2. ⋀uw_ pr m a b c d nd s.
***        viewRn (Deep uw_ pr m (Four a b c d)) = Some (nd, s) ⟹
***        toList (Deep uw_ pr m (Four a b c d)) = toList s @ nodeToList nd
***  3. ⋀ux_ pr m a nd s.
***        ⟦⋀nd s.
***            viewRn m = Some (nd, s) ⟹ toList m = toList s @ nodeToList nd;
***         viewRn (Deep ux_ pr m (One a)) = Some (nd, s)⟧
***        ⟹ toList (Deep ux_ pr m (One a)) = toList s @ nodeToList nd
*** At command "apply" (line 612 of "~/Desktop/2024_sem1/AutomaticProofRepair/AFPs/afp-2020/thys/Finger-Trees/FingerTree.thy")
*** Failed to apply proof method (line 510 of "~/Desktop/2024_sem1/AutomaticProofRepair/AFPs/afp-2020/thys/Finger-Trees/FingerTree.thy"):
*** goal (3 subgoals):
***  1. ⋀b c m sf.
***        nodeToList b @
***        nodeToList c @
***        rec_FingerTreeStruc [] nodeToList
***         (λ_ pr m sf ma. digitToList pr @ ma @ digitToList sf) m @
***        digitToList sf =
***        rec_FingerTreeStruc [] nodeToList
***         (λ_ pr m sf ma. digitToList pr @ ma @ digitToList sf)
***         (deep (Two b c) m sf)
***  2. ⋀uw_ a b c d m sf nd s.
***        viewLn (Deep uw_ (Four a b c d) m sf) = Some (nd, s) ⟹
***        toList (Deep uw_ (Four a b c d) m sf) = nodeToList nd @ toList s
***  3. ⋀ux_ a m sf nd s.
***        ⟦⋀nd s.
***            viewLn m = Some (nd, s) ⟹ toList m = nodeToList nd @ toList s;
***         viewLn (Deep ux_ (One a) m sf) = Some (nd, s)⟧
***        ⟹ toList (Deep ux_ (One a) m sf) = nodeToList nd @ toList s
*** At command "apply" (line 510 of "~/Desktop/2024_sem1/AutomaticProofRepair/AFPs/afp-2020/thys/Finger-Trees/FingerTree.thy")
Unfinished session(s): Finger-Trees
0:00:09 elapsed time, 0:00:17 cpu time, factor 1.79

===============
First_Welfare_Theorem
Running First_Welfare_Theorem ...
First_Welfare_Theorem FAILED
(see also /home/quiqui/.isabelle/Isabelle2021/heaps/polyml-5.8.2_x86_64_32-linux/log/First_Welfare_Theorem)
*** Undefined fact: "real_mult_less_iff1" (line 93 of "~/Desktop/2024_sem1/AutomaticProofRepair/AFPs/afp-2020/thys/First_Welfare_Theorem/Utility_Functions.thy")
*** At command "by" (line 93 of "~/Desktop/2024_sem1/AutomaticProofRepair/AFPs/afp-2020/thys/First_Welfare_Theorem/Utility_Functions.thy")
Unfinished session(s): First_Welfare_Theorem
0:00:08 elapsed time, 0:00:18 cpu time, factor 2.21

===============
Flyspeck-Tame
Building Flyspeck-Tame ...
Flyspeck-Tame FAILED
(see also /home/quiqui/.isabelle/Isabelle2021/heaps/polyml-5.8.2_x86_64_32-linux/log/Flyspeck-Tame)
***      between (vertices f) ram2 ram1 ≠ [];
***      c = ram2 ⟶ d ≠ hd (between (vertices f) ram2 ram1);
***      c = ram1 ⟶ d ≠ ram2;
***      ¬ (c = last (between (vertices f) ram2 ram1) ∧ d = ram1)⟧
***     ⟹ (∃as bs.
***            ram2 # between (vertices f) ram2 ram1 @ [ram1] =
***            as @ c # d # bs) ∨
***        c = ram1 ∧ d = ram2
*** At command "apply" (line 2826 of "~/Desktop/2024_sem1/AutomaticProofRepair/AFPs/afp-2020/thys/Flyspeck-Tame/FaceDivisionProps.thy")
*** Failed to apply proof method (line 2536 of "~/Desktop/2024_sem1/AutomaticProofRepair/AFPs/afp-2020/thys/Flyspeck-Tame/FaceDivisionProps.thy"):
*** goal (3 subgoals):
***  1. ⋀ys. ⟦pre_split_face f ram1 ram2 [];
***           f12 = Face (ram1 # ys @ [c, ram2]) Nonfinal ∧
***           f21 =
***           Face (ram2 # between (vertices f) ram2 ram1 @ [ram1]) Nonfinal;
***           vs1 = ys @ [c]; c = ram2 ⟶ ram2 ≠ ram1;
***           c = ram1 ⟶ ram2 ≠ hd (ys @ [ram1]); d = ram2;
***           between (vertices f) ram1 ram2 = ys @ [c];
***           ram1 # ys @ [y, ram2] = (ram1 # ys) @ [y, ram2]⟧
***          ⟹ ram1 # ys @ [c, ram2] = ?as28 ys @ c # ram2 # ?bs29 ys
***  2. ⋀ys. ⟦pre_split_face f ram1 ram2 [];
***           f12 = Face (ram1 # ys @ [c, ram2]) Nonfinal ∧
***           f21 =
***           Face (ram2 # between (vertices f) ram2 ram1 @ [ram1]) Nonfinal;
***           vs1 = ys @ [c]; c = ram2 ⟶ ram2 ≠ ram1;
***           c = ram1 ⟶ ram2 ≠ hd (ys @ [ram1]); d = ram2;
***           between (vertices f) ram1 ram2 = ys @ [c]⟧
***          ⟹ ram1 # ys @ [y, ram2] = (ram1 # ys) @ [y, ram2]
***  3. ⟦c = last (between (vertices f) ram1 ram2) ∧ d = ram2 ∨
***      (c, d) ∈ Edges (between (vertices f) ram1 ram2);
***      pre_split_face f ram1 ram2 [];
***      f12 = Face (ram1 # between (vertices f) ram1 ram2 @ [ram2]) Nonfinal ∧
***      f21 = Face (ram2 # between (vertices f) ram2 ram1 @ [ram1]) Nonfinal;
***      vs1 = between (vertices f) ram1 ram2;
***      between (vertices f) ram1 ram2 ≠ []; c = ram2 ⟶ d ≠ ram1;
***      c = ram1 ⟶ d ≠ hd (between (vertices f) ram1 ram2);
***      ¬ (c = last (between (vertices f) ram1 ram2) ∧ d = ram2)⟧
***     ⟹ ∃as bs.
***           ram1 # between (vertices f) ram1 ram2 @ [ram2] = as @ c # d # bs
*** At command "apply" (line 2536 of "~/Desktop/2024_sem1/AutomaticProofRepair/AFPs/afp-2020/thys/Flyspeck-Tame/FaceDivisionProps.thy")
Flyspeck-Tame-Computation CANCELLED
Unfinished session(s): Flyspeck-Tame, Flyspeck-Tame-Computation
0:00:43 elapsed time, 0:04:01 cpu time, factor 5.54

===============
FOL_Seq_Calc1
Building FOL-Fitting ...
Finished FOL-Fitting (0:00:16 elapsed time, 0:00:52 cpu time, factor 3.14)
Running FOL_Seq_Calc1 ...
Finished FOL_Seq_Calc1 (0:00:04 elapsed time, 0:00:10 cpu time, factor 2.53)
0:00:24 elapsed time, 0:01:02 cpu time, factor 2.54

===============
Forcing
Running Forcing ...
Finished Forcing (0:00:11 elapsed time, 0:01:00 cpu time, factor 5.23)
0:00:13 elapsed time, 0:01:00 cpu time, factor 4.31

===============
Fourier
Running Fourier ...
Fourier FAILED
(see also /home/quiqui/.isabelle/Isabelle2021/heaps/polyml-5.8.2_x86_64_32-linux/log/Fourier)
*** Undefined fact: "real_mult_less_iff1" (line 1102 of "~/Desktop/2024_sem1/AutomaticProofRepair/AFPs/afp-2020/thys/Fourier/Fourier.thy")
*** At command "by" (line 1102 of "~/Desktop/2024_sem1/AutomaticProofRepair/AFPs/afp-2020/thys/Fourier/Fourier.thy")
*** Failed to apply proof method (line 1617 of "~/Desktop/2024_sem1/AutomaticProofRepair/AFPs/afp-2020/thys/Lp/Lp.thy"):
*** goal (3 subgoals):
***  1. ⋀n. ¦u (n + N) x¦ ≤ (1 / 2) ^ (n + N)
***  2. summable (λn. ¦u (n + N) x¦)
***  3. summable (λn. (1 / 2) ^ (n + N))
*** At command "apply" (line 1617 of "~/Desktop/2024_sem1/AutomaticProofRepair/AFPs/afp-2020/thys/Lp/Lp.thy")
*** exception THM 0 raised (line 309 of "drule.ML"):
***   OF: no unifiers
***   convex_on ?C ?f =
***   (∀x∈?C.
***       ∀y∈?C.
***          ∀μ. 0 ≤ μ ∧ μ ≤ 1 ⟶
***              ?f (μ *⇩R x + (1 - μ) *⇩R y) ≤ μ * ?f x + (1 - μ) * ?f y)
***   convex C
*** At command "unfolding" (line 340 of "~/Desktop/2024_sem1/AutomaticProofRepair/AFPs/afp-2020/thys/Ergodic_Theory/SG_Library_Complement.thy")
Unfinished session(s): Fourier
0:00:37 elapsed time, 0:02:36 cpu time, factor 4.15

===============
Functional_Ordered_Resolution_Prover
*** HOL-Word import

===============
Furstenberg_Topology
Running Furstenberg_Topology ...
Furstenberg_Topology FAILED
(see also /home/quiqui/.isabelle/Isabelle2021/heaps/polyml-5.8.2_x86_64_32-linux/log/Furstenberg_Topology)
*** Failed to refine any pending goal
*** At command "by" (line 631 of "~/Desktop/2024_sem1/AutomaticProofRepair/AFPs/afp-2020/thys/Furstenberg_Topology/Furstenberg_Topology.thy")
*** exception THM 0 raised (line 309 of "drule.ML"):
***   OF: no unifiers
***   ⟦⋀n. ?f n ≤ ?g n; ?f sums ?s; ?g sums ?t⟧ ⟹ ?s ≤ ?t
***   (⋀x. ?P x) ⟹ ∀x. ?P x
***   (λk. if k = 0 ∨ int k dvd ?n then 0 else 1 / q ^ k) sums N ?n
*** At command "proof" (line 674 of "~/Desktop/2024_sem1/AutomaticProofRepair/AFPs/afp-2020/thys/Furstenberg_Topology/Furstenberg_Topology.thy")
*** Failed to refine any pending goal
*** At command "by" (line 507 of "~/Desktop/2024_sem1/AutomaticProofRepair/AFPs/afp-2020/thys/Furstenberg_Topology/Furstenberg_Topology.thy")
*** exception THM 0 raised (line 309 of "drule.ML"):
***   OF: no unifiers
***   ⟦⋀n. ?f n ≤ ?g n; ?f sums ?s; ?g sums ?t⟧ ⟹ ?s ≤ ?t
***   (⋀x. ?P x) ⟹ ∀x. ?P x
***   (λk. if k = 0 ∨ int k dvd ?n then 0 else 1 / q ^ k) sums N ?n
***   (λk. if k = 0 ∨ int k dvd ?n then 0 else 1 / q ^ k) sums N ?n
*** At command "proof" (line 535 of "~/Desktop/2024_sem1/AutomaticProofRepair/AFPs/afp-2020/thys/Furstenberg_Topology/Furstenberg_Topology.thy")
Unfinished session(s): Furstenberg_Topology
0:00:46 elapsed time, 0:04:21 cpu time, factor 5.60

===============
Gabow_SCC
*** HOL-Word import

===============
Gaussian_Integers
*** HOL-Word import

===============
Gauss_Jordan
Running Gauss_Jordan ...
Gauss_Jordan FAILED
(see also /home/quiqui/.isabelle/Isabelle2021/heaps/polyml-5.8.2_x86_64_32-linux/log/Gauss_Jordan)
*** Undefined fact: "card_insert" (line 393 of "~/Desktop/2024_sem1/AutomaticProofRepair/AFPs/afp-2020/thys/Gauss_Jordan/System_Of_Equations.thy")
*** At command "using" (line 393 of "~/Desktop/2024_sem1/AutomaticProofRepair/AFPs/afp-2020/thys/Gauss_Jordan/System_Of_Equations.thy")
*** Undefined fact: "nat_add_left_cancel" (line 43 of "~/Desktop/2024_sem1/AutomaticProofRepair/AFPs/afp-2020/thys/Gauss_Jordan/Rank.thy")
*** At command "by" (line 43 of "~/Desktop/2024_sem1/AutomaticProofRepair/AFPs/afp-2020/thys/Gauss_Jordan/Rank.thy")
*** Failed to finish proof (line 448 of "~/Desktop/2024_sem1/AutomaticProofRepair/AFPs/afp-2020/thys/Rank_Nullity_Theorem/Mod_Type.thy"):
*** goal (1 subgoal):
***  1. ⟦mod_type_class.to_nat (0::'a) = 0; mod_type_class.to_nat x = 0⟧
***     ⟹ x = (0::'a)
*** At command "by" (line 448 of "~/Desktop/2024_sem1/AutomaticProofRepair/AFPs/afp-2020/thys/Rank_Nullity_Theorem/Mod_Type.thy")
Unfinished session(s): Gauss_Jordan
0:00:39 elapsed time, 0:03:47 cpu time, factor 5.70

===============
Gauss_Sums
*** HOL-Word import

===============
GenClock
Running GenClock ...
GenClock FAILED
(see also /home/quiqui/.isabelle/Isabelle2021/heaps/polyml-5.8.2_x86_64_32-linux/log/GenClock)
*** Undefined fact: "real_mult_le_cancel_iff1" (line 1057 of "~/Desktop/2024_sem1/AutomaticProofRepair/AFPs/afp-2020/thys/GenClock/GenClock.thy")
*** At command "by" (line 1057 of "~/Desktop/2024_sem1/AutomaticProofRepair/AFPs/afp-2020/thys/GenClock/GenClock.thy")
*** Undefined fact: "real_mult_le_cancel_iff2" (line 690 of "~/Desktop/2024_sem1/AutomaticProofRepair/AFPs/afp-2020/thys/GenClock/GenClock.thy")
*** At command "by" (line 690 of "~/Desktop/2024_sem1/AutomaticProofRepair/AFPs/afp-2020/thys/GenClock/GenClock.thy")
Unfinished session(s): GenClock
0:00:04 elapsed time, 0:00:04 cpu time, factor 0.98

===============
Generalized_Counting_Sort
Running Generalized_Counting_Sort ...
Generalized_Counting_Sort FAILED
(see also /home/quiqui/.isabelle/Isabelle2021/heaps/polyml-5.8.2_x86_64_32-linux/log/Generalized_Counting_Sort)
*** Failed to refine any pending goal
*** At command "qed" (line 1217 of "~/Desktop/2024_sem1/AutomaticProofRepair/AFPs/afp-2020/thys/Generalized_Counting_Sort/Sorting.thy")
*** Failed to refine any pending goal
*** At command "qed" (line 715 of "~/Desktop/2024_sem1/AutomaticProofRepair/AFPs/afp-2020/thys/Generalized_Counting_Sort/Stability.thy")
*** Failed to refine any pending goal
*** At command "qed" (line 1990 of "~/Desktop/2024_sem1/AutomaticProofRepair/AFPs/afp-2020/thys/Generalized_Counting_Sort/Conservation.thy")
*** Failed to refine any pending goal
*** At command "qed" (line 968 of "~/Desktop/2024_sem1/AutomaticProofRepair/AFPs/afp-2020/thys/Generalized_Counting_Sort/Conservation.thy")
*** Failed to refine any pending goal
*** At command "by" (line 2071 of "~/Desktop/2024_sem1/AutomaticProofRepair/AFPs/afp-2020/thys/Generalized_Counting_Sort/Algorithm.thy")
*** Failed to refine any pending goal
*** At command "qed" (line 1935 of "~/Desktop/2024_sem1/AutomaticProofRepair/AFPs/afp-2020/thys/Generalized_Counting_Sort/Algorithm.thy")
*** Failed to refine any pending goal
*** At command "by" (line 2118 of "~/Desktop/2024_sem1/AutomaticProofRepair/AFPs/afp-2020/thys/Generalized_Counting_Sort/Algorithm.thy")
*** Failed to apply initial proof method (line 1732 of "~/Desktop/2024_sem1/AutomaticProofRepair/AFPs/afp-2020/thys/Generalized_Counting_Sort/Algorithm.thy"):
*** goal (1 subgoal):
***  1. bn_valid m (p - bn_count (Suc (Suc m) # ns))
***      (Suc (Suc (foldl (+) 0 ns + m)) - bn_count (Suc (Suc m) # ns))
*** At command "proof" (line 1732 of "~/Desktop/2024_sem1/AutomaticProofRepair/AFPs/afp-2020/thys/Generalized_Counting_Sort/Algorithm.thy")
Unfinished session(s): Generalized_Counting_Sort
0:00:21 elapsed time, 0:01:10 cpu time, factor 3.36

===============
Generic_Deriving
Running Generic_Deriving ...
Generic_Deriving FAILED
(see also /home/quiqui/.isabelle/Isabelle2021/heaps/polyml-5.8.2_x86_64_32-linux/log/Generic_Deriving)
*** Failed to load theory "Generic_Deriving.Derive_Algebra" (unresolved "Generic_Deriving.Derive")
*** Failed to load theory "Generic_Deriving.Derive_Algebra_Laws" (unresolved "Generic_Deriving.Derive")
*** Failed to load theory "Generic_Deriving.Derive_Encode" (unresolved "Generic_Deriving.Derive")
*** Failed to load theory "Generic_Deriving.Derive_Eq" (unresolved "Generic_Deriving.Derive")
*** Failed to load theory "Generic_Deriving.Derive_Eq_Laws" (unresolved "Generic_Deriving.Derive")
*** Failed to load theory "Generic_Deriving.Derive_Show" (unresolved "Generic_Deriving.Derive")
*** ML error (line 97 of "~/Desktop/2024_sem1/AutomaticProofRepair/AFPs/afp-2020/thys/Generic_Deriving/derive_setup.ML"):
*** Value or constructor (exit) has not been declared in structure Named_Target
*** At command "ML_file" (line 24 of "~/Desktop/2024_sem1/AutomaticProofRepair/AFPs/afp-2020/thys/Generic_Deriving/Derive.thy")
Unfinished session(s): Generic_Deriving
0:00:07 elapsed time, 0:00:10 cpu time, factor 1.48

===============
Generic_Join
*** HOL-Word import

===============
Girth_Chromatic
Running Girth_Chromatic ...
Girth_Chromatic FAILED
(see also /home/quiqui/.isabelle/Isabelle2021/heaps/polyml-5.8.2_x86_64_32-linux/log/Girth_Chromatic)
*** Undefined fact: "real_mult_le_cancel_iff1" (line 593 of "~/Desktop/2024_sem1/AutomaticProofRepair/AFPs/afp-2020/thys/Girth_Chromatic/Girth_Chromatic.thy")
*** At command "by" (line 593 of "~/Desktop/2024_sem1/AutomaticProofRepair/AFPs/afp-2020/thys/Girth_Chromatic/Girth_Chromatic.thy")
Unfinished session(s): Girth_Chromatic
0:00:36 elapsed time, 0:01:42 cpu time, factor 2.85

===============
Goedel_HFSet_Semanticless
Building Syntax_Independent_Logic ...
Finished Syntax_Independent_Logic (0:01:19 elapsed time, 0:07:36 cpu time, factor 5.71)
Building Goedel_Incompleteness ...
Finished Goedel_Incompleteness (0:00:15 elapsed time, 0:00:56 cpu time, factor 3.70)
Running Goedel_HFSet_Semanticless ...
Goedel_HFSet_Semanticless FAILED
(see also /home/quiqui/.isabelle/Isabelle2021/heaps/polyml-5.8.2_x86_64_32-linux/log/Goedel_HFSet_Semanticless)
*** Failed to load theory "Goedel_HFSet_Semanticless.SyntaxN" (unresolved "Nominal2.Nominal2")
*** Failed to load theory "Goedel_HFSet_Semanticless.Coding" (unresolved "Goedel_HFSet_Semanticless.SyntaxN")
*** Failed to load theory "Goedel_HFSet_Semanticless.Predicates" (unresolved "Goedel_HFSet_Semanticless.SyntaxN")
*** Failed to load theory "Goedel_HFSet_Semanticless.Sigma" (unresolved "Goedel_HFSet_Semanticless.Predicates")
*** Failed to load theory "Goedel_HFSet_Semanticless.Coding_Predicates" (unresolved "Goedel_HFSet_Semanticless.Coding", "Goedel_HFSet_Semanticless.Sigma")
*** Failed to load theory "Goedel_HFSet_Semanticless.Functions" (unresolved "Goedel_HFSet_Semanticless.Coding_Predicates")
*** Failed to load theory "Goedel_HFSet_Semanticless.Pf_Predicates" (unresolved "Goedel_HFSet_Semanticless.Coding_Predicates")
*** Failed to load theory "Goedel_HFSet_Semanticless.II_Prelims" (unresolved "Goedel_HFSet_Semanticless.Pf_Predicates")
*** Failed to load theory "Goedel_HFSet_Semanticless.Goedel_I" (unresolved "Goedel_HFSet_Semanticless.Functions", "Goedel_HFSet_Semanticless.II_Prelims", "Goedel_HFSet_Semanticless.Pf_Predicates")
*** Failed to load theory "Goedel_HFSet_Semanticless.Pseudo_Coding" (unresolved "Goedel_HFSet_Semanticless.II_Prelims")
*** Failed to load theory "Goedel_HFSet_Semanticless.Quote" (unresolved "Goedel_HFSet_Semanticless.Pseudo_Coding")
*** Failed to load theory "Goedel_HFSet_Semanticless.Instance" (unresolved "Goedel_HFSet_Semanticless.Goedel_I", "Goedel_HFSet_Semanticless.Quote")
*** ML error (line 118 of "~/Desktop/2024_sem1/AutomaticProofRepair/AFPs/afp-2020/thys/Nominal2/nominal_dt_rawfuns.ML"):
*** Value or constructor (subtarget) has not been declared in structure Local_Theory
*** ML error (line 255 of "~/Desktop/2024_sem1/AutomaticProofRepair/AFPs/afp-2020/thys/Nominal2/nominal_dt_rawfuns.ML"):
*** Value or constructor (subtarget) has not been declared in structure Local_Theory
*** ML error (line 328 of "~/Desktop/2024_sem1/AutomaticProofRepair/AFPs/afp-2020/thys/Nominal2/nominal_dt_rawfuns.ML"):
*** Value or constructor (subtarget) has not been declared in structure Local_Theory
*** At command "ML_file" (line 13 of "~/Desktop/2024_sem1/AutomaticProofRepair/AFPs/afp-2020/thys/Nominal2/Nominal2.thy")
Unfinished session(s): Goedel_HFSet_Semanticless
0:01:53 elapsed time, 0:09:41 cpu time, factor 5.13

===============
Goedel_Incompleteness
0:00:03 elapsed time

===============
Graph_Saturation
Running Graph_Saturation ...
Graph_Saturation FAILED
(see also /home/quiqui/.isabelle/Isabelle2021/heaps/polyml-5.8.2_x86_64_32-linux/log/Graph_Saturation)
*** Undefined fact: "card_infinite" (line 215 of "~/Desktop/2024_sem1/AutomaticProofRepair/AFPs/afp-2020/thys/Graph_Saturation/MissingRelation.thy")
*** At command "by" (line 215 of "~/Desktop/2024_sem1/AutomaticProofRepair/AFPs/afp-2020/thys/Graph_Saturation/MissingRelation.thy")
Unfinished session(s): Graph_Saturation
0:00:04 elapsed time

===============
Green
Running Green ...
Green FAILED
(see also /home/quiqui/.isabelle/Isabelle2021/heaps/polyml-5.8.2_x86_64_32-linux/log/Green)
*** Undefined fact: "real_mult_le_cancel_iff1" (line 382 of "~/Desktop/2024_sem1/AutomaticProofRepair/AFPs/afp-2020/thys/Green/CircExample.thy")
*** At command "by" (line 382 of "~/Desktop/2024_sem1/AutomaticProofRepair/AFPs/afp-2020/thys/Green/CircExample.thy")
Unfinished session(s): Green
0:00:27 elapsed time, 0:02:22 cpu time, factor 5.11

===============
Groebner_Macaulay
*** HOL-Word import

===============
Gromov_Hyperbolicity
Running Gromov_Hyperbolicity ...
Gromov_Hyperbolicity FAILED
(see also /home/quiqui/.isabelle/Isabelle2021/heaps/polyml-5.8.2_x86_64_32-linux/log/Gromov_Hyperbolicity)
*** Undefined fact: "real_mult_le_cancel_iff2" (line 214 of "~/Desktop/2024_sem1/AutomaticProofRepair/AFPs/afp-2020/thys/Gromov_Hyperbolicity/Metric_Completion.thy")
*** At command "by" (line 214 of "~/Desktop/2024_sem1/AutomaticProofRepair/AFPs/afp-2020/thys/Gromov_Hyperbolicity/Metric_Completion.thy")
*** Undefined fact: "card_infinite" (line 2142 of "~/Desktop/2024_sem1/AutomaticProofRepair/AFPs/afp-2020/thys/Gromov_Hyperbolicity/Isometries.thy")
*** At command "using" (line 2142 of "~/Desktop/2024_sem1/AutomaticProofRepair/AFPs/afp-2020/thys/Gromov_Hyperbolicity/Isometries.thy")
Unfinished session(s): Gromov_Hyperbolicity
0:01:00 elapsed time, 0:04:41 cpu time, factor 4.66

===============
Group-Ring-Module
Running Group-Ring-Module ...
Warning - Unable to increase stack - interrupting thread
Group-Ring-Module FAILED
(see also /home/quiqui/.isabelle/Isabelle2021/heaps/polyml-5.8.2_x86_64_32-linux/log/Group-Ring-Module)
*** goal (3 subgoals):
***  1. ⋀g h x.
***        ⟦∀k≤Suc n. Ring (B k); x ≤ n; g ∈ extensional {i. i ≤ n};
***         h ∈ extensional {0}; g ∈ {i. i ≤ n} → Un_carrier {i. i ≤ n} B;
***         ∀i≤n. g i ∈ carrier (B i);
***         h 0 ∈ Un_carrier {0} (compose {0} B (slide (Suc n)));
***         h 0 ∈ carrier (compose {0} B (slide (Suc n)) 0); x ∈ {i. i ≤ n};
***         g x ∈ Un_carrier {j. j ≤ n} B⟧
***        ⟹ g x ∈ Un_carrier {i. i ≤ Suc n} B
***  2. ⋀g h x.
***        ⟦∀k≤Suc n. Ring (B k); g ∈ carr_prodag {i. i ≤ n} B;
***         h ∈ carr_prodag {0} (compose {0} B (slide (Suc n))); x ≤ Suc n;
***         ¬ x ≤ n⟧
***        ⟹ (x ≤ n ⟶ g x ∈ Un_carrier {i. i ≤ Suc n} B) ∧
***           (¬ x ≤ n ⟶ h (sliden (Suc n) x) ∈ Un_carrier {i. i ≤ Suc n} B)
***  3. ⋀g h. ⟦∀k≤Suc n. Ring (B k); g ∈ carr_prodag {i. i ≤ n} B;
***            h ∈ carr_prodag {0} (compose {0} B (slide (Suc n)))⟧
***           ⟹ ∀i≤Suc n.
***                 augm_func n g (Un_carrier {j. j ≤ n} B) (Suc 0) h
***                  (Un_carrier {0} (compose {0} B (slide (Suc n)))) i
***                 ∈ carrier (B i)
*** At command "apply" (line 832 of "~/Desktop/2024_sem1/AutomaticProofRepair/AFPs/afp-2020/thys/Group-Ring-Module/Algebra5.thy")
*** Failed to apply proof method (line 4186 of "~/Desktop/2024_sem1/AutomaticProofRepair/AFPs/afp-2020/thys/Group-Ring-Module/Algebra1.thy"):
*** goal (1 subgoal):
***  1. i < j ⟹ {y. ∃x≤j - i. y = slide i x} = nset i j
*** At command "apply" (line 4186 of "~/Desktop/2024_sem1/AutomaticProofRepair/AFPs/afp-2020/thys/Group-Ring-Module/Algebra1.thy")
*** Failed to apply proof method (line 1256 of "~/Desktop/2024_sem1/AutomaticProofRepair/AFPs/afp-2020/thys/Group-Ring-Module/Algebra1.thy"):
*** goal (1 subgoal):
***  1. f ∈ {j. j ≤ Suc n} → B ⟹
***     f ` {j. j ≤ Suc n} ⊆ insert (f (Suc n)) (f ` {j. j ≤ n})
*** At command "apply" (line 1256 of "~/Desktop/2024_sem1/AutomaticProofRepair/AFPs/afp-2020/thys/Group-Ring-Module/Algebra1.thy")
*** Failed to apply proof method (line 1232 of "~/Desktop/2024_sem1/AutomaticProofRepair/AFPs/afp-2020/thys/Group-Ring-Module/Algebra1.thy"):
*** goal (2 subgoals):
***  1. ⋀x xa.
***        ⟦f ∈ {j. j ≤ Suc n} → B; ∃xa≤Suc n. x = f xa; xa ≤ n;
***         f (Suc n) = f xa⟧
***        ⟹ ∃xa≤n. x = f xa
***  2. ⟦f ∈ {j. j ≤ Suc n} → B; f (Suc n) ∈ f ` {j. j ≤ n}⟧
***     ⟹ f ` {j. j ≤ n} ⊆ f ` {j. j ≤ Suc n}
*** At command "apply" (line 1232 of "~/Desktop/2024_sem1/AutomaticProofRepair/AFPs/afp-2020/thys/Group-Ring-Module/Algebra1.thy")
Unfinished session(s): Group-Ring-Module
0:01:56 elapsed time, 0:06:54 cpu time, factor 3.55

===============
Hello_World
Running Hello_World ...
Hello_World FAILED
(see also /home/quiqui/.isabelle/Isabelle2021/heaps/polyml-5.8.2_x86_64_32-linux/log/Hello_World)
*** ML error (line 32 of "~/Desktop/2024_sem1/AutomaticProofRepair/AFPs/afp-2020/thys/Hello_World/RunningCodeFromIsabelle.thy"):
*** Value or constructor (mkdirs) has not been declared in structure Isabelle_System
*** At command "ML" (line 19 of "~/Desktop/2024_sem1/AutomaticProofRepair/AFPs/afp-2020/thys/Hello_World/RunningCodeFromIsabelle.thy")
Unfinished session(s): Hello_World
0:00:06 elapsed time, 0:00:07 cpu time, factor 1.14

===============
HereditarilyFinite
Running HereditarilyFinite ...
Finished HereditarilyFinite (0:00:05 elapsed time, 0:00:19 cpu time, factor 3.64)
0:00:08 elapsed time, 0:00:19 cpu time, factor 2.28

===============
Higher_Order_Terms
*** HOL-Word import

===============
HOL-CSP
Running HOL-CSP ...
HOL-CSP FAILED
(see also /home/quiqui/.isabelle/Isabelle2021/heaps/polyml-5.8.2_x86_64_32-linux/log/HOL-CSP)
*** exception THM 0 raised (line 309 of "drule.ML"):
***   OF: no unifiers
***   ⟦s setinterleaves ((?t1.0, ?u), C); set ?t2.0 ∩ C = {}⟧
***   ⟹ s @ ?t2.0 setinterleaves ((?t1.0 @ ?t2.0, ?u), C)
***   aa ∈ C
***   s setinterleaves ((aa # lista, list), C)
*** At command "with" (line 1599 of "~/Desktop/2024_sem1/AutomaticProofRepair/AFPs/afp-2020/thys/HOL-CSP/CSP.thy")
*** Too many parameters for case "1" (line 1315 of "~/Desktop/2024_sem1/AutomaticProofRepair/AFPs/afp-2020/thys/HOL-CSP/CSP.thy")
*** At command "case" (line 1315 of "~/Desktop/2024_sem1/AutomaticProofRepair/AFPs/afp-2020/thys/HOL-CSP/CSP.thy")
Unfinished session(s): HOL-CSP
0:01:30 elapsed time, 0:08:26 cpu time, factor 5.58

===============
Huffman
Running Huffman ...
Finished Huffman (0:00:04 elapsed time, 0:00:13 cpu time, factor 3.28)
0:00:06 elapsed time, 0:00:13 cpu time, factor 2.19

===============
Hybrid_Logic
Running Hybrid_Logic ...
Finished Hybrid_Logic (0:00:09 elapsed time, 0:00:32 cpu time, factor 3.50)
0:00:12 elapsed time, 0:00:32 cpu time, factor 2.61

===============
Hybrid_Multi_Lane_Spatial_Logic
Running Hybrid_Multi_Lane_Spatial_Logic ...
*** Timeout
Hybrid_Multi_Lane_Spatial_Logic FAILED
(see also /home/quiqui/.isabelle/Isabelle2021/heaps/polyml-5.8.2_x86_64_32-linux/log/Hybrid_Multi_Lane_Spatial_Logic)
*** Interrupt
Unfinished session(s): Hybrid_Multi_Lane_Spatial_Logic
0:10:03 elapsed time, 0:21:11 cpu time, factor 2.11

===============
Hybrid_Systems_VCs
*** HOL-Word import

===============
IEEE_Floating_Point
*** HOL-Word import

===============
IMP2_Binary_Heap
Building IMP2 ...
Finished IMP2 (0:00:59 elapsed time, 0:03:00 cpu time, factor 3.01)
Running IMP2_Binary_Heap ...
Finished IMP2_Binary_Heap (0:00:07 elapsed time, 0:00:20 cpu time, factor 2.63)
0:01:12 elapsed time, 0:03:20 cpu time, factor 2.76

===============
Incompleteness
Building HereditarilyFinite ...
Finished HereditarilyFinite (0:00:11 elapsed time, 0:00:38 cpu time, factor 3.26)
Running Incompleteness ...
Incompleteness FAILED
(see also /home/quiqui/.isabelle/Isabelle2021/heaps/polyml-5.8.2_x86_64_32-linux/log/Incompleteness)
*** Failed to load theory "Incompleteness.SyntaxN" (unresolved "Nominal2.Nominal2")
*** Failed to load theory "Incompleteness.Coding" (unresolved "Incompleteness.SyntaxN")
*** Failed to load theory "Incompleteness.Predicates" (unresolved "Incompleteness.SyntaxN")
*** Failed to load theory "Incompleteness.Sigma" (unresolved "Incompleteness.Predicates")
*** Failed to load theory "Incompleteness.Coding_Predicates" (unresolved "Incompleteness.Coding", "Incompleteness.Sigma")
*** Failed to load theory "Incompleteness.Functions" (unresolved "Incompleteness.Coding_Predicates")
*** Failed to load theory "Incompleteness.Pf_Predicates" (unresolved "Incompleteness.Coding_Predicates")
*** Failed to load theory "Incompleteness.Goedel_I" (unresolved "Incompleteness.Functions", "Incompleteness.Pf_Predicates")
*** Failed to load theory "Incompleteness.II_Prelims" (unresolved "Incompleteness.Pf_Predicates")
*** Failed to load theory "Incompleteness.Pseudo_Coding" (unresolved "Incompleteness.II_Prelims")
*** Failed to load theory "Incompleteness.Quote" (unresolved "Incompleteness.Pseudo_Coding")
*** Failed to load theory "Incompleteness.Goedel_II" (unresolved "Incompleteness.Goedel_I", "Incompleteness.Quote")
*** ML error (line 118 of "~/Desktop/2024_sem1/AutomaticProofRepair/AFPs/afp-2020/thys/Nominal2/nominal_dt_rawfuns.ML"):
*** Value or constructor (subtarget) has not been declared in structure Local_Theory
*** ML error (line 255 of "~/Desktop/2024_sem1/AutomaticProofRepair/AFPs/afp-2020/thys/Nominal2/nominal_dt_rawfuns.ML"):
*** Value or constructor (subtarget) has not been declared in structure Local_Theory
*** ML error (line 328 of "~/Desktop/2024_sem1/AutomaticProofRepair/AFPs/afp-2020/thys/Nominal2/nominal_dt_rawfuns.ML"):
*** Value or constructor (subtarget) has not been declared in structure Local_Theory
*** At command "ML_file" (line 13 of "~/Desktop/2024_sem1/AutomaticProofRepair/AFPs/afp-2020/thys/Nominal2/Nominal2.thy")
Unfinished session(s): Incompleteness
0:00:22 elapsed time, 0:00:57 cpu time, factor 2.53

===============
Incredible_Proof_Machine
*** HOL-Word import

===============
Inductive_Inference
Running Inductive_Inference ...
Inductive_Inference FAILED
(see also /home/quiqui/.isabelle/Isabelle2021/heaps/polyml-5.8.2_x86_64_32-linux/log/Inductive_Inference)
***         ((gs ! k, xs, []) #
***          (Cn n f gs, xs, take k (map (λg. the (eval g xs)) gs)) # rest,
***          None)
*** At command "by" (line 336 of "~/Desktop/2024_sem1/AutomaticProofRepair/AFPs/afp-2020/thys/Inductive_Inference/Universal.thy")
*** Failed to finish proof (line 784 of "~/Desktop/2024_sem1/AutomaticProofRepair/AFPs/afp-2020/thys/Inductive_Inference/Universal.thy"):
*** goal (1 subgoal):
***  1. ⟦valid ((Z, xs, []) # rest);
***      ⋀xs locs rest.
***         valid ((Z, xs, locs) # rest) ⟹ valid rest ∧ Suc 0 = length xs;
***      ⋀x. reachable x (step x)⟧
***     ⟹ reachable ((Z, xs, []) # rest, None) (rest, Some 0)
*** At command "by" (line 784 of "~/Desktop/2024_sem1/AutomaticProofRepair/AFPs/afp-2020/thys/Inductive_Inference/Universal.thy")
*** Failed to finish proof (line 557 of "~/Desktop/2024_sem1/AutomaticProofRepair/AFPs/afp-2020/thys/Inductive_Inference/Universal.thy"):
*** goal (1 subgoal):
***  1. ⟦tl xs = ys; ⋀x. reachable x (step x)⟧
***     ⟹ reachable ((Pr n f g, xs, []) # rest, None)
***         ((f, ys, []) # (Pr n f g, xs, []) # rest, None)
*** At command "by" (line 557 of "~/Desktop/2024_sem1/AutomaticProofRepair/AFPs/afp-2020/thys/Inductive_Inference/Universal.thy")
*** Failed to finish proof (line 625 of "~/Desktop/2024_sem1/AutomaticProofRepair/AFPs/afp-2020/thys/Inductive_Inference/Universal.thy"):
*** goal (1 subgoal):
***  1. ⟦⋀x. reachable x (step x); valid ((Mn n f, xs, []) # rest)⟧
***     ⟹ reachable ((Mn n f, xs, []) # rest, None)
***         ((f, 0 # xs, []) # (Mn n f, xs, [0]) # rest, None)
*** At command "by" (line 625 of "~/Desktop/2024_sem1/AutomaticProofRepair/AFPs/afp-2020/thys/Inductive_Inference/Universal.thy")
*** Failed to finish proof (line 405 of "~/Desktop/2024_sem1/AutomaticProofRepair/AFPs/afp-2020/thys/Inductive_Inference/Universal.thy"):
*** goal (1 subgoal):
***  1. ⟦min (length gs) k < length gs; ⋀x. reachable x (step x)⟧
***     ⟹ reachable
***         ((Cn n f gs, xs, take k (map (λg. the (eval g xs)) gs)) # rest,
***          None)
***         ((gs ! min (length gs) k, xs, []) #
***          (Cn n f gs, xs, take k (map (λg. the (eval g xs)) gs)) # rest,
***          None)
*** At command "by" (line 405 of "~/Desktop/2024_sem1/AutomaticProofRepair/AFPs/afp-2020/thys/Inductive_Inference/Universal.thy")
*** Failed to finish proof (line 482 of "~/Desktop/2024_sem1/AutomaticProofRepair/AFPs/afp-2020/thys/Inductive_Inference/Universal.thy"):
*** goal (1 subgoal):
***  1. (⋀x. reachable x (step x)) ⟹
***     reachable ((Pr n f g, x # xs, []) # rest, None)
***      ((f, xs, []) # (Pr n f g, x # xs, []) # rest, None)
*** At command "by" (line 482 of "~/Desktop/2024_sem1/AutomaticProofRepair/AFPs/afp-2020/thys/Inductive_Inference/Universal.thy")
Unfinished session(s): Inductive_Inference
0:00:39 elapsed time, 0:02:38 cpu time, factor 4.05

===============
Integration
Running Integration ...
Integration FAILED
(see also /home/quiqui/.isabelle/Isabelle2021/heaps/polyml-5.8.2_x86_64_32-linux/log/Integration)
*** Undefined fact: "LIMSEQ_Suc_iff" (line 89 of "~/Desktop/2024_sem1/AutomaticProofRepair/AFPs/afp-2020/thys/Integration/MonConv.thy")
*** At command "by" (line 89 of "~/Desktop/2024_sem1/AutomaticProofRepair/AFPs/afp-2020/thys/Integration/MonConv.thy")
Unfinished session(s): Integration
0:00:07 elapsed time, 0:00:12 cpu time, factor 1.73

===============
Interval_Arithmetic_Word32
*** HOL-Word import

===============
IP_Addresses
*** HOL-Word import

===============
Iptables_Semantics
*** HOL-Word import

===============
Irrationality_J_Hancl
Running Irrationality_J_Hancl ...
Irrationality_J_Hancl FAILED
(see also /home/quiqui/.isabelle/Isabelle2021/heaps/polyml-5.8.2_x86_64_32-linux/log/Irrationality_J_Hancl)
*** exception THM 0 raised (line 309 of "drule.ML"):
***   OF: no unifiers
***   summable ?f ⟹ summable (λn. ?f (n + ?k))
***   True
*** At command "using" (line 917 of "~/Desktop/2024_sem1/AutomaticProofRepair/AFPs/afp-2020/thys/Irrationality_J_Hancl/Irrationality_J_Hancl.thy")
*** Failed to refine any pending goal
*** At command "by" (line 237 of "~/Desktop/2024_sem1/AutomaticProofRepair/AFPs/afp-2020/thys/Irrationality_J_Hancl/Irrationality_J_Hancl.thy")
Unfinished session(s): Irrationality_J_Hancl
0:00:35 elapsed time, 0:01:40 cpu time, factor 2.85

===============
Irrational_Series_Erdos_Straus
*** HOL-Word import

===============
Isabelle_C
Running Isabelle_C ...
Isabelle_C FAILED
(see also /home/quiqui/.isabelle/Isabelle2021/heaps/polyml-5.8.2_x86_64_32-linux/log/Isabelle_C)
*** Failed to load theory "Isabelle_C.C0" (unresolved "Isabelle_C.C_Main")
*** Failed to load theory "Isabelle_C.C1" (unresolved "Isabelle_C.C_Main")
*** Failed to load theory "Isabelle_C.C2" (unresolved "Isabelle_C.C_Main")
*** Failed to load theory "Isabelle_C.C_paper" (unresolved "Isabelle_C.C_Main")
*** ML error (line 815 of "~/Desktop/2024_sem1/AutomaticProofRepair/AFPs/afp-2020/thys/Isabelle_C/C11-FrontEnd/src/C_Parser_Language.thy"):
*** Type error in function application.
***    Function:
***       Command.read_file
***       (Resources.master_directory (Proof_Context.theory_of ctxt))
***       Position.none
***       : bool -> Path.T -> Token.file
***    Argument: (Path.explode (#1 (Input.source_content text))) : Path.T
***    Reason:
***       Can't unify bool (*In Basis*) with Path.T
***          (Different type constructors)
*** ML error (line 814 of "~/Desktop/2024_sem1/AutomaticProofRepair/AFPs/afp-2020/thys/Isabelle_C/C11-FrontEnd/src/C_Parser_Language.thy"):
*** Type error in function application.
***    Function: Token.file_source : Token.file -> Input.source
***    Argument:
***       (Command.read_file
***        (Resources.master_directory (Proof_Context.theory_of ctxt))
***        Position.none
***        (Path.explode (#1 (Input.source_content text)))
***       )
***       : Path.T -> Token.file
***    Reason:
***       Can't unify
***          {digest: SHA1.digest,
***           lines: string list, pos: Position.T, src_path: Path.T}
***          to Path.T -> Token.file (Incompatible types)
*** At command "ML" (line 795 of "~/Desktop/2024_sem1/AutomaticProofRepair/AFPs/afp-2020/thys/Isabelle_C/C11-FrontEnd/src/C_Parser_Language.thy")
*** ML error (line 810 of "~/Desktop/2024_sem1/AutomaticProofRepair/AFPs/afp-2020/thys/Isabelle_C/C11-FrontEnd/src/C_Lexer_Annotation.thy"):
*** Type error in function application.
***    Function: Keyword.add_keywords :
***       ((string * Position.T) * Keyword.spec) list ->
***         Keyword.keywords -> Keyword.keywords
***    Argument: [((x, Position.none), ((Keyword.thy_decl, ...), [...]))] :
***       ((string * Position.T) * ((string * 'a list) * 'b list)) list
***    Reason: Can't unify string to string * 'a list (Incompatible types)
*** At command "ML" (line 212 of "~/Desktop/2024_sem1/AutomaticProofRepair/AFPs/afp-2020/thys/Isabelle_C/C11-FrontEnd/src/C_Lexer_Annotation.thy")
Unfinished session(s): Isabelle_C
0:00:31 elapsed time, 0:00:37 cpu time, factor 1.19

===============
Isabelle_Marries_Dirac
*** HOL-Word import

===============
Isabelle_Meta_Model
Running Isabelle_Meta_Model ...
Isabelle_Meta_Model FAILED
(see also /home/quiqui/.isabelle/Isabelle2021/heaps/polyml-5.8.2_x86_64_32-linux/log/Isabelle_Meta_Model)
***    Argument:
***       (List.concat
***        (map (fn (...) => ... ...) (META.holThyLocale_header data))
***       )
***       : (string, string, 'a) Element.ctxt list
***    Reason:
***       Can't unify (string, string, 'a) Element.ctxt list to
***          (xstring * Position.T, string) Expression.expr *
***          (binding * string option * mixfix) list
***          (Incompatible types)
*** ML error (line 524 of "~/Desktop/2024_sem1/AutomaticProofRepair/AFPs/afp-2020/thys/Isabelle_Meta_Model/toy_example/embedding/Generator_dynamic_sequential.thy"):
*** Type error in function application.
***    Function: #> :
***       (Element.context list -> theory -> string * local_theory) *
***       ((theory -> string * local_theory) -> 'a)
***         -> Element.context list -> 'a
***    Argument:
***       (
***          Expression.add_locale_cmd (... ...) Binding.empty ([], [...])
***          (List.concat (map (fn ...) (META.holThyLocale_header data)))
***          ,
***          snd
***          )
***       : (Element.context list -> theory -> string * local_theory) *
***         ('a * 'b -> 'b)
***    Reason:
***       Can't unify theory -> string * local_theory to 'a * 'b
***          (Incompatible types)
*** ML error (line 521 of "~/Desktop/2024_sem1/AutomaticProofRepair/AFPs/afp-2020/thys/Isabelle_Meta_Model/toy_example/embedding/Generator_dynamic_sequential.thy"):
*** Clauses in case have different types.
***    Clause 1: Theories_one thy => semi__theory I Named_Target.theory_map thy
***       : semi_theories -> theory -> theory
***    Clause 2:
***       Theories_locale (data, l) =>
***       fn thy => ... |> ... |> ... ... |> Local_Theory.exit_global
***       : semi_theories -> Element.context list -> theory
***    Reason:
***       Can't unify theory with Element.context list (*In Basis*)
***          (Different type constructors)
*** At command "ML" (line 195 of "~/Desktop/2024_sem1/AutomaticProofRepair/AFPs/afp-2020/thys/Isabelle_Meta_Model/toy_example/embedding/Generator_dynamic_sequential.thy")
Unfinished session(s): Isabelle_Meta_Model
0:00:41 elapsed time, 0:01:22 cpu time, factor 2.00

===============
Jacobson_Basic_Algebra
Running Jacobson_Basic_Algebra ...
Finished Jacobson_Basic_Algebra (0:00:20 elapsed time, 0:00:50 cpu time, factor 2.51)
0:00:22 elapsed time, 0:00:50 cpu time, factor 2.18

===============
Jinja
Running Jinja ...
Jinja FAILED
(see also /home/quiqui/.isabelle/Isabelle2021/heaps/polyml-5.8.2_x86_64_32-linux/log/Jinja)
***        ⟹ ℬ (compE⇩1 Vs x1) n ∧ ℬ (compE⇩1 Vs x3) n
***  3. ⋀x2 Vs n.
***        ⟦⋀Vs. ℬ (compE⇩1 Vs x2) (length Vs); length Vs = n⟧
***        ⟹ ℬ (compE⇩1 Vs x2) n
***  4. ⋀x1 Vs n.
***        ⟦⋀Vs. ℬ (compE⇩1 Vs x1) (length Vs); length Vs = n⟧
***        ⟹ ℬ (compE⇩1 Vs x1) n
***  5. ⋀x1 x4 Vs n.
***        ⟦⋀Vs. ℬ (compE⇩1 Vs x1) (length Vs);
***         ⋀Vs. ℬ (compE⇩1 Vs x4) (length Vs); length Vs = n⟧
***        ⟹ ℬ (compE⇩1 Vs x1) n ∧ ℬ (compE⇩1 Vs x4) n
***  6. ⋀x1 x3 Vs n.
***        ⟦⋀Vs. ℬ (compE⇩1 Vs x1) (length Vs);
***         ⋀Vs. ℬs (map (compE⇩1 Vs) x3) (length Vs); length Vs = n⟧
***        ⟹ ℬ (compE⇩1 Vs x1) n ∧ ℬs (map (compE⇩1 Vs) x3) n
***  7. ⋀x1 x3 Vs n.
***        ⟦⋀Vs. ℬ (compE⇩1 Vs x3) (length Vs); length Vs = n⟧
***        ⟹ ℬ (compE⇩1 (Vs @ [x1]) x3) (Suc n)
***  8. ⋀x1 x2 Vs n.
***        ⟦⋀Vs. ℬ (compE⇩1 Vs x1) (length Vs);
***         ⋀Vs. ℬ (compE⇩1 Vs x2) (length Vs); length Vs = n⟧
***        ⟹ ℬ (compE⇩1 Vs x1) n ∧ ℬ (compE⇩1 Vs x2) n
***  9. ⋀x1 x2 x3 Vs n.
***        ⟦⋀Vs. ℬ (compE⇩1 Vs x1) (length Vs);
***         ⋀Vs. ℬ (compE⇩1 Vs x2) (length Vs);
***         ⋀Vs. ℬ (compE⇩1 Vs x3) (length Vs); length Vs = n⟧
***        ⟹ ℬ (compE⇩1 Vs x1) n ∧ ℬ (compE⇩1 Vs x2) n ∧ ℬ (compE⇩1 Vs x3) n
***  10. ⋀x1 x2 Vs n.
***         ⟦⋀Vs. ℬ (compE⇩1 Vs x1) (length Vs);
***          ⋀Vs. ℬ (compE⇩1 Vs x2) (length Vs); length Vs = n⟧
***         ⟹ ℬ (compE⇩1 Vs x1) n ∧ ℬ (compE⇩1 Vs x2) n
*** A total of 13 subgoals...
*** At command "by" (line 496 of "~/Desktop/2024_sem1/AutomaticProofRepair/AFPs/afp-2020/thys/Jinja/Compiler/Correctness1.thy")
*** Failed to apply proof method (line 37 of "~/Desktop/2024_sem1/AutomaticProofRepair/AFPs/afp-2020/thys/Jinja/J/execute_Bigstep.thy"):
*** goal (1 subgoal):
***  1. ⋀a ys aa lista.
***        ⟦⋀ys. map Val lista = map Val ys ⟹ map_val (map Val ys) ys;
***         a = Val aa; ys = aa # lista⟧
***        ⟹ map_val (Val aa # map Val lista) (aa # lista)
*** At command "apply" (line 37 of "~/Desktop/2024_sem1/AutomaticProofRepair/AFPs/afp-2020/thys/Jinja/J/execute_Bigstep.thy")
Unfinished session(s): Jinja
0:01:23 elapsed time, 0:07:53 cpu time, factor 5.66

===============
JinjaDCI
Running JinjaDCI ...
JinjaDCI FAILED
(see also /home/quiqui/.isabelle/Isabelle2021/heaps/polyml-5.8.2_x86_64_32-linux/log/JinjaDCI)
*** Failed to finish proof (line 792 of "~/Desktop/2024_sem1/AutomaticProofRepair/AFPs/afp-2020/thys/JinjaDCI/Compiler/Correctness1.thy"):
*** goal (17 subgoals):
***  1. ⋀x2 Vs n.
***        ⟦⋀Vs. ℬ (compE⇩1 Vs x2) (length Vs); length Vs = n⟧
***        ⟹ ℬ (compE⇩1 Vs x2) n
***  2. ⋀x1 x3 Vs n.
***        ⟦⋀Vs. ℬ (compE⇩1 Vs x1) (length Vs);
***         ⋀Vs. ℬ (compE⇩1 Vs x3) (length Vs); length Vs = n⟧
***        ⟹ ℬ (compE⇩1 Vs x1) n ∧ ℬ (compE⇩1 Vs x3) n
***  3. ⋀x2 Vs n.
***        ⟦⋀Vs. ℬ (compE⇩1 Vs x2) (length Vs); length Vs = n⟧
***        ⟹ ℬ (compE⇩1 Vs x2) n
***  4. ⋀x1 Vs n.
***        ⟦⋀Vs. ℬ (compE⇩1 Vs x1) (length Vs); length Vs = n⟧
***        ⟹ ℬ (compE⇩1 Vs x1) n
***  5. ⋀x1 x4 Vs n.
***        ⟦⋀Vs. ℬ (compE⇩1 Vs x1) (length Vs);
***         ⋀Vs. ℬ (compE⇩1 Vs x4) (length Vs); length Vs = n⟧
***        ⟹ ℬ (compE⇩1 Vs x1) n ∧ ℬ (compE⇩1 Vs x4) n
***  6. ⋀x4 Vs n.
***        ⟦⋀Vs. ℬ (compE⇩1 Vs x4) (length Vs); length Vs = n⟧
***        ⟹ ℬ (compE⇩1 Vs x4) n
***  7. ⋀x1 x3 Vs n.
***        ⟦⋀Vs. ℬ (compE⇩1 Vs x1) (length Vs);
***         ⋀Vs. ℬs (map (compE⇩1 Vs) x3) (length Vs); length Vs = n⟧
***        ⟹ ℬ (compE⇩1 Vs x1) n ∧ ℬs (map (compE⇩1 Vs) x3) n
***  8. ⋀x3 Vs n.
***        ⟦⋀Vs. ℬs (map (compE⇩1 Vs) x3) (length Vs); length Vs = n⟧
***        ⟹ ℬs (map (compE⇩1 Vs) x3) n
***  9. ⋀x1 x3 Vs n.
***        ⟦⋀Vs. ℬ (compE⇩1 Vs x3) (length Vs); length Vs = n⟧
***        ⟹ ℬ (compE⇩1 (Vs @ [x1]) x3) (Suc n)
***  10. ⋀x1 x2 Vs n.
***         ⟦⋀Vs. ℬ (compE⇩1 Vs x1) (length Vs);
***          ⋀Vs. ℬ (compE⇩1 Vs x2) (length Vs); length Vs = n⟧
***         ⟹ ℬ (compE⇩1 Vs x1) n ∧ ℬ (compE⇩1 Vs x2) n
*** A total of 17 subgoals...
*** At command "by" (line 792 of "~/Desktop/2024_sem1/AutomaticProofRepair/AFPs/afp-2020/thys/JinjaDCI/Compiler/Correctness1.thy")
Unfinished session(s): JinjaDCI
0:03:44 elapsed time, 0:16:41 cpu time, factor 4.46

===============
JinjaThreads
*** HOL-Word import

===============
Jordan_Normal_Form
*** HOL-Word import

===============
KBPs
*** HOL-Word import

===============
Key_Agreement_Strong_Adversaries
Running Key_Agreement_Strong_Adversaries ...
Key_Agreement_Strong_Adversaries FAILED
(see also /home/quiqui/.isabelle/Isabelle2021/heaps/polyml-5.8.2_x86_64_32-linux/log/Key_Agreement_Strong_Adversaries)
***          guessed_frame test xsk = Some K; B ∈ bad y⟧
***         ⟹ False
*** At command "apply" (line 858 of "~/Desktop/2024_sem1/AutomaticProofRepair/AFPs/afp-2020/thys/Key_Agreement_Strong_Adversaries/pfslvl2.thy")
*** Failed to apply proof method (line 789 of "~/Desktop/2024_sem1/AutomaticProofRepair/AFPs/afp-2020/thys/Key_Agreement_Strong_Adversaries/pfslvl2.thy"):
*** goal (2 subgoals):
***  1. ⋀xb xc xh xi.
***        ⟦xb ∈ l2_inv3; xb ∈ l2_inv8; xb ∈ l2_inv1;
***         guessed_runs test = ⦇role = Init, owner = xh, partner = xi⦈;
***         progress xb test = Some {xpkE, xskE};
***         guessed_frame test xsk = Some xc;
***         ∀R. xc = NonceF (R $ sk) ⟶
***             R ≠ test ∧
***             (owner (guessed_runs R) = xi ⟶
***              xh = partner (guessed_runs R) ⟶
***              Init = role_comp (role (guessed_runs R)) ⟶
***              (∃x. (x = xpkE ∨ x = xskE ∨ x = xsk) ∧
***                   x ∈ domain (role (guessed_runs R)) ∧
***                   guessed_frame test x ≠ guessed_frame R x));
***         xh ∈ bad xb⟧
***        ⟹ False
***  2. ⋀xb xc xh xi.
***        ⟦xb ∈ l2_inv3; xb ∈ l2_inv8; xb ∈ l2_inv1;
***         guessed_runs test = ⦇role = Init, owner = xh, partner = xi⦈;
***         progress xb test = Some {xpkE, xskE};
***         guessed_frame test xsk = Some xc;
***         ∀R. xc = NonceF (R $ sk) ⟶
***             R ≠ test ∧
***             (owner (guessed_runs R) = xi ⟶
***              xh = partner (guessed_runs R) ⟶
***              Init = role_comp (role (guessed_runs R)) ⟶
***              (∃x. (x = xpkE ∨ x = xskE ∨ x = xsk) ∧
***                   x ∈ domain (role (guessed_runs R)) ∧
***                   guessed_frame test x ≠ guessed_frame R x));
***         xi ∈ bad xb⟧
***        ⟹ False
*** At command "apply" (line 789 of "~/Desktop/2024_sem1/AutomaticProofRepair/AFPs/afp-2020/thys/Key_Agreement_Strong_Adversaries/pfslvl2.thy")
*** Failed to refine any pending goal
*** At command "qed" (line 571 of "~/Desktop/2024_sem1/AutomaticProofRepair/AFPs/afp-2020/thys/Key_Agreement_Strong_Adversaries/Implem_symmetric.thy")
*** Failed to refine any pending goal
*** At command "qed" (line 477 of "~/Desktop/2024_sem1/AutomaticProofRepair/AFPs/afp-2020/thys/Key_Agreement_Strong_Adversaries/Implem_asymmetric.thy")
Unfinished session(s): Key_Agreement_Strong_Adversaries
0:01:19 elapsed time, 0:07:21 cpu time, factor 5.53

===============
Kleene_Algebra
*** HOL-Word import

===============
Knuth_Bendix_Order
*** HOL-Word import

===============
Knuth_Morris_Pratt
*** HOL-Word import

===============
Koenigsberg_Friendship
*** HOL-Word import

===============
Kruskal
*** HOL-Word import

===============
Kuratowski_Closure_Complement
Running Kuratowski_Closure_Complement ...
Kuratowski_Closure_Complement FAILED
(see also /home/quiqui/.isabelle/Isabelle2021/heaps/polyml-5.8.2_x86_64_32-linux/log/Kuratowski_Closure_Complement)
*** Undefined fact: "card_insert" (line 451 of "~/Desktop/2024_sem1/AutomaticProofRepair/AFPs/afp-2020/thys/Kuratowski_Closure_Complement/KuratowskiClosureComplementTheorem.thy")
*** At command "by" (line 451 of "~/Desktop/2024_sem1/AutomaticProofRepair/AFPs/afp-2020/thys/Kuratowski_Closure_Complement/KuratowskiClosureComplementTheorem.thy")
*** Undefined fact: "card_insert" (line 292 of "~/Desktop/2024_sem1/AutomaticProofRepair/AFPs/afp-2020/thys/Kuratowski_Closure_Complement/KuratowskiClosureComplementTheorem.thy")
*** At command "by" (line 292 of "~/Desktop/2024_sem1/AutomaticProofRepair/AFPs/afp-2020/thys/Kuratowski_Closure_Complement/KuratowskiClosureComplementTheorem.thy")
Unfinished session(s): Kuratowski_Closure_Complement
0:00:12 elapsed time, 0:00:34 cpu time, factor 2.72

===============
LambdaAuth
Building Nominal2 ...
Nominal2 FAILED
(see also /home/quiqui/.isabelle/Isabelle2021/heaps/polyml-5.8.2_x86_64_32-linux/log/Nominal2)
*** ML error (line 118 of "~/Desktop/2024_sem1/AutomaticProofRepair/AFPs/afp-2020/thys/Nominal2/nominal_dt_rawfuns.ML"):
*** Value or constructor (subtarget) has not been declared in structure Local_Theory
*** ML error (line 255 of "~/Desktop/2024_sem1/AutomaticProofRepair/AFPs/afp-2020/thys/Nominal2/nominal_dt_rawfuns.ML"):
*** Value or constructor (subtarget) has not been declared in structure Local_Theory
*** ML error (line 328 of "~/Desktop/2024_sem1/AutomaticProofRepair/AFPs/afp-2020/thys/Nominal2/nominal_dt_rawfuns.ML"):
*** Value or constructor (subtarget) has not been declared in structure Local_Theory
*** At command "ML_file" (line 13 of "~/Desktop/2024_sem1/AutomaticProofRepair/AFPs/afp-2020/thys/Nominal2/Nominal2.thy")
LambdaAuth CANCELLED
Unfinished session(s): LambdaAuth, Nominal2
0:00:15 elapsed time, 0:00:55 cpu time, factor 3.67

===============
Lambda_Free_RPOs
Running Lambda_Free_RPOs ...
Lambda_Free_RPOs FAILED
(see also /home/quiqui/.isabelle/Isabelle2021/heaps/polyml-5.8.2_x86_64_32-linux/log/Lambda_Free_RPOs)
*** Failed to load theory "Lambda_Free_RPOs.Lambda_Encoding" (unresolved "Lambda_Free_RPOs.Lambda_Free_Term")
*** Failed to load theory "Lambda_Free_RPOs.Lambda_Free_RPO_App" (unresolved "Lambda_Free_RPOs.Lambda_Free_Term")
*** Failed to load theory "Lambda_Free_RPOs.Lambda_Free_RPO_Std" (unresolved "Lambda_Free_RPOs.Lambda_Free_Term", "Nested_Multisets_Ordinals.Multiset_More")
*** Failed to load theory "Lambda_Free_RPOs.Lambda_Free_RPO_Optim" (unresolved "Lambda_Free_RPOs.Lambda_Free_RPO_Std")
*** Failed to load theory "Lambda_Free_RPOs.Lambda_Free_RPOs" (unresolved "Lambda_Free_RPOs.Lambda_Encoding", "Lambda_Free_RPOs.Lambda_Free_RPO_App", "Lambda_Free_RPOs.Lambda_Free_RPO_Optim")
*** Type unification failed: Clash of types "_ multiset" and "_ list"
*** 
*** Type error in application: incompatible operand type
*** 
*** Operator:  (#) ⋃ ::
***   (??'a set set ⇒ ??'a set) list ⇒ (??'a set set ⇒ ??'a set) list
*** Operand:   {#vars_mset (ρ x). x ∈# vars_mset s#} :: ??'b multiset multiset
*** 
*** Coercion Inference:
*** 
*** Local coercion insertion on the operand failed:
*** No coercion known for type constructors: "multiset" and "list"
*** At command "lemma" (line 260 of "~/Desktop/2024_sem1/AutomaticProofRepair/AFPs/afp-2020/thys/Lambda_Free_RPOs/Lambda_Free_Term.thy")
*** Type unification failed: Clash of types "_ multiset" and "_ list"
*** 
*** Type error in application: incompatible operand type
*** 
*** Operator:  (#) ⋃ ::
***   (??'a set set ⇒ ??'a set) list ⇒ (??'a set set ⇒ ??'a set) list
*** Operand:   {#image_mset (Pair a) (B a). a ∈# A#} ::
***   ('a × 'b) multiset multiset
*** 
*** At command "definition" (line 527 of "~/Desktop/2024_sem1/AutomaticProofRepair/AFPs/afp-2020/thys/Nested_Multisets_Ordinals/Multiset_More.thy")
Unfinished session(s): Lambda_Free_RPOs
0:00:07 elapsed time, 0:00:20 cpu time, factor 2.68

===============
Lam-ml-Normalization
Building HOL-Nominal ...
Finished HOL-Nominal (0:00:09 elapsed time, 0:00:24 cpu time, factor 2.47)
Running Lam-ml-Normalization ...
Finished Lam-ml-Normalization (0:00:04 elapsed time, 0:00:10 cpu time, factor 2.32)
0:00:18 elapsed time, 0:00:35 cpu time, factor 1.90

===============
Latin_Square
Running Latin_Square ...
Latin_Square FAILED
(see also /home/quiqui/.isabelle/Isabelle2021/heaps/polyml-5.8.2_x86_64_32-linux/log/Latin_Square)
*** Undefined fact: "card_infinite" (line 276 of "~/Desktop/2024_sem1/AutomaticProofRepair/AFPs/afp-2020/thys/Latin_Square/Latin_Square.thy")
*** At command "using" (line 276 of "~/Desktop/2024_sem1/AutomaticProofRepair/AFPs/afp-2020/thys/Latin_Square/Latin_Square.thy")
Unfinished session(s): Latin_Square
0:00:06 elapsed time, 0:00:09 cpu time, factor 1.55

===============
Launchbury
Running Launchbury ...
Launchbury FAILED
(see also /home/quiqui/.isabelle/Isabelle2021/heaps/polyml-5.8.2_x86_64_32-linux/log/Launchbury)
*** Failed to load theory "Launchbury.Nominal-Utils" (unresolved "Nominal2.Nominal2")
*** Failed to load theory "Launchbury.AList-Utils-Nominal" (unresolved "Launchbury.Nominal-Utils")
*** Failed to load theory "Launchbury.Vars" (unresolved "Nominal2.Nominal2")
*** Failed to load theory "Launchbury.EvalHeap" (unresolved "Nominal2.Nominal2")
*** Failed to load theory "Launchbury.Terms" (unresolved "Launchbury.AList-Utils-Nominal", "Launchbury.Nominal-Utils", "Launchbury.Vars")
*** Failed to load theory "Launchbury.Nominal-HOLCF" (unresolved "Launchbury.Nominal-Utils")
*** Failed to load theory "Launchbury.Substitution" (unresolved "Launchbury.Terms")
*** Failed to load theory "Launchbury.Launchbury" (unresolved "Launchbury.Substitution", "Launchbury.Terms")
*** Failed to load theory "Launchbury.CValue-Nominal" (unresolved "Launchbury.Nominal-HOLCF", "Launchbury.Nominal-Utils")
*** Failed to load theory "Launchbury.Env-Nominal" (unresolved "Launchbury.Nominal-HOLCF", "Launchbury.Nominal-Utils")
*** Failed to load theory "Launchbury.HasESem" (unresolved "Launchbury.Nominal-HOLCF")
*** Failed to load theory "Launchbury.Value-Nominal" (unresolved "Launchbury.Nominal-HOLCF", "Launchbury.Nominal-Utils")
*** Failed to load theory "Launchbury.HeapSemantics" (unresolved "Launchbury.AList-Utils-Nominal", "Launchbury.Env-Nominal", "Launchbury.EvalHeap", "Launchbury.HasESem")
*** Failed to load theory "Launchbury.AbstractDenotational" (unresolved "Launchbury.HeapSemantics", "Launchbury.Terms")
*** Failed to load theory "Launchbury.Abstract-Denotational-Props" (unresolved "Launchbury.AbstractDenotational", "Launchbury.Substitution")
*** Failed to load theory "Launchbury.ResourcedDenotational" (unresolved "Launchbury.Abstract-Denotational-Props", "Launchbury.CValue-Nominal")
*** Failed to load theory "Launchbury.CorrectnessResourced" (unresolved "Launchbury.Launchbury", "Launchbury.ResourcedDenotational")
*** Failed to load theory "Launchbury.ResourcedAdequacy" (unresolved "Launchbury.CorrectnessResourced", "Launchbury.Launchbury", "Launchbury.ResourcedDenotational")
*** Failed to load theory "Launchbury.Denotational" (unresolved "Launchbury.Abstract-Denotational-Props", "Launchbury.Value-Nominal")
*** Failed to load theory "Launchbury.CorrectnessOriginal" (unresolved "Launchbury.Denotational", "Launchbury.Launchbury")
*** Failed to load theory "Launchbury.Denotational-Related" (unresolved "Launchbury.Denotational", "Launchbury.ResourcedDenotational")
*** Failed to load theory "Launchbury.Adequacy" (unresolved "Launchbury.Denotational-Related", "Launchbury.ResourcedAdequacy")
*** Failed to load theory "Launchbury.EverythingAdequacy" (unresolved "Launchbury.Adequacy", "Launchbury.CorrectnessOriginal")
*** ML error (line 118 of "~/Desktop/2024_sem1/AutomaticProofRepair/AFPs/afp-2020/thys/Nominal2/nominal_dt_rawfuns.ML"):
*** Value or constructor (subtarget) has not been declared in structure Local_Theory
*** ML error (line 255 of "~/Desktop/2024_sem1/AutomaticProofRepair/AFPs/afp-2020/thys/Nominal2/nominal_dt_rawfuns.ML"):
*** Value or constructor (subtarget) has not been declared in structure Local_Theory
*** ML error (line 328 of "~/Desktop/2024_sem1/AutomaticProofRepair/AFPs/afp-2020/thys/Nominal2/nominal_dt_rawfuns.ML"):
*** Value or constructor (subtarget) has not been declared in structure Local_Theory
*** At command "ML_file" (line 13 of "~/Desktop/2024_sem1/AutomaticProofRepair/AFPs/afp-2020/thys/Nominal2/Nominal2.thy")
Unfinished session(s): Launchbury
0:00:15 elapsed time, 0:01:08 cpu time, factor 4.32

===============
Laws_of_Large_Numbers
Building Ergodic_Theory ...
Ergodic_Theory FAILED
(see also /home/quiqui/.isabelle/Isabelle2021/heaps/polyml-5.8.2_x86_64_32-linux/log/Ergodic_Theory)
*** Undefined fact: "real_mult_le_cancel_iff2" (line 609 of "~/Desktop/2024_sem1/AutomaticProofRepair/AFPs/afp-2020/thys/Ergodic_Theory/Gouezel_Karlsson.thy")
*** At command "by" (line 609 of "~/Desktop/2024_sem1/AutomaticProofRepair/AFPs/afp-2020/thys/Ergodic_Theory/Gouezel_Karlsson.thy")
*** Undefined fact: "real_mult_le_cancel_iff1" (line 1233 of "~/Desktop/2024_sem1/AutomaticProofRepair/AFPs/afp-2020/thys/Ergodic_Theory/Normalizing_Sequences.thy")
*** At command "by" (line 1233 of "~/Desktop/2024_sem1/AutomaticProofRepair/AFPs/afp-2020/thys/Ergodic_Theory/Normalizing_Sequences.thy")
*** Undefined fact: "real_mult_le_cancel_iff1" (line 1339 of "~/Desktop/2024_sem1/AutomaticProofRepair/AFPs/afp-2020/thys/Ergodic_Theory/Normalizing_Sequences.thy")
*** At command "by" (line 1339 of "~/Desktop/2024_sem1/AutomaticProofRepair/AFPs/afp-2020/thys/Ergodic_Theory/Normalizing_Sequences.thy")
*** Undefined fact: "real_mult_le_cancel_iff2" (line 1410 of "~/Desktop/2024_sem1/AutomaticProofRepair/AFPs/afp-2020/thys/Ergodic_Theory/Invariants.thy")
*** At command "by" (line 1410 of "~/Desktop/2024_sem1/AutomaticProofRepair/AFPs/afp-2020/thys/Ergodic_Theory/Invariants.thy")
*** exception THM 0 raised (line 309 of "drule.ML"):
***   OF: no unifiers
***   convex_on ?C ?f =
***   (∀x∈?C.
***       ∀y∈?C.
***          ∀μ. 0 ≤ μ ∧ μ ≤ 1 ⟶
***              ?f (μ *⇩R x + (1 - μ) *⇩R y) ≤ μ * ?f x + (1 - μ) * ?f y)
***   convex C
*** At command "unfolding" (line 340 of "~/Desktop/2024_sem1/AutomaticProofRepair/AFPs/afp-2020/thys/Ergodic_Theory/SG_Library_Complement.thy")
Laws_of_Large_Numbers CANCELLED
Unfinished session(s): Ergodic_Theory, Laws_of_Large_Numbers
0:00:30 elapsed time, 0:02:30 cpu time, factor 4.94

===============
Lazy_Case
Running Lazy_Case ...
Lazy_Case FAILED
(see also /home/quiqui/.isabelle/Isabelle2021/heaps/polyml-5.8.2_x86_64_32-linux/log/Lazy_Case)
*** Failed to load theory "Lazy_Case.Test_Lazy_Case" (unresolved "Lazy_Case.Lazy_Case")
*** ML error (line 59 of "~/Desktop/2024_sem1/AutomaticProofRepair/AFPs/afp-2020/thys/Lazy_Case/lazy_case.ML"):
*** Value or constructor (open_target) has not been declared in structure Local_Theory
*** ML error (line 64 of "~/Desktop/2024_sem1/AutomaticProofRepair/AFPs/afp-2020/thys/Lazy_Case/lazy_case.ML"):
*** Value or constructor (close_target) has not been declared in structure Local_Theory
*** At command "ML_file" (line 38 of "~/Desktop/2024_sem1/AutomaticProofRepair/AFPs/afp-2020/thys/Lazy_Case/Lazy_Case.thy")
Unfinished session(s): Lazy_Case
0:00:03 elapsed time

===============
LightweightJava
Running LightweightJava ...
LightweightJava FAILED
(see also /home/quiqui/.isabelle/Isabelle2021/heaps/polyml-5.8.2_x86_64_32-linux/log/LightweightJava)
***                                (path'' @ [(ctx', cld)])) =
***                          Some path_fqn ⟶
***                          (∀path'''.
***                              path_fqn = path'' @ path''' ⟶
***                              (∃path_rest. path = path_rest @ path'''))));
***         find_cld_f P ctx fqn = Some (ctx', cld'); acyclic_clds P;
***         find_path_rec_f P ctx' (superclass_name_f cld')
***          (path' @ [(ctx', cld')]) =
***         Some path;
***         (cld'', ctx'') ∈ set path;
***         find_cld_f P cld'' (fqn_def (class_name_f ctx'')) =
***         Some (cld'', cld_def (class_name_f ctx'') cl fds mds);
***         (cld'', ctx'') ∉ set path';
***         find_path_rec_f P cld''
***          (superclass_name_f (cld_def (class_name_f ctx'') cl fds mds))
***          (path'' @ [(cld'', cld_def (class_name_f ctx'') cl fds mds)]) =
***         Some (path'' @ path''')⟧
***        ⟹ find_path_rec_f P ctx' (superclass_name_f cld')
***            (path' @ [(ctx', cld')]) =
***           Some path ⟶
***           (∀ctxcld∈set path.
***               ctxcld = (ctx', cld') ∨
***               ctxcld ∈ set path' ∨
***               (∀path_fqn.
***                   (case find_cld_f P (fst ctxcld)
***                          (fqn_def (class_name_f (snd ctxcld))) of
***                    None ⇒ None
***                    | Some (ctx', cld) ⇒
***                        find_path_rec_f P ctx' (superclass_name_f cld)
***                         (path'' @ [(ctx', cld)])) =
***                   Some path_fqn ⟶
***                   (∀path'''.
***                       path_fqn = path'' @ path''' ⟶
***                       (∃path_rest. path = path_rest @ path'''))))
*** At command "apply" (line 698 of "~/Desktop/2024_sem1/AutomaticProofRepair/AFPs/afp-2020/thys/LightweightJava/Lightweight_Java_Equivalence.thy")
*** Failed to apply proof method (line 314 of "~/Desktop/2024_sem1/AutomaticProofRepair/AFPs/afp-2020/thys/LightweightJava/Lightweight_Java_Equivalence.thy"):
*** goal (1 subgoal):
***  1. ⋀a. find_path_ty_f P ty = Some a ⟹
***         fields P ty (Some (fields_in_path_f a))
*** At command "apply" (line 314 of "~/Desktop/2024_sem1/AutomaticProofRepair/AFPs/afp-2020/thys/LightweightJava/Lightweight_Java_Equivalence.thy")
Unfinished session(s): LightweightJava
0:00:14 elapsed time, 0:00:38 cpu time, factor 2.56

===============
Linear_Inequalities
*** HOL-Word import

===============
LinearQuantifierElim
Running LinearQuantifierElim ...
*** Timeout
LinearQuantifierElim FAILED
(see also /home/quiqui/.isabelle/Isabelle2021/heaps/polyml-5.8.2_x86_64_32-linux/log/LinearQuantifierElim)
Unfinished session(s): LinearQuantifierElim
0:10:04 elapsed time

===============
Linear_Recurrences
*** HOL-Word import

===============
List-Infinite
Running List-Infinite ...
List-Infinite FAILED
(see also /home/quiqui/.isabelle/Isabelle2021/heaps/polyml-5.8.2_x86_64_32-linux/log/List-Infinite)
*** Undefined fact: "nat_add_left_cancel" (line 265 of "~/Desktop/2024_sem1/AutomaticProofRepair/AFPs/afp-2020/thys/List-Infinite/ListInf/List2.thy")
*** At command "apply" (line 265 of "~/Desktop/2024_sem1/AutomaticProofRepair/AFPs/afp-2020/thys/List-Infinite/ListInf/List2.thy")
*** Undefined fact: "card_infinite" (line 1030 of "~/Desktop/2024_sem1/AutomaticProofRepair/AFPs/afp-2020/thys/List-Infinite/CommonSet/SetInterval2.thy")
*** At command "by" (line 1030 of "~/Desktop/2024_sem1/AutomaticProofRepair/AFPs/afp-2020/thys/List-Infinite/CommonSet/SetInterval2.thy")
*** Undefined fact: "Divides.nat_mod_distrib" (line 1147 of "~/Desktop/2024_sem1/AutomaticProofRepair/AFPs/afp-2020/thys/List-Infinite/CommonArith/Util_Div.thy")
*** At command "thm" (line 1146 of "~/Desktop/2024_sem1/AutomaticProofRepair/AFPs/afp-2020/thys/List-Infinite/CommonArith/Util_Div.thy")
*** Undefined fact: "Nat.nat_add_right_cancel" (line 307 of "~/Desktop/2024_sem1/AutomaticProofRepair/AFPs/afp-2020/thys/List-Infinite/CommonArith/Util_Nat.thy")
*** At command "thm" (line 306 of "~/Desktop/2024_sem1/AutomaticProofRepair/AFPs/afp-2020/thys/List-Infinite/CommonArith/Util_Nat.thy")
*** Undefined fact: "Nat.le_add_diff" (line 236 of "~/Desktop/2024_sem1/AutomaticProofRepair/AFPs/afp-2020/thys/List-Infinite/CommonArith/Util_Nat.thy")
*** At command "thm" (line 235 of "~/Desktop/2024_sem1/AutomaticProofRepair/AFPs/afp-2020/thys/List-Infinite/CommonArith/Util_Nat.thy")
*** Undefined fact: "Nat.nat_add_right_cancel" (line 283 of "~/Desktop/2024_sem1/AutomaticProofRepair/AFPs/afp-2020/thys/List-Infinite/CommonArith/Util_Nat.thy")
*** At command "thm" (line 280 of "~/Desktop/2024_sem1/AutomaticProofRepair/AFPs/afp-2020/thys/List-Infinite/CommonArith/Util_Nat.thy")
Unfinished session(s): List-Infinite
0:00:10 elapsed time, 0:00:31 cpu time, factor 2.85

===============
List_Interleaving
Running List_Interleaving ...
List_Interleaving FAILED
(see also /home/quiqui/.isabelle/Isabelle2021/heaps/polyml-5.8.2_x86_64_32-linux/log/List_Interleaving)
*** Failed to apply initial proof method (line 1078 of "~/Desktop/2024_sem1/AutomaticProofRepair/AFPs/afp-2020/thys/List_Interleaving/ListInterleaving.thy"):
*** using this:
***   x # xs @ ws ≅ {ys @ ws, zs, P}
*** goal (1 subgoal):
***  1. x # xs ≅ {ys, zs, λv vs. P v (vs @ ws)}
*** At command "proof" (line 1078 of "~/Desktop/2024_sem1/AutomaticProofRepair/AFPs/afp-2020/thys/List_Interleaving/ListInterleaving.thy")
*** Failed to refine any pending goal
*** At command "qed" (line 968 of "~/Desktop/2024_sem1/AutomaticProofRepair/AFPs/afp-2020/thys/List_Interleaving/ListInterleaving.thy")
*** Failed to apply initial proof method (line 886 of "~/Desktop/2024_sem1/AutomaticProofRepair/AFPs/afp-2020/thys/List_Interleaving/ListInterleaving.thy"):
*** using this:
***   w # xs @ [x] ≅ {ys @ [x], zs, P}
*** goal (1 subgoal):
***  1. w # xs ≅ {ys, zs, λw ws. P w (ws @ [x])}
*** At command "proof" (line 886 of "~/Desktop/2024_sem1/AutomaticProofRepair/AFPs/afp-2020/thys/List_Interleaving/ListInterleaving.thy")
*** Failed to apply initial proof method (line 861 of "~/Desktop/2024_sem1/AutomaticProofRepair/AFPs/afp-2020/thys/List_Interleaving/ListInterleaving.thy"):
*** using this:
***   w # xs @ [x] ≅ {[], zs, P}
*** goal (1 subgoal):
***  1. False
*** At command "proof" (line 861 of "~/Desktop/2024_sem1/AutomaticProofRepair/AFPs/afp-2020/thys/List_Interleaving/ListInterleaving.thy")
Unfinished session(s): List_Interleaving
0:00:04 elapsed time, 0:00:04 cpu time, factor 0.95

===============
List_Update
Running List_Update ...
*** Timeout
List_Update FAILED
(see also /home/quiqui/.isabelle/Isabelle2021/heaps/polyml-5.8.2_x86_64_32-linux/log/List_Update)
*** Failed to finish proof (line 1873 of "~/Desktop/2024_sem1/AutomaticProofRepair/AFPs/afp-2020/thys/List_Update/BIT.thy"):
*** goal (1 subgoal):
***  1. (⋀xs. pmf (bv (length xs)) xs = (1 / 2) ^ length xs) ⟹
***     (∑x∈{l. length l = length init}.
***        (if x ! index init q then real (k - k')
***         else ∑j<k'. if x ! index init (xs' ! j) then 2 else 1) *
***        pmf (bv (length init)) x) =
***     (∑x∈{l. length l = length init}.
***        (if x ! index init q then real (k - k')
***         else ∑j<k'. if x ! index init (xs' ! j) then 2 else 1) *
***        (1 / 2) ^ length init)
*** At command "by" (line 1873 of "~/Desktop/2024_sem1/AutomaticProofRepair/AFPs/afp-2020/thys/List_Update/BIT.thy")
Unfinished session(s): List_Update
0:10:05 elapsed time, 0:13:00 cpu time, factor 1.29

===============
LLL_Basis_Reduction
*** HOL-Word import

===============
LocalLexing
Running LocalLexing ...
Finished LocalLexing (0:00:21 elapsed time, 0:01:45 cpu time, factor 4.80)
0:00:24 elapsed time, 0:01:45 cpu time, factor 4.22

===============
Locally-Nameless-Sigma
Running Locally-Nameless-Sigma ...
Locally-Nameless-Sigma FAILED
(see also /home/quiqui/.isabelle/Isabelle2021/heaps/polyml-5.8.2_x86_64_32-linux/log/Locally-Nameless-Sigma)
*** Undefined fact: "card_insert" (line 2424 of "~/Desktop/2024_sem1/AutomaticProofRepair/AFPs/afp-2020/thys/Locally-Nameless-Sigma/Sigma/Sigma.thy")
*** At command "from" (line 2424 of "~/Desktop/2024_sem1/AutomaticProofRepair/AFPs/afp-2020/thys/Locally-Nameless-Sigma/Sigma/Sigma.thy")
Unfinished session(s): Locally-Nameless-Sigma
0:00:16 elapsed time, 0:00:53 cpu time, factor 3.32

===============
LOFT
*** HOL-Word import

===============
Lower_Semicontinuous
Running Lower_Semicontinuous ...
*** Timeout
Lower_Semicontinuous FAILED
(see also /home/quiqui/.isabelle/Isabelle2021/heaps/polyml-5.8.2_x86_64_32-linux/log/Lower_Semicontinuous)
*** Failed to finish proof (line 461 of "~/Desktop/2024_sem1/AutomaticProofRepair/AFPs/afp-2020/thys/Lower_Semicontinuous/Lower_Semicontinuous.thy"):
*** goal (1 subgoal):
***  1. ⟦⋀f. limsup f = liminf f ⟹ f ⇢ liminf f; limsup (f ∘ x) = f x0;
***      liminf (f ∘ x) = f x0⟧
***     ⟹ (f ∘ x) ⇢ f x0
*** At command "by" (line 461 of "~/Desktop/2024_sem1/AutomaticProofRepair/AFPs/afp-2020/thys/Lower_Semicontinuous/Lower_Semicontinuous.thy")
Unfinished session(s): Lower_Semicontinuous
0:10:04 elapsed time, 0:11:14 cpu time, factor 1.12

===============
Lp
Running Lp ...
Lp FAILED
(see also /home/quiqui/.isabelle/Isabelle2021/heaps/polyml-5.8.2_x86_64_32-linux/log/Lp)
*** Failed to apply proof method (line 1617 of "~/Desktop/2024_sem1/AutomaticProofRepair/AFPs/afp-2020/thys/Lp/Lp.thy"):
*** goal (3 subgoals):
***  1. ⋀n. ¦u (n + N) x¦ ≤ (1 / 2) ^ (n + N)
***  2. summable (λn. ¦u (n + N) x¦)
***  3. summable (λn. (1 / 2) ^ (n + N))
*** At command "apply" (line 1617 of "~/Desktop/2024_sem1/AutomaticProofRepair/AFPs/afp-2020/thys/Lp/Lp.thy")
*** exception THM 0 raised (line 309 of "drule.ML"):
***   OF: no unifiers
***   convex_on ?C ?f =
***   (∀x∈?C.
***       ∀y∈?C.
***          ∀μ. 0 ≤ μ ∧ μ ≤ 1 ⟶
***              ?f (μ *⇩R x + (1 - μ) *⇩R y) ≤ μ * ?f x + (1 - μ) * ?f y)
***   convex C
*** At command "unfolding" (line 340 of "~/Desktop/2024_sem1/AutomaticProofRepair/AFPs/afp-2020/thys/Ergodic_Theory/SG_Library_Complement.thy")
Unfinished session(s): Lp
0:00:13 elapsed time, 0:00:47 cpu time, factor 3.45

===============
LTL
Running LTL ...
Finished LTL (0:00:21 elapsed time, 0:01:28 cpu time, factor 4.22)
0:00:23 elapsed time, 0:01:28 cpu time, factor 3.71

===============
LTL_Master_Theorem
*** HOL-Word import

===============
Markov_Models
Running Markov_Models ...
Markov_Models FAILED
(see also /home/quiqui/.isabelle/Isabelle2021/heaps/polyml-5.8.2_x86_64_32-linux/log/Markov_Models)
*** Failed to refine any pending goal
*** At command "by" (line 1021 of "~/Desktop/2024_sem1/AutomaticProofRepair/AFPs/afp-2020/thys/Markov_Models/Classifying_Markov_Chain_States.thy")
*** Failed to refine any pending goal
*** At command "by" (line 971 of "~/Desktop/2024_sem1/AutomaticProofRepair/AFPs/afp-2020/thys/Markov_Models/Classifying_Markov_Chain_States.thy")
Unfinished session(s): Markov_Models
0:00:32 elapsed time, 0:02:49 cpu time, factor 5.19

===============
Matrices_for_ODEs
*** HOL-Word import

===============
Matroids
Running Matroids ...
Matroids FAILED
(see also /home/quiqui/.isabelle/Isabelle2021/heaps/polyml-5.8.2_x86_64_32-linux/log/Matroids)
*** Undefined fact: "card_insert" (line 1173 of "~/Desktop/2024_sem1/AutomaticProofRepair/AFPs/afp-2020/thys/Matroids/Matroid.thy")
*** At command "by" (line 1173 of "~/Desktop/2024_sem1/AutomaticProofRepair/AFPs/afp-2020/thys/Matroids/Matroid.thy")
*** Undefined fact: "card_insert" (line 510 of "~/Desktop/2024_sem1/AutomaticProofRepair/AFPs/afp-2020/thys/Matroids/Matroid.thy")
*** At command "using" (line 510 of "~/Desktop/2024_sem1/AutomaticProofRepair/AFPs/afp-2020/thys/Matroids/Matroid.thy")
*** Undefined fact: "card_insert" (line 132 of "~/Desktop/2024_sem1/AutomaticProofRepair/AFPs/afp-2020/thys/Matroids/Matroid.thy")
*** At command "using" (line 132 of "~/Desktop/2024_sem1/AutomaticProofRepair/AFPs/afp-2020/thys/Matroids/Matroid.thy")
*** Undefined fact: "card_empty" (line 19 of "~/Desktop/2024_sem1/AutomaticProofRepair/AFPs/afp-2020/thys/Matroids/Matroid.thy")
*** At command "using" (line 19 of "~/Desktop/2024_sem1/AutomaticProofRepair/AFPs/afp-2020/thys/Matroids/Matroid.thy")
Unfinished session(s): Matroids
0:00:04 elapsed time, 0:00:07 cpu time, factor 1.49

===============
Menger
Running Menger ...
Menger FAILED
(see also /home/quiqui/.isabelle/Isabelle2021/heaps/polyml-5.8.2_x86_64_32-linux/log/Menger)
*** Undefined fact: "card_empty" (line 86 of "~/Desktop/2024_sem1/AutomaticProofRepair/AFPs/afp-2020/thys/Menger/Menger.thy")
*** At command "using" (line 86 of "~/Desktop/2024_sem1/AutomaticProofRepair/AFPs/afp-2020/thys/Menger/Menger.thy")
*** Undefined fact: "card_infinite" (line 132 of "~/Desktop/2024_sem1/AutomaticProofRepair/AFPs/afp-2020/thys/Menger/MengerInduction.thy")
*** At command "by" (line 132 of "~/Desktop/2024_sem1/AutomaticProofRepair/AFPs/afp-2020/thys/Menger/MengerInduction.thy")
Unfinished session(s): Menger
0:00:06 elapsed time, 0:00:12 cpu time, factor 2.11

===============
MFMC_Countable
*** HOL-Word import

===============
MFODL_Monitor_Optimized
*** HOL-Word import

===============
MFOTL_Monitor
*** HOL-Word import

===============
MiniML
Running MiniML ...
MiniML FAILED
(see also /home/quiqui/.isabelle/Isabelle2021/heaps/polyml-5.8.2_x86_64_32-linux/log/MiniML)
*** Failed to apply proof method (line 387 of "~/Desktop/2024_sem1/AutomaticProofRepair/AFPs/afp-2020/thys/MiniML/W.thy"):
*** goal (3 subgoals):
***  1. ⋀x1a x2a A t m n S1 t1 m1 S2.
***        ⟦∀A S t m n.
***            new_tv n A ⟶ Some (S, t, m) = W x1a A n ⟶ $ S A |- x1a :: t;
***         ∀A S t m n.
***            new_tv n A ⟶ Some (S, t, m) = W x2a A n ⟶ $ S A |- x2a :: t;
***         W x2a (gen ($ S1 A) t1 # $ S1 A) m1 = Some (S2, t, m);
***         W x1a A n = Some (S1, t1, m1); new_tv n A⟧
***        ⟹ free_tv S2 ∩ (free_tv t1 - free_tv ($ S1 A)) = {}
***  2. ⋀x1a x2a A t m n S1 t1 m1 S2.
***        ⟦W x2a (gen ($ S1 A) t1 # $ S1 A) m1 = Some (S2, t, m);
***         W x1a A n = Some (S1, t1, m1); new_tv n A; new_tv m1 S1;
***         new_tv m1 ($ S1 A)⟧
***        ⟹ new_tv m1 ($ S1 A)
***  3. ⋀x1a x2a A t m n S1 t1 m1 S2.
***        ⟦W x2a (gen ($ S1 A) t1 # $ S1 A) m1 = Some (S2, t, m);
***         W x1a A n = Some (S1, t1, m1); new_tv n A; new_tv m1 S1;
***         new_tv m1 ($ S1 A);
***         Some (S2, t, m) = W x2a (gen ($ S1 A) t1 # $ S1 A) m1 ⟶
***         $ S2 (gen ($ S1 A) t1 # $ S1 A) |- x2a :: t⟧
***        ⟹ $ S2 (gen ($ S1 A) t1 # $ S1 A) |- x2a :: t
*** At command "apply" (line 387 of "~/Desktop/2024_sem1/AutomaticProofRepair/AFPs/afp-2020/thys/MiniML/W.thy")
Unfinished session(s): MiniML
0:00:07 elapsed time, 0:00:11 cpu time, factor 1.54

===============
Minkowskis_Theorem
Running Minkowskis_Theorem ...
Finished Minkowskis_Theorem (0:00:02 elapsed time, 0:00:03 cpu time)
0:00:06 elapsed time, 0:00:03 cpu time, factor 0.62

===============
Monad_Memo_DP
*** HOL-Word import

===============
MonoidalCategory
0:00:02 elapsed time

===============
MSO_Regex_Equivalence
*** HOL-Word import

===============
Nash_Williams
Running Nash_Williams ...
Finished Nash_Williams (0:00:06 elapsed time, 0:00:32 cpu time, factor 4.75)
0:00:10 elapsed time, 0:00:32 cpu time, factor 3.20

===============
Nat-Interval-Logic
Building List-Infinite ...
List-Infinite FAILED
(see also /home/quiqui/.isabelle/Isabelle2021/heaps/polyml-5.8.2_x86_64_32-linux/log/List-Infinite)
*** Undefined fact: "nat_add_left_cancel" (line 265 of "~/Desktop/2024_sem1/AutomaticProofRepair/AFPs/afp-2020/thys/List-Infinite/ListInf/List2.thy")
*** At command "apply" (line 265 of "~/Desktop/2024_sem1/AutomaticProofRepair/AFPs/afp-2020/thys/List-Infinite/ListInf/List2.thy")
*** Undefined fact: "card_infinite" (line 1030 of "~/Desktop/2024_sem1/AutomaticProofRepair/AFPs/afp-2020/thys/List-Infinite/CommonSet/SetInterval2.thy")
*** At command "by" (line 1030 of "~/Desktop/2024_sem1/AutomaticProofRepair/AFPs/afp-2020/thys/List-Infinite/CommonSet/SetInterval2.thy")
*** Undefined fact: "Divides.nat_mod_distrib" (line 1147 of "~/Desktop/2024_sem1/AutomaticProofRepair/AFPs/afp-2020/thys/List-Infinite/CommonArith/Util_Div.thy")
*** At command "thm" (line 1146 of "~/Desktop/2024_sem1/AutomaticProofRepair/AFPs/afp-2020/thys/List-Infinite/CommonArith/Util_Div.thy")
*** Undefined fact: "Nat.nat_add_right_cancel" (line 283 of "~/Desktop/2024_sem1/AutomaticProofRepair/AFPs/afp-2020/thys/List-Infinite/CommonArith/Util_Nat.thy")
*** At command "thm" (line 280 of "~/Desktop/2024_sem1/AutomaticProofRepair/AFPs/afp-2020/thys/List-Infinite/CommonArith/Util_Nat.thy")
*** Undefined fact: "Nat.nat_add_right_cancel" (line 307 of "~/Desktop/2024_sem1/AutomaticProofRepair/AFPs/afp-2020/thys/List-Infinite/CommonArith/Util_Nat.thy")
*** At command "thm" (line 306 of "~/Desktop/2024_sem1/AutomaticProofRepair/AFPs/afp-2020/thys/List-Infinite/CommonArith/Util_Nat.thy")
*** Undefined fact: "Nat.le_add_diff" (line 236 of "~/Desktop/2024_sem1/AutomaticProofRepair/AFPs/afp-2020/thys/List-Infinite/CommonArith/Util_Nat.thy")
*** At command "thm" (line 235 of "~/Desktop/2024_sem1/AutomaticProofRepair/AFPs/afp-2020/thys/List-Infinite/CommonArith/Util_Nat.thy")
Nat-Interval-Logic CANCELLED
Unfinished session(s): List-Infinite, Nat-Interval-Logic
0:00:10 elapsed time, 0:00:32 cpu time, factor 3.15

===============
Native_Word
*** HOL-Word import

===============
Nested_Multisets_Ordinals
Building Ordinal ...
Finished Ordinal (0:00:06 elapsed time, 0:00:13 cpu time, factor 2.16)
Running Nested_Multisets_Ordinals ...
Nested_Multisets_Ordinals FAILED
(see also /home/quiqui/.isabelle/Isabelle2021/heaps/polyml-5.8.2_x86_64_32-linux/log/Nested_Multisets_Ordinals)
*** Failed to load theory "Nested_Multisets_Ordinals.Signed_Multiset" (unresolved "Nested_Multisets_Ordinals.Multiset_More")
*** Failed to load theory "Nested_Multisets_Ordinals.Hereditary_Multiset" (unresolved "Nested_Multisets_Ordinals.Multiset_More")
*** Failed to load theory "Nested_Multisets_Ordinals.Signed_Hereditary_Multiset" (unresolved "Nested_Multisets_Ordinals.Hereditary_Multiset", "Nested_Multisets_Ordinals.Signed_Multiset")
*** Failed to load theory "Nested_Multisets_Ordinals.Unary_PCF" (unresolved "Nested_Multisets_Ordinals.Hereditary_Multiset")
*** Failed to load theory "Nested_Multisets_Ordinals.Syntactic_Ordinal" (unresolved "Nested_Multisets_Ordinals.Hereditary_Multiset")
*** Failed to load theory "Nested_Multisets_Ordinals.Goodstein_Sequence" (unresolved "Nested_Multisets_Ordinals.Multiset_More", "Nested_Multisets_Ordinals.Syntactic_Ordinal")
*** Failed to load theory "Nested_Multisets_Ordinals.Hydra_Battle" (unresolved "Nested_Multisets_Ordinals.Syntactic_Ordinal")
*** Failed to load theory "Nested_Multisets_Ordinals.Signed_Syntactic_Ordinal" (unresolved "Nested_Multisets_Ordinals.Signed_Hereditary_Multiset", "Nested_Multisets_Ordinals.Syntactic_Ordinal")
*** Failed to load theory "Nested_Multisets_Ordinals.Syntactic_Ordinal_Bridge" (unresolved "Nested_Multisets_Ordinals.Syntactic_Ordinal")
*** Type unification failed: Clash of types "_ multiset" and "_ list"
*** 
*** Type error in application: incompatible operand type
*** 
*** Operator:  (#) ⋃ ::
***   (??'a set set ⇒ ??'a set) list ⇒ (??'a set set ⇒ ??'a set) list
*** Operand:   {#image_mset (Pair a) (B a). a ∈# A#} ::
***   ('a × 'b) multiset multiset
*** 
*** At command "definition" (line 527 of "~/Desktop/2024_sem1/AutomaticProofRepair/AFPs/afp-2020/thys/Nested_Multisets_Ordinals/Multiset_More.thy")
Unfinished session(s): Nested_Multisets_Ordinals
0:00:20 elapsed time, 0:01:16 cpu time, factor 3.79

===============
Network_Security_Policy_Verification
*** HOL-Word import

===============
Neumann_Morgenstern_Utility
Running Neumann_Morgenstern_Utility ...
*** Timeout
Neumann_Morgenstern_Utility FAILED
(see also /home/quiqui/.isabelle/Isabelle2021/heaps/polyml-5.8.2_x86_64_32-linux/log/Neumann_Morgenstern_Utility)
*** Undefined fact: "real_mult_less_iff1" (line 93 of "~/Desktop/2024_sem1/AutomaticProofRepair/AFPs/afp-2020/thys/First_Welfare_Theorem/Utility_Functions.thy")
*** At command "by" (line 93 of "~/Desktop/2024_sem1/AutomaticProofRepair/AFPs/afp-2020/thys/First_Welfare_Theorem/Utility_Functions.thy")
*** Undefined fact: "card_empty" (line 63 of "~/Desktop/2024_sem1/AutomaticProofRepair/AFPs/afp-2020/thys/Neumann_Morgenstern_Utility/Lotteries.thy")
*** At command "by" (line 63 of "~/Desktop/2024_sem1/AutomaticProofRepair/AFPs/afp-2020/thys/Neumann_Morgenstern_Utility/Lotteries.thy")
*** Undefined fact: "card_infinite" (line 44 of "~/Desktop/2024_sem1/AutomaticProofRepair/AFPs/afp-2020/thys/Neumann_Morgenstern_Utility/Lotteries.thy")
*** At command "using" (line 44 of "~/Desktop/2024_sem1/AutomaticProofRepair/AFPs/afp-2020/thys/Neumann_Morgenstern_Utility/Lotteries.thy")
*** Undefined fact: "card_infinite" (line 83 of "~/Desktop/2024_sem1/AutomaticProofRepair/AFPs/afp-2020/thys/Neumann_Morgenstern_Utility/Lotteries.thy")
*** At command "by" (line 83 of "~/Desktop/2024_sem1/AutomaticProofRepair/AFPs/afp-2020/thys/Neumann_Morgenstern_Utility/Lotteries.thy")
*** Undefined fact: "card_infinite" (line 35 of "~/Desktop/2024_sem1/AutomaticProofRepair/AFPs/afp-2020/thys/Neumann_Morgenstern_Utility/Lotteries.thy")
*** At command "by" (line 35 of "~/Desktop/2024_sem1/AutomaticProofRepair/AFPs/afp-2020/thys/Neumann_Morgenstern_Utility/Lotteries.thy")
Unfinished session(s): Neumann_Morgenstern_Utility
0:10:04 elapsed time, 0:10:25 cpu time, factor 1.04

===============
Nominal2
Running Nominal2 ...
Nominal2 FAILED
(see also /home/quiqui/.isabelle/Isabelle2021/heaps/polyml-5.8.2_x86_64_32-linux/log/Nominal2)
*** ML error (line 118 of "~/Desktop/2024_sem1/AutomaticProofRepair/AFPs/afp-2020/thys/Nominal2/nominal_dt_rawfuns.ML"):
*** Value or constructor (subtarget) has not been declared in structure Local_Theory
*** ML error (line 255 of "~/Desktop/2024_sem1/AutomaticProofRepair/AFPs/afp-2020/thys/Nominal2/nominal_dt_rawfuns.ML"):
*** Value or constructor (subtarget) has not been declared in structure Local_Theory
*** ML error (line 328 of "~/Desktop/2024_sem1/AutomaticProofRepair/AFPs/afp-2020/thys/Nominal2/nominal_dt_rawfuns.ML"):
*** Value or constructor (subtarget) has not been declared in structure Local_Theory
*** At command "ML_file" (line 13 of "~/Desktop/2024_sem1/AutomaticProofRepair/AFPs/afp-2020/thys/Nominal2/Nominal2.thy")
Unfinished session(s): Nominal2
0:00:14 elapsed time, 0:00:54 cpu time, factor 3.74

===============
Noninterference_Concurrent_Composition
Building Noninterference_Sequential_Composition ...
Noninterference_Sequential_Composition FAILED
(see also /home/quiqui/.isabelle/Isabelle2021/heaps/polyml-5.8.2_x86_64_32-linux/log/Noninterference_Sequential_Composition)
*** Failed to apply initial proof method (line 1078 of "~/Desktop/2024_sem1/AutomaticProofRepair/AFPs/afp-2020/thys/List_Interleaving/ListInterleaving.thy"):
*** using this:
***   x # xs @ ws ≅ {ys @ ws, zs, P}
*** goal (1 subgoal):
***  1. x # xs ≅ {ys, zs, λv vs. P v (vs @ ws)}
*** At command "proof" (line 1078 of "~/Desktop/2024_sem1/AutomaticProofRepair/AFPs/afp-2020/thys/List_Interleaving/ListInterleaving.thy")
*** Failed to refine any pending goal
*** At command "qed" (line 968 of "~/Desktop/2024_sem1/AutomaticProofRepair/AFPs/afp-2020/thys/List_Interleaving/ListInterleaving.thy")
*** Failed to apply initial proof method (line 886 of "~/Desktop/2024_sem1/AutomaticProofRepair/AFPs/afp-2020/thys/List_Interleaving/ListInterleaving.thy"):
*** using this:
***   w # xs @ [x] ≅ {ys @ [x], zs, P}
*** goal (1 subgoal):
***  1. w # xs ≅ {ys, zs, λw ws. P w (ws @ [x])}
*** At command "proof" (line 886 of "~/Desktop/2024_sem1/AutomaticProofRepair/AFPs/afp-2020/thys/List_Interleaving/ListInterleaving.thy")
*** Failed to apply initial proof method (line 861 of "~/Desktop/2024_sem1/AutomaticProofRepair/AFPs/afp-2020/thys/List_Interleaving/ListInterleaving.thy"):
*** using this:
***   w # xs @ [x] ≅ {[], zs, P}
*** goal (1 subgoal):
***  1. False
*** At command "proof" (line 861 of "~/Desktop/2024_sem1/AutomaticProofRepair/AFPs/afp-2020/thys/List_Interleaving/ListInterleaving.thy")
Noninterference_Concurrent_Composition CANCELLED
Unfinished session(s): Noninterference_Concurrent_Composition, Noninterference_Sequential_Composition
0:00:09 elapsed time, 0:00:29 cpu time, factor 2.95

===============
NormByEval
Running NormByEval ...
NormByEval FAILED
(see also /home/quiqui/.isabelle/Isabelle2021/heaps/polyml-5.8.2_x86_64_32-linux/log/NormByEval)
*** Failed to apply proof method (line 1996 of "~/Desktop/2024_sem1/AutomaticProofRepair/AFPs/afp-2020/thys/NormByEval/NBE.thy"):
*** goal (3 subgoals):
***  1. ⋀v v' tsa nm.
***        ⟦v ⇒ v'; C_normal⇩M⇩L v⟧
***        ⟹ C_normal⇩M⇩L v' ∧
***           (dterm⇩M⇩L v = C nm ∙∙ tsa ⟶
***            dterm⇩M⇩L v' = C nm ∙∙ map dterm (C⇩U_args (term v')) ∧
***            length (C⇩U_args (term v)) = length (C⇩U_args (term v')) ∧
***            (∀i<length (C⇩U_args (term v)).
***                C⇩U_args (term v) ! i ⇒* C⇩U_args (term v') ! i))
***  2. ⋀i t' ts.
***        ⟦i < length ts; ts ! i ⇒ t';
***         ⋀tsa nm.
***            C_normal t' ∧
***            (dterm (ts ! i) = C nm ∙∙ tsa ⟶
***             dterm t' = C nm ∙∙ map dterm (C⇩U_args t') ∧
***             length (C⇩U_args (ts ! i)) = length (C⇩U_args t') ∧
***             (∀ia<length (C⇩U_args (ts ! i)).
***                 C⇩U_args (ts ! i) ! ia ⇒* C⇩U_args t' ! ia));
***         Ball (set ts) C_normal⟧
***        ⟹ Ball (set (ts[i := t'])) C_normal
***  3. ⋀nm i t' ts tsa nma.
***        ⟦i < length ts; ts ! i ⇒ t';
***         ⋀tsa nm.
***            C_normal t' ∧
***            (dterm (ts ! i) = C nm ∙∙ tsa ⟶
***             dterm t' = C nm ∙∙ map dterm (C⇩U_args t') ∧
***             length (C⇩U_args (ts ! i)) = length (C⇩U_args t') ∧
***             (∀ia<length (C⇩U_args (ts ! i)).
***                 C⇩U_args (ts ! i) ! ia ⇒* C⇩U_args t' ! ia));
***         (∀t∈set ts. C_normal t) ∧ no_match_R nm (map dterm ts)⟧
***        ⟹ Ball (set (ts[i := t'])) C_normal ∧
***           no_match_R nm (map dterm (ts[i := t'])) ∧
***           (nm = nma ∧ map dterm ts = tsa ⟶
***            (∀ia<length ts. ts ! ia ⇒* ts[i := t'] ! ia))
*** At command "apply" (line 1996 of "~/Desktop/2024_sem1/AutomaticProofRepair/AFPs/afp-2020/thys/NormByEval/NBE.thy")
Unfinished session(s): NormByEval
0:00:11 elapsed time, 0:00:33 cpu time, factor 2.98

===============
Optics
Building HOL-Eisbach ...
Finished HOL-Eisbach (0:00:07 elapsed time, 0:00:20 cpu time, factor 2.80)
Running Optics ...
Finished Optics (0:00:07 elapsed time, 0:00:23 cpu time, factor 3.28)
0:00:19 elapsed time, 0:00:43 cpu time, factor 2.30

===============
Optimal_BST
*** HOL-Word import

===============
Orbit_Stabiliser
Building HOL-Algebra ...
Finished HOL-Algebra (0:01:34 elapsed time, 0:07:31 cpu time, factor 4.79)
Running Orbit_Stabiliser ...
Orbit_Stabiliser FAILED
(see also /home/quiqui/.isabelle/Isabelle2021/heaps/polyml-5.8.2_x86_64_32-linux/log/Orbit_Stabiliser)
*** Undefined fact: "card_empty" (line 865 of "~/Desktop/2024_sem1/AutomaticProofRepair/AFPs/afp-2020/thys/Orbit_Stabiliser/Tetrahedron.thy")
*** At command "from" (line 865 of "~/Desktop/2024_sem1/AutomaticProofRepair/AFPs/afp-2020/thys/Orbit_Stabiliser/Tetrahedron.thy")
*** Undefined fact: "card_empty" (line 739 of "~/Desktop/2024_sem1/AutomaticProofRepair/AFPs/afp-2020/thys/Orbit_Stabiliser/Tetrahedron.thy")
*** At command "from" (line 739 of "~/Desktop/2024_sem1/AutomaticProofRepair/AFPs/afp-2020/thys/Orbit_Stabiliser/Tetrahedron.thy")
Unfinished session(s): Orbit_Stabiliser
0:01:45 elapsed time, 0:07:44 cpu time, factor 4.40

===============
Ordered_Resolution_Prover
Running Ordered_Resolution_Prover ...
Ordered_Resolution_Prover FAILED
(see also /home/quiqui/.isabelle/Isabelle2021/heaps/polyml-5.8.2_x86_64_32-linux/log/Ordered_Resolution_Prover)
*** Failed to load theory "Ordered_Resolution_Prover.Clausal_Logic" (unresolved "Nested_Multisets_Ordinals.Multiset_More")
*** Failed to load theory "Ordered_Resolution_Prover.Herbrand_Interpretation" (unresolved "Ordered_Resolution_Prover.Clausal_Logic")
*** Failed to load theory "Ordered_Resolution_Prover.Abstract_Substitution" (unresolved "Ordered_Resolution_Prover.Clausal_Logic")
*** Failed to load theory "Ordered_Resolution_Prover.Ground_Resolution_Model" (unresolved "Ordered_Resolution_Prover.Herbrand_Interpretation")
*** Failed to load theory "Ordered_Resolution_Prover.Inference_System" (unresolved "Ordered_Resolution_Prover.Herbrand_Interpretation")
*** Failed to load theory "Ordered_Resolution_Prover.Ordered_Ground_Resolution" (unresolved "Ordered_Resolution_Prover.Ground_Resolution_Model", "Ordered_Resolution_Prover.Inference_System")
*** Failed to load theory "Ordered_Resolution_Prover.Unordered_Ground_Resolution" (unresolved "Ordered_Resolution_Prover.Ground_Resolution_Model", "Ordered_Resolution_Prover.Inference_System")
*** Failed to load theory "Ordered_Resolution_Prover.Proving_Process" (unresolved "Ordered_Resolution_Prover.Unordered_Ground_Resolution")
*** Failed to load theory "Ordered_Resolution_Prover.Standard_Redundancy" (unresolved "Ordered_Resolution_Prover.Proving_Process")
*** Failed to load theory "Ordered_Resolution_Prover.FO_Ordered_Resolution" (unresolved "Ordered_Resolution_Prover.Abstract_Substitution", "Ordered_Resolution_Prover.Ordered_Ground_Resolution", "Ordered_Resolution_Prover.Standard_Redundancy")
*** Failed to load theory "Ordered_Resolution_Prover.FO_Ordered_Resolution_Prover" (unresolved "Ordered_Resolution_Prover.FO_Ordered_Resolution")
*** Type unification failed: Clash of types "_ multiset" and "_ list"
*** 
*** Type error in application: incompatible operand type
*** 
*** Operator:  (#) ⋃ ::
***   (??'a set set ⇒ ??'a set) list ⇒ (??'a set set ⇒ ??'a set) list
*** Operand:   {#image_mset (Pair a) (B a). a ∈# A#} ::
***   ('a × 'b) multiset multiset
*** 
*** At command "definition" (line 527 of "~/Desktop/2024_sem1/AutomaticProofRepair/AFPs/afp-2020/thys/Nested_Multisets_Ordinals/Multiset_More.thy")
Unfinished session(s): Ordered_Resolution_Prover
0:00:15 elapsed time, 0:00:43 cpu time, factor 2.84

===============
Ordinal_Partitions
Running Ordinal_Partitions ...
Ordinal_Partitions FAILED
(see also /home/quiqui/.isabelle/Isabelle2021/heaps/polyml-5.8.2_x86_64_32-linux/log/Ordinal_Partitions)
*** Undefined fact: "card_empty" (line 3226 of "~/Desktop/2024_sem1/AutomaticProofRepair/AFPs/afp-2020/thys/Ordinal_Partitions/Omega_Omega.thy")
*** At command "apply" (line 3226 of "~/Desktop/2024_sem1/AutomaticProofRepair/AFPs/afp-2020/thys/Ordinal_Partitions/Omega_Omega.thy")
*** Undefined fact: "card_infinite" (line 4573 of "~/Desktop/2024_sem1/AutomaticProofRepair/AFPs/afp-2020/thys/Ordinal_Partitions/Omega_Omega.thy")
*** At command "by" (line 4573 of "~/Desktop/2024_sem1/AutomaticProofRepair/AFPs/afp-2020/thys/Ordinal_Partitions/Omega_Omega.thy")
*** Undefined fact: "card_empty" (line 64 of "~/Desktop/2024_sem1/AutomaticProofRepair/AFPs/afp-2020/thys/Ordinal_Partitions/Library_Additions.thy")
*** At command "by" (line 64 of "~/Desktop/2024_sem1/AutomaticProofRepair/AFPs/afp-2020/thys/Ordinal_Partitions/Library_Additions.thy")
Unfinished session(s): Ordinal_Partitions
0:00:38 elapsed time, 0:03:50 cpu time, factor 5.94

===============
Ordinary_Differential_Equations
*** HOL-Word import

===============
PAC_Checker
*** HOL-Word import

===============
Pairing_Heap
Running Pairing_Heap ...
Pairing_Heap FAILED
(see also /home/quiqui/.isabelle/Isabelle2021/heaps/polyml-5.8.2_x86_64_32-linux/log/Pairing_Heap)
*** Variable "Union_mset" occurs on right hand side only:
*** ⋀x hs Union_mset.
***    mset_heap (Hp x hs) = {#x#} + Union_mset (mset (map mset_heap hs))
*** At command "fun" (line 72 of "~/Desktop/2024_sem1/AutomaticProofRepair/AFPs/afp-2020/thys/Pairing_Heap/Pairing_Heap_List1.thy")
*** Variable "Union_mset" occurs on right hand side only:
*** ⋀x hs Union_mset.
***    mset_hp (Hp x hs) = {#x#} + Union_mset (mset (map mset_hp hs))
*** At command "fun" (line 106 of "~/Desktop/2024_sem1/AutomaticProofRepair/AFPs/afp-2020/thys/Pairing_Heap/Pairing_Heap_List2.thy")
*** At command "by" (line 91 of "~/Desktop/2024_sem1/AutomaticProofRepair/AFPs/afp-2020/thys/Pairing_Heap/Pairing_Heap_List2.thy")
*** Variable "Union_mset" occurs on right hand side only:
*** ⋀x hs Union_mset.
***    mset_hp (Hp x hs) = {#x#} + Union_mset (mset (map mset_hp hs))
*** At command "fun" (line 106 of "~/Desktop/2024_sem1/AutomaticProofRepair/AFPs/afp-2020/thys/Pairing_Heap/Pairing_Heap_List2.thy")
Unfinished session(s): Pairing_Heap
0:00:05 elapsed time, 0:00:06 cpu time, factor 1.05

===============
Partial_Order_Reduction
*** HOL-Word import

===============
Password_Authentication_Protocol
Running Password_Authentication_Protocol ...
*** Timeout
Password_Authentication_Protocol FAILED
(see also /home/quiqui/.isabelle/Isabelle2021/heaps/polyml-5.8.2_x86_64_32-linux/log/Password_Authentication_Protocol)
*** Failed to refine any pending goal
*** At command "by" (line 3987 of "~/Desktop/2024_sem1/AutomaticProofRepair/AFPs/afp-2020/thys/Password_Authentication_Protocol/Protocol.thy")
*** Failed to refine any pending goal
*** At command "by" (line 4748 of "~/Desktop/2024_sem1/AutomaticProofRepair/AFPs/afp-2020/thys/Password_Authentication_Protocol/Protocol.thy")
*** Failed to refine any pending goal
*** At command "by" (line 2325 of "~/Desktop/2024_sem1/AutomaticProofRepair/AFPs/afp-2020/thys/Password_Authentication_Protocol/Protocol.thy")
*** Failed to apply proof method (line 1027 of "~/Desktop/2024_sem1/AutomaticProofRepair/AFPs/afp-2020/thys/Password_Authentication_Protocol/Propaedeutics.thy"):
*** goal (4 subgoals):
***  1. ⋀Ka. ⟦Crypt K X ∈ parts (insert (Crypt K X) H); Ka = K⟧
***          ⟹ X ∈ parts (insert X H)
***  2. ⋀Ka Xa.
***        ⟦Crypt Ka Xa ∈ parts (insert (Crypt K X) H);
***         Crypt Ka Xa ∈ parts (insert X H)⟧
***        ⟹ Xa = Crypt K X ∨ Xa ∈ parts (insert X H)
***  3. ⋀xa y.
***        ⟦Auth_Data xa y ∈ parts (insert (Crypt K X) H);
***         Auth_Data xa y ∈ parts (insert X H)⟧
***        ⟹ Pri_AgrK xa ∈ parts (insert X H)
***  4. ⋀xa y.
***        ⟦Auth_Data xa y ∈ parts (insert (Crypt K X) H);
***         Auth_Data xa y ∈ parts (insert X H)⟧
***        ⟹ Pri_AgrK y ∈ parts (insert X H)
*** At command "apply" (line 1027 of "~/Desktop/2024_sem1/AutomaticProofRepair/AFPs/afp-2020/thys/Password_Authentication_Protocol/Propaedeutics.thy")
Unfinished session(s): Password_Authentication_Protocol
0:05:03 elapsed time, 0:06:49 cpu time, factor 1.35

===============
Perfect-Number-Thm
Running Perfect-Number-Thm ...
Finished Perfect-Number-Thm (0:00:02 elapsed time, 0:00:04 cpu time)
0:00:05 elapsed time, 0:00:04 cpu time, factor 0.73

===============
Perron_Frobenius
*** HOL-Word import

===============
Pi_Calculus
Running Pi_Calculus ...
Pi_Calculus FAILED
(see also /home/quiqui/.isabelle/Isabelle2021/heaps/polyml-5.8.2_x86_64_32-linux/log/Pi_Calculus)
*** Failed to apply proof method (line 169 of "~/Desktop/2024_sem1/AutomaticProofRepair/AFPs/afp-2020/thys/Pi_Calculus/Early_Semantics.thy"):
*** goal:
*** No subgoals!
*** At command "apply" (line 169 of "~/Desktop/2024_sem1/AutomaticProofRepair/AFPs/afp-2020/thys/Pi_Calculus/Early_Semantics.thy")
Unfinished session(s): Pi_Calculus
0:00:25 elapsed time, 0:01:54 cpu time, factor 4.46

===============
Pi_Transcendental
*** HOL-Word import

===============
Poincare_Bendixson
*** HOL-Word import

===============
Poincare_Disc
Building Complex_Geometry ...
Complex_Geometry FAILED
(see also /home/quiqui/.isabelle/Isabelle2021/heaps/polyml-5.8.2_x86_64_32-linux/log/Complex_Geometry)
*** Failed to finish proof (line 866 of "~/Desktop/2024_sem1/AutomaticProofRepair/AFPs/afp-2020/thys/Complex_Geometry/Unit_Circle_Preserving_Moebius.thy"):
*** goal (1 subgoal):
***  1. ⋀φ a'.
***        ⟦⋀φ'. a = cnj a * cis φ' ∧ (a' = 0 ∨ cis φ = cis φ') ⟹ thesis;
***         a ≠ 0; k ≠ 0; a * cnj a ≠ b * cnj b;
***         M =
***         (k * cnj a * cis φ, - (k * cnj a * cis φ * a'),
***          - (k * cnj a * cnj a'), k * cnj a);
***         a' * cnj a' ≠ 1; a = cnj a * cis φ;
***         k * b = - (k * cnj a * cis φ * a');
***         k * cnj b = - (k * cnj a * cnj a')⟧
***        ⟹ thesis
*** At command "by" (line 866 of "~/Desktop/2024_sem1/AutomaticProofRepair/AFPs/afp-2020/thys/Complex_Geometry/Unit_Circle_Preserving_Moebius.thy")
*** Failed to finish proof (line 270 of "~/Desktop/2024_sem1/AutomaticProofRepair/AFPs/afp-2020/thys/Complex_Geometry/Unit_Circle_Preserving_Moebius.thy"):
*** goal (1 subgoal):
***  1. ⟦0 < k;
***      mat_adj M *⇩m⇩m (1 / cor k, 0, 0, - (1 / cor k)) *⇩m⇩m M = (1, 0, 0, - 1);
***      mat_det M ≠ 0;
***      mat_adj (mat_inv M) *⇩m⇩m (1, 0, 0, - 1) *⇩m⇩m mat_inv M =
***      (1 / cor k, 0, 0, - (1 / cor k));
***      (1, 0, 0, - 1) = (1 / cor k) *⇩s⇩m (mat_adj M *⇩m⇩m (1, 0, 0, - 1) *⇩m⇩m M)⟧
***     ⟹ mat_adj M *⇩m⇩m (1, 0, 0, - 1) *⇩m⇩m M = (cor k, 0, 0, - cor k)
*** At command "by" (line 270 of "~/Desktop/2024_sem1/AutomaticProofRepair/AFPs/afp-2020/thys/Complex_Geometry/Unit_Circle_Preserving_Moebius.thy")
*** Undefined fact: "card_infinite" (line 60 of "~/Desktop/2024_sem1/AutomaticProofRepair/AFPs/afp-2020/thys/Complex_Geometry/More_Set.thy")
*** At command "using" (line 60 of "~/Desktop/2024_sem1/AutomaticProofRepair/AFPs/afp-2020/thys/Complex_Geometry/More_Set.thy")
*** Undefined fact: "card_infinite" (line 83 of "~/Desktop/2024_sem1/AutomaticProofRepair/AFPs/afp-2020/thys/Complex_Geometry/More_Set.thy")
*** At command "using" (line 83 of "~/Desktop/2024_sem1/AutomaticProofRepair/AFPs/afp-2020/thys/Complex_Geometry/More_Set.thy")
Poincare_Disc CANCELLED
Unfinished session(s): Complex_Geometry, Poincare_Disc
0:00:24 elapsed time, 0:01:53 cpu time, factor 4.56

===============
Polynomial_Factorization
*** HOL-Word import

===============
Polynomial_Interpolation
Running Polynomial_Interpolation ...
Finished Polynomial_Interpolation (0:00:09 elapsed time, 0:00:38 cpu time, factor 4.22)
0:00:12 elapsed time, 0:00:38 cpu time, factor 3.10

===============
Polynomials
*** HOL-Word import

===============
POPLmark-deBruijn
Running POPLmark-deBruijn ...
POPLmark-deBruijn FAILED
(see also /home/quiqui/.isabelle/Isabelle2021/heaps/polyml-5.8.2_x86_64_32-linux/log/POPLmark-deBruijn)
***         TVarB T⇩1 ∷ Δ @ VarB V ∷ Γ ⊢ S⇩2 <: T⇩2;
***         TVarB (T⇩1[∥Δ∥ ↦⇩τ Top]⇩τ) ∷
***         Δ[0 ↦⇩τ Top]⇩e @ Γ ⊢ S⇩2[Suc ∥Δ∥ ↦⇩τ Top]⇩τ <: T⇩2[Suc ∥Δ∥ ↦⇩τ Top]⇩τ⟧
***        ⟹ TVarB (T⇩1[∥Δ∥ ↦⇩τ Top]⇩τ) ∷
***           Δ[0 ↦⇩τ Top]⇩e @ Γ ⊢ S⇩2[Suc ∥Δ∥ ↦⇩τ Top]⇩τ <: T⇩2[Suc ∥Δ∥ ↦⇩τ Top]⇩τ
*** At command "apply" (line 939 of "~/Desktop/2024_sem1/AutomaticProofRepair/AFPs/afp-2020/thys/POPLmark-deBruijn/POPLmark.thy")
*** Failed to apply proof method (line 1036 of "~/Desktop/2024_sem1/AutomaticProofRepair/AFPs/afp-2020/thys/POPLmark-deBruijn/POPLmark.thy"):
*** goal (5 subgoals):
***  1. ⋀T⇩1 t⇩2 T⇩2 Δ.
***        ⟦VarB T⇩1 ∷ Δ @ TVarB Q ∷ Γ ⊢ t⇩2 : T⇩2;
***         VarB T⇩1 ∷ Δ @ TVarB P ∷ Γ ⊢ t⇩2 : T⇩2; Γ ⊢ P <: Q⟧
***        ⟹ VarB T⇩1 ∷ Δ @ TVarB P ∷ Γ ⊢ t⇩2 : T⇩2
***  2. ⋀t⇩1 T⇩1⇩1 T⇩1⇩2 t⇩2 Δ.
***        ⟦Δ @ TVarB Q ∷ Γ ⊢ t⇩1 : T⇩1⇩1 → T⇩1⇩2; Δ @ TVarB P ∷ Γ ⊢ t⇩1 : T⇩1⇩1 → T⇩1⇩2;
***         Δ @ TVarB Q ∷ Γ ⊢ t⇩2 : T⇩1⇩1; Δ @ TVarB P ∷ Γ ⊢ t⇩2 : T⇩1⇩1; Γ ⊢ P <: Q⟧
***        ⟹ Δ @ TVarB P ∷ Γ ⊢ t⇩1 ∙ t⇩2 : T⇩1⇩2
***  3. ⋀T⇩1 t⇩2 T⇩2 Δ.
***        ⟦TVarB T⇩1 ∷ Δ @ TVarB Q ∷ Γ ⊢ t⇩2 : T⇩2;
***         TVarB T⇩1 ∷ Δ @ TVarB P ∷ Γ ⊢ t⇩2 : T⇩2; Γ ⊢ P <: Q⟧
***        ⟹ Δ @ TVarB P ∷ Γ ⊢ (λ<:T⇩1. t⇩2) : (∀<:T⇩1. T⇩2)
***  4. ⋀t⇩1 T⇩1⇩1 T⇩1⇩2 T⇩2 Δ.
***        ⟦Δ @ TVarB Q ∷ Γ ⊢ t⇩1 : (∀<:T⇩1⇩1. T⇩1⇩2);
***         Δ @ TVarB P ∷ Γ ⊢ t⇩1 : (∀<:T⇩1⇩1. T⇩1⇩2); Δ @ TVarB Q ∷ Γ ⊢ T⇩2 <: T⇩1⇩1;
***         Γ ⊢ P <: Q⟧
***        ⟹ Δ @ TVarB P ∷ Γ ⊢ t⇩1 ∙⇩τ T⇩2 : T⇩1⇩2[0 ↦⇩τ T⇩2]⇩τ
***  5. ⋀t S T Δ.
***        ⟦Δ @ TVarB Q ∷ Γ ⊢ t : S; Δ @ TVarB P ∷ Γ ⊢ t : S;
***         Δ @ TVarB Q ∷ Γ ⊢ S <: T; Γ ⊢ P <: Q⟧
***        ⟹ Δ @ TVarB P ∷ Γ ⊢ t : T
*** At command "apply" (line 1036 of "~/Desktop/2024_sem1/AutomaticProofRepair/AFPs/afp-2020/thys/POPLmark-deBruijn/POPLmark.thy")
*** Failed to apply proof method (line 401 of "~/Desktop/2024_sem1/AutomaticProofRepair/AFPs/afp-2020/thys/POPLmark-deBruijn/POPLmark.thy"):
*** goal (1 subgoal):
***  1. ⋀T U Δ.
***        ⟦Δ @ Γ ⊢⇩w⇩f T; ↑⇩e (Suc 0) 0 Δ @ B ∷ Γ ⊢⇩w⇩f ↑⇩τ (Suc 0) ∥Δ∥ T;
***         TVarB T ∷ Δ @ Γ ⊢⇩w⇩f U;
***         TVarB (↑⇩τ (Suc 0) ∥Δ∥ T) ∷
***         ↑⇩e (Suc 0) 0 Δ @ B ∷ Γ ⊢⇩w⇩f ↑⇩τ (Suc 0) (Suc ∥Δ∥) U⟧
***        ⟹ TVarB (↑⇩τ (Suc 0) ∥Δ∥ T) ∷
***           ↑⇩e (Suc 0) 0 Δ @ B ∷ Γ ⊢⇩w⇩f ↑⇩τ (Suc 0) (Suc ∥Δ∥) U
*** At command "apply" (line 401 of "~/Desktop/2024_sem1/AutomaticProofRepair/AFPs/afp-2020/thys/POPLmark-deBruijn/POPLmark.thy")
Unfinished session(s): POPLmark-deBruijn
0:00:10 elapsed time, 0:00:33 cpu time, factor 3.05

===============
Prime_Distribution_Elementary
*** HOL-Word import

===============
Prime_Number_Theorem
*** HOL-Word import

===============
Priority_Queue_Braun
Running Priority_Queue_Braun ...
Priority_Queue_Braun FAILED
(see also /home/quiqui/.isabelle/Isabelle2021/heaps/polyml-5.8.2_x86_64_32-linux/log/Priority_Queue_Braun)
*** Undefined fact: "height_balanced" (line 551 of "~/Desktop/2024_sem1/AutomaticProofRepair/AFPs/afp-2020/thys/Priority_Queue_Braun/Sorting_Braun.thy")
*** At command "apply" (line 551 of "~/Desktop/2024_sem1/AutomaticProofRepair/AFPs/afp-2020/thys/Priority_Queue_Braun/Sorting_Braun.thy")
*** Undefined fact: "height_balanced" (line 405 of "~/Desktop/2024_sem1/AutomaticProofRepair/AFPs/afp-2020/thys/Priority_Queue_Braun/Sorting_Braun.thy")
*** At command "by" (line 405 of "~/Desktop/2024_sem1/AutomaticProofRepair/AFPs/afp-2020/thys/Priority_Queue_Braun/Sorting_Braun.thy")
*** Undefined fact: "balanced_if_braun" (line 234 of "~/Desktop/2024_sem1/AutomaticProofRepair/AFPs/afp-2020/thys/Priority_Queue_Braun/Sorting_Braun.thy")
*** At command "using" (line 234 of "~/Desktop/2024_sem1/AutomaticProofRepair/AFPs/afp-2020/thys/Priority_Queue_Braun/Sorting_Braun.thy")
*** Undefined fact: "balanced_optimal" (line 229 of "~/Desktop/2024_sem1/AutomaticProofRepair/AFPs/afp-2020/thys/Priority_Queue_Braun/Sorting_Braun.thy")
*** At command "by" (line 229 of "~/Desktop/2024_sem1/AutomaticProofRepair/AFPs/afp-2020/thys/Priority_Queue_Braun/Sorting_Braun.thy")
*** Undefined fact: "balanced_if_braun" (line 101 of "~/Desktop/2024_sem1/AutomaticProofRepair/AFPs/afp-2020/thys/Priority_Queue_Braun/Sorting_Braun.thy")
*** At command "using" (line 100 of "~/Desktop/2024_sem1/AutomaticProofRepair/AFPs/afp-2020/thys/Priority_Queue_Braun/Sorting_Braun.thy")
Unfinished session(s): Priority_Queue_Braun
0:00:11 elapsed time, 0:00:27 cpu time, factor 2.48

===============
Probabilistic_Noninterference
Running Probabilistic_Noninterference ...
Probabilistic_Noninterference FAILED
(see also /home/quiqui/.isabelle/Isabelle2021/heaps/polyml-5.8.2_x86_64_32-linux/log/Probabilistic_Noninterference)
*** Failed to apply terminal proof method (line 74 of "~/Desktop/2024_sem1/AutomaticProofRepair/AFPs/afp-2020/thys/Probabilistic_Noninterference/Language_Semantics.thy"):
*** goal:
*** No subgoals!
*** At command "by" (line 74 of "~/Desktop/2024_sem1/AutomaticProofRepair/AFPs/afp-2020/thys/Probabilistic_Noninterference/Language_Semantics.thy")
Unfinished session(s): Probabilistic_Noninterference
0:00:33 elapsed time, 0:02:24 cpu time, factor 4.30

===============
Probabilistic_Prime_Tests
Running Probabilistic_Prime_Tests ...
Finished Probabilistic_Prime_Tests (0:01:54 elapsed time, 0:10:26 cpu time, factor 5.47)
0:02:01 elapsed time, 0:10:26 cpu time, factor 5.17

===============
Probabilistic_System_Zoo
Running Probabilistic_System_Zoo ...
Probabilistic_System_Zoo FAILED
(see also /home/quiqui/.isabelle/Isabelle2021/heaps/polyml-5.8.2_x86_64_32-linux/log/Probabilistic_System_Zoo)
*** Undefined fact: "card_insert" (line 153 of "~/Desktop/2024_sem1/AutomaticProofRepair/AFPs/afp-2020/thys/Probabilistic_System_Zoo/Finitely_Bounded_Set_Counterexample.thy")
*** At command "by" (line 152 of "~/Desktop/2024_sem1/AutomaticProofRepair/AFPs/afp-2020/thys/Probabilistic_System_Zoo/Finitely_Bounded_Set_Counterexample.thy")
*** Undefined fact: "card_insert" (line 111 of "~/Desktop/2024_sem1/AutomaticProofRepair/AFPs/afp-2020/thys/Probabilistic_System_Zoo/Finitely_Bounded_Set_Counterexample.thy")
*** At command "by" (line 111 of "~/Desktop/2024_sem1/AutomaticProofRepair/AFPs/afp-2020/thys/Probabilistic_System_Zoo/Finitely_Bounded_Set_Counterexample.thy")
*** Undefined fact: "card_insert" (line 115 of "~/Desktop/2024_sem1/AutomaticProofRepair/AFPs/afp-2020/thys/Probabilistic_System_Zoo/Finitely_Bounded_Set_Counterexample.thy")
*** At command "by" (line 114 of "~/Desktop/2024_sem1/AutomaticProofRepair/AFPs/afp-2020/thys/Probabilistic_System_Zoo/Finitely_Bounded_Set_Counterexample.thy")
*** Undefined fact: "card_insert" (line 119 of "~/Desktop/2024_sem1/AutomaticProofRepair/AFPs/afp-2020/thys/Probabilistic_System_Zoo/Finitely_Bounded_Set_Counterexample.thy")
*** At command "by" (line 118 of "~/Desktop/2024_sem1/AutomaticProofRepair/AFPs/afp-2020/thys/Probabilistic_System_Zoo/Finitely_Bounded_Set_Counterexample.thy")
*** Undefined fact: "card_insert" (line 108 of "~/Desktop/2024_sem1/AutomaticProofRepair/AFPs/afp-2020/thys/Probabilistic_System_Zoo/Finitely_Bounded_Set_Counterexample.thy")
*** At command "by" (line 108 of "~/Desktop/2024_sem1/AutomaticProofRepair/AFPs/afp-2020/thys/Probabilistic_System_Zoo/Finitely_Bounded_Set_Counterexample.thy")
*** Undefined fact: "card_insert" (line 105 of "~/Desktop/2024_sem1/AutomaticProofRepair/AFPs/afp-2020/thys/Probabilistic_System_Zoo/Finitely_Bounded_Set_Counterexample.thy")
*** At command "by" (line 105 of "~/Desktop/2024_sem1/AutomaticProofRepair/AFPs/afp-2020/thys/Probabilistic_System_Zoo/Finitely_Bounded_Set_Counterexample.thy")
*** Undefined fact: "card_insert" (line 27 of "~/Desktop/2024_sem1/AutomaticProofRepair/AFPs/afp-2020/thys/Probabilistic_System_Zoo/Bool_Bounded_Set.thy")
*** At command "by" (line 27 of "~/Desktop/2024_sem1/AutomaticProofRepair/AFPs/afp-2020/thys/Probabilistic_System_Zoo/Bool_Bounded_Set.thy")
Unfinished session(s): Probabilistic_System_Zoo
0:00:20 elapsed time, 0:01:03 cpu time, factor 3.08

===============
Probabilistic_Timed_Automata
Building Markov_Models ...
Markov_Models FAILED
(see also /home/quiqui/.isabelle/Isabelle2021/heaps/polyml-5.8.2_x86_64_32-linux/log/Markov_Models)
*** Failed to refine any pending goal
*** At command "by" (line 1021 of "~/Desktop/2024_sem1/AutomaticProofRepair/AFPs/afp-2020/thys/Markov_Models/Classifying_Markov_Chain_States.thy")
*** Failed to refine any pending goal
*** At command "by" (line 971 of "~/Desktop/2024_sem1/AutomaticProofRepair/AFPs/afp-2020/thys/Markov_Models/Classifying_Markov_Chain_States.thy")
Probabilistic_Timed_Automata CANCELLED
Unfinished session(s): Markov_Models, Probabilistic_Timed_Automata
0:00:31 elapsed time, 0:02:44 cpu time, factor 5.17

===============
Projective_Geometry
Running Projective_Geometry ...
Projective_Geometry FAILED
(see also /home/quiqui/.isabelle/Isabelle2021/heaps/polyml-5.8.2_x86_64_32-linux/log/Projective_Geometry)
*** Undefined fact: "card_empty" (line 141 of "~/Desktop/2024_sem1/AutomaticProofRepair/AFPs/afp-2020/thys/Projective_Geometry/Desargues_2D.thy")
*** At command "by" (line 141 of "~/Desktop/2024_sem1/AutomaticProofRepair/AFPs/afp-2020/thys/Projective_Geometry/Desargues_2D.thy")
*** Undefined fact: "card_empty" (line 98 of "~/Desktop/2024_sem1/AutomaticProofRepair/AFPs/afp-2020/thys/Projective_Geometry/Desargues_2D.thy")
*** At command "by" (line 98 of "~/Desktop/2024_sem1/AutomaticProofRepair/AFPs/afp-2020/thys/Projective_Geometry/Desargues_2D.thy")
Unfinished session(s): Projective_Geometry
0:00:11 elapsed time, 0:00:50 cpu time, factor 4.49

===============
Propositional_Proof_Systems
Running Propositional_Proof_Systems ...
Propositional_Proof_Systems FAILED
(see also /home/quiqui/.isabelle/Isabelle2021/heaps/polyml-5.8.2_x86_64_32-linux/log/Propositional_Proof_Systems)
*** Undefined fact: "card_empty" (line 97 of "~/Desktop/2024_sem1/AutomaticProofRepair/AFPs/afp-2020/thys/Propositional_Proof_Systems/Sema_Craig.thy")
*** At command "by" (line 97 of "~/Desktop/2024_sem1/AutomaticProofRepair/AFPs/afp-2020/thys/Propositional_Proof_Systems/Sema_Craig.thy")
Unfinished session(s): Propositional_Proof_Systems
0:00:31 elapsed time, 0:02:51 cpu time, factor 5.46

===============
QHLProver
*** HOL-Word import

===============
QR_Decomposition
*** HOL-Word import

===============
Random_Graph_Subgraph_Threshold
Building Girth_Chromatic ...
Girth_Chromatic FAILED
(see also /home/quiqui/.isabelle/Isabelle2021/heaps/polyml-5.8.2_x86_64_32-linux/log/Girth_Chromatic)
*** Undefined fact: "real_mult_le_cancel_iff1" (line 593 of "~/Desktop/2024_sem1/AutomaticProofRepair/AFPs/afp-2020/thys/Girth_Chromatic/Girth_Chromatic.thy")
*** At command "by" (line 593 of "~/Desktop/2024_sem1/AutomaticProofRepair/AFPs/afp-2020/thys/Girth_Chromatic/Girth_Chromatic.thy")
Random_Graph_Subgraph_Threshold CANCELLED
Unfinished session(s): Girth_Chromatic, Random_Graph_Subgraph_Threshold
0:00:36 elapsed time, 0:01:43 cpu time, factor 2.85

===============
Rank_Nullity_Theorem
Running Rank_Nullity_Theorem ...
Rank_Nullity_Theorem FAILED
(see also /home/quiqui/.isabelle/Isabelle2021/heaps/polyml-5.8.2_x86_64_32-linux/log/Rank_Nullity_Theorem)
*** Failed to finish proof (line 448 of "~/Desktop/2024_sem1/AutomaticProofRepair/AFPs/afp-2020/thys/Rank_Nullity_Theorem/Mod_Type.thy"):
*** goal (1 subgoal):
***  1. ⟦mod_type_class.to_nat (0::'a) = 0; mod_type_class.to_nat x = 0⟧
***     ⟹ x = (0::'a)
*** At command "by" (line 448 of "~/Desktop/2024_sem1/AutomaticProofRepair/AFPs/afp-2020/thys/Rank_Nullity_Theorem/Mod_Type.thy")
Unfinished session(s): Rank_Nullity_Theorem
0:00:08 elapsed time, 0:00:09 cpu time, factor 1.08

===============
Recursion-Addition
Running Recursion-Addition ...
Finished Recursion-Addition (0:00:01 elapsed time)
0:00:02 elapsed time

===============
Refine_Imperative_HOL
*** HOL-Word import

===============
Refine_Monadic
*** HOL-Word import

===============
Relational_Disjoint_Set_Forests
Running Relational_Disjoint_Set_Forests ...
Relational_Disjoint_Set_Forests FAILED
(see also /home/quiqui/.isabelle/Isabelle2021/heaps/polyml-5.8.2_x86_64_32-linux/log/Relational_Disjoint_Set_Forests)
*** Failed to apply proof method (line 1482 of "~/Desktop/2024_sem1/AutomaticProofRepair/AFPs/afp-2020/thys/Relational_Disjoint_Set_Forests/Disjoint_Set_Forests.thy"):
*** goal (2 subgoals):
***  1. ⋀p w y.
***        path_compression_invariant p x y p0 w ∧ y ≠ p[[w]] ⟹
***        path_compression_invariant (p[w⟼y]) x y p0 (p[[w]]) ∧
***        card {z. regular z ∧ z ≤ (p[w⟼y])⇧T⇧⋆ * (p[[w]])}
***        < card {z. regular z ∧ z ≤ p⇧T⇧⋆ * w}
***  2. ⋀p w. path_compression_invariant p x (p[[w]]) p0 w ⟹
***           path_compression_postcondition p x (p[[w]]) p0
*** At command "apply" (line 1482 of "~/Desktop/2024_sem1/AutomaticProofRepair/AFPs/afp-2020/thys/Relational_Disjoint_Set_Forests/Disjoint_Set_Forests.thy")
*** Failed to apply proof method (line 1441 of "~/Desktop/2024_sem1/AutomaticProofRepair/AFPs/afp-2020/thys/Relational_Disjoint_Set_Forests/Disjoint_Set_Forests.thy"):
*** goal (2 subgoals):
***  1. ⋀p w y.
***        path_compression_invariant p x y p0 w ∧ y ≠ p[[w]] ⟹
***        path_compression_invariant (p[w⟼y]) x y p0 (p[[w]]) ∧
***        card {z. regular z ∧ z ≤ (p[w⟼y])⇧T⇧⋆ * (p[[w]])}
***        < card {z. regular z ∧ z ≤ p⇧T⇧⋆ * w}
***  2. ⋀p w. path_compression_invariant p x (p[[w]]) p0 w ⟹
***           path_compression_postcondition p x (p[[w]]) p0
*** At command "apply" (line 1441 of "~/Desktop/2024_sem1/AutomaticProofRepair/AFPs/afp-2020/thys/Relational_Disjoint_Set_Forests/Disjoint_Set_Forests.thy")
*** Failed to apply proof method (line 1393 of "~/Desktop/2024_sem1/AutomaticProofRepair/AFPs/afp-2020/thys/Relational_Disjoint_Set_Forests/Disjoint_Set_Forests.thy"):
*** goal (3 subgoals):
***  1. path_compression_precondition p0 x y ⟹
***     path_compression_invariant p0 x y p0 x
***  2. ⋀p w. path_compression_invariant p x y p0 w ∧ y ≠ p[[w]] ⟹
***           path_compression_invariant (p[w⟼y]) x y p0 (p[[w]]) ∧
***           card {z. regular z ∧ z ≤ (p[w⟼y])⇧T⇧⋆ * (p[[w]])}
***           < card {z. regular z ∧ z ≤ p⇧T⇧⋆ * w}
***  3. ⋀p w. path_compression_invariant p x y p0 w ∧ y = p[[w]] ⟹
***           path_compression_postcondition p x (p[[w]]) p0
*** At command "apply" (line 1393 of "~/Desktop/2024_sem1/AutomaticProofRepair/AFPs/afp-2020/thys/Relational_Disjoint_Set_Forests/Disjoint_Set_Forests.thy")
*** Failed to apply proof method (line 953 of "~/Desktop/2024_sem1/AutomaticProofRepair/AFPs/afp-2020/thys/Relational_Disjoint_Set_Forests/Disjoint_Set_Forests.thy"):
*** goal (2 subgoals):
***  1. ⋀y. find_set_invariant p x y ∧ y ≠ p[[y]] ⟹
***         find_set_invariant p x (p[[y]]) ∧
***         card {z. regular z ∧ z ≤ p⇧T⇧⋆ * (p[[y]])}
***         < card {z. regular z ∧ z ≤ p⇧T⇧⋆ * y}
***  2. ⋀y. find_set_invariant p x y ∧ y = p[[y]] ⟹
***         find_set_postcondition p x y
*** At command "apply" (line 953 of "~/Desktop/2024_sem1/AutomaticProofRepair/AFPs/afp-2020/thys/Relational_Disjoint_Set_Forests/Disjoint_Set_Forests.thy")
Unfinished session(s): Relational_Disjoint_Set_Forests
0:00:35 elapsed time, 0:00:58 cpu time, factor 1.63

===============
Relational-Incorrectness-Logic
Building HOL-IMP ...
Finished HOL-IMP (0:00:53 elapsed time, 0:04:48 cpu time, factor 5.36)
Running Relational-Incorrectness-Logic ...
Finished Relational-Incorrectness-Logic (0:00:03 elapsed time, 0:00:09 cpu time, factor 2.92)
0:01:00 elapsed time, 0:04:58 cpu time, factor 4.93

===============
Relational_Method
Running Relational_Method ...
Relational_Method FAILED
(see also /home/quiqui/.isabelle/Isabelle2021/heaps/polyml-5.8.2_x86_64_32-linux/log/Relational_Method)
***                (Spy, Key (PriK A)) ∈ y ∧
***                (Spy, Key (PriK B)) ∈ y ∧ (Spy, ⟨n, A ⊗ B⟩) ∈ y) ∨
***            (∃n A B.
***                z = insert (Spy, ⟨n, A ⊗ B⟩) y ∧
***                (Spy, Key (PriK A)) ∈ y ∧
***                (Spy, Key (PriK B)) ∈ y ∧
***                (Spy, A ⊗ B) ∈ y ∧
***                (∃U⊆spied y.
***                    ((Spy, ⟨n, Key (PriK A)⟩) ∈ y ∨
***                     (Spy, ⟨n, Key (PriK B)⟩) ∈ y) ∧
***                    U ∈ key_sets (A ⊗ B) (crypts (Log -` spied y)))) ∨
***            (∃n X. z = insert (Spy, ⟨n, X⟩) (insert (Spy, ⟨n, Hash X⟩) y) ∧
***                   (Spy, X) ∈ y ∧
***                   (Spy, Hash X) ∈ y ∧
***                   (∃U⊆spied y.
***                       ((Spy, ⟨n, X⟩) ∈ y ∨ (Spy, ⟨n, Hash X⟩) ∈ y) ∧
***                       U ∈ key_sets (Hash X) (crypts (Log -` spied y)))) ∨
***            (∃n X U.
***                z = insert (Spy, ⟨n, X⟩) (y ∪ {Spy} × IDInfo n ` U) ∧
***                (Spy, X) ∈ y ∧
***                U ⊆ spied y ∧
***                ((Spy, ⟨n, X⟩) ∈ y ∨ (∃K∈U. (Spy, ⟨n, K⟩) ∈ y)) ∧
***                U ∈ key_sets X (crypts (Log -` spied y))) ∨
***            (∃n X Y.
***                z = insert (Spy, ⟨n, X⟩) (insert (Spy, ⟨n, Y⟩) y) ∧
***                (Spy, X) ∈ y ∧ (Spy, Y) ∈ y ∧ (Spy, ⟨n, ⦃X, Y⦄⟩) ∈ y) ∨
***            (∃n X Y.
***                z = insert (Spy, ⟨n, ⦃X, Y⦄⟩) y ∧
***                (Spy, X) ∈ y ∧
***                (Spy, Y) ∈ y ∧
***                (Spy, ⦃X, Y⦄) ∈ y ∧
***                (∃U⊆spied y.
***                    ((Spy, ⟨n, X⟩) ∈ y ∨ (Spy, ⟨n, Y⟩) ∈ y) ∧
***                    U ∈ key_sets ⦃X, Y⦄ (crypts (Log -` spied y))))⟧
***           ⟹ Agent n ∉ parts (used z)
*** At command "by" (line 304 of "~/Desktop/2024_sem1/AutomaticProofRepair/AFPs/afp-2020/thys/Relational_Method/Anonymity.thy")
*** Failed to apply initial proof method (line 96 of "~/Desktop/2024_sem1/AutomaticProofRepair/AFPs/afp-2020/thys/Relational_Method/Anonymity.thy"):
*** goal (1 subgoal):
***  1. crypts {Crypt K X} ⊆ Crypt K ` crypts {X}
*** At command "by" (line 96 of "~/Desktop/2024_sem1/AutomaticProofRepair/AFPs/afp-2020/thys/Relational_Method/Anonymity.thy")
Unfinished session(s): Relational_Method
0:00:42 elapsed time, 0:03:23 cpu time, factor 4.75

===============
Relational_Minimum_Spanning_Trees
Building Aggregation_Algebras ...
Aggregation_Algebras FAILED
(see also /home/quiqui/.isabelle/Isabelle2021/heaps/polyml-5.8.2_x86_64_32-linux/log/Aggregation_Algebras)
*** Failed to refine any pending goal
*** At command "qed" (line 1044 of "~/Desktop/2024_sem1/AutomaticProofRepair/AFPs/afp-2020/thys/Aggregation_Algebras/Minimum_Spanning_Trees.thy")
*** Failed to refine any pending goal
*** At command "qed" (line 567 of "~/Desktop/2024_sem1/AutomaticProofRepair/AFPs/afp-2020/thys/Aggregation_Algebras/Minimum_Spanning_Trees.thy")
Relational_Minimum_Spanning_Trees CANCELLED
Unfinished session(s): Aggregation_Algebras, Relational_Minimum_Spanning_Trees
0:00:43 elapsed time, 0:01:35 cpu time, factor 2.19

===============
Relational_Paths
*** HOL-Word import

===============
Robinson_Arithmetic
Running Robinson_Arithmetic ...
Robinson_Arithmetic FAILED
(see also /home/quiqui/.isabelle/Isabelle2021/heaps/polyml-5.8.2_x86_64_32-linux/log/Robinson_Arithmetic)
*** Failed to load theory "Robinson_Arithmetic.Robinson_Arithmetic" (unresolved "Nominal2.Nominal2")
*** Failed to load theory "Robinson_Arithmetic.Instance" (unresolved "Robinson_Arithmetic.Robinson_Arithmetic")
*** ML error (line 118 of "~/Desktop/2024_sem1/AutomaticProofRepair/AFPs/afp-2020/thys/Nominal2/nominal_dt_rawfuns.ML"):
*** Value or constructor (subtarget) has not been declared in structure Local_Theory
*** ML error (line 255 of "~/Desktop/2024_sem1/AutomaticProofRepair/AFPs/afp-2020/thys/Nominal2/nominal_dt_rawfuns.ML"):
*** Value or constructor (subtarget) has not been declared in structure Local_Theory
*** ML error (line 328 of "~/Desktop/2024_sem1/AutomaticProofRepair/AFPs/afp-2020/thys/Nominal2/nominal_dt_rawfuns.ML"):
*** Value or constructor (subtarget) has not been declared in structure Local_Theory
*** At command "ML_file" (line 13 of "~/Desktop/2024_sem1/AutomaticProofRepair/AFPs/afp-2020/thys/Nominal2/Nominal2.thy")
Unfinished session(s): Robinson_Arithmetic
0:00:15 elapsed time, 0:00:52 cpu time, factor 3.34

===============
Root_Balanced_Tree
Running Root_Balanced_Tree ...
Root_Balanced_Tree FAILED
(see also /home/quiqui/.isabelle/Isabelle2021/heaps/polyml-5.8.2_x86_64_32-linux/log/Root_Balanced_Tree)
*** Undefined fact: "real_mult_le_cancel_iff1" (line 89 of "~/Desktop/2024_sem1/AutomaticProofRepair/AFPs/afp-2020/thys/Root_Balanced_Tree/Root_Balanced_Tree_Tab.thy")
*** At command "by" (line 89 of "~/Desktop/2024_sem1/AutomaticProofRepair/AFPs/afp-2020/thys/Root_Balanced_Tree/Root_Balanced_Tree_Tab.thy")
*** exception THM 0 raised (line 309 of "drule.ML"):
***   OF: no unifiers
***   0 < n
***   ?t = ?t
*** At command "using" (line 189 of "~/Desktop/2024_sem1/AutomaticProofRepair/AFPs/afp-2020/thys/Root_Balanced_Tree/Root_Balanced_Tree.thy")
Unfinished session(s): Root_Balanced_Tree
0:00:34 elapsed time, 0:02:05 cpu time, factor 3.61

===============
ADS_Functor
0:00:02 elapsed time

===============
Safe_Distance
Running Safe_Distance ...
Safe_Distance FAILED
(see also /home/quiqui/.isabelle/Isabelle2021/heaps/polyml-5.8.2_x86_64_32-linux/log/Safe_Distance)
*** Undefined fact: "real_mult_le_cancel_iff1" (line 1089 of "~/Desktop/2024_sem1/AutomaticProofRepair/AFPs/afp-2020/thys/Safe_Distance/Safe_Distance_Reaction.thy")
*** At command "using" (line 1089 of "~/Desktop/2024_sem1/AutomaticProofRepair/AFPs/afp-2020/thys/Safe_Distance/Safe_Distance_Reaction.thy")
*** Undefined fact: "real_mult_le_cancel_iff2" (line 137 of "~/Desktop/2024_sem1/AutomaticProofRepair/AFPs/afp-2020/thys/Safe_Distance/Safe_Distance.thy")
*** At command "by" (line 137 of "~/Desktop/2024_sem1/AutomaticProofRepair/AFPs/afp-2020/thys/Safe_Distance/Safe_Distance.thy")
Unfinished session(s): Safe_Distance
0:00:51 elapsed time, 0:03:36 cpu time, factor 4.20

===============
Saturation_Framework
Building Ordered_Resolution_Prover ...
Ordered_Resolution_Prover FAILED
(see also /home/quiqui/.isabelle/Isabelle2021/heaps/polyml-5.8.2_x86_64_32-linux/log/Ordered_Resolution_Prover)
*** Failed to load theory "Ordered_Resolution_Prover.Clausal_Logic" (unresolved "Nested_Multisets_Ordinals.Multiset_More")
*** Failed to load theory "Ordered_Resolution_Prover.Herbrand_Interpretation" (unresolved "Ordered_Resolution_Prover.Clausal_Logic")
*** Failed to load theory "Ordered_Resolution_Prover.Abstract_Substitution" (unresolved "Ordered_Resolution_Prover.Clausal_Logic")
*** Failed to load theory "Ordered_Resolution_Prover.Ground_Resolution_Model" (unresolved "Ordered_Resolution_Prover.Herbrand_Interpretation")
*** Failed to load theory "Ordered_Resolution_Prover.Inference_System" (unresolved "Ordered_Resolution_Prover.Herbrand_Interpretation")
*** Failed to load theory "Ordered_Resolution_Prover.Ordered_Ground_Resolution" (unresolved "Ordered_Resolution_Prover.Ground_Resolution_Model", "Ordered_Resolution_Prover.Inference_System")
*** Failed to load theory "Ordered_Resolution_Prover.Unordered_Ground_Resolution" (unresolved "Ordered_Resolution_Prover.Ground_Resolution_Model", "Ordered_Resolution_Prover.Inference_System")
*** Failed to load theory "Ordered_Resolution_Prover.Proving_Process" (unresolved "Ordered_Resolution_Prover.Unordered_Ground_Resolution")
*** Failed to load theory "Ordered_Resolution_Prover.Standard_Redundancy" (unresolved "Ordered_Resolution_Prover.Proving_Process")
*** Failed to load theory "Ordered_Resolution_Prover.FO_Ordered_Resolution" (unresolved "Ordered_Resolution_Prover.Abstract_Substitution", "Ordered_Resolution_Prover.Ordered_Ground_Resolution", "Ordered_Resolution_Prover.Standard_Redundancy")
*** Failed to load theory "Ordered_Resolution_Prover.FO_Ordered_Resolution_Prover" (unresolved "Ordered_Resolution_Prover.FO_Ordered_Resolution")
*** Type unification failed: Clash of types "_ multiset" and "_ list"
*** 
*** Type error in application: incompatible operand type
*** 
*** Operator:  (#) ⋃ ::
***   (??'a set set ⇒ ??'a set) list ⇒ (??'a set set ⇒ ??'a set) list
*** Operand:   {#image_mset (Pair a) (B a). a ∈# A#} ::
***   ('a × 'b) multiset multiset
*** 
*** At command "definition" (line 527 of "~/Desktop/2024_sem1/AutomaticProofRepair/AFPs/afp-2020/thys/Nested_Multisets_Ordinals/Multiset_More.thy")
*** At command "by" (line 509 of "~/Desktop/2024_sem1/AutomaticProofRepair/AFPs/afp-2020/thys/Nested_Multisets_Ordinals/Multiset_More.thy")
*** Type unification failed: Clash of types "_ multiset" and "_ list"
*** 
*** Type error in application: incompatible operand type
*** 
*** Operator:  (#) ⋃ ::
***   (??'a set set ⇒ ??'a set) list ⇒ (??'a set set ⇒ ??'a set) list
*** Operand:   {#image_mset (Pair a) (B a). a ∈# A#} ::
***   ('a × 'b) multiset multiset
*** 
*** At command "definition" (line 527 of "~/Desktop/2024_sem1/AutomaticProofRepair/AFPs/afp-2020/thys/Nested_Multisets_Ordinals/Multiset_More.thy")
Saturation_Framework CANCELLED
Unfinished session(s): Ordered_Resolution_Prover, Saturation_Framework
0:00:15 elapsed time, 0:00:43 cpu time, factor 2.72

===============
Secondary_Sylow
Running Secondary_Sylow ...
Secondary_Sylow FAILED
(see also /home/quiqui/.isabelle/Isabelle2021/heaps/polyml-5.8.2_x86_64_32-linux/log/Secondary_Sylow)
*** Undefined fact: "card_infinite" (line 218 of "~/Desktop/2024_sem1/AutomaticProofRepair/AFPs/afp-2020/thys/Secondary_Sylow/SndSylow.thy")
*** At command "by" (line 218 of "~/Desktop/2024_sem1/AutomaticProofRepair/AFPs/afp-2020/thys/Secondary_Sylow/SndSylow.thy")
*** Undefined fact: "card_infinite" (line 48 of "~/Desktop/2024_sem1/AutomaticProofRepair/AFPs/afp-2020/thys/Secondary_Sylow/SndSylow.thy")
*** At command "by" (line 48 of "~/Desktop/2024_sem1/AutomaticProofRepair/AFPs/afp-2020/thys/Secondary_Sylow/SndSylow.thy")
*** Undefined fact: "card_infinite" (line 475 of "~/Desktop/2024_sem1/AutomaticProofRepair/AFPs/afp-2020/thys/Secondary_Sylow/GroupAction.thy")
*** At command "by" (line 475 of "~/Desktop/2024_sem1/AutomaticProofRepair/AFPs/afp-2020/thys/Secondary_Sylow/GroupAction.thy")
Unfinished session(s): Secondary_Sylow
0:00:06 elapsed time, 0:00:10 cpu time, factor 1.62

===============
SenSocialChoice
Running SenSocialChoice ...
SenSocialChoice FAILED
(see also /home/quiqui/.isabelle/Isabelle2021/heaps/polyml-5.8.2_x86_64_32-linux/log/SenSocialChoice)
*** Failed to load theory "SenSocialChoice.RPRs" (unresolved "SenSocialChoice.FSext")
*** Failed to load theory "SenSocialChoice.SCFs" (unresolved "SenSocialChoice.RPRs")
*** Failed to load theory "SenSocialChoice.May" (unresolved "SenSocialChoice.SCFs")
*** Failed to load theory "SenSocialChoice.Arrow" (unresolved "SenSocialChoice.SCFs")
*** Failed to load theory "SenSocialChoice.Sen" (unresolved "SenSocialChoice.SCFs")
*** Undefined fact: "Finite_Set.card_infinite" (line 202 of "~/Desktop/2024_sem1/AutomaticProofRepair/AFPs/afp-2020/thys/SenSocialChoice/FSext.thy")
*** At command "text" (line 196 of "~/Desktop/2024_sem1/AutomaticProofRepair/AFPs/afp-2020/thys/SenSocialChoice/FSext.thy")
Unfinished session(s): SenSocialChoice
0:00:03 elapsed time

===============
Separation_Algebra
*** HOL-Word import

===============
Separation_Logic_Imperative_HOL
*** HOL-Word import

===============
Shivers-CFA
Running Shivers-CFA ...
Shivers-CFA FAILED
(see also /home/quiqui/.isabelle/Isabelle2021/heaps/polyml-5.8.2_x86_64_32-linux/log/Shivers-CFA)
*** Failed to apply proof method (line 197 of "~/Desktop/2024_sem1/AutomaticProofRepair/AFPs/afp-2020/thys/Shivers-CFA/CPSUtils.thy"):
*** goal (1 subgoal):
***  1. ⋀x2 x3 b aa bb ab ba bc.
***        ⟦∀x∈set x2.
***            call.Let l binds c' ∈ calls (snd x) ⟶
***            fst ` set binds ⊆ vars (snd x);
***         call.Let l binds c' ∈ callsC x3 ⟹ fst ` set binds ⊆ varsC x3;
***         ((aa, b), bb) ∈ set binds; (aa, b) ∉ varsC x3;
***         ((ab, ba), bc) ∈ set x2; call.Let l binds c' ∈ calls bc⟧
***        ⟹ ∃x∈set x2. (aa, b) ∈ (case x of (v, l) ⇒ insert v (vars l))
*** At command "apply" (line 197 of "~/Desktop/2024_sem1/AutomaticProofRepair/AFPs/afp-2020/thys/Shivers-CFA/CPSUtils.thy")
Unfinished session(s): Shivers-CFA
0:00:12 elapsed time, 0:00:39 cpu time, factor 3.07

===============
Show
*** HOL-Word import

===============
SIFPL
Running SIFPL ...
SIFPL FAILED
(see also /home/quiqui/.isabelle/Isabelle2021/heaps/polyml-5.8.2_x86_64_32-linux/log/SIFPL)
*** Failed to apply proof method (line 1601 of "~/Desktop/2024_sem1/AutomaticProofRepair/AFPs/afp-2020/thys/SIFPL/VS_OBJ.thy"):
*** goal (1 subgoal):
***  1. ⋀l ac bc aaa baa.
***        ⟦noLowDPs (a, b); noLowDPs (aa, ba); noLowDPs (ab, bb);
***         ab  ≈⇩mkId bb aa; a  ≈⇩mkId b ab; mkId bb ∈ Pbij; mkId b ∈ Pbij;
***         Dom bb ⊆ Dom ba;
***         ∀l ll.
***            (l, ll) ∈ mkId bb ⟶
***            (∀a b. lookup bb l = Some (a, b) ⟶
***                   (∀aa bc.
***                       lookup ba ll = Some (aa, bc) ⟶
***                       twiddleObj (mkId bb) (a, b) (aa, bc)));
***         Dom b ⊆ Dom bb;
***         ∀l ll.
***            (l, ll) ∈ mkId b ⟶
***            (∀a ba.
***                lookup b l = Some (a, ba) ⟶
***                (∀aa bc.
***                    lookup bb ll = Some (aa, bc) ⟶
***                    twiddleObj (mkId b) (a, ba) (aa, bc)));
***         lookup b l = Some (ac, bc); lookup ba l = Some (aaa, baa);
***         l ∈ Dom b⟧
***        ⟹ twiddleObj (mkId b) (ac, bc) (aaa, baa)
*** At command "apply" (line 1601 of "~/Desktop/2024_sem1/AutomaticProofRepair/AFPs/afp-2020/thys/SIFPL/VS_OBJ.thy")
Unfinished session(s): SIFPL
0:00:17 elapsed time, 0:01:00 cpu time, factor 3.46

===============
Sigma_Commit_Crypto
*** HOL-Word import

===============
Simpl
Running Simpl ...
Simpl FAILED
(see also /home/quiqui/.isabelle/Isabelle2021/heaps/polyml-5.8.2_x86_64_32-linux/log/Simpl)
***    Function: add_declaration (intern_locale thy thm_name) proc_declaration :
***       string -> theory
***    Argument: thy : theory
***    Reason:
***       Can't unify string (*In Basis*) with theory
***          (Different type constructors)
*** ML error (line 1175 of "~/Desktop/2024_sem1/AutomaticProofRepair/AFPs/afp-2020/thys/Simpl/hoare.ML"):
*** Type error in function application.
***    Function: add_abbrev :
***       string list -> Syntax.mode -> bstring -> string -> string -> theory
***    Argument: (intern_locale thy (suffix cliqueN (cname name))) : string
***    Reason:
***       Can't unify string list (*In Basis*) with string (*In Basis*)
***          (Different type constructors)
*** ML error (line 1174 of "~/Desktop/2024_sem1/AutomaticProofRepair/AFPs/afp-2020/thys/Simpl/hoare.ML"):
*** Type error in function application.
***    Function: error_to_warning ("abbreviation: '" ^ thm_name ^ "' not added")
***       : (string -> string) -> string -> string
***    Argument:
***       (add_abbrev (... ... (... ...)) Syntax.mode_input thm_name spec) :
***       string -> theory
***    Reason:
***       Can't unify string (*In Basis*) with theory
***          (Different type constructors)
*** ML error (line 1169 of "~/Desktop/2024_sem1/AutomaticProofRepair/AFPs/afp-2020/thys/Simpl/hoare.ML"):
*** Type error in function application.
***    Function: |> : theory * (theory -> 'a) -> 'a
***    Argument:
***       (
***          thy |> ... ... [...] |> Proof_Context.theory_of |>
***          (fn thy => ... ... thy)
***          ,
***          error_to_warning (... ^ ... ^ "' not added")
***          (... ... thm_name spec)
***          )
***       : theory * (string -> string)
***    Reason:
***       Can't unify theory with string (*In Basis*)
***          (Different type constructors)
*** At command "ML_file" (line 36 of "~/Desktop/2024_sem1/AutomaticProofRepair/AFPs/afp-2020/thys/Simpl/Vcg.thy")
Unfinished session(s): Simpl
0:00:32 elapsed time, 0:02:12 cpu time, factor 4.11

===============
Simple_Firewall
*** HOL-Word import

===============
Simplex
Running Simplex ...
Simplex FAILED
(see also /home/quiqui/.isabelle/Isabelle2021/heaps/polyml-5.8.2_x86_64_32-linux/log/Simplex)
*** Failed to apply terminal proof method (line 3247 of "~/Desktop/2024_sem1/AutomaticProofRepair/AFPs/afp-2020/thys/Simplex/Simplex.thy"):
*** goal:
*** No subgoals!
*** At command "by" (line 3247 of "~/Desktop/2024_sem1/AutomaticProofRepair/AFPs/afp-2020/thys/Simplex/Simplex.thy")
Unfinished session(s): Simplex
0:00:32 elapsed time, 0:02:18 cpu time, factor 4.21

===============
Skew_Heap
Running Skew_Heap ...
Finished Skew_Heap (0:00:02 elapsed time)
0:00:05 elapsed time

===============
Slicing
Building Jinja ...
Jinja FAILED
(see also /home/quiqui/.isabelle/Isabelle2021/heaps/polyml-5.8.2_x86_64_32-linux/log/Jinja)
***        ⟹ ℬ (compE⇩1 Vs x1) n ∧ ℬ (compE⇩1 Vs x3) n
***  3. ⋀x2 Vs n.
***        ⟦⋀Vs. ℬ (compE⇩1 Vs x2) (length Vs); length Vs = n⟧
***        ⟹ ℬ (compE⇩1 Vs x2) n
***  4. ⋀x1 Vs n.
***        ⟦⋀Vs. ℬ (compE⇩1 Vs x1) (length Vs); length Vs = n⟧
***        ⟹ ℬ (compE⇩1 Vs x1) n
***  5. ⋀x1 x4 Vs n.
***        ⟦⋀Vs. ℬ (compE⇩1 Vs x1) (length Vs);
***         ⋀Vs. ℬ (compE⇩1 Vs x4) (length Vs); length Vs = n⟧
***        ⟹ ℬ (compE⇩1 Vs x1) n ∧ ℬ (compE⇩1 Vs x4) n
***  6. ⋀x1 x3 Vs n.
***        ⟦⋀Vs. ℬ (compE⇩1 Vs x1) (length Vs);
***         ⋀Vs. ℬs (map (compE⇩1 Vs) x3) (length Vs); length Vs = n⟧
***        ⟹ ℬ (compE⇩1 Vs x1) n ∧ ℬs (map (compE⇩1 Vs) x3) n
***  7. ⋀x1 x3 Vs n.
***        ⟦⋀Vs. ℬ (compE⇩1 Vs x3) (length Vs); length Vs = n⟧
***        ⟹ ℬ (compE⇩1 (Vs @ [x1]) x3) (Suc n)
***  8. ⋀x1 x2 Vs n.
***        ⟦⋀Vs. ℬ (compE⇩1 Vs x1) (length Vs);
***         ⋀Vs. ℬ (compE⇩1 Vs x2) (length Vs); length Vs = n⟧
***        ⟹ ℬ (compE⇩1 Vs x1) n ∧ ℬ (compE⇩1 Vs x2) n
***  9. ⋀x1 x2 x3 Vs n.
***        ⟦⋀Vs. ℬ (compE⇩1 Vs x1) (length Vs);
***         ⋀Vs. ℬ (compE⇩1 Vs x2) (length Vs);
***         ⋀Vs. ℬ (compE⇩1 Vs x3) (length Vs); length Vs = n⟧
***        ⟹ ℬ (compE⇩1 Vs x1) n ∧ ℬ (compE⇩1 Vs x2) n ∧ ℬ (compE⇩1 Vs x3) n
***  10. ⋀x1 x2 Vs n.
***         ⟦⋀Vs. ℬ (compE⇩1 Vs x1) (length Vs);
***          ⋀Vs. ℬ (compE⇩1 Vs x2) (length Vs); length Vs = n⟧
***         ⟹ ℬ (compE⇩1 Vs x1) n ∧ ℬ (compE⇩1 Vs x2) n
*** A total of 13 subgoals...
*** At command "by" (line 496 of "~/Desktop/2024_sem1/AutomaticProofRepair/AFPs/afp-2020/thys/Jinja/Compiler/Correctness1.thy")
*** Failed to apply proof method (line 37 of "~/Desktop/2024_sem1/AutomaticProofRepair/AFPs/afp-2020/thys/Jinja/J/execute_Bigstep.thy"):
*** goal (1 subgoal):
***  1. ⋀a ys aa lista.
***        ⟦⋀ys. map Val lista = map Val ys ⟹ map_val (map Val ys) ys;
***         a = Val aa; ys = aa # lista⟧
***        ⟹ map_val (Val aa # map Val lista) (aa # lista)
*** At command "apply" (line 37 of "~/Desktop/2024_sem1/AutomaticProofRepair/AFPs/afp-2020/thys/Jinja/J/execute_Bigstep.thy")
Slicing CANCELLED
Unfinished session(s): Jinja, Slicing
0:01:41 elapsed time, 0:09:56 cpu time, factor 5.87

===============
Smith_Normal_Form
*** HOL-Word import

===============
Smooth_Manifolds
Running Smooth_Manifolds ...
Smooth_Manifolds FAILED
(see also /home/quiqui/.isabelle/Isabelle2021/heaps/polyml-5.8.2_x86_64_32-linux/log/Smooth_Manifolds)
*** Undefined fact: "has_derivative_within_subset" (line 260 of "~/Desktop/2024_sem1/AutomaticProofRepair/AFPs/afp-2020/thys/Smooth_Manifolds/Bump_Function.thy")
*** At command "by" (line 260 of "~/Desktop/2024_sem1/AutomaticProofRepair/AFPs/afp-2020/thys/Smooth_Manifolds/Bump_Function.thy")
*** Undefined fact: "has_derivative_within_subset" (line 44 of "~/Desktop/2024_sem1/AutomaticProofRepair/AFPs/afp-2020/thys/Smooth_Manifolds/Smooth.thy")
*** At command "note" (line 44 of "~/Desktop/2024_sem1/AutomaticProofRepair/AFPs/afp-2020/thys/Smooth_Manifolds/Smooth.thy")
Unfinished session(s): Smooth_Manifolds
0:00:25 elapsed time, 0:01:26 cpu time, factor 3.38

===============
SPARCv8
*** HOL-Word import

===============
Splay_Tree
Running Splay_Tree ...
Finished Splay_Tree (0:00:18 elapsed time, 0:00:52 cpu time, factor 2.88)
0:00:22 elapsed time, 0:00:52 cpu time, factor 2.34

===============
Stable_Matching
Running Stable_Matching ...
*** Timeout
Stable_Matching FAILED
(see also /home/quiqui/.isabelle/Isabelle2021/heaps/polyml-5.8.2_x86_64_32-linux/log/Stable_Matching)
*** Interrupt
Unfinished session(s): Stable_Matching
0:10:04 elapsed time, 0:11:12 cpu time, factor 1.11

===============
Statecharts
Running Statecharts ...
Statecharts FAILED
(see also /home/quiqui/.isabelle/Isabelle2021/heaps/polyml-5.8.2_x86_64_32-linux/log/Statecharts)
*** Failed to apply proof method (line 687 of "~/Desktop/2024_sem1/AutomaticProofRepair/AFPs/afp-2020/thys/Statecharts/HAOps.thy"):
*** goal (1 subgoal):
***  1. ⟦States SA2 ∩ (HAStates A ∪ States SA1) = {};
***      States SA1 ∩ HAStates A = {}; S ∈ HAStates A;
***      {SA2} ∉ ran (CompFun (A [++] (S, SA1)));
***      {SA2} ∈ ran (CompFun A [f+] (S, SA1))⟧
***     ⟹ False
*** At command "apply" (line 687 of "~/Desktop/2024_sem1/AutomaticProofRepair/AFPs/afp-2020/thys/Statecharts/HAOps.thy")
Unfinished session(s): Statecharts
0:00:30 elapsed time, 0:01:50 cpu time, factor 3.61

===============
Stateful_Protocol_Composition_and_Typing
Running Stateful_Protocol_Composition_and_Typing ...
Stateful_Protocol_Composition_and_Typing FAILED
(see also /home/quiqui/.isabelle/Isabelle2021/heaps/polyml-5.8.2_x86_64_32-linux/log/Stateful_Protocol_Composition_and_Typing)
*** Interrupt
Unfinished session(s): Stateful_Protocol_Composition_and_Typing
0:00:05 elapsed time

===============
Safe_Distance
Running Safe_Distance ...
Safe_Distance FAILED
(see also /home/quiqui/.isabelle/Isabelle2021/heaps/polyml-5.8.2_x86_64_32-linux/log/Safe_Distance)
*** Undefined fact: "real_mult_le_cancel_iff1" (line 1089 of "~/Desktop/2024_sem1/AutomaticProofRepair/AFPs/afp-2020/thys/Safe_Distance/Safe_Distance_Reaction.thy")
*** At command "using" (line 1089 of "~/Desktop/2024_sem1/AutomaticProofRepair/AFPs/afp-2020/thys/Safe_Distance/Safe_Distance_Reaction.thy")
*** Undefined fact: "real_mult_le_cancel_iff2" (line 137 of "~/Desktop/2024_sem1/AutomaticProofRepair/AFPs/afp-2020/thys/Safe_Distance/Safe_Distance.thy")
*** At command "by" (line 137 of "~/Desktop/2024_sem1/AutomaticProofRepair/AFPs/afp-2020/thys/Safe_Distance/Safe_Distance.thy")
Unfinished session(s): Safe_Distance
0:01:10 elapsed time, 0:04:37 cpu time, factor 3.93

===============
Stateful_Protocol_Composition_and_Typing
Running Stateful_Protocol_Composition_and_Typing ...
*** Timeout
Stateful_Protocol_Composition_and_Typing FAILED
(see also /home/quiqui/.isabelle/Isabelle2021/heaps/polyml-5.8.2_x86_64_32-linux/log/Stateful_Protocol_Composition_and_Typing)
*** Failed to apply initial proof method (line 347 of "~/Desktop/2024_sem1/AutomaticProofRepair/AFPs/afp-2020/thys/Stateful_Protocol_Composition_and_Typing/Typing_Result.thy"):
*** using this:
***     ℐ ?v2 = ?t2 ⟹ Γ (Var ?v2) = Γ ?t2 ∧ public_ground_wf_term ?t2
***     public_ground_wf_term ?t ⟹ fv ?t = {}
*** goal (1 subgoal):
***  1. ℐ v ≠ Var v
*** At command "by" (line 347 of "~/Desktop/2024_sem1/AutomaticProofRepair/AFPs/afp-2020/thys/Stateful_Protocol_Composition_and_Typing/Typing_Result.thy")
Unfinished session(s): Stateful_Protocol_Composition_and_Typing
0:40:07 elapsed time, 0:52:03 cpu time, factor 1.30

===============
Stirling_Formula
Building Bernoulli ...
Finished Bernoulli (0:01:20 elapsed time, 0:06:25 cpu time, factor 4.77)
Running Stirling_Formula ...
Stirling_Formula FAILED
(see also /home/quiqui/.isabelle/Isabelle2021/heaps/polyml-5.8.2_x86_64_32-linux/log/Stirling_Formula)
*** Undefined fact: "LIMSEQ_Suc_iff" (line 396 of "~/Desktop/2024_sem1/AutomaticProofRepair/AFPs/afp-2020/thys/Stirling_Formula/Ln_Gamma_Asymptotics.thy")
*** At command "by" (line 396 of "~/Desktop/2024_sem1/AutomaticProofRepair/AFPs/afp-2020/thys/Stirling_Formula/Ln_Gamma_Asymptotics.thy")
*** exception THM 0 raised (line 309 of "drule.ML"):
***   OF: no unifiers
***   ⟦⋀n. ?f n ≤ ?g n; ?f sums ?s; ?g sums ?t⟧ ⟹ ?s ≤ ?t
***   (⋀x. ?P x) ⟹ ∀x. ?P x
*** At command "proof" (line 96 of "~/Desktop/2024_sem1/AutomaticProofRepair/AFPs/afp-2020/thys/Stirling_Formula/Stirling_Formula.thy")
Unfinished session(s): Stirling_Formula
0:01:37 elapsed time, 0:06:53 cpu time, factor 4.24

===============
Stone_Kleene_Relation_Algebras
0:00:02 elapsed time

===============
Stone_Relation_Algebras
0:00:02 elapsed time

===============
Store_Buffer_Reduction
Running Store_Buffer_Reduction ...
Finished Store_Buffer_Reduction (0:01:09 elapsed time, 0:05:34 cpu time, factor 4.78)
0:01:15 elapsed time, 0:05:34 cpu time, factor 4.43

===============
Sturm_Sequences
Running Sturm_Sequences ...
Finished Sturm_Sequences (0:00:18 elapsed time, 0:01:07 cpu time, factor 3.67)
0:00:23 elapsed time, 0:01:07 cpu time, factor 2.94

===============
Subresultants
*** HOL-Word import

===============
Symmetric_Polynomials
*** HOL-Word import

===============
Syntax_Independent_Logic
0:00:04 elapsed time

===============
Szpilrajn
Running Szpilrajn ...
Finished Szpilrajn (0:00:01 elapsed time)
0:00:04 elapsed time

===============
Tail_Recursive_Functions
Running Tail_Recursive_Functions ...
Tail_Recursive_Functions FAILED
(see also /home/quiqui/.isabelle/Isabelle2021/heaps/polyml-5.8.2_x86_64_32-linux/log/Tail_Recursive_Functions)
*** Failed to refine any pending goal
*** At command "qed" (line 528 of "~/Desktop/2024_sem1/AutomaticProofRepair/AFPs/afp-2020/thys/Tail_Recursive_Functions/CaseStudy2.thy")
*** Failed to apply terminal proof method (line 430 of "~/Desktop/2024_sem1/AutomaticProofRepair/AFPs/afp-2020/thys/Tail_Recursive_Functions/CaseStudy2.thy"):
*** goal (1 subgoal):
***  1. ⋀ux_ uy_.
***        ⟦∀n∈{..<Suc (Suc (length uy_))}.
***            (t_sorted xt ⟶ t_sorted ((ux_ # Leaf # uy_) ! n)) ∧
***            (0 < n ⟶
***             (∃y yl yr. (Leaf # uy_) ! (n - Suc 0) = Branch y yl yr)) ∧
***            (let ts' = ux_ # Leaf # uy_ @ [Branch x xt Leaf]
***             in t_multiset ((ux_ # Leaf # uy_) ! n) =
***                (if n = 0 then {#x#} else {#}) +
***                (if x ≤ t_val ((Leaf # uy_ @ [Branch x xt Leaf]) ! n)
***                 then t_multiset (t_left (ts' ! Suc n))
***                 else t_multiset (t_right (ts' ! Suc n))));
***         X = ⦇t_type.folding = True, item = x, subtrees = ux_ # Leaf # uy_⦈⟧
***        ⟹ (y = x ⟶
***            count (t_multiset ux_) x = Suc (count (t_multiset xt) x)) ∧
***           (y ≠ x ⟶ count (t_multiset ux_) y = count (t_multiset xt) y)
*** At command "qed" (line 430 of "~/Desktop/2024_sem1/AutomaticProofRepair/AFPs/afp-2020/thys/Tail_Recursive_Functions/CaseStudy2.thy")
*** Failed to apply terminal proof method (line 424 of "~/Desktop/2024_sem1/AutomaticProofRepair/AFPs/afp-2020/thys/Tail_Recursive_Functions/CaseStudy2.thy"):
*** goal (1 subgoal):
***  1. ⋀ux_ uy_.
***        ⟦∀n∈{..<Suc (Suc (length uy_))}.
***            (t_sorted xt ⟶ t_sorted ((ux_ # Leaf # uy_) ! n)) ∧
***            (0 < n ⟶
***             (∃y yl yr. (Leaf # uy_) ! (n - Suc 0) = Branch y yl yr)) ∧
***            (let ts' = ux_ # Leaf # uy_ @ [Branch x xt Leaf]
***             in t_multiset ((ux_ # Leaf # uy_) ! n) =
***                (if n = 0 then {#x#} else {#}) +
***                (if x ≤ t_val ((Leaf # uy_ @ [Branch x xt Leaf]) ! n)
***                 then t_multiset (t_left (ts' ! Suc n))
***                 else t_multiset (t_right (ts' ! Suc n))));
***         X = ⦇t_type.folding = True, item = x, subtrees = ux_ # Leaf # uy_⦈⟧
***        ⟹ t_sorted xt ⟶ t_sorted ux_
*** At command "qed" (line 424 of "~/Desktop/2024_sem1/AutomaticProofRepair/AFPs/afp-2020/thys/Tail_Recursive_Functions/CaseStudy2.thy")
Unfinished session(s): Tail_Recursive_Functions
0:00:07 elapsed time, 0:00:07 cpu time, factor 1.04

===============
Tarskis_Geometry
Running Tarskis_Geometry ...
Tarskis_Geometry FAILED
(see also /home/quiqui/.isabelle/Isabelle2021/heaps/polyml-5.8.2_x86_64_32-linux/log/Tarskis_Geometry)
*** Undefined fact: "card_infinite" (line 299 of "~/Desktop/2024_sem1/AutomaticProofRepair/AFPs/afp-2020/thys/Tarskis_Geometry/Miscellany.thy")
*** At command "by" (line 299 of "~/Desktop/2024_sem1/AutomaticProofRepair/AFPs/afp-2020/thys/Tarskis_Geometry/Miscellany.thy")
Unfinished session(s): Tarskis_Geometry
0:00:22 elapsed time, 0:01:22 cpu time, factor 3.60

===============
TortoiseHare
Running TortoiseHare ...
*** Timeout
TortoiseHare FAILED
(see also /home/quiqui/.isabelle/Isabelle2021/heaps/polyml-5.8.2_x86_64_32-linux/log/TortoiseHare)
*** Undefined fact: "nat_add_left_cancel" (line 125 of "~/Desktop/2024_sem1/AutomaticProofRepair/AFPs/afp-2020/thys/TortoiseHare/Brent.thy")
*** At command "by" (line 124 of "~/Desktop/2024_sem1/AutomaticProofRepair/AFPs/afp-2020/thys/TortoiseHare/Brent.thy")
Unfinished session(s): TortoiseHare
0:10:09 elapsed time, 0:10:23 cpu time, factor 1.02

===============
Transcendence_Series_Hancl_Rucki
*** HOL-Word import

===============
Transition_Systems_and_Automata
*** HOL-Word import

===============
Tree-Automata
*** HOL-Word import

===============
Tree_Decomposition
Running Tree_Decomposition ...
Tree_Decomposition FAILED
(see also /home/quiqui/.isabelle/Isabelle2021/heaps/polyml-5.8.2_x86_64_32-linux/log/Tree_Decomposition)
*** Undefined fact: "card_empty" (line 81 of "~/Desktop/2024_sem1/AutomaticProofRepair/AFPs/afp-2020/thys/Tree_Decomposition/TreewidthCompleteGraph.thy")
*** At command "using" (line 81 of "~/Desktop/2024_sem1/AutomaticProofRepair/AFPs/afp-2020/thys/Tree_Decomposition/TreewidthCompleteGraph.thy")
*** Undefined fact: "card_empty" (line 70 of "~/Desktop/2024_sem1/AutomaticProofRepair/AFPs/afp-2020/thys/Tree_Decomposition/TreewidthTree.thy")
*** At command "by" (line 70 of "~/Desktop/2024_sem1/AutomaticProofRepair/AFPs/afp-2020/thys/Tree_Decomposition/TreewidthTree.thy")
Unfinished session(s): Tree_Decomposition
0:00:06 elapsed time, 0:00:12 cpu time, factor 1.85

===============
Twelvefold_Way
Running Twelvefold_Way ...
Twelvefold_Way FAILED
(see also /home/quiqui/.isabelle/Isabelle2021/heaps/polyml-5.8.2_x86_64_32-linux/log/Twelvefold_Way)
*** Undefined fact: "card_empty" (line 157 of "~/Desktop/2024_sem1/AutomaticProofRepair/AFPs/afp-2020/thys/Twelvefold_Way/Card_Bijections.thy")
*** At command "by" (line 157 of "~/Desktop/2024_sem1/AutomaticProofRepair/AFPs/afp-2020/thys/Twelvefold_Way/Card_Bijections.thy")
*** Undefined fact: "card_empty" (line 113 of "~/Desktop/2024_sem1/AutomaticProofRepair/AFPs/afp-2020/thys/Twelvefold_Way/Card_Bijections.thy")
*** At command "by" (line 113 of "~/Desktop/2024_sem1/AutomaticProofRepair/AFPs/afp-2020/thys/Twelvefold_Way/Card_Bijections.thy")
*** Undefined fact: "card_empty" (line 69 of "~/Desktop/2024_sem1/AutomaticProofRepair/AFPs/afp-2020/thys/Twelvefold_Way/Card_Bijections.thy")
*** At command "by" (line 69 of "~/Desktop/2024_sem1/AutomaticProofRepair/AFPs/afp-2020/thys/Twelvefold_Way/Card_Bijections.thy")
*** Undefined fact: "card_empty" (line 29 of "~/Desktop/2024_sem1/AutomaticProofRepair/AFPs/afp-2020/thys/Twelvefold_Way/Card_Bijections.thy")
*** At command "by" (line 29 of "~/Desktop/2024_sem1/AutomaticProofRepair/AFPs/afp-2020/thys/Twelvefold_Way/Card_Bijections.thy")
*** Undefined fact: "card_infinite" (line 31 of "~/Desktop/2024_sem1/AutomaticProofRepair/AFPs/afp-2020/thys/Twelvefold_Way/Preliminaries.thy")
*** At command "from" (line 31 of "~/Desktop/2024_sem1/AutomaticProofRepair/AFPs/afp-2020/thys/Twelvefold_Way/Preliminaries.thy")
*** Undefined fact: "card_infinite" (line 194 of "~/Desktop/2024_sem1/AutomaticProofRepair/AFPs/afp-2020/thys/Twelvefold_Way/Preliminaries.thy")
*** At command "using" (line 194 of "~/Desktop/2024_sem1/AutomaticProofRepair/AFPs/afp-2020/thys/Twelvefold_Way/Preliminaries.thy")
*** Undefined fact: "card_empty" (line 350 of "~/Desktop/2024_sem1/AutomaticProofRepair/AFPs/afp-2020/thys/Card_Partitions/Card_Partitions.thy")
*** At command "by" (line 350 of "~/Desktop/2024_sem1/AutomaticProofRepair/AFPs/afp-2020/thys/Card_Partitions/Card_Partitions.thy")
*** Undefined fact: "card_empty" (line 306 of "~/Desktop/2024_sem1/AutomaticProofRepair/AFPs/afp-2020/thys/Card_Number_Partitions/Card_Number_Partitions.thy")
*** At command "by" (line 306 of "~/Desktop/2024_sem1/AutomaticProofRepair/AFPs/afp-2020/thys/Card_Number_Partitions/Card_Number_Partitions.thy")
*** Undefined fact: "card_empty" (line 146 of "~/Desktop/2024_sem1/AutomaticProofRepair/AFPs/afp-2020/thys/Card_Number_Partitions/Card_Number_Partitions.thy")
*** At command "by" (line 146 of "~/Desktop/2024_sem1/AutomaticProofRepair/AFPs/afp-2020/thys/Card_Number_Partitions/Card_Number_Partitions.thy")
*** Undefined fact: "card_empty" (line 193 of "~/Desktop/2024_sem1/AutomaticProofRepair/AFPs/afp-2020/thys/Card_Multisets/Card_Multisets.thy")
*** At command "by" (line 193 of "~/Desktop/2024_sem1/AutomaticProofRepair/AFPs/afp-2020/thys/Card_Multisets/Card_Multisets.thy")
Unfinished session(s): Twelvefold_Way
0:00:30 elapsed time, 0:02:06 cpu time, factor 4.16

===============
Universal_Turing_Machine
Running Universal_Turing_Machine ...
Universal_Turing_Machine FAILED
(see also /home/quiqui/.isabelle/Isabelle2021/heaps/polyml-5.8.2_x86_64_32-linux/log/Universal_Turing_Machine)
*** Cannot determine type of "Mr" (line 2492 of "~/Desktop/2024_sem1/AutomaticProofRepair/AFPs/afp-2020/thys/Universal_Turing_Machine/Abacus.thy")
*** At command "apply" (line 2492 of "~/Desktop/2024_sem1/AutomaticProofRepair/AFPs/afp-2020/thys/Universal_Turing_Machine/Abacus.thy")
*** Cannot determine type of "tn" (line 1214 of "~/Desktop/2024_sem1/AutomaticProofRepair/AFPs/afp-2020/thys/Universal_Turing_Machine/Abacus.thy")
*** At command "apply" (line 1214 of "~/Desktop/2024_sem1/AutomaticProofRepair/AFPs/afp-2020/thys/Universal_Turing_Machine/Abacus.thy")
*** Failed to apply proof method (line 1268 of "~/Desktop/2024_sem1/AutomaticProofRepair/AFPs/afp-2020/thys/Universal_Turing_Machine/Abacus.thy"):
*** goal (1 subgoal):
***  1. ⋀lm1 lm2 m ml mr rn.
***        ⟦∀n. xs ≠ Bk ↑ n;
***         am @ 0 ↑ (Suc q - length am) = lm1 @ m # lm2 ∧
***         length lm1 = q ∧
***         Suc m = ml + mr ∧
***         0 < ml ∧
***         (if lm1 = [] then aaa = Oc ↑ ml @ Bk # Bk # ires
***          else aaa = Oc ↑ ml @ [Bk] @ <rev lm1> @ Bk # Bk # ires) ∧
***         (mr = 0 ∧ xs = <lm2> @ Bk ↑ rn ∨ lm2 = [] ∧ Bk # xs = Oc ↑ mr)⟧
***        ⟹ am = lm1 @ m # lm2 ∧
***           aaa = <m # rev lm1> @ Bk # Bk # ires ∧ (∃rn. xs = <lm2> @ Bk ↑ rn)
*** At command "apply" (line 1268 of "~/Desktop/2024_sem1/AutomaticProofRepair/AFPs/afp-2020/thys/Universal_Turing_Machine/Abacus.thy")
*** Failed to apply proof method (line 1198 of "~/Desktop/2024_sem1/AutomaticProofRepair/AFPs/afp-2020/thys/Universal_Turing_Machine/Abacus.thy"):
*** goal (1 subgoal):
***  1. ⋀lm1 lm2 tn m ml mr rn.
***        am @ 0 ↑ tn = lm1 @ [m] @ lm2 ∧
***        length lm1 = q ∧
***        m + 1 = ml + mr ∧
***        ml ≠ 0 ∧
***        tn = q + 1 - length am ∧
***        (if lm1 = [] then aaa = Oc ↑ ml @ Bk # Bk # ires
***         else aaa = Oc ↑ ml @ [Bk] @ <rev lm1> @ Bk # Bk # ires) ∧
***        (Oc # xs = Oc ↑ mr @ [Bk] @ <lm2> @ Bk ↑ rn ∨
***         lm2 = [] ∧ Oc # xs = Oc ↑ mr) ⟹
***        am @ 0 ↑ tn = lm1 @ [m] @ lm2 ∧
***        length lm1 = q ∧
***        m + 1 = Suc ml + (mr - 1) ∧
***        Suc ml ≠ 0 ∧
***        tn = q + 1 - length am ∧
***        (if lm1 = [] then Oc # aaa = Oc ↑ Suc ml @ Bk # Bk # ires
***         else Oc # aaa = Oc ↑ Suc ml @ [Bk] @ <rev lm1> @ Bk # Bk # ires) ∧
***        (xs = Oc ↑ (mr - 1) @ [Bk] @ <lm2> @ Bk ↑ rn ∨
***         lm2 = [] ∧ xs = Oc ↑ (mr - 1))
*** At command "apply" (line 1198 of "~/Desktop/2024_sem1/AutomaticProofRepair/AFPs/afp-2020/thys/Universal_Turing_Machine/Abacus.thy")
Unfinished session(s): Universal_Turing_Machine
0:01:53 elapsed time, 0:10:07 cpu time, factor 5.33

===============
UTP
Building UTP-Toolkit ...
*** Timeout
UTP-Toolkit FAILED
(see also /home/quiqui/.isabelle/Isabelle2021/heaps/polyml-5.8.2_x86_64_32-linux/log/UTP-Toolkit)
*** Interrupt
UTP CANCELLED
Unfinished session(s): UTP, UTP-Toolkit
0:10:05 elapsed time, 0:11:29 cpu time, factor 1.14

===============
Valuation
Building Group-Ring-Module ...
Warning - Unable to increase stack - interrupting thread
Group-Ring-Module FAILED
(see also /home/quiqui/.isabelle/Isabelle2021/heaps/polyml-5.8.2_x86_64_32-linux/log/Group-Ring-Module)
*** goal (3 subgoals):
***  1. ⋀g h x.
***        ⟦∀k≤Suc n. Ring (B k); x ≤ n; g ∈ extensional {i. i ≤ n};
***         h ∈ extensional {0}; g ∈ {i. i ≤ n} → Un_carrier {i. i ≤ n} B;
***         ∀i≤n. g i ∈ carrier (B i);
***         h 0 ∈ Un_carrier {0} (compose {0} B (slide (Suc n)));
***         h 0 ∈ carrier (compose {0} B (slide (Suc n)) 0); x ∈ {i. i ≤ n};
***         g x ∈ Un_carrier {j. j ≤ n} B⟧
***        ⟹ g x ∈ Un_carrier {i. i ≤ Suc n} B
***  2. ⋀g h x.
***        ⟦∀k≤Suc n. Ring (B k); g ∈ carr_prodag {i. i ≤ n} B;
***         h ∈ carr_prodag {0} (compose {0} B (slide (Suc n))); x ≤ Suc n;
***         ¬ x ≤ n⟧
***        ⟹ (x ≤ n ⟶ g x ∈ Un_carrier {i. i ≤ Suc n} B) ∧
***           (¬ x ≤ n ⟶ h (sliden (Suc n) x) ∈ Un_carrier {i. i ≤ Suc n} B)
***  3. ⋀g h. ⟦∀k≤Suc n. Ring (B k); g ∈ carr_prodag {i. i ≤ n} B;
***            h ∈ carr_prodag {0} (compose {0} B (slide (Suc n)))⟧
***           ⟹ ∀i≤Suc n.
***                 augm_func n g (Un_carrier {j. j ≤ n} B) (Suc 0) h
***                  (Un_carrier {0} (compose {0} B (slide (Suc n)))) i
***                 ∈ carrier (B i)
*** At command "apply" (line 832 of "~/Desktop/2024_sem1/AutomaticProofRepair/AFPs/afp-2020/thys/Group-Ring-Module/Algebra5.thy")
*** Failed to apply proof method (line 4186 of "~/Desktop/2024_sem1/AutomaticProofRepair/AFPs/afp-2020/thys/Group-Ring-Module/Algebra1.thy"):
*** goal (1 subgoal):
***  1. i < j ⟹ {y. ∃x≤j - i. y = slide i x} = nset i j
*** At command "apply" (line 4186 of "~/Desktop/2024_sem1/AutomaticProofRepair/AFPs/afp-2020/thys/Group-Ring-Module/Algebra1.thy")
*** Failed to apply proof method (line 1256 of "~/Desktop/2024_sem1/AutomaticProofRepair/AFPs/afp-2020/thys/Group-Ring-Module/Algebra1.thy"):
*** goal (1 subgoal):
***  1. f ∈ {j. j ≤ Suc n} → B ⟹
***     f ` {j. j ≤ Suc n} ⊆ insert (f (Suc n)) (f ` {j. j ≤ n})
*** At command "apply" (line 1256 of "~/Desktop/2024_sem1/AutomaticProofRepair/AFPs/afp-2020/thys/Group-Ring-Module/Algebra1.thy")
*** Failed to apply proof method (line 1232 of "~/Desktop/2024_sem1/AutomaticProofRepair/AFPs/afp-2020/thys/Group-Ring-Module/Algebra1.thy"):
*** goal (2 subgoals):
***  1. ⋀x xa.
***        ⟦f ∈ {j. j ≤ Suc n} → B; ∃xa≤Suc n. x = f xa; xa ≤ n;
***         f (Suc n) = f xa⟧
***        ⟹ ∃xa≤n. x = f xa
***  2. ⟦f ∈ {j. j ≤ Suc n} → B; f (Suc n) ∈ f ` {j. j ≤ n}⟧
***     ⟹ f ` {j. j ≤ n} ⊆ f ` {j. j ≤ Suc n}
*** At command "apply" (line 1232 of "~/Desktop/2024_sem1/AutomaticProofRepair/AFPs/afp-2020/thys/Group-Ring-Module/Algebra1.thy")
Valuation CANCELLED
Unfinished session(s): Group-Ring-Module, Valuation
0:01:53 elapsed time, 0:06:37 cpu time, factor 3.51

===============
VeriComp
Running VeriComp ...
Finished VeriComp (0:00:02 elapsed time, 0:00:05 cpu time)
0:00:04 elapsed time, 0:00:05 cpu time, factor 1.08

===============
Verified-Prover
Running Verified-Prover ...
Verified-Prover FAILED
(see also /home/quiqui/.isabelle/Isabelle2021/heaps/polyml-5.8.2_x86_64_32-linux/log/Verified-Prover)
*** Type unification failed: Clash of types "form" and "nat"
*** 
*** Type error in application: incompatible operand type
*** 
*** Operator:  PAtom :: nat ⇒ nat list ⇒ form
*** Operand:   nat :: form
*** 
*** At command "apply" (line 1009 of "~/Desktop/2024_sem1/AutomaticProofRepair/AFPs/afp-2020/thys/Verified-Prover/Prover.thy")
Unfinished session(s): Verified-Prover
0:00:06 elapsed time, 0:00:09 cpu time, factor 1.47

===============
Verified_SAT_Based_AI_Planning
*** HOL-Word import

===============
VerifyThis2018
*** HOL-Word import

===============
Vickrey_Clarke_Groves
Running Vickrey_Clarke_Groves ...
Vickrey_Clarke_Groves FAILED
(see also /home/quiqui/.isabelle/Isabelle2021/heaps/polyml-5.8.2_x86_64_32-linux/log/Vickrey_Clarke_Groves)
*** Undefined fact: "card_infinite" (line 1235 of "~/Desktop/2024_sem1/AutomaticProofRepair/AFPs/afp-2020/thys/Vickrey_Clarke_Groves/MiscTools.thy")
*** At command "using" (line 1235 of "~/Desktop/2024_sem1/AutomaticProofRepair/AFPs/afp-2020/thys/Vickrey_Clarke_Groves/MiscTools.thy")
*** Undefined fact: "card_infinite" (line 1163 of "~/Desktop/2024_sem1/AutomaticProofRepair/AFPs/afp-2020/thys/Vickrey_Clarke_Groves/MiscTools.thy")
*** At command "by" (line 1163 of "~/Desktop/2024_sem1/AutomaticProofRepair/AFPs/afp-2020/thys/Vickrey_Clarke_Groves/MiscTools.thy")
*** Undefined fact: "card_infinite" (line 891 of "~/Desktop/2024_sem1/AutomaticProofRepair/AFPs/afp-2020/thys/Vickrey_Clarke_Groves/MiscTools.thy")
*** At command "by" (line 891 of "~/Desktop/2024_sem1/AutomaticProofRepair/AFPs/afp-2020/thys/Vickrey_Clarke_Groves/MiscTools.thy")
*** Undefined fact: "card_infinite" (line 879 of "~/Desktop/2024_sem1/AutomaticProofRepair/AFPs/afp-2020/thys/Vickrey_Clarke_Groves/MiscTools.thy")
*** At command "by" (line 879 of "~/Desktop/2024_sem1/AutomaticProofRepair/AFPs/afp-2020/thys/Vickrey_Clarke_Groves/MiscTools.thy")
*** Undefined fact: "card_infinite" (line 874 of "~/Desktop/2024_sem1/AutomaticProofRepair/AFPs/afp-2020/thys/Vickrey_Clarke_Groves/MiscTools.thy")
*** At command "by" (line 874 of "~/Desktop/2024_sem1/AutomaticProofRepair/AFPs/afp-2020/thys/Vickrey_Clarke_Groves/MiscTools.thy")
*** Undefined fact: "card_empty" (line 36 of "~/Desktop/2024_sem1/AutomaticProofRepair/AFPs/afp-2020/thys/Vickrey_Clarke_Groves/RelationProperties.thy")
*** At command "by" (line 36 of "~/Desktop/2024_sem1/AutomaticProofRepair/AFPs/afp-2020/thys/Vickrey_Clarke_Groves/RelationProperties.thy")
*** Undefined fact: "card_empty" (line 129 of "~/Desktop/2024_sem1/AutomaticProofRepair/AFPs/afp-2020/thys/Vickrey_Clarke_Groves/SetUtils.thy")
*** At command "using" (line 129 of "~/Desktop/2024_sem1/AutomaticProofRepair/AFPs/afp-2020/thys/Vickrey_Clarke_Groves/SetUtils.thy")
*** Undefined fact: "card_empty" (line 96 of "~/Desktop/2024_sem1/AutomaticProofRepair/AFPs/afp-2020/thys/Vickrey_Clarke_Groves/SetUtils.thy")
*** At command "using" (line 96 of "~/Desktop/2024_sem1/AutomaticProofRepair/AFPs/afp-2020/thys/Vickrey_Clarke_Groves/SetUtils.thy")
*** Undefined fact: "card_empty" (line 101 of "~/Desktop/2024_sem1/AutomaticProofRepair/AFPs/afp-2020/thys/Vickrey_Clarke_Groves/SetUtils.thy")
*** At command "using" (line 101 of "~/Desktop/2024_sem1/AutomaticProofRepair/AFPs/afp-2020/thys/Vickrey_Clarke_Groves/SetUtils.thy")
Unfinished session(s): Vickrey_Clarke_Groves
0:00:23 elapsed time, 0:01:36 cpu time, factor 4.17

===============
WebAssembly
*** HOL-Word import

===============
Winding_Number_Eval
Running Winding_Number_Eval ...
Winding_Number_Eval FAILED
(see also /home/quiqui/.isabelle/Isabelle2021/heaps/polyml-5.8.2_x86_64_32-linux/log/Winding_Number_Eval)
*** Failed to apply initial proof method (line 2237 of "~/Desktop/2024_sem1/AutomaticProofRepair/AFPs/afp-2020/thys/Winding_Number_Eval/Winding_Number_Eval.thy"):
*** goal (1 subgoal):
***  1. z0 +
***     complex_of_real r *
***     (cos (complex_of_real ((1 - 0) *⇩R (2 * pi) + 0 *⇩R tt)) +
***      𝗂 * sin (complex_of_real ((1 - 0) *⇩R (2 * pi) + 0 *⇩R tt))) =
***     z0 + complex_of_real r
*** At command "by" (line 2237 of "~/Desktop/2024_sem1/AutomaticProofRepair/AFPs/afp-2020/thys/Winding_Number_Eval/Winding_Number_Eval.thy")
Unfinished session(s): Winding_Number_Eval
0:00:32 elapsed time, 0:02:14 cpu time, factor 4.15

===============
WOOT_Strong_Eventual_Consistency
*** HOL-Word import

===============
Word_Lib
*** HOL-Word import

===============
WorkerWrapper
Running WorkerWrapper ...
Finished WorkerWrapper (0:00:04 elapsed time, 0:00:14 cpu time, factor 3.27)
0:00:07 elapsed time, 0:00:14 cpu time, factor 1.98

===============
ZFC_in_HOL
Running ZFC_in_HOL ...
Finished ZFC_in_HOL (0:00:18 elapsed time, 0:01:54 cpu time, factor 6.26)
0:00:21 elapsed time, 0:01:54 cpu time, factor 5.31

