===============
Ackermanns_not_PR
0:00:03 elapsed time

===============
Actuarial_Mathematics
Running Actuarial_Mathematics ...
Actuarial_Mathematics FAILED
(see also /home/quiqui/.isabelle/Isabelle2022/heaps/polyml-5.9_x86_64_32-linux/log/Actuarial_Mathematics)
*** Undefined fact: "has_field_derivative_iff_has_vector_derivative" (line 136 of "~/Desktop/2024_sem1/AutomaticProofRepair/AFPs/afp-2021-1/thys/Actuarial_Mathematics/Preliminaries.thy")
*** At command "by" (line 136 of "~/Desktop/2024_sem1/AutomaticProofRepair/AFPs/afp-2021-1/thys/Actuarial_Mathematics/Preliminaries.thy")
Unfinished session(s): Actuarial_Mathematics
0:00:13 elapsed time, 0:00:12 cpu time, factor 0.95

===============
Affine_Arithmetic
Running Affine_Arithmetic ...
Affine_Arithmetic FAILED
(see also /home/quiqui/.isabelle/Isabelle2022/heaps/polyml-5.9_x86_64_32-linux/log/Affine_Arithmetic)
*** using this:
***   wf_set_bits_int f
*** goal (1 subgoal):
***  1. bit (BITS a. f a) 0 = f 0
*** At command "by" (line 242 of "~/Desktop/2024_sem1/AutomaticProofRepair/AFPs/afp-2021-1/thys/Word_Lib/Bit_Comprehension.thy")
*** Failed to apply proof method (line 62 of "~/Desktop/2024_sem1/AutomaticProofRepair/AFPs/afp-2021-1/thys/Word_Lib/More_Word.thy"):
*** goal:
*** No subgoals!
*** At command "apply" (line 62 of "~/Desktop/2024_sem1/AutomaticProofRepair/AFPs/afp-2021-1/thys/Word_Lib/More_Word.thy")
*** Failed to apply proof method (line 130 of "~/Desktop/2024_sem1/AutomaticProofRepair/AFPs/afp-2021-1/thys/Word_Lib/Signed_Division_Word.thy"):
*** goal (2 subgoals):
***  1. a = - (2 ^ (LENGTH('a) - Suc 0)) ⟶ b ≠ - 1 ⟹
***     word_of_int (sgn (sint a)) * word_of_int (¦sint a¦ mod ¦sint b¦) =
***     a - word_of_int (sint a sdiv sint b) * b
***  2. ¬ (a ≠ - (2 ^ (LENGTH('a) - 1)) ∨ b ≠ - 1) ⟹
***     a smod b = a - a sdiv b * b
*** At command "apply" (line 130 of "~/Desktop/2024_sem1/AutomaticProofRepair/AFPs/afp-2021-1/thys/Word_Lib/Signed_Division_Word.thy")
*** Failed to finish proof (line 62 of "~/Desktop/2024_sem1/AutomaticProofRepair/AFPs/afp-2021-1/thys/Word_Lib/Signed_Division_Word.thy"):
*** goal (1 subgoal):
***  1. word_of_int (sgn (sint w)) * word_of_int ¦sint w¦ = w
*** At command "by" (line 62 of "~/Desktop/2024_sem1/AutomaticProofRepair/AFPs/afp-2021-1/thys/Word_Lib/Signed_Division_Word.thy")
*** Failed to finish proof (line 41 of "~/Desktop/2024_sem1/AutomaticProofRepair/AFPs/afp-2021-1/thys/Word_Lib/Signed_Division_Word.thy"):
*** goal (4 subgoals):
***  1. ⟦sint a < 0; sint b < 0⟧
***     ⟹ word_of_int (sint a sdiv sint b) * b +
***        word_of_int (sint a mod sint b) =
***        a
***  2. ⟦sint a < 0; ¬ sint b < 0⟧
***     ⟹ word_of_int (sint a sdiv sint b) * b -
***        word_of_int (- sint a mod sint b) =
***        a
***  3. ⟦¬ sint a < 0; sint b < 0⟧
***     ⟹ word_of_int (sint a sdiv sint b) * b +
***        word_of_int (sgn (sint a)) * word_of_int (sint a mod - sint b) =
***        a
***  4. ⟦¬ sint a < 0; ¬ sint b < 0⟧
***     ⟹ word_of_int (sint a sdiv sint b) * b +
***        word_of_int (sgn (sint a)) * word_of_int (sint a mod sint b) =
***        a
*** At command "by" (line 41 of "~/Desktop/2024_sem1/AutomaticProofRepair/AFPs/afp-2021-1/thys/Word_Lib/Signed_Division_Word.thy")
Unfinished session(s): Affine_Arithmetic
0:32:13 elapsed time, 0:48:10 cpu time, factor 1.49

===============
AI_Planning_Languages_Semantics
0:00:09 elapsed time

===============
Akra_Bazzi
Running Akra_Bazzi ...
Akra_Bazzi FAILED
(see also /home/quiqui/.isabelle/Isabelle2022/heaps/polyml-5.9_x86_64_32-linux/log/Akra_Bazzi)
*** Undefined fact: "has_field_derivative_iff_has_vector_derivative" (line 19 of "~/Desktop/2024_sem1/AutomaticProofRepair/AFPs/afp-2021-1/thys/Akra_Bazzi/Master_Theorem.thy")
*** At command "by" (line 18 of "~/Desktop/2024_sem1/AutomaticProofRepair/AFPs/afp-2021-1/thys/Akra_Bazzi/Master_Theorem.thy")
Unfinished session(s): Akra_Bazzi
0:01:35 elapsed time, 0:05:20 cpu time, factor 3.37

===============
Algebraic_Numbers
Building Jordan_Normal_Form ...
Jordan_Normal_Form FAILED
(see also /home/quiqui/.isabelle/Isabelle2022/heaps/polyml-5.9_x86_64_32-linux/log/Jordan_Normal_Form)
*** Undefined fact: "pdivmod_pdivmodrel" (line 348 of "~/Desktop/2024_sem1/AutomaticProofRepair/AFPs/afp-2021-1/thys/Polynomial_Interpolation/Ring_Hom_Poly.thy")
*** At command "from" (line 348 of "~/Desktop/2024_sem1/AutomaticProofRepair/AFPs/afp-2021-1/thys/Polynomial_Interpolation/Ring_Hom_Poly.thy")
Subresultants CANCELLED
Berlekamp_Zassenhaus CANCELLED
Algebraic_Numbers CANCELLED
Unfinished session(s): Algebraic_Numbers, Berlekamp_Zassenhaus, Jordan_Normal_Form, Subresultants
0:06:37 elapsed time, 0:23:34 cpu time, factor 3.56

===============
Amicable_Numbers
Running Amicable_Numbers ...
Amicable_Numbers FAILED
(see also /home/quiqui/.isabelle/Isabelle2022/heaps/polyml-5.9_x86_64_32-linux/log/Amicable_Numbers)
*** Failed to load theory "Amicable_Numbers.Amicable_Numbers" (unresolved "Polynomial_Factorization.Prime_Factorization")
*** Undefined constant: "Divides.divmod_nat" (line 42 of "~/Desktop/2024_sem1/AutomaticProofRepair/AFPs/afp-2021-1/thys/Polynomial_Factorization/Prime_Factorization.thy")
*** At command "partial_function" (line 41 of "~/Desktop/2024_sem1/AutomaticProofRepair/AFPs/afp-2021-1/thys/Polynomial_Factorization/Prime_Factorization.thy")
Unfinished session(s): Amicable_Numbers
0:00:29 elapsed time, 0:00:54 cpu time, factor 1.85

===============
Amortized_Complexity
0:00:05 elapsed time

===============
Auto2_HOL
0:00:04 elapsed time

===============
Auto2_Imperative_HOL
0:00:04 elapsed time

===============
Automated_Stateful_Protocol_Verification
0:00:05 elapsed time

===============
AxiomaticCategoryTheory
0:00:02 elapsed time

===============
Banach_Steinhaus
0:00:04 elapsed time

===============
BD_Security_Compositional
0:00:03 elapsed time

===============
BenOr_Kozen_Reif
Building Jordan_Normal_Form ...
Jordan_Normal_Form FAILED
(see also /home/quiqui/.isabelle/Isabelle2022/heaps/polyml-5.9_x86_64_32-linux/log/Jordan_Normal_Form)
*** Undefined fact: "pdivmod_pdivmodrel" (line 348 of "~/Desktop/2024_sem1/AutomaticProofRepair/AFPs/afp-2021-1/thys/Polynomial_Interpolation/Ring_Hom_Poly.thy")
*** At command "from" (line 348 of "~/Desktop/2024_sem1/AutomaticProofRepair/AFPs/afp-2021-1/thys/Polynomial_Interpolation/Ring_Hom_Poly.thy")
Subresultants CANCELLED
Berlekamp_Zassenhaus CANCELLED
Algebraic_Numbers CANCELLED
BenOr_Kozen_Reif CANCELLED
Unfinished session(s): Algebraic_Numbers, BenOr_Kozen_Reif, Berlekamp_Zassenhaus, Jordan_Normal_Form, Subresultants
0:03:59 elapsed time, 0:21:04 cpu time, factor 5.28

===============
Berlekamp_Zassenhaus
Building Jordan_Normal_Form ...
Jordan_Normal_Form FAILED
(see also /home/quiqui/.isabelle/Isabelle2022/heaps/polyml-5.9_x86_64_32-linux/log/Jordan_Normal_Form)
*** Undefined fact: "pdivmod_pdivmodrel" (line 348 of "~/Desktop/2024_sem1/AutomaticProofRepair/AFPs/afp-2021-1/thys/Polynomial_Interpolation/Ring_Hom_Poly.thy")
*** At command "from" (line 348 of "~/Desktop/2024_sem1/AutomaticProofRepair/AFPs/afp-2021-1/thys/Polynomial_Interpolation/Ring_Hom_Poly.thy")
Subresultants CANCELLED
Berlekamp_Zassenhaus CANCELLED
Unfinished session(s): Berlekamp_Zassenhaus, Jordan_Normal_Form, Subresultants
0:06:33 elapsed time, 0:27:06 cpu time, factor 4.14

===============
Bicategory
0:00:07 elapsed time

===============
Binding_Syntax_Theory
0:00:05 elapsed time

===============
Blue_Eyes
0:00:08 elapsed time

===============
BNF_CC
Running BNF_CC ...
BNF_CC FAILED
(see also /home/quiqui/.isabelle/Isabelle2022/heaps/polyml-5.9_x86_64_32-linux/log/BNF_CC)
*** Failed to finish proof (line 566 of "~/Desktop/2024_sem1/AutomaticProofRepair/AFPs/afp-2021-1/thys/BNF_CC/Subtypes.thy"):
*** goal (1 subgoal):
***  1. ⋀a b. ⟦pred_H (Domainp (λa b. a ∈ set_H z)) z'; (a, b) ∈ set_H z'⟧
***           ⟹ (a, b) ∈ set_H z
*** At command "by" (line 566 of "~/Desktop/2024_sem1/AutomaticProofRepair/AFPs/afp-2021-1/thys/BNF_CC/Subtypes.thy")
*** Failed to apply proof method (line 301 of "~/Desktop/2024_sem1/AutomaticProofRepair/AFPs/afp-2021-1/thys/BNF_CC/Subtypes.thy"):
*** goal (1 subgoal):
***  1. regularCard bd_G
*** At command "apply" (line 301 of "~/Desktop/2024_sem1/AutomaticProofRepair/AFPs/afp-2021-1/thys/BNF_CC/Subtypes.thy")
*** Failed to finish proof (line 670 of "~/Desktop/2024_sem1/AutomaticProofRepair/AFPs/afp-2021-1/thys/BNF_CC/Axiomatised_BNF_CC.thy"):
*** goal (7 subgoals):
***  1. regularCard bd_G
***  2. ⋀x. |set1_G x| <o bd_G
***  3. ⋀x. |set2_G x| <o bd_G
***  4. ⋀R1 R2 S1 S2.
***        rell_G R1 R2 OO rell_G S1 S2 ≤ rell_G (R1 OO S1) (R2 OO S2)
***  5. ⋀R1 R2.
***        rell_G R1 R2 =
***        (λx y. ∃z. (set1_G z ⊆ {(x, y). R1 x y} ∧
***                    set2_G z ⊆ {(x, y). R2 x y}) ∧
***                   mapl_G fst fst z = x ∧ mapl_G snd snd z = y)
***  6. ⋀b1 z2. b1 ∈ set1_G (wit_G z2) ⟹ False
***  7. ⋀b2 z2. b2 ∈ set2_G (wit_G z2) ⟹ b2 = z2
*** At command "by" (line 668 of "~/Desktop/2024_sem1/AutomaticProofRepair/AFPs/afp-2021-1/thys/BNF_CC/Axiomatised_BNF_CC.thy")
*** Failed to finish proof (line 325 of "~/Desktop/2024_sem1/AutomaticProofRepair/AFPs/afp-2021-1/thys/BNF_CC/Axiomatised_BNF_CC.thy"):
*** goal (6 subgoals):
***  1. regularCard bd_F
***  2. ⋀x. |set1_F x| <o bd_F
***  3. ⋀x. |set2_F x| <o bd_F
***  4. ⋀x. |set3_F x| <o bd_F
***  5. ⋀R1 R2 R3 S1 S2 S3.
***        rell_F R1 R2 R3 OO rell_F S1 S2 S3
***        ≤ rell_F (R1 OO S1) (R2 OO S2) (R3 OO S3)
***  6. ⋀R1 R2 R3.
***        rell_F R1 R2 R3 =
***        (λx y. ∃z. (set1_F z ⊆ {(x, y). R1 x y} ∧
***                    set2_F z ⊆ {(x, y). R2 x y} ∧
***                    set3_F z ⊆ {(x, y). R3 x y}) ∧
***                   mapl_F fst fst fst z = x ∧ mapl_F snd snd snd z = y)
*** At command "by" (line 323 of "~/Desktop/2024_sem1/AutomaticProofRepair/AFPs/afp-2021-1/thys/BNF_CC/Axiomatised_BNF_CC.thy")
Unfinished session(s): BNF_CC
0:00:43 elapsed time, 0:01:04 cpu time, factor 1.48

===============
BNF_Operations
Running BNF_Operations ...
BNF_Operations FAILED
(see also /home/quiqui/.isabelle/Isabelle2022/heaps/polyml-5.9_x86_64_32-linux/log/BNF_Operations)
*** Failed to apply proof method (line 112 of "~/Desktop/2024_sem1/AutomaticProofRepair/AFPs/afp-2021-1/thys/BNF_Operations/Kill.thy"):
*** goal (5 subgoals):
***  1. regularCard bd_F
***  2. ⋀x. |F1set1 x| <o bd_F
***  3. ⋀x. |F2set x| <o bd_F
***  4. ⋀R1 R2 S1 S2. F1rel R1 R2 OO F1rel S1 S2 ≤ F1rel (R1 OO S1) (R2 OO S2)
***  5. ⋀R1 R2.
***        F1rel R1 R2 =
***        (λx y. ∃z. (F1set1 z ⊆ {(x, y). R1 x y} ∧
***                    F2set z ⊆ {(x, y). R2 x y}) ∧
***                   F1map fst fst z = x ∧ F1map snd snd z = y)
*** At command "apply" (line 112 of "~/Desktop/2024_sem1/AutomaticProofRepair/AFPs/afp-2021-1/thys/BNF_Operations/Kill.thy")
*** Failed to apply initial proof method (line 83 of "~/Desktop/2024_sem1/AutomaticProofRepair/AFPs/afp-2021-1/thys/BNF_Operations/Lift.thy"):
*** goal (1 subgoal):
***  1. |F'set4 x| ≤o F'bd
*** At command "by" (line 83 of "~/Desktop/2024_sem1/AutomaticProofRepair/AFPs/afp-2021-1/thys/BNF_Operations/Lift.thy")
*** Failed to apply initial proof method (line 80 of "~/Desktop/2024_sem1/AutomaticProofRepair/AFPs/afp-2021-1/thys/BNF_Operations/Lift.thy"):
*** goal (1 subgoal):
***  1. |F'set3 x| ≤o F'bd
*** At command "by" (line 80 of "~/Desktop/2024_sem1/AutomaticProofRepair/AFPs/afp-2021-1/thys/BNF_Operations/Lift.thy")
*** Failed to apply initial proof method (line 77 of "~/Desktop/2024_sem1/AutomaticProofRepair/AFPs/afp-2021-1/thys/BNF_Operations/Lift.thy"):
*** goal (1 subgoal):
***  1. |{}| ≤o F'bd
*** At command "by" (line 77 of "~/Desktop/2024_sem1/AutomaticProofRepair/AFPs/afp-2021-1/thys/BNF_Operations/Lift.thy")
*** Failed to apply initial proof method (line 72 of "~/Desktop/2024_sem1/AutomaticProofRepair/AFPs/afp-2021-1/thys/BNF_Operations/Permute.thy"):
*** goal (1 subgoal):
***  1. |F'set3 x| ≤o F'bd
*** At command "by" (line 72 of "~/Desktop/2024_sem1/AutomaticProofRepair/AFPs/afp-2021-1/thys/BNF_Operations/Permute.thy")
*** Failed to apply initial proof method (line 74 of "~/Desktop/2024_sem1/AutomaticProofRepair/AFPs/afp-2021-1/thys/BNF_Operations/Lift.thy"):
*** goal (1 subgoal):
***  1. |{}| ≤o F'bd
*** At command "by" (line 74 of "~/Desktop/2024_sem1/AutomaticProofRepair/AFPs/afp-2021-1/thys/BNF_Operations/Lift.thy")
*** Failed to apply initial proof method (line 69 of "~/Desktop/2024_sem1/AutomaticProofRepair/AFPs/afp-2021-1/thys/BNF_Operations/Permute.thy"):
*** goal (1 subgoal):
***  1. |F'set2 x| ≤o F'bd
*** At command "by" (line 69 of "~/Desktop/2024_sem1/AutomaticProofRepair/AFPs/afp-2021-1/thys/BNF_Operations/Permute.thy")
*** Failed to apply initial proof method (line 66 of "~/Desktop/2024_sem1/AutomaticProofRepair/AFPs/afp-2021-1/thys/BNF_Operations/Permute.thy"):
*** goal (1 subgoal):
***  1. |F'set1 x| ≤o F'bd
*** At command "by" (line 66 of "~/Desktop/2024_sem1/AutomaticProofRepair/AFPs/afp-2021-1/thys/BNF_Operations/Permute.thy")
Unfinished session(s): BNF_Operations
0:00:29 elapsed time, 0:00:29 cpu time, factor 1.03

===============
Bounded_Deducibility_Security
0:00:02 elapsed time

===============
BTree
Building Refine_Monadic ...
Refine_Monadic FAILED
(see also /home/quiqui/.isabelle/Isabelle2022/heaps/polyml-5.9_x86_64_32-linux/log/Refine_Monadic)
*** Failed to load theory "Refine_Monadic.Refine_Misc" (unresolved "Refine_Monadic.Refine_Mono_Prover")
*** Failed to load theory "Refine_Monadic.RefineG_Domain" (unresolved "Refine_Monadic.Refine_Misc")
*** Failed to load theory "Refine_Monadic.RefineG_Transfer" (unresolved "Refine_Monadic.Refine_Misc")
*** Failed to load theory "Refine_Monadic.RefineG_Assert" (unresolved "Refine_Monadic.RefineG_Transfer")
*** Failed to load theory "Refine_Monadic.RefineG_Recursion" (unresolved "Refine_Monadic.RefineG_Domain", "Refine_Monadic.RefineG_Transfer", "Refine_Monadic.Refine_Misc")
*** Failed to load theory "Refine_Monadic.Refine_Basic" (unresolved "Refine_Monadic.RefineG_Assert", "Refine_Monadic.RefineG_Recursion", "Refine_Monadic.Refine_Misc")
*** Failed to load theory "Refine_Monadic.Refine_Heuristics" (unresolved "Refine_Monadic.Refine_Basic")
*** Failed to load theory "Refine_Monadic.Refine_Leof" (unresolved "Refine_Monadic.Refine_Basic")
*** Failed to load theory "Refine_Monadic.Refine_More_Comb" (unresolved "Refine_Monadic.Refine_Basic", "Refine_Monadic.Refine_Heuristics", "Refine_Monadic.Refine_Leof")
*** Failed to load theory "Refine_Monadic.RefineG_While" (unresolved "Refine_Monadic.RefineG_Recursion")
*** Failed to load theory "Refine_Monadic.Refine_Det" (unresolved "Refine_Monadic.RefineG_Assert", "Refine_Monadic.RefineG_While")
*** Failed to load theory "Refine_Monadic.Refine_Pfun" (unresolved "Refine_Monadic.Refine_Basic", "Refine_Monadic.Refine_Det")
*** Failed to load theory "Refine_Monadic.Refine_While" (unresolved "Refine_Monadic.RefineG_While", "Refine_Monadic.Refine_Basic", "Refine_Monadic.Refine_Leof")
*** Failed to load theory "Refine_Monadic.Refine_Transfer" (unresolved "Refine_Monadic.RefineG_Transfer", "Refine_Monadic.Refine_Basic", "Refine_Monadic.Refine_Det", "Refine_Monadic.Refine_While")
*** Failed to load theory "Refine_Monadic.Autoref_Monadic" (unresolved "Refine_Monadic.Refine_Transfer")
*** Failed to load theory "Refine_Monadic.Refine_Automation" (unresolved "Refine_Monadic.Refine_Basic", "Refine_Monadic.Refine_Transfer")
*** Failed to load theory "Refine_Monadic.Refine_Foreach" (unresolved "Refine_Monadic.Refine_Heuristics", "Refine_Monadic.Refine_Pfun", "Refine_Monadic.Refine_Transfer", "Refine_Monadic.Refine_While")
*** Failed to load theory "Refine_Monadic.Refine_Monadic" (unresolved "Refine_Monadic.Autoref_Monadic", "Refine_Monadic.Refine_Automation", "Refine_Monadic.Refine_Basic", "Refine_Monadic.Refine_Foreach", "Refine_Monadic.Refine_Heuristics", "Refine_Monadic.Refine_Leof", "Refine_Monadic.Refine_More_Comb", "Refine_Monadic.Refine_Pfun", "Refine_Monadic.Refine_Transfer", "Refine_Monadic.Refine_While")
*** Failed to load theory "Refine_Monadic.Breadth_First_Search" (unresolved "Refine_Monadic.Refine_Monadic")
*** Failed to load theory "Refine_Monadic.WordRefine" (unresolved "Refine_Monadic.Refine_Monadic")
*** Failed to load theory "Refine_Monadic.Examples" (unresolved "Refine_Monadic.Breadth_First_Search", "Refine_Monadic.WordRefine")
*** Undefined fact: "Orderings.monoI" (line 36 of "~/Desktop/2024_sem1/AutomaticProofRepair/AFPs/afp-2021-1/thys/Refine_Monadic/Refine_Mono_Prover.thy")
*** At command "declaration" (line 36 of "~/Desktop/2024_sem1/AutomaticProofRepair/AFPs/afp-2021-1/thys/Refine_Monadic/Refine_Mono_Prover.thy")
Collections CANCELLED
Sepref_Prereq CANCELLED
Refine_Imperative_HOL CANCELLED
BTree CANCELLED
Unfinished session(s): BTree, Collections, Refine_Imperative_HOL, Refine_Monadic, Sepref_Prereq
0:00:35 elapsed time, 0:01:02 cpu time, factor 1.75

===============
Buchi_Complementation
Building Refine_Monadic ...
Refine_Monadic FAILED
(see also /home/quiqui/.isabelle/Isabelle2022/heaps/polyml-5.9_x86_64_32-linux/log/Refine_Monadic)
*** Failed to load theory "Refine_Monadic.Refine_Misc" (unresolved "Refine_Monadic.Refine_Mono_Prover")
*** Failed to load theory "Refine_Monadic.RefineG_Domain" (unresolved "Refine_Monadic.Refine_Misc")
*** Failed to load theory "Refine_Monadic.RefineG_Transfer" (unresolved "Refine_Monadic.Refine_Misc")
*** Failed to load theory "Refine_Monadic.RefineG_Assert" (unresolved "Refine_Monadic.RefineG_Transfer")
*** Failed to load theory "Refine_Monadic.RefineG_Recursion" (unresolved "Refine_Monadic.RefineG_Domain", "Refine_Monadic.RefineG_Transfer", "Refine_Monadic.Refine_Misc")
*** Failed to load theory "Refine_Monadic.Refine_Basic" (unresolved "Refine_Monadic.RefineG_Assert", "Refine_Monadic.RefineG_Recursion", "Refine_Monadic.Refine_Misc")
*** Failed to load theory "Refine_Monadic.Refine_Heuristics" (unresolved "Refine_Monadic.Refine_Basic")
*** Failed to load theory "Refine_Monadic.Refine_Leof" (unresolved "Refine_Monadic.Refine_Basic")
*** Failed to load theory "Refine_Monadic.Refine_More_Comb" (unresolved "Refine_Monadic.Refine_Basic", "Refine_Monadic.Refine_Heuristics", "Refine_Monadic.Refine_Leof")
*** Failed to load theory "Refine_Monadic.RefineG_While" (unresolved "Refine_Monadic.RefineG_Recursion")
*** Failed to load theory "Refine_Monadic.Refine_Det" (unresolved "Refine_Monadic.RefineG_Assert", "Refine_Monadic.RefineG_While")
*** Failed to load theory "Refine_Monadic.Refine_While" (unresolved "Refine_Monadic.RefineG_While", "Refine_Monadic.Refine_Basic", "Refine_Monadic.Refine_Leof")
*** Failed to load theory "Refine_Monadic.Refine_Pfun" (unresolved "Refine_Monadic.Refine_Basic", "Refine_Monadic.Refine_Det")
*** Failed to load theory "Refine_Monadic.Refine_Transfer" (unresolved "Refine_Monadic.RefineG_Transfer", "Refine_Monadic.Refine_Basic", "Refine_Monadic.Refine_Det", "Refine_Monadic.Refine_While")
*** Failed to load theory "Refine_Monadic.Autoref_Monadic" (unresolved "Refine_Monadic.Refine_Transfer")
*** Failed to load theory "Refine_Monadic.Refine_Automation" (unresolved "Refine_Monadic.Refine_Basic", "Refine_Monadic.Refine_Transfer")
*** Failed to load theory "Refine_Monadic.Refine_Foreach" (unresolved "Refine_Monadic.Refine_Heuristics", "Refine_Monadic.Refine_Pfun", "Refine_Monadic.Refine_Transfer", "Refine_Monadic.Refine_While")
*** Failed to load theory "Refine_Monadic.Refine_Monadic" (unresolved "Refine_Monadic.Autoref_Monadic", "Refine_Monadic.Refine_Automation", "Refine_Monadic.Refine_Basic", "Refine_Monadic.Refine_Foreach", "Refine_Monadic.Refine_Heuristics", "Refine_Monadic.Refine_Leof", "Refine_Monadic.Refine_More_Comb", "Refine_Monadic.Refine_Pfun", "Refine_Monadic.Refine_Transfer", "Refine_Monadic.Refine_While")
*** Failed to load theory "Refine_Monadic.Breadth_First_Search" (unresolved "Refine_Monadic.Refine_Monadic")
*** Failed to load theory "Refine_Monadic.WordRefine" (unresolved "Refine_Monadic.Refine_Monadic")
*** Failed to load theory "Refine_Monadic.Examples" (unresolved "Refine_Monadic.Breadth_First_Search", "Refine_Monadic.WordRefine")
*** Undefined fact: "Orderings.monoI" (line 36 of "~/Desktop/2024_sem1/AutomaticProofRepair/AFPs/afp-2021-1/thys/Refine_Monadic/Refine_Mono_Prover.thy")
*** At command "declaration" (line 36 of "~/Desktop/2024_sem1/AutomaticProofRepair/AFPs/afp-2021-1/thys/Refine_Monadic/Refine_Mono_Prover.thy")
Collections CANCELLED
Transition_Systems_and_Automata CANCELLED
Buchi_Complementation CANCELLED
Unfinished session(s): Buchi_Complementation, Collections, Refine_Monadic, Transition_Systems_and_Automata
0:00:30 elapsed time, 0:01:00 cpu time, factor 2.00

===============
Buffons_Needle
Running Buffons_Needle ...
Buffons_Needle FAILED
(see also /home/quiqui/.isabelle/Isabelle2022/heaps/polyml-5.9_x86_64_32-linux/log/Buffons_Needle)
*** Undefined fact: "has_field_derivative_iff_has_vector_derivative" (line 465 of "~/Desktop/2024_sem1/AutomaticProofRepair/AFPs/afp-2021-1/thys/Buffons_Needle/Buffons_Needle.thy")
*** At command "by" (line 464 of "~/Desktop/2024_sem1/AutomaticProofRepair/AFPs/afp-2021-1/thys/Buffons_Needle/Buffons_Needle.thy")
*** Undefined fact: "has_field_derivative_iff_has_vector_derivative" (line 396 of "~/Desktop/2024_sem1/AutomaticProofRepair/AFPs/afp-2021-1/thys/Buffons_Needle/Buffons_Needle.thy")
*** At command "by" (line 395 of "~/Desktop/2024_sem1/AutomaticProofRepair/AFPs/afp-2021-1/thys/Buffons_Needle/Buffons_Needle.thy")
Unfinished session(s): Buffons_Needle
0:00:13 elapsed time, 0:00:19 cpu time, factor 1.39

===============
Buildings
Running Buildings ...
Buildings FAILED
(see also /home/quiqui/.isabelle/Isabelle2022/heaps/polyml-5.9_x86_64_32-linux/log/Buildings)
*** Failed to finish proof (line 735 of "~/Desktop/2024_sem1/AutomaticProofRepair/AFPs/afp-2021-1/thys/Buildings/Algebra.thy"):
*** goal (1 subgoal):
***  1. ⟦lconjby (sum_list ss) (fst x) = s;
***      s + s = (0::'a) ∧ (∀s∈set ss. s + s = (0::'a));
***      snd (signed_lconjaction s (signed_list_lconjaction ss x)) =
***      (if even (count_list (lconjseq (rev ss)) (fst x)) then ¬ snd x
***       else snd x)⟧
***     ⟹ rconjby (sum_list ss) s = fst x
*** At command "by" (line 732 of "~/Desktop/2024_sem1/AutomaticProofRepair/AFPs/afp-2021-1/thys/Buildings/Algebra.thy")
Unfinished session(s): Buildings
0:01:20 elapsed time, 0:06:07 cpu time, factor 4.56

===============
CakeML
Building LEM ...
*** Timeout
LEM FAILED
(see also /home/quiqui/.isabelle/Isabelle2022/heaps/polyml-5.9_x86_64_32-linux/log/LEM)
***     x < 2 ^ n
***     0 < n
*** goal (1 subgoal):
***  1. bit x 0 = bit (x - 2 ^ n) 0
*** At command "by" (line 1353 of "~/Desktop/2024_sem1/AutomaticProofRepair/AFPs/afp-2021-1/thys/Word_Lib/Bits_Int.thy")
*** Failed to apply proof method (line 817 of "~/Desktop/2024_sem1/AutomaticProofRepair/AFPs/afp-2021-1/thys/Word_Lib/Bits_Int.thy"):
*** goal (2 subgoals):
***  1. ⋀w. (b ⟶ bit (1 + 2 * (w div 2)) 0) ∧ (¬ b ⟶ ¬ bit (2 * (w div 2)) 0)
***  2. ⋀n w m.
***        (⋀w m. bit (set_bit_class.set_bit w n b) m =
***               (if m = n then b else bit w m)) ⟹
***        bit (set_bit_class.set_bit w (Suc n) b) m =
***        (if m = Suc n then b else bit w m)
*** At command "apply" (line 817 of "~/Desktop/2024_sem1/AutomaticProofRepair/AFPs/afp-2021-1/thys/Word_Lib/Bits_Int.thy")
*** Failed to finish proof (line 67 of "~/Desktop/2024_sem1/AutomaticProofRepair/AFPs/afp-2021-1/thys/Word_Lib/Least_significant_bit.thy"):
*** goal (1 subgoal):
***  1. odd w = bit w 0
*** At command "by" (line 67 of "~/Desktop/2024_sem1/AutomaticProofRepair/AFPs/afp-2021-1/thys/Word_Lib/Least_significant_bit.thy")
*** Failed to finish proof (line 2184 of "~/Desktop/2024_sem1/AutomaticProofRepair/AFPs/afp-2021-1/thys/Word_Lib/More_Word.thy"):
*** goal (1 subgoal):
***  1. ⋀x. odd x = bit x 0
*** At command "by" (line 2184 of "~/Desktop/2024_sem1/AutomaticProofRepair/AFPs/afp-2021-1/thys/Word_Lib/More_Word.thy")
*** Failed to apply initial proof method (line 2199 of "~/Desktop/2024_sem1/AutomaticProofRepair/AFPs/afp-2021-1/thys/Word_Lib/More_Word.thy"):
*** goal (1 subgoal):
***  1. ¬ bit (x + 1) 0 ⟹ bit x 0
*** At command "by" (line 2199 of "~/Desktop/2024_sem1/AutomaticProofRepair/AFPs/afp-2021-1/thys/Word_Lib/More_Word.thy")
*** Failed to finish proof (line 2181 of "~/Desktop/2024_sem1/AutomaticProofRepair/AFPs/afp-2021-1/thys/Word_Lib/More_Word.thy"):
*** goal (1 subgoal):
***  1. ⟦x + 1 = 0; odd x⟧ ⟹ bit x 0
*** At command "by" (line 2181 of "~/Desktop/2024_sem1/AutomaticProofRepair/AFPs/afp-2021-1/thys/Word_Lib/More_Word.thy")
*** Failed to apply proof method (line 62 of "~/Desktop/2024_sem1/AutomaticProofRepair/AFPs/afp-2021-1/thys/Word_Lib/More_Word.thy"):
*** goal:
*** No subgoals!
*** At command "apply" (line 62 of "~/Desktop/2024_sem1/AutomaticProofRepair/AFPs/afp-2021-1/thys/Word_Lib/More_Word.thy")
*** Failed to apply initial proof method (line 242 of "~/Desktop/2024_sem1/AutomaticProofRepair/AFPs/afp-2021-1/thys/Word_Lib/Bit_Comprehension.thy"):
*** using this:
***   wf_set_bits_int f
*** goal (1 subgoal):
***  1. bit (BITS a. f a) 0 = f 0
*** At command "by" (line 242 of "~/Desktop/2024_sem1/AutomaticProofRepair/AFPs/afp-2021-1/thys/Word_Lib/Bit_Comprehension.thy")
CakeML CANCELLED
Unfinished session(s): CakeML, LEM
0:05:10 elapsed time, 0:10:42 cpu time, factor 2.07

===============
Case_Labeling
0:00:03 elapsed time

===============
Catalan_Numbers
Running Catalan_Numbers ...
Catalan_Numbers FAILED
(see also /home/quiqui/.isabelle/Isabelle2022/heaps/polyml-5.9_x86_64_32-linux/log/Catalan_Numbers)
*** Undefined fact: "has_field_derivative_iff_has_vector_derivative" (line 303 of "~/Desktop/2024_sem1/AutomaticProofRepair/AFPs/afp-2021-1/thys/Catalan_Numbers/Catalan_Numbers.thy")
*** At command "unfolding" (line 303 of "~/Desktop/2024_sem1/AutomaticProofRepair/AFPs/afp-2021-1/thys/Catalan_Numbers/Catalan_Numbers.thy")
*** Undefined fact: "has_field_derivative_iff_has_vector_derivative" (line 300 of "~/Desktop/2024_sem1/AutomaticProofRepair/AFPs/afp-2021-1/thys/Catalan_Numbers/Catalan_Numbers.thy")
*** At command "unfolding" (line 300 of "~/Desktop/2024_sem1/AutomaticProofRepair/AFPs/afp-2021-1/thys/Catalan_Numbers/Catalan_Numbers.thy")
*** Undefined fact: "has_field_derivative_iff_has_vector_derivative" (line 152 of "~/Desktop/2024_sem1/AutomaticProofRepair/AFPs/afp-2021-1/thys/Catalan_Numbers/Catalan_Auxiliary_Integral.thy")
*** At command "by" (line 151 of "~/Desktop/2024_sem1/AutomaticProofRepair/AFPs/afp-2021-1/thys/Catalan_Numbers/Catalan_Auxiliary_Integral.thy")
Unfinished session(s): Catalan_Numbers
0:00:19 elapsed time, 0:00:41 cpu time, factor 2.10

===============
Category3
0:00:03 elapsed time

===============
Certification_Monads
0:00:10 elapsed time

===============
Clique_and_Monotone_Circuits
Building Stirling_Formula ...
Stirling_Formula FAILED
(see also /home/quiqui/.isabelle/Isabelle2022/heaps/polyml-5.9_x86_64_32-linux/log/Stirling_Formula)
*** Undefined fact: "has_field_derivative_iff_has_vector_derivative" (line 919 of "~/Desktop/2024_sem1/AutomaticProofRepair/AFPs/afp-2021-1/thys/Stirling_Formula/Gamma_Asymptotics.thy")
*** At command "by" (line 918 of "~/Desktop/2024_sem1/AutomaticProofRepair/AFPs/afp-2021-1/thys/Stirling_Formula/Gamma_Asymptotics.thy")
*** Undefined fact: "has_field_derivative_iff_has_vector_derivative" (line 881 of "~/Desktop/2024_sem1/AutomaticProofRepair/AFPs/afp-2021-1/thys/Stirling_Formula/Gamma_Asymptotics.thy")
*** At command "by" (line 879 of "~/Desktop/2024_sem1/AutomaticProofRepair/AFPs/afp-2021-1/thys/Stirling_Formula/Gamma_Asymptotics.thy")
*** Failed to finish proof (line 254 of "~/Desktop/2024_sem1/AutomaticProofRepair/AFPs/afp-2021-1/thys/Stirling_Formula/Gamma_Asymptotics.thy"):
*** goal (1 subgoal):
***  1. ⋀x. ⟦0 < a; 0 < b; x ≠ 0; of_bool (0 < x) ≠ of_bool (0 ≤ x)⟧ ⟹ False
*** At command "by" (line 252 of "~/Desktop/2024_sem1/AutomaticProofRepair/AFPs/afp-2021-1/thys/Stirling_Formula/Gamma_Asymptotics.thy")
*** Undefined fact: "has_field_derivative_iff_has_vector_derivative" (line 395 of "~/Desktop/2024_sem1/AutomaticProofRepair/AFPs/afp-2021-1/thys/Stirling_Formula/Gamma_Asymptotics.thy")
*** At command "by" (line 393 of "~/Desktop/2024_sem1/AutomaticProofRepair/AFPs/afp-2021-1/thys/Stirling_Formula/Gamma_Asymptotics.thy")
*** Undefined fact: "has_field_derivative_iff_has_vector_derivative" (line 441 of "~/Desktop/2024_sem1/AutomaticProofRepair/AFPs/afp-2021-1/thys/Stirling_Formula/Stirling_Formula.thy")
*** At command "by" (line 440 of "~/Desktop/2024_sem1/AutomaticProofRepair/AFPs/afp-2021-1/thys/Stirling_Formula/Stirling_Formula.thy")
Clique_and_Monotone_Circuits CANCELLED
Unfinished session(s): Clique_and_Monotone_Circuits, Stirling_Formula
0:01:06 elapsed time, 0:02:24 cpu time, factor 2.17

===============
Collections
Building Refine_Monadic ...
Refine_Monadic FAILED
(see also /home/quiqui/.isabelle/Isabelle2022/heaps/polyml-5.9_x86_64_32-linux/log/Refine_Monadic)
*** Failed to load theory "Refine_Monadic.Refine_Misc" (unresolved "Refine_Monadic.Refine_Mono_Prover")
*** Failed to load theory "Refine_Monadic.RefineG_Domain" (unresolved "Refine_Monadic.Refine_Misc")
*** Failed to load theory "Refine_Monadic.RefineG_Transfer" (unresolved "Refine_Monadic.Refine_Misc")
*** Failed to load theory "Refine_Monadic.RefineG_Assert" (unresolved "Refine_Monadic.RefineG_Transfer")
*** Failed to load theory "Refine_Monadic.RefineG_Recursion" (unresolved "Refine_Monadic.RefineG_Domain", "Refine_Monadic.RefineG_Transfer", "Refine_Monadic.Refine_Misc")
*** Failed to load theory "Refine_Monadic.Refine_Basic" (unresolved "Refine_Monadic.RefineG_Assert", "Refine_Monadic.RefineG_Recursion", "Refine_Monadic.Refine_Misc")
*** Failed to load theory "Refine_Monadic.Refine_Heuristics" (unresolved "Refine_Monadic.Refine_Basic")
*** Failed to load theory "Refine_Monadic.Refine_Leof" (unresolved "Refine_Monadic.Refine_Basic")
*** Failed to load theory "Refine_Monadic.Refine_More_Comb" (unresolved "Refine_Monadic.Refine_Basic", "Refine_Monadic.Refine_Heuristics", "Refine_Monadic.Refine_Leof")
*** Failed to load theory "Refine_Monadic.RefineG_While" (unresolved "Refine_Monadic.RefineG_Recursion")
*** Failed to load theory "Refine_Monadic.Refine_Det" (unresolved "Refine_Monadic.RefineG_Assert", "Refine_Monadic.RefineG_While")
*** Failed to load theory "Refine_Monadic.Refine_While" (unresolved "Refine_Monadic.RefineG_While", "Refine_Monadic.Refine_Basic", "Refine_Monadic.Refine_Leof")
*** Failed to load theory "Refine_Monadic.Refine_Pfun" (unresolved "Refine_Monadic.Refine_Basic", "Refine_Monadic.Refine_Det")
*** Failed to load theory "Refine_Monadic.Refine_Transfer" (unresolved "Refine_Monadic.RefineG_Transfer", "Refine_Monadic.Refine_Basic", "Refine_Monadic.Refine_Det", "Refine_Monadic.Refine_While")
*** Failed to load theory "Refine_Monadic.Refine_Automation" (unresolved "Refine_Monadic.Refine_Basic", "Refine_Monadic.Refine_Transfer")
*** Failed to load theory "Refine_Monadic.Autoref_Monadic" (unresolved "Refine_Monadic.Refine_Transfer")
*** Failed to load theory "Refine_Monadic.Refine_Foreach" (unresolved "Refine_Monadic.Refine_Heuristics", "Refine_Monadic.Refine_Pfun", "Refine_Monadic.Refine_Transfer", "Refine_Monadic.Refine_While")
*** Failed to load theory "Refine_Monadic.Refine_Monadic" (unresolved "Refine_Monadic.Autoref_Monadic", "Refine_Monadic.Refine_Automation", "Refine_Monadic.Refine_Basic", "Refine_Monadic.Refine_Foreach", "Refine_Monadic.Refine_Heuristics", "Refine_Monadic.Refine_Leof", "Refine_Monadic.Refine_More_Comb", "Refine_Monadic.Refine_Pfun", "Refine_Monadic.Refine_Transfer", "Refine_Monadic.Refine_While")
*** Failed to load theory "Refine_Monadic.Breadth_First_Search" (unresolved "Refine_Monadic.Refine_Monadic")
*** Failed to load theory "Refine_Monadic.WordRefine" (unresolved "Refine_Monadic.Refine_Monadic")
*** Failed to load theory "Refine_Monadic.Examples" (unresolved "Refine_Monadic.Breadth_First_Search", "Refine_Monadic.WordRefine")
*** Undefined fact: "Orderings.monoI" (line 36 of "~/Desktop/2024_sem1/AutomaticProofRepair/AFPs/afp-2021-1/thys/Refine_Monadic/Refine_Mono_Prover.thy")
*** At command "declaration" (line 36 of "~/Desktop/2024_sem1/AutomaticProofRepair/AFPs/afp-2021-1/thys/Refine_Monadic/Refine_Mono_Prover.thy")
Collections CANCELLED
Collections_Examples CANCELLED
Unfinished session(s): Collections, Collections_Examples, Refine_Monadic
0:00:36 elapsed time, 0:01:06 cpu time, factor 1.83

===============
Combinable_Wands
0:00:03 elapsed time

===============
Combinatorics_Words
0:00:03 elapsed time

===============
Combinatorics_Words_Graph_Lemma
0:00:03 elapsed time

===============
Combinatorics_Words_Lyndon
0:00:03 elapsed time

===============
Commuting_Hermitian
Building Projective_Measurements ...
Projective_Measurements FAILED
(see also /home/quiqui/.isabelle/Isabelle2022/heaps/polyml-5.9_x86_64_32-linux/log/Projective_Measurements)
*** Undefined fact: "pdivmod_pdivmodrel" (line 348 of "~/Desktop/2024_sem1/AutomaticProofRepair/AFPs/afp-2021-1/thys/Polynomial_Interpolation/Ring_Hom_Poly.thy")
*** At command "from" (line 348 of "~/Desktop/2024_sem1/AutomaticProofRepair/AFPs/afp-2021-1/thys/Polynomial_Interpolation/Ring_Hom_Poly.thy")
Commuting_Hermitian CANCELLED
Unfinished session(s): Commuting_Hermitian, Projective_Measurements
0:04:21 elapsed time, 0:20:50 cpu time, factor 4.79

===============
Completeness
0:00:03 elapsed time

===============
Complete_Non_Orders
Running Complete_Non_Orders ...
Complete_Non_Orders FAILED
(see also /home/quiqui/.isabelle/Isabelle2022/heaps/polyml-5.9_x86_64_32-linux/log/Complete_Non_Orders)
*** Failed to load theory "Complete_Non_Orders.Complete_Relations" (unresolved "Complete_Non_Orders.Binary_Relations")
*** Failed to load theory "Complete_Non_Orders.Fixed_Points" (unresolved "Complete_Non_Orders.Complete_Relations")
*** Failed to load theory "Complete_Non_Orders.Kleene_Fixed_Point" (unresolved "Complete_Non_Orders.Complete_Relations")
*** Bad head of lhs: existing constant "monotone_on"
*** The error(s) above occurred in definition:
*** "monotone_on X r s f ≡ ∀x y. x ∈ X ⟶ y ∈ X ⟶ r x y ⟶ s (f x) (f y)"
*** At command "definition" (line 55 of "~/Desktop/2024_sem1/AutomaticProofRepair/AFPs/afp-2021-1/thys/Complete_Non_Orders/Binary_Relations.thy")
Unfinished session(s): Complete_Non_Orders
0:00:05 elapsed time

===============
Complex_Bounded_Operators
Running Complex_Bounded_Operators ...
Complex_Bounded_Operators FAILED
(see also /home/quiqui/.isabelle/Isabelle2022/heaps/polyml-5.9_x86_64_32-linux/log/Complex_Bounded_Operators)
*** Undefined fact: "pdivmod_pdivmodrel" (line 348 of "~/Desktop/2024_sem1/AutomaticProofRepair/AFPs/afp-2021-1/thys/Polynomial_Interpolation/Ring_Hom_Poly.thy")
*** At command "from" (line 348 of "~/Desktop/2024_sem1/AutomaticProofRepair/AFPs/afp-2021-1/thys/Polynomial_Interpolation/Ring_Hom_Poly.thy")
Unfinished session(s): Complex_Bounded_Operators
0:09:55 elapsed time, 0:33:40 cpu time, factor 3.39

===============
Complx
Building Word_Lib ...
*** Timeout
Word_Lib FAILED
(see also /home/quiqui/.isabelle/Isabelle2022/heaps/polyml-5.9_x86_64_32-linux/log/Word_Lib)
*** goal:
*** No subgoals!
*** At command "apply" (line 62 of "~/Desktop/2024_sem1/AutomaticProofRepair/AFPs/afp-2021-1/thys/Word_Lib/More_Word.thy")
*** Failed to apply initial proof method (line 242 of "~/Desktop/2024_sem1/AutomaticProofRepair/AFPs/afp-2021-1/thys/Word_Lib/Bit_Comprehension.thy"):
*** using this:
***   wf_set_bits_int f
*** goal (1 subgoal):
***  1. bit (BITS a. f a) 0 = f 0
*** At command "by" (line 242 of "~/Desktop/2024_sem1/AutomaticProofRepair/AFPs/afp-2021-1/thys/Word_Lib/Bit_Comprehension.thy")
*** Failed to apply proof method (line 130 of "~/Desktop/2024_sem1/AutomaticProofRepair/AFPs/afp-2021-1/thys/Word_Lib/Signed_Division_Word.thy"):
*** goal (2 subgoals):
***  1. a = - (2 ^ (LENGTH('a) - Suc 0)) ⟶ b ≠ - 1 ⟹
***     word_of_int (sgn (sint a)) * word_of_int (¦sint a¦ mod ¦sint b¦) =
***     a - word_of_int (sint a sdiv sint b) * b
***  2. ¬ (a ≠ - (2 ^ (LENGTH('a) - 1)) ∨ b ≠ - 1) ⟹
***     a smod b = a - a sdiv b * b
*** At command "apply" (line 130 of "~/Desktop/2024_sem1/AutomaticProofRepair/AFPs/afp-2021-1/thys/Word_Lib/Signed_Division_Word.thy")
*** Failed to finish proof (line 62 of "~/Desktop/2024_sem1/AutomaticProofRepair/AFPs/afp-2021-1/thys/Word_Lib/Signed_Division_Word.thy"):
*** goal (1 subgoal):
***  1. word_of_int (sgn (sint w)) * word_of_int ¦sint w¦ = w
*** At command "by" (line 62 of "~/Desktop/2024_sem1/AutomaticProofRepair/AFPs/afp-2021-1/thys/Word_Lib/Signed_Division_Word.thy")
*** Failed to finish proof (line 41 of "~/Desktop/2024_sem1/AutomaticProofRepair/AFPs/afp-2021-1/thys/Word_Lib/Signed_Division_Word.thy"):
*** goal (4 subgoals):
***  1. ⟦sint a < 0; sint b < 0⟧
***     ⟹ word_of_int (sint a sdiv sint b) * b +
***        word_of_int (sint a mod sint b) =
***        a
***  2. ⟦sint a < 0; ¬ sint b < 0⟧
***     ⟹ word_of_int (sint a sdiv sint b) * b -
***        word_of_int (- sint a mod sint b) =
***        a
***  3. ⟦¬ sint a < 0; sint b < 0⟧
***     ⟹ word_of_int (sint a sdiv sint b) * b +
***        word_of_int (sgn (sint a)) * word_of_int (sint a mod - sint b) =
***        a
***  4. ⟦¬ sint a < 0; ¬ sint b < 0⟧
***     ⟹ word_of_int (sint a sdiv sint b) * b +
***        word_of_int (sgn (sint a)) * word_of_int (sint a mod sint b) =
***        a
*** At command "by" (line 41 of "~/Desktop/2024_sem1/AutomaticProofRepair/AFPs/afp-2021-1/thys/Word_Lib/Signed_Division_Word.thy")
Complx CANCELLED
Unfinished session(s): Complx, Word_Lib
0:05:09 elapsed time, 0:07:41 cpu time, factor 1.49

===============
Conditional_Simplification
0:00:03 elapsed time

===============
Conditional_Transfer_Rule
Running Conditional_Transfer_Rule ...
Conditional_Transfer_Rule FAILED
(see also /home/quiqui/.isabelle/Isabelle2022/heaps/polyml-5.9_x86_64_32-linux/log/Conditional_Transfer_Rule)
*** ud: the input term is not a constant
*** At command "ud" (line 87 of "~/Desktop/2024_sem1/AutomaticProofRepair/AFPs/afp-2021-1/thys/Conditional_Transfer_Rule/CTR/Tests/CTR_Tests.thy")
Unfinished session(s): Conditional_Transfer_Rule
0:00:08 elapsed time, 0:00:05 cpu time, factor 0.64

===============
Consensus_Refined
0:00:03 elapsed time

===============
Core_DOM
0:00:04 elapsed time

===============
Core_SC_DOM
0:00:03 elapsed time

===============
Count_Complex_Roots
Running Count_Complex_Roots ...
Count_Complex_Roots FAILED
(see also /home/quiqui/.isabelle/Isabelle2022/heaps/polyml-5.9_x86_64_32-linux/log/Count_Complex_Roots)
*** Undefined fact: "eucl_rel_poly" (line 274 of "~/Desktop/2024_sem1/AutomaticProofRepair/AFPs/afp-2021-1/thys/Winding_Number_Eval/Missing_Algebraic.thy")
*** At command "by" (line 274 of "~/Desktop/2024_sem1/AutomaticProofRepair/AFPs/afp-2021-1/thys/Winding_Number_Eval/Missing_Algebraic.thy")
*** Undefined fact: "pdivmod_pdivmodrel" (line 348 of "~/Desktop/2024_sem1/AutomaticProofRepair/AFPs/afp-2021-1/thys/Polynomial_Interpolation/Ring_Hom_Poly.thy")
*** At command "from" (line 348 of "~/Desktop/2024_sem1/AutomaticProofRepair/AFPs/afp-2021-1/thys/Polynomial_Interpolation/Ring_Hom_Poly.thy")
Unfinished session(s): Count_Complex_Roots
0:02:08 elapsed time, 0:06:55 cpu time, factor 3.23

===============
CryptHOL
Running CryptHOL ...
Warning - Unable to increase stack - interrupting thread
CryptHOL FAILED
(see also /home/quiqui/.isabelle/Isabelle2022/heaps/polyml-5.9_x86_64_32-linux/log/CryptHOL)
*** Undefined fact: "nat_mod_eq_lemma" (line 73 of "~/Desktop/2024_sem1/AutomaticProofRepair/AFPs/afp-2021-1/thys/CryptHOL/Cyclic_Group.thy")
*** At command "by" (line 73 of "~/Desktop/2024_sem1/AutomaticProofRepair/AFPs/afp-2021-1/thys/CryptHOL/Cyclic_Group.thy")
Unfinished session(s): CryptHOL
0:07:59 elapsed time, 0:19:04 cpu time, factor 2.39

===============
CRYSTALS-Kyber
Building Jordan_Normal_Form ...
Jordan_Normal_Form FAILED
(see also /home/quiqui/.isabelle/Isabelle2022/heaps/polyml-5.9_x86_64_32-linux/log/Jordan_Normal_Form)
*** Undefined fact: "pdivmod_pdivmodrel" (line 348 of "~/Desktop/2024_sem1/AutomaticProofRepair/AFPs/afp-2021-1/thys/Polynomial_Interpolation/Ring_Hom_Poly.thy")
*** At command "from" (line 348 of "~/Desktop/2024_sem1/AutomaticProofRepair/AFPs/afp-2021-1/thys/Polynomial_Interpolation/Ring_Hom_Poly.thy")
Subresultants CANCELLED
Berlekamp_Zassenhaus CANCELLED
CRYSTALS-Kyber CANCELLED
Unfinished session(s): Berlekamp_Zassenhaus, CRYSTALS-Kyber, Jordan_Normal_Form, Subresultants
0:05:10 elapsed time, 0:21:13 cpu time, factor 4.10

===============
CZH_Elementary_Categories
Building ZFC_in_HOL ...
ZFC_in_HOL FAILED
(see also /home/quiqui/.isabelle/Isabelle2022/heaps/polyml-5.9_x86_64_32-linux/log/ZFC_in_HOL)
*** Failed to load theory "ZFC_in_HOL.ZFC_Cardinals" (unresolved "ZFC_in_HOL.ZFC_in_HOL")
*** Failed to load theory "ZFC_in_HOL.Kirby" (unresolved "ZFC_in_HOL.ZFC_Cardinals")
*** Failed to load theory "ZFC_in_HOL.Ordinal_Exp" (unresolved "ZFC_in_HOL.Kirby")
*** Failed to load theory "ZFC_in_HOL.Cantor_NF" (unresolved "ZFC_in_HOL.Ordinal_Exp")
*** Failed to load theory "ZFC_in_HOL.ZFC_Typeclasses" (unresolved "ZFC_in_HOL.ZFC_Cardinals")
*** Type unification failed: Clash of types "_ ⇒ _" and "_ set"
*** 
*** Type error in application: incompatible operand type
*** 
*** Operator:  strict_mono_on :: ??'a set ⇒ (??'a ⇒ ??'b) ⇒ bool
*** Operand:   h :: ??'c ⇒ ??'c
*** 
*** At command "lemma" (line 1090 of "~/Desktop/2024_sem1/AutomaticProofRepair/AFPs/afp-2021-1/thys/ZFC_in_HOL/ZFC_in_HOL.thy")
CZH_Foundations CANCELLED
CZH_Elementary_Categories CANCELLED
Unfinished session(s): CZH_Elementary_Categories, CZH_Foundations, ZFC_in_HOL
0:00:27 elapsed time, 0:01:20 cpu time, factor 2.89

===============
CZH_Foundations
Building ZFC_in_HOL ...
ZFC_in_HOL FAILED
(see also /home/quiqui/.isabelle/Isabelle2022/heaps/polyml-5.9_x86_64_32-linux/log/ZFC_in_HOL)
*** Failed to load theory "ZFC_in_HOL.ZFC_Cardinals" (unresolved "ZFC_in_HOL.ZFC_in_HOL")
*** Failed to load theory "ZFC_in_HOL.Kirby" (unresolved "ZFC_in_HOL.ZFC_Cardinals")
*** Failed to load theory "ZFC_in_HOL.Ordinal_Exp" (unresolved "ZFC_in_HOL.Kirby")
*** Failed to load theory "ZFC_in_HOL.Cantor_NF" (unresolved "ZFC_in_HOL.Ordinal_Exp")
*** Failed to load theory "ZFC_in_HOL.ZFC_Typeclasses" (unresolved "ZFC_in_HOL.ZFC_Cardinals")
*** Type unification failed: Clash of types "_ ⇒ _" and "_ set"
*** 
*** Type error in application: incompatible operand type
*** 
*** Operator:  strict_mono_on :: ??'a set ⇒ (??'a ⇒ ??'b) ⇒ bool
*** Operand:   h :: ??'c ⇒ ??'c
*** 
*** At command "lemma" (line 1090 of "~/Desktop/2024_sem1/AutomaticProofRepair/AFPs/afp-2021-1/thys/ZFC_in_HOL/ZFC_in_HOL.thy")
CZH_Foundations CANCELLED
Unfinished session(s): CZH_Foundations, ZFC_in_HOL
0:00:23 elapsed time, 0:01:22 cpu time, factor 3.44

===============
CZH_Universal_Constructions
Building ZFC_in_HOL ...
ZFC_in_HOL FAILED
(see also /home/quiqui/.isabelle/Isabelle2022/heaps/polyml-5.9_x86_64_32-linux/log/ZFC_in_HOL)
*** Failed to load theory "ZFC_in_HOL.ZFC_Cardinals" (unresolved "ZFC_in_HOL.ZFC_in_HOL")
*** Failed to load theory "ZFC_in_HOL.Kirby" (unresolved "ZFC_in_HOL.ZFC_Cardinals")
*** Failed to load theory "ZFC_in_HOL.Ordinal_Exp" (unresolved "ZFC_in_HOL.Kirby")
*** Failed to load theory "ZFC_in_HOL.Cantor_NF" (unresolved "ZFC_in_HOL.Ordinal_Exp")
*** Failed to load theory "ZFC_in_HOL.ZFC_Typeclasses" (unresolved "ZFC_in_HOL.ZFC_Cardinals")
*** Type unification failed: Clash of types "_ ⇒ _" and "_ set"
*** 
*** Type error in application: incompatible operand type
*** 
*** Operator:  strict_mono_on :: ??'a set ⇒ (??'a ⇒ ??'b) ⇒ bool
*** Operand:   h :: ??'c ⇒ ??'c
*** 
*** At command "lemma" (line 1090 of "~/Desktop/2024_sem1/AutomaticProofRepair/AFPs/afp-2021-1/thys/ZFC_in_HOL/ZFC_in_HOL.thy")
CZH_Foundations CANCELLED
CZH_Elementary_Categories CANCELLED
CZH_Universal_Constructions CANCELLED
Unfinished session(s): CZH_Elementary_Categories, CZH_Foundations, CZH_Universal_Constructions, ZFC_in_HOL
0:00:24 elapsed time, 0:01:21 cpu time, factor 3.41

===============
Delta_System_Lemma
0:00:02 elapsed time

===============
Density_Compiler
Running Density_Compiler ...
Density_Compiler FAILED
(see also /home/quiqui/.isabelle/Isabelle2022/heaps/polyml-5.9_x86_64_32-linux/log/Density_Compiler)
*** Type unification failed: Clash of types "_ ⇒ _" and "_ set"
*** 
*** Type error in application: incompatible operand type
*** 
*** Operator:  strict_mono_on :: ??'a set ⇒ (??'a ⇒ ??'b) ⇒ bool
*** Operand:   λx. - inverse x :: ??'c ⇒ ??'c
*** 
*** Coercion Inference:
*** 
*** Local coercion insertion on the operand failed:
*** No coercion known for type constructors: "fun" and "set"
*** At command "have" (line 312 of "~/Desktop/2024_sem1/AutomaticProofRepair/AFPs/afp-2021-1/thys/Density_Compiler/PDF_Transformations.thy")
*** Type unification failed: Clash of types "_ ⇒ _" and "_ set"
*** 
*** Type error in application: incompatible operand type
*** 
*** Operator:  strict_mono_on :: ??'a set ⇒ (??'a ⇒ ??'b) ⇒ bool
*** Operand:   ln :: ??'c ⇒ ??'c
*** 
*** Coercion Inference:
*** 
*** Local coercion insertion on the operand failed:
*** No coercion known for type constructors: "fun" and "set"
*** At command "have" (line 227 of "~/Desktop/2024_sem1/AutomaticProofRepair/AFPs/afp-2021-1/thys/Density_Compiler/PDF_Transformations.thy")
Unfinished session(s): Density_Compiler
0:02:00 elapsed time, 0:04:08 cpu time, factor 2.06

===============
Dict_Construction
Running Dict_Construction ...
Dict_Construction FAILED
(see also /home/quiqui/.isabelle/Isabelle2022/heaps/polyml-5.9_x86_64_32-linux/log/Dict_Construction)
*** Undefined constant: "divmod_nat" (line 37 of "~/Desktop/2024_sem1/AutomaticProofRepair/AFPs/afp-2021-1/thys/Dict_Construction/Test_Lazy_Case.thy")
*** At command "text" (line 37 of "~/Desktop/2024_sem1/AutomaticProofRepair/AFPs/afp-2021-1/thys/Dict_Construction/Test_Lazy_Case.thy")
Unfinished session(s): Dict_Construction
0:00:37 elapsed time, 0:00:49 cpu time, factor 1.35

===============
Digit_Expansions
0:00:02 elapsed time

===============
Diophantine_Eqns_Lin_Hom
Running Diophantine_Eqns_Lin_Hom ...
Diophantine_Eqns_Lin_Hom FAILED
(see also /home/quiqui/.isabelle/Isabelle2022/heaps/polyml-5.9_x86_64_32-linux/log/Diophantine_Eqns_Lin_Hom)
*** Undefined fact: "nat_mod_eq_lemma" (line 38 of "~/Desktop/2024_sem1/AutomaticProofRepair/AFPs/afp-2021-1/thys/Diophantine_Eqns_Lin_Hom/List_Vector.thy")
*** At command "by" (line 37 of "~/Desktop/2024_sem1/AutomaticProofRepair/AFPs/afp-2021-1/thys/Diophantine_Eqns_Lin_Hom/List_Vector.thy")
Unfinished session(s): Diophantine_Eqns_Lin_Hom
0:00:18 elapsed time, 0:00:59 cpu time, factor 3.23

===============
Dirichlet_L
Building Dirichlet_Series ...
Dirichlet_Series FAILED
(see also /home/quiqui/.isabelle/Isabelle2022/heaps/polyml-5.9_x86_64_32-linux/log/Dirichlet_Series)
*** Undefined fact: "has_field_derivative_iff_has_vector_derivative" (line 878 of "~/Desktop/2024_sem1/AutomaticProofRepair/AFPs/afp-2021-1/thys/Dirichlet_Series/Dirichlet_Series_Analysis.thy")
*** At command "by" (line 877 of "~/Desktop/2024_sem1/AutomaticProofRepair/AFPs/afp-2021-1/thys/Dirichlet_Series/Dirichlet_Series_Analysis.thy")
*** Undefined fact: "has_field_derivative_iff_has_vector_derivative" (line 467 of "~/Desktop/2024_sem1/AutomaticProofRepair/AFPs/afp-2021-1/thys/Dirichlet_Series/Dirichlet_Series_Analysis.thy")
*** At command "by" (line 465 of "~/Desktop/2024_sem1/AutomaticProofRepair/AFPs/afp-2021-1/thys/Dirichlet_Series/Dirichlet_Series_Analysis.thy")
*** Undefined fact: "has_field_derivative_iff_has_vector_derivative" (line 207 of "~/Desktop/2024_sem1/AutomaticProofRepair/AFPs/afp-2021-1/thys/Dirichlet_Series/Dirichlet_Series_Analysis.thy")
*** At command "by" (line 206 of "~/Desktop/2024_sem1/AutomaticProofRepair/AFPs/afp-2021-1/thys/Dirichlet_Series/Dirichlet_Series_Analysis.thy")
*** Undefined fact: "has_field_derivative_iff_has_vector_derivative" (line 1562 of "~/Desktop/2024_sem1/AutomaticProofRepair/AFPs/afp-2021-1/thys/Euler_MacLaurin/Euler_MacLaurin.thy")
*** At command "by" (line 1560 of "~/Desktop/2024_sem1/AutomaticProofRepair/AFPs/afp-2021-1/thys/Euler_MacLaurin/Euler_MacLaurin.thy")
*** Undefined fact: "has_field_derivative_iff_has_vector_derivative" (line 1329 of "~/Desktop/2024_sem1/AutomaticProofRepair/AFPs/afp-2021-1/thys/Euler_MacLaurin/Euler_MacLaurin.thy")
*** At command "by" (line 1328 of "~/Desktop/2024_sem1/AutomaticProofRepair/AFPs/afp-2021-1/thys/Euler_MacLaurin/Euler_MacLaurin.thy")
*** Undefined fact: "has_field_derivative_iff_has_vector_derivative" (line 1499 of "~/Desktop/2024_sem1/AutomaticProofRepair/AFPs/afp-2021-1/thys/Euler_MacLaurin/Euler_MacLaurin.thy")
*** At command "qed" (line 1498 of "~/Desktop/2024_sem1/AutomaticProofRepair/AFPs/afp-2021-1/thys/Euler_MacLaurin/Euler_MacLaurin.thy")
*** Undefined fact: "has_field_derivative_iff_has_vector_derivative" (line 1452 of "~/Desktop/2024_sem1/AutomaticProofRepair/AFPs/afp-2021-1/thys/Euler_MacLaurin/Euler_MacLaurin.thy")
*** At command "by" (line 1450 of "~/Desktop/2024_sem1/AutomaticProofRepair/AFPs/afp-2021-1/thys/Euler_MacLaurin/Euler_MacLaurin.thy")
*** Undefined fact: "has_field_derivative_iff_has_vector_derivative" (line 833 of "~/Desktop/2024_sem1/AutomaticProofRepair/AFPs/afp-2021-1/thys/Euler_MacLaurin/Euler_MacLaurin.thy")
*** At command "qed" (line 832 of "~/Desktop/2024_sem1/AutomaticProofRepair/AFPs/afp-2021-1/thys/Euler_MacLaurin/Euler_MacLaurin.thy")
*** Undefined constant: "Divides.divmod_nat" (line 42 of "~/Desktop/2024_sem1/AutomaticProofRepair/AFPs/afp-2021-1/thys/Polynomial_Factorization/Prime_Factorization.thy")
*** At command "partial_function" (line 41 of "~/Desktop/2024_sem1/AutomaticProofRepair/AFPs/afp-2021-1/thys/Polynomial_Factorization/Prime_Factorization.thy")
Zeta_Function CANCELLED
Dirichlet_L CANCELLED
Unfinished session(s): Dirichlet_L, Dirichlet_Series, Zeta_Function
0:02:29 elapsed time, 0:10:47 cpu time, factor 4.32

===============
Dirichlet_Series
Running Dirichlet_Series ...
Dirichlet_Series FAILED
(see also /home/quiqui/.isabelle/Isabelle2022/heaps/polyml-5.9_x86_64_32-linux/log/Dirichlet_Series)
*** Undefined fact: "has_field_derivative_iff_has_vector_derivative" (line 878 of "~/Desktop/2024_sem1/AutomaticProofRepair/AFPs/afp-2021-1/thys/Dirichlet_Series/Dirichlet_Series_Analysis.thy")
*** At command "by" (line 877 of "~/Desktop/2024_sem1/AutomaticProofRepair/AFPs/afp-2021-1/thys/Dirichlet_Series/Dirichlet_Series_Analysis.thy")
*** Undefined fact: "has_field_derivative_iff_has_vector_derivative" (line 467 of "~/Desktop/2024_sem1/AutomaticProofRepair/AFPs/afp-2021-1/thys/Dirichlet_Series/Dirichlet_Series_Analysis.thy")
*** At command "by" (line 465 of "~/Desktop/2024_sem1/AutomaticProofRepair/AFPs/afp-2021-1/thys/Dirichlet_Series/Dirichlet_Series_Analysis.thy")
*** Undefined fact: "has_field_derivative_iff_has_vector_derivative" (line 207 of "~/Desktop/2024_sem1/AutomaticProofRepair/AFPs/afp-2021-1/thys/Dirichlet_Series/Dirichlet_Series_Analysis.thy")
*** At command "by" (line 206 of "~/Desktop/2024_sem1/AutomaticProofRepair/AFPs/afp-2021-1/thys/Dirichlet_Series/Dirichlet_Series_Analysis.thy")
*** Undefined fact: "has_field_derivative_iff_has_vector_derivative" (line 1579 of "~/Desktop/2024_sem1/AutomaticProofRepair/AFPs/afp-2021-1/thys/Euler_MacLaurin/Euler_MacLaurin.thy")
*** At command "qed" (line 1578 of "~/Desktop/2024_sem1/AutomaticProofRepair/AFPs/afp-2021-1/thys/Euler_MacLaurin/Euler_MacLaurin.thy")
*** Undefined fact: "has_field_derivative_iff_has_vector_derivative" (line 1485 of "~/Desktop/2024_sem1/AutomaticProofRepair/AFPs/afp-2021-1/thys/Euler_MacLaurin/Euler_MacLaurin.thy")
*** At command "by" (line 1483 of "~/Desktop/2024_sem1/AutomaticProofRepair/AFPs/afp-2021-1/thys/Euler_MacLaurin/Euler_MacLaurin.thy")
*** Undefined fact: "has_field_derivative_iff_has_vector_derivative" (line 1452 of "~/Desktop/2024_sem1/AutomaticProofRepair/AFPs/afp-2021-1/thys/Euler_MacLaurin/Euler_MacLaurin.thy")
*** At command "by" (line 1450 of "~/Desktop/2024_sem1/AutomaticProofRepair/AFPs/afp-2021-1/thys/Euler_MacLaurin/Euler_MacLaurin.thy")
*** Undefined fact: "has_field_derivative_iff_has_vector_derivative" (line 1329 of "~/Desktop/2024_sem1/AutomaticProofRepair/AFPs/afp-2021-1/thys/Euler_MacLaurin/Euler_MacLaurin.thy")
*** At command "by" (line 1328 of "~/Desktop/2024_sem1/AutomaticProofRepair/AFPs/afp-2021-1/thys/Euler_MacLaurin/Euler_MacLaurin.thy")
*** Undefined fact: "has_field_derivative_iff_has_vector_derivative" (line 833 of "~/Desktop/2024_sem1/AutomaticProofRepair/AFPs/afp-2021-1/thys/Euler_MacLaurin/Euler_MacLaurin.thy")
*** At command "qed" (line 832 of "~/Desktop/2024_sem1/AutomaticProofRepair/AFPs/afp-2021-1/thys/Euler_MacLaurin/Euler_MacLaurin.thy")
*** Undefined constant: "Divides.divmod_nat" (line 42 of "~/Desktop/2024_sem1/AutomaticProofRepair/AFPs/afp-2021-1/thys/Polynomial_Factorization/Prime_Factorization.thy")
*** At command "partial_function" (line 41 of "~/Desktop/2024_sem1/AutomaticProofRepair/AFPs/afp-2021-1/thys/Polynomial_Factorization/Prime_Factorization.thy")
Unfinished session(s): Dirichlet_Series
0:01:52 elapsed time, 0:10:27 cpu time, factor 5.60

===============
DiscretePricing
Running DiscretePricing ...
*** Timeout
DiscretePricing FAILED
(see also /home/quiqui/.isabelle/Isabelle2022/heaps/polyml-5.9_x86_64_32-linux/log/DiscretePricing)
*** More instantiations than variables in theorem
*** At command "using" (line 3051 of "~/Desktop/2024_sem1/AutomaticProofRepair/AFPs/afp-2021-1/thys/DiscretePricing/Fair_Price.thy")
*** More instantiations than variables in theorem
*** At command "using" (line 2950 of "~/Desktop/2024_sem1/AutomaticProofRepair/AFPs/afp-2021-1/thys/DiscretePricing/Fair_Price.thy")
*** More instantiations than variables in theorem
*** At command "using" (line 934 of "~/Desktop/2024_sem1/AutomaticProofRepair/AFPs/afp-2021-1/thys/DiscretePricing/Disc_Cond_Expect.thy")
*** Failed to apply initial proof method (line 1146 of "~/Desktop/2024_sem1/AutomaticProofRepair/AFPs/afp-2021-1/thys/DiscretePricing/Disc_Cond_Expect.thy"):
*** using this:
***     ∀w∈space M.
***        expl_cond_expect M Y X w * indicat_real (Y -` space N ∩ space M) w =
***        expl_cond_expect M Y X w
***     integrable M
***      (λw. expl_cond_expect M Y X w *
***           indicat_real (Y -` space N ∩ space M) w)
*** goal (1 subgoal):
***  1. integrable M (expl_cond_expect M Y X)
*** At command "by" (line 1146 of "~/Desktop/2024_sem1/AutomaticProofRepair/AFPs/afp-2021-1/thys/DiscretePricing/Disc_Cond_Expect.thy")
Unfinished session(s): DiscretePricing
0:10:06 elapsed time, 0:21:57 cpu time, factor 2.17

===============
Dominance_CHK
0:00:05 elapsed time

===============
DPRM_Theorem
0:00:05 elapsed time

===============
DynamicArchitectures
0:00:05 elapsed time

===============
Dynamic_Tables
0:00:04 elapsed time

===============
Epistemic_Logic
0:00:03 elapsed time

===============
Ergodic_Theory
Running Ergodic_Theory ...
Ergodic_Theory FAILED
(see also /home/quiqui/.isabelle/Isabelle2022/heaps/polyml-5.9_x86_64_32-linux/log/Ergodic_Theory)
*** Type unification failed: Variable 'a::type not of sort euclidean_space
*** 
*** Failed to meet type constraint:
*** 
*** Term:  indicat_real (space M - B N K e) :: 'a ⇒ real
*** Type:  ??'a ⇒ ??'b
*** 
*** Coercion Inference:
*** 
*** Local coercion insertion on the operand failed:
*** Variable 'a::type not of sort euclidean_space
*** 
*** Now trying to infer coercions globally.
*** 
*** Coercion inference failed:
*** sort mismatch
*** 
*** At command "apply" (line 718 of "~/Desktop/2024_sem1/AutomaticProofRepair/AFPs/afp-2021-1/thys/Ergodic_Theory/Kingman.thy")
Unfinished session(s): Ergodic_Theory
0:01:12 elapsed time, 0:04:08 cpu time, factor 3.41

===============
Error_Function
Running Error_Function ...
Error_Function FAILED
(see also /home/quiqui/.isabelle/Isabelle2022/heaps/polyml-5.9_x86_64_32-linux/log/Error_Function)
*** Undefined fact: "has_field_derivative_iff_has_vector_derivative" (line 50 of "~/Desktop/2024_sem1/AutomaticProofRepair/AFPs/afp-2021-1/thys/Error_Function/Error_Function_Asymptotics.thy")
*** At command "by" (line 49 of "~/Desktop/2024_sem1/AutomaticProofRepair/AFPs/afp-2021-1/thys/Error_Function/Error_Function_Asymptotics.thy")
*** Undefined fact: "has_field_derivative_iff_has_vector_derivative" (line 150 of "~/Desktop/2024_sem1/AutomaticProofRepair/AFPs/afp-2021-1/thys/Error_Function/Error_Function_Asymptotics.thy")
*** At command "by" (line 150 of "~/Desktop/2024_sem1/AutomaticProofRepair/AFPs/afp-2021-1/thys/Error_Function/Error_Function_Asymptotics.thy")
*** Undefined fact: "has_field_derivative_iff_has_vector_derivative" (line 345 of "~/Desktop/2024_sem1/AutomaticProofRepair/AFPs/afp-2021-1/thys/Error_Function/Error_Function.thy")
*** At command "by" (line 343 of "~/Desktop/2024_sem1/AutomaticProofRepair/AFPs/afp-2021-1/thys/Error_Function/Error_Function.thy")
Unfinished session(s): Error_Function
0:00:20 elapsed time, 0:00:31 cpu time, factor 1.49

===============
Euler_MacLaurin
Running Euler_MacLaurin ...
Euler_MacLaurin FAILED
(see also /home/quiqui/.isabelle/Isabelle2022/heaps/polyml-5.9_x86_64_32-linux/log/Euler_MacLaurin)
*** Undefined fact: "has_field_derivative_iff_has_vector_derivative" (line 1579 of "~/Desktop/2024_sem1/AutomaticProofRepair/AFPs/afp-2021-1/thys/Euler_MacLaurin/Euler_MacLaurin.thy")
*** At command "qed" (line 1578 of "~/Desktop/2024_sem1/AutomaticProofRepair/AFPs/afp-2021-1/thys/Euler_MacLaurin/Euler_MacLaurin.thy")
*** Undefined fact: "has_field_derivative_iff_has_vector_derivative" (line 1329 of "~/Desktop/2024_sem1/AutomaticProofRepair/AFPs/afp-2021-1/thys/Euler_MacLaurin/Euler_MacLaurin.thy")
*** At command "by" (line 1328 of "~/Desktop/2024_sem1/AutomaticProofRepair/AFPs/afp-2021-1/thys/Euler_MacLaurin/Euler_MacLaurin.thy")
*** Undefined fact: "has_field_derivative_iff_has_vector_derivative" (line 1499 of "~/Desktop/2024_sem1/AutomaticProofRepair/AFPs/afp-2021-1/thys/Euler_MacLaurin/Euler_MacLaurin.thy")
*** At command "qed" (line 1498 of "~/Desktop/2024_sem1/AutomaticProofRepair/AFPs/afp-2021-1/thys/Euler_MacLaurin/Euler_MacLaurin.thy")
*** Undefined fact: "has_field_derivative_iff_has_vector_derivative" (line 1452 of "~/Desktop/2024_sem1/AutomaticProofRepair/AFPs/afp-2021-1/thys/Euler_MacLaurin/Euler_MacLaurin.thy")
*** At command "by" (line 1450 of "~/Desktop/2024_sem1/AutomaticProofRepair/AFPs/afp-2021-1/thys/Euler_MacLaurin/Euler_MacLaurin.thy")
*** Undefined fact: "has_field_derivative_iff_has_vector_derivative" (line 833 of "~/Desktop/2024_sem1/AutomaticProofRepair/AFPs/afp-2021-1/thys/Euler_MacLaurin/Euler_MacLaurin.thy")
*** At command "qed" (line 832 of "~/Desktop/2024_sem1/AutomaticProofRepair/AFPs/afp-2021-1/thys/Euler_MacLaurin/Euler_MacLaurin.thy")
Unfinished session(s): Euler_MacLaurin
0:00:19 elapsed time, 0:00:44 cpu time, factor 2.31

===============
Example-Submission
0:00:02 elapsed time

===============
Extended_Finite_State_Machines
0:00:02 elapsed time

===============
Factor_Algebraic_Polynomial
Building Jordan_Normal_Form ...
Jordan_Normal_Form FAILED
(see also /home/quiqui/.isabelle/Isabelle2022/heaps/polyml-5.9_x86_64_32-linux/log/Jordan_Normal_Form)
*** Undefined fact: "pdivmod_pdivmodrel" (line 348 of "~/Desktop/2024_sem1/AutomaticProofRepair/AFPs/afp-2021-1/thys/Polynomial_Interpolation/Ring_Hom_Poly.thy")
*** At command "from" (line 348 of "~/Desktop/2024_sem1/AutomaticProofRepair/AFPs/afp-2021-1/thys/Polynomial_Interpolation/Ring_Hom_Poly.thy")
Subresultants CANCELLED
Berlekamp_Zassenhaus CANCELLED
Algebraic_Numbers CANCELLED
Factor_Algebraic_Polynomial CANCELLED
Unfinished session(s): Algebraic_Numbers, Berlekamp_Zassenhaus, Factor_Algebraic_Polynomial, Jordan_Normal_Form, Subresultants
0:04:02 elapsed time, 0:19:57 cpu time, factor 4.94

===============
Finite_Fields
Running Finite_Fields ...
Finite_Fields FAILED
(see also /home/quiqui/.isabelle/Isabelle2022/heaps/polyml-5.9_x86_64_32-linux/log/Finite_Fields)
*** Undefined fact: "pzf.is_ring" (line 60 of "~/Desktop/2024_sem1/AutomaticProofRepair/AFPs/afp-2021-1/thys/Finite_Fields/Finite_Fields_Isomorphic.thy")
*** At command "by" (line 60 of "~/Desktop/2024_sem1/AutomaticProofRepair/AFPs/afp-2021-1/thys/Finite_Fields/Finite_Fields_Isomorphic.thy")
*** Failed to finish proof (line 641 of "~/Desktop/2024_sem1/AutomaticProofRepair/AFPs/afp-2021-1/thys/Finite_Fields/Card_Irreducible_Polynomials_Aux.thy"):
*** goal (1 subgoal):
***  1. ⟦length d - Suc 0 = Suc 0;
***      ∀d. m_i_p K d ⟶
***          pmult⇘K⇙ d (gauss_poly K (order R ^ (length f - Suc 0))) *
***          (length d - Suc 0) =
***          of_bool (length d - Suc 0 = Suc 0);
***      m_i_p K d⟧
***     ⟹ pmult⇘K⇙ d (gauss_poly K (order R ^ (length f - Suc 0))) = Suc 0
*** At command "by" (line 641 of "~/Desktop/2024_sem1/AutomaticProofRepair/AFPs/afp-2021-1/thys/Finite_Fields/Card_Irreducible_Polynomials_Aux.thy")
*** Undefined fact: "d.is_ring" (line 35 of "~/Desktop/2024_sem1/AutomaticProofRepair/AFPs/afp-2021-1/thys/Finite_Fields/Card_Irreducible_Polynomials_Aux.thy")
*** At command "using" (line 35 of "~/Desktop/2024_sem1/AutomaticProofRepair/AFPs/afp-2021-1/thys/Finite_Fields/Card_Irreducible_Polynomials_Aux.thy")
*** Undefined fact: "is_ring" (line 785 of "~/Desktop/2024_sem1/AutomaticProofRepair/AFPs/afp-2021-1/thys/Finite_Fields/Ring_Characteristic.thy")
*** At command "by" (line 785 of "~/Desktop/2024_sem1/AutomaticProofRepair/AFPs/afp-2021-1/thys/Finite_Fields/Ring_Characteristic.thy")
*** Undefined fact: "int.is_ring" (line 564 of "~/Desktop/2024_sem1/AutomaticProofRepair/AFPs/afp-2021-1/thys/Finite_Fields/Ring_Characteristic.thy")
*** At command "by" (line 564 of "~/Desktop/2024_sem1/AutomaticProofRepair/AFPs/afp-2021-1/thys/Finite_Fields/Ring_Characteristic.thy")
*** Undefined fact: "int.is_ring" (line 378 of "~/Desktop/2024_sem1/AutomaticProofRepair/AFPs/afp-2021-1/thys/Finite_Fields/Ring_Characteristic.thy")
*** At command "using" (line 378 of "~/Desktop/2024_sem1/AutomaticProofRepair/AFPs/afp-2021-1/thys/Finite_Fields/Ring_Characteristic.thy")
*** Undefined fact: "dr.is_ring" (line 665 of "~/Desktop/2024_sem1/AutomaticProofRepair/AFPs/afp-2021-1/thys/Finite_Fields/Finite_Fields_Preliminary_Results.thy")
*** At command "using" (line 665 of "~/Desktop/2024_sem1/AutomaticProofRepair/AFPs/afp-2021-1/thys/Finite_Fields/Finite_Fields_Preliminary_Results.thy")
*** Undefined fact: "dr.is_ring" (line 429 of "~/Desktop/2024_sem1/AutomaticProofRepair/AFPs/afp-2021-1/thys/Finite_Fields/Finite_Fields_Preliminary_Results.thy")
*** At command "using" (line 429 of "~/Desktop/2024_sem1/AutomaticProofRepair/AFPs/afp-2021-1/thys/Finite_Fields/Finite_Fields_Preliminary_Results.thy")
*** Undefined fact: "dr.is_ring" (line 623 of "~/Desktop/2024_sem1/AutomaticProofRepair/AFPs/afp-2021-1/thys/Finite_Fields/Finite_Fields_Preliminary_Results.thy")
*** At command "using" (line 623 of "~/Desktop/2024_sem1/AutomaticProofRepair/AFPs/afp-2021-1/thys/Finite_Fields/Finite_Fields_Preliminary_Results.thy")
Unfinished session(s): Finite_Fields
0:01:14 elapsed time, 0:04:54 cpu time, factor 3.93

===============
Fishers_Inequality
Building Jordan_Normal_Form ...
Jordan_Normal_Form FAILED
(see also /home/quiqui/.isabelle/Isabelle2022/heaps/polyml-5.9_x86_64_32-linux/log/Jordan_Normal_Form)
*** Undefined fact: "pdivmod_pdivmodrel" (line 348 of "~/Desktop/2024_sem1/AutomaticProofRepair/AFPs/afp-2021-1/thys/Polynomial_Interpolation/Ring_Hom_Poly.thy")
*** At command "from" (line 348 of "~/Desktop/2024_sem1/AutomaticProofRepair/AFPs/afp-2021-1/thys/Polynomial_Interpolation/Ring_Hom_Poly.thy")
Subresultants CANCELLED
Berlekamp_Zassenhaus CANCELLED
Fishers_Inequality CANCELLED
Unfinished session(s): Berlekamp_Zassenhaus, Fishers_Inequality, Jordan_Normal_Form, Subresultants
0:05:46 elapsed time, 0:23:03 cpu time, factor 3.99

===============
Flow_Networks
Building Refine_Monadic ...
Refine_Monadic FAILED
(see also /home/quiqui/.isabelle/Isabelle2022/heaps/polyml-5.9_x86_64_32-linux/log/Refine_Monadic)
*** Failed to load theory "Refine_Monadic.Refine_Misc" (unresolved "Refine_Monadic.Refine_Mono_Prover")
*** Failed to load theory "Refine_Monadic.RefineG_Domain" (unresolved "Refine_Monadic.Refine_Misc")
*** Failed to load theory "Refine_Monadic.RefineG_Transfer" (unresolved "Refine_Monadic.Refine_Misc")
*** Failed to load theory "Refine_Monadic.RefineG_Assert" (unresolved "Refine_Monadic.RefineG_Transfer")
*** Failed to load theory "Refine_Monadic.RefineG_Recursion" (unresolved "Refine_Monadic.RefineG_Domain", "Refine_Monadic.RefineG_Transfer", "Refine_Monadic.Refine_Misc")
*** Failed to load theory "Refine_Monadic.Refine_Basic" (unresolved "Refine_Monadic.RefineG_Assert", "Refine_Monadic.RefineG_Recursion", "Refine_Monadic.Refine_Misc")
*** Failed to load theory "Refine_Monadic.Refine_Heuristics" (unresolved "Refine_Monadic.Refine_Basic")
*** Failed to load theory "Refine_Monadic.Refine_Leof" (unresolved "Refine_Monadic.Refine_Basic")
*** Failed to load theory "Refine_Monadic.Refine_More_Comb" (unresolved "Refine_Monadic.Refine_Basic", "Refine_Monadic.Refine_Heuristics", "Refine_Monadic.Refine_Leof")
*** Failed to load theory "Refine_Monadic.RefineG_While" (unresolved "Refine_Monadic.RefineG_Recursion")
*** Failed to load theory "Refine_Monadic.Refine_Det" (unresolved "Refine_Monadic.RefineG_Assert", "Refine_Monadic.RefineG_While")
*** Failed to load theory "Refine_Monadic.Refine_While" (unresolved "Refine_Monadic.RefineG_While", "Refine_Monadic.Refine_Basic", "Refine_Monadic.Refine_Leof")
*** Failed to load theory "Refine_Monadic.Refine_Pfun" (unresolved "Refine_Monadic.Refine_Basic", "Refine_Monadic.Refine_Det")
*** Failed to load theory "Refine_Monadic.Refine_Transfer" (unresolved "Refine_Monadic.RefineG_Transfer", "Refine_Monadic.Refine_Basic", "Refine_Monadic.Refine_Det", "Refine_Monadic.Refine_While")
*** Failed to load theory "Refine_Monadic.Autoref_Monadic" (unresolved "Refine_Monadic.Refine_Transfer")
*** Failed to load theory "Refine_Monadic.Refine_Automation" (unresolved "Refine_Monadic.Refine_Basic", "Refine_Monadic.Refine_Transfer")
*** Failed to load theory "Refine_Monadic.Refine_Foreach" (unresolved "Refine_Monadic.Refine_Heuristics", "Refine_Monadic.Refine_Pfun", "Refine_Monadic.Refine_Transfer", "Refine_Monadic.Refine_While")
*** Failed to load theory "Refine_Monadic.Refine_Monadic" (unresolved "Refine_Monadic.Autoref_Monadic", "Refine_Monadic.Refine_Automation", "Refine_Monadic.Refine_Basic", "Refine_Monadic.Refine_Foreach", "Refine_Monadic.Refine_Heuristics", "Refine_Monadic.Refine_Leof", "Refine_Monadic.Refine_More_Comb", "Refine_Monadic.Refine_Pfun", "Refine_Monadic.Refine_Transfer", "Refine_Monadic.Refine_While")
*** Failed to load theory "Refine_Monadic.Breadth_First_Search" (unresolved "Refine_Monadic.Refine_Monadic")
*** Failed to load theory "Refine_Monadic.WordRefine" (unresolved "Refine_Monadic.Refine_Monadic")
*** Failed to load theory "Refine_Monadic.Examples" (unresolved "Refine_Monadic.Breadth_First_Search", "Refine_Monadic.WordRefine")
*** Undefined fact: "Orderings.monoI" (line 36 of "~/Desktop/2024_sem1/AutomaticProofRepair/AFPs/afp-2021-1/thys/Refine_Monadic/Refine_Mono_Prover.thy")
*** At command "declaration" (line 36 of "~/Desktop/2024_sem1/AutomaticProofRepair/AFPs/afp-2021-1/thys/Refine_Monadic/Refine_Mono_Prover.thy")
Collections CANCELLED
Sepref_Prereq CANCELLED
Sepref_Basic CANCELLED
Sepref_IICF CANCELLED
Flow_Networks CANCELLED
Unfinished session(s): Collections, Flow_Networks, Refine_Monadic, Sepref_Basic, Sepref_IICF, Sepref_Prereq
0:00:23 elapsed time, 0:00:54 cpu time, factor 2.26

===============
FOL_Axiomatic
0:00:02 elapsed time

===============
FOL_Seq_Calc1
0:00:02 elapsed time

===============
FOL_Seq_Calc3
0:00:05 elapsed time

===============
FO_Theory_Rewriting
Running FO_Theory_Rewriting ...
Preparing FO_Theory_Rewriting/document ...
/tmp/isabelle-quiqui/bash_script10263865871330054090: line 2: lualatex: command not found
Failed to build document "document"
FO_Theory_Rewriting FAILED
(see also /home/quiqui/.isabelle/Isabelle2022/heaps/polyml-5.9_x86_64_32-linux/log/FO_Theory_Rewriting)
/tmp/isabelle-quiqui/bash_script10263865871330054090: line 2: lualatex: command not found
*** /tmp/isabelle-quiqui/bash_script10263865871330054090: line 2: lualatex: command not found
*** Failed to build document "document"
Unfinished session(s): FO_Theory_Rewriting
0:04:19 elapsed time, 0:18:56 cpu time, factor 4.38

===============
Foundation_of_geometry
0:00:03 elapsed time

===============
Fourier
Running Fourier ...
Fourier FAILED
(see also /home/quiqui/.isabelle/Isabelle2022/heaps/polyml-5.9_x86_64_32-linux/log/Fourier)
*** Failed to apply proof method (line 2632 of "~/Desktop/2024_sem1/AutomaticProofRepair/AFPs/afp-2021-1/thys/Fourier/Fourier.thy"):
*** goal (1 subgoal):
***  1. integrable (lebesgue_on {ξ..pi}) ψ
*** At command "apply" (line 2632 of "~/Desktop/2024_sem1/AutomaticProofRepair/AFPs/afp-2021-1/thys/Fourier/Fourier.thy")
*** Failed to apply initial proof method (line 2233 of "~/Desktop/2024_sem1/AutomaticProofRepair/AFPs/afp-2021-1/thys/Fourier/Fourier.thy"):
*** using this:
***   integrable (lebesgue_on {0..d}) (λx. ¦f (t + x) + f (t - x) - 2 * l¦ / x)
*** goal (1 subgoal):
***  1. integrable (lebesgue_on {0..d})
***      (norm ∘ (λx. (f (t + x) + f (t - x) - 2 * l) / x))
*** At command "by" (line 2233 of "~/Desktop/2024_sem1/AutomaticProofRepair/AFPs/afp-2021-1/thys/Fourier/Fourier.thy")
*** Undefined fact: "has_field_derivative_iff_has_vector_derivative" (line 1697 of "~/Desktop/2024_sem1/AutomaticProofRepair/AFPs/afp-2021-1/thys/Fourier/Fourier.thy")
*** At command "apply" (line 1697 of "~/Desktop/2024_sem1/AutomaticProofRepair/AFPs/afp-2021-1/thys/Fourier/Fourier.thy")
Unfinished session(s): Fourier
0:01:22 elapsed time, 0:04:09 cpu time, factor 3.00

===============
Frequency_Moments
Running Frequency_Moments ...
Frequency_Moments FAILED
(see also /home/quiqui/.isabelle/Isabelle2022/heaps/polyml-5.9_x86_64_32-linux/log/Frequency_Moments)
***             (c i3 *
***              (r (Suc (Suc 0)) * (r (Suc (Suc 0)) * of_bool (i1 ≠ i3))))))) +
***      (∑i1∈set as.
***         ∑i2∈set as.
***           c i1 *
***           (c i1 *
***            (c i2 *
***             (c i2 *
***              (2 *
***               (r (Suc (Suc 0)) *
***                (r (Suc (Suc 0)) * of_bool (i1 ≠ i2))))))))) =
***     (∑n∈set as.
***        ∑na∈set as.
***          c n *
***          (c n *
***           (c na * (c na * (3 * (r (Suc (Suc 0)) * r (Suc (Suc 0))))))))
*** At command "by" (line 331 of "~/Desktop/2024_sem1/AutomaticProofRepair/AFPs/afp-2021-1/thys/Frequency_Moments/Frequency_Moment_2.thy")
*** Type unification failed: Clash of types "_ set" and "_ ⇒ _"
*** 
*** Type error in application: incompatible operand type
*** 
*** Operator:  strict_mono_on f :: (??'a ⇒ ??'b) ⇒ bool
*** Operand:   T :: ??'c set
*** 
*** Coercion Inference:
*** 
*** Local coercion insertion on the operand failed:
*** No coercion known for type constructors: "set" and "fun"
*** At command "lemma" (line 24 of "~/Desktop/2024_sem1/AutomaticProofRepair/AFPs/afp-2021-1/thys/Frequency_Moments/K_Smallest.thy")
*** Failed to finish proof (line 215 of "~/Desktop/2024_sem1/AutomaticProofRepair/AFPs/afp-2021-1/thys/Prefix_Free_Code_Combinators/Prefix_Free_Code_Combinators.thy"):
*** goal (1 subgoal):
***  1. (2 ^ l ≤ u) = (2 ^ l ≤ v) ∧
***     prefix (encode_bounded_nat l (u - of_bool (2 ^ l ≤ u) * 2 ^ l))
***      (encode_bounded_nat l (v - of_bool (2 ^ l ≤ v) * 2 ^ l)) ⟹
***     (2 ^ l ≤ v ⟶
***      prefix (encode_bounded_nat l (u - 2 ^ l))
***       (encode_bounded_nat l (v - 2 ^ l))) ∧
***     (¬ 2 ^ l ≤ v ⟶
***      prefix (encode_bounded_nat l u) (encode_bounded_nat l v))
*** At command "by" (line 215 of "~/Desktop/2024_sem1/AutomaticProofRepair/AFPs/afp-2021-1/thys/Prefix_Free_Code_Combinators/Prefix_Free_Code_Combinators.thy")
Unfinished session(s): Frequency_Moments
0:03:18 elapsed time, 0:17:54 cpu time, factor 5.42

===============
Functional_Ordered_Resolution_Prover
Running Functional_Ordered_Resolution_Prover ...
*** Timeout
Functional_Ordered_Resolution_Prover FAILED
(see also /home/quiqui/.isabelle/Isabelle2022/heaps/polyml-5.9_x86_64_32-linux/log/Functional_Ordered_Resolution_Prover)
*** goal:
*** No subgoals!
*** At command "apply" (line 62 of "~/Desktop/2024_sem1/AutomaticProofRepair/AFPs/afp-2021-1/thys/Word_Lib/More_Word.thy")
*** Failed to apply initial proof method (line 242 of "~/Desktop/2024_sem1/AutomaticProofRepair/AFPs/afp-2021-1/thys/Word_Lib/Bit_Comprehension.thy"):
*** using this:
***   wf_set_bits_int f
*** goal (1 subgoal):
***  1. bit (BITS a. f a) 0 = f 0
*** At command "by" (line 242 of "~/Desktop/2024_sem1/AutomaticProofRepair/AFPs/afp-2021-1/thys/Word_Lib/Bit_Comprehension.thy")
*** Failed to apply proof method (line 130 of "~/Desktop/2024_sem1/AutomaticProofRepair/AFPs/afp-2021-1/thys/Word_Lib/Signed_Division_Word.thy"):
*** goal (2 subgoals):
***  1. a = - (2 ^ (LENGTH('a) - Suc 0)) ⟶ b ≠ - 1 ⟹
***     word_of_int (sgn (sint a)) * word_of_int (¦sint a¦ mod ¦sint b¦) =
***     a - word_of_int (sint a sdiv sint b) * b
***  2. ¬ (a ≠ - (2 ^ (LENGTH('a) - 1)) ∨ b ≠ - 1) ⟹
***     a smod b = a - a sdiv b * b
*** At command "apply" (line 130 of "~/Desktop/2024_sem1/AutomaticProofRepair/AFPs/afp-2021-1/thys/Word_Lib/Signed_Division_Word.thy")
*** Failed to finish proof (line 62 of "~/Desktop/2024_sem1/AutomaticProofRepair/AFPs/afp-2021-1/thys/Word_Lib/Signed_Division_Word.thy"):
*** goal (1 subgoal):
***  1. word_of_int (sgn (sint w)) * word_of_int ¦sint w¦ = w
*** At command "by" (line 62 of "~/Desktop/2024_sem1/AutomaticProofRepair/AFPs/afp-2021-1/thys/Word_Lib/Signed_Division_Word.thy")
*** Failed to finish proof (line 41 of "~/Desktop/2024_sem1/AutomaticProofRepair/AFPs/afp-2021-1/thys/Word_Lib/Signed_Division_Word.thy"):
*** goal (4 subgoals):
***  1. ⟦sint a < 0; sint b < 0⟧
***     ⟹ word_of_int (sint a sdiv sint b) * b +
***        word_of_int (sint a mod sint b) =
***        a
***  2. ⟦sint a < 0; ¬ sint b < 0⟧
***     ⟹ word_of_int (sint a sdiv sint b) * b -
***        word_of_int (- sint a mod sint b) =
***        a
***  3. ⟦¬ sint a < 0; sint b < 0⟧
***     ⟹ word_of_int (sint a sdiv sint b) * b +
***        word_of_int (sgn (sint a)) * word_of_int (sint a mod - sint b) =
***        a
***  4. ⟦¬ sint a < 0; ¬ sint b < 0⟧
***     ⟹ word_of_int (sint a sdiv sint b) * b +
***        word_of_int (sgn (sint a)) * word_of_int (sint a mod sint b) =
***        a
*** At command "by" (line 41 of "~/Desktop/2024_sem1/AutomaticProofRepair/AFPs/afp-2021-1/thys/Word_Lib/Signed_Division_Word.thy")
Unfinished session(s): Functional_Ordered_Resolution_Prover
0:10:10 elapsed time, 0:17:41 cpu time, factor 1.74

===============
Gale_Shapley
Running Gale_Shapley ...
Gale_Shapley FAILED
(see also /home/quiqui/.isabelle/Isabelle2022/heaps/polyml-5.9_x86_64_32-linux/log/Gale_Shapley)
*** Failed to load theory "Gale_Shapley.Gale_Shapley2" (unresolved "Collections.Diff_Array")
*** Code check failed for Scala: isabelle_scala scalac $ISABELLE_SCALAC_OPTIONS ROOT.scala
*** At command "export_code" (line 1067 of "~/Desktop/2024_sem1/AutomaticProofRepair/AFPs/afp-2021-1/thys/Collections/Lib/Diff_Array.thy")
Unfinished session(s): Gale_Shapley
0:01:14 elapsed time, 0:03:07 cpu time, factor 2.50

===============
Game_Based_Crypto
Building CryptHOL ...
Warning - Unable to increase stack - interrupting thread
CryptHOL FAILED
(see also /home/quiqui/.isabelle/Isabelle2022/heaps/polyml-5.9_x86_64_32-linux/log/CryptHOL)
*** Undefined fact: "nat_mod_eq_lemma" (line 73 of "~/Desktop/2024_sem1/AutomaticProofRepair/AFPs/afp-2021-1/thys/CryptHOL/Cyclic_Group.thy")
*** At command "by" (line 73 of "~/Desktop/2024_sem1/AutomaticProofRepair/AFPs/afp-2021-1/thys/CryptHOL/Cyclic_Group.thy")
Game_Based_Crypto CANCELLED
Unfinished session(s): CryptHOL, Game_Based_Crypto
0:08:36 elapsed time, 0:27:05 cpu time, factor 3.15

===============
Gauss_Jordan
Running Gauss_Jordan ...
Gauss_Jordan FAILED
(see also /home/quiqui/.isabelle/Isabelle2022/heaps/polyml-5.9_x86_64_32-linux/log/Gauss_Jordan)
*** Failed to load theory "Gauss_Jordan.Code_Rational" (unresolved "Gauss_Jordan.Code_Real_Approx_By_Float_Haskell")
*** Failed to load theory "Gauss_Jordan.Code_Generation_IArrays_Haskell" (unresolved "Gauss_Jordan.Code_Rational")
*** Not a constant: real_of_integer
*** At command "code_printing" (line 19 of "~/Desktop/2024_sem1/AutomaticProofRepair/AFPs/afp-2021-1/thys/Gauss_Jordan/Code_Real_Approx_By_Float_Haskell.thy")
Unfinished session(s): Gauss_Jordan
0:01:20 elapsed time, 0:05:28 cpu time, factor 4.10

===============
Gauss_Sums
Building Dirichlet_Series ...
Dirichlet_Series FAILED
(see also /home/quiqui/.isabelle/Isabelle2022/heaps/polyml-5.9_x86_64_32-linux/log/Dirichlet_Series)
*** Undefined fact: "has_field_derivative_iff_has_vector_derivative" (line 467 of "~/Desktop/2024_sem1/AutomaticProofRepair/AFPs/afp-2021-1/thys/Dirichlet_Series/Dirichlet_Series_Analysis.thy")
*** At command "by" (line 465 of "~/Desktop/2024_sem1/AutomaticProofRepair/AFPs/afp-2021-1/thys/Dirichlet_Series/Dirichlet_Series_Analysis.thy")
*** Undefined fact: "has_field_derivative_iff_has_vector_derivative" (line 878 of "~/Desktop/2024_sem1/AutomaticProofRepair/AFPs/afp-2021-1/thys/Dirichlet_Series/Dirichlet_Series_Analysis.thy")
*** At command "by" (line 877 of "~/Desktop/2024_sem1/AutomaticProofRepair/AFPs/afp-2021-1/thys/Dirichlet_Series/Dirichlet_Series_Analysis.thy")
*** Undefined fact: "has_field_derivative_iff_has_vector_derivative" (line 207 of "~/Desktop/2024_sem1/AutomaticProofRepair/AFPs/afp-2021-1/thys/Dirichlet_Series/Dirichlet_Series_Analysis.thy")
*** At command "by" (line 206 of "~/Desktop/2024_sem1/AutomaticProofRepair/AFPs/afp-2021-1/thys/Dirichlet_Series/Dirichlet_Series_Analysis.thy")
*** Undefined fact: "has_field_derivative_iff_has_vector_derivative" (line 1562 of "~/Desktop/2024_sem1/AutomaticProofRepair/AFPs/afp-2021-1/thys/Euler_MacLaurin/Euler_MacLaurin.thy")
*** At command "by" (line 1560 of "~/Desktop/2024_sem1/AutomaticProofRepair/AFPs/afp-2021-1/thys/Euler_MacLaurin/Euler_MacLaurin.thy")
*** Undefined fact: "has_field_derivative_iff_has_vector_derivative" (line 1499 of "~/Desktop/2024_sem1/AutomaticProofRepair/AFPs/afp-2021-1/thys/Euler_MacLaurin/Euler_MacLaurin.thy")
*** At command "qed" (line 1498 of "~/Desktop/2024_sem1/AutomaticProofRepair/AFPs/afp-2021-1/thys/Euler_MacLaurin/Euler_MacLaurin.thy")
*** Undefined fact: "has_field_derivative_iff_has_vector_derivative" (line 1452 of "~/Desktop/2024_sem1/AutomaticProofRepair/AFPs/afp-2021-1/thys/Euler_MacLaurin/Euler_MacLaurin.thy")
*** At command "by" (line 1450 of "~/Desktop/2024_sem1/AutomaticProofRepair/AFPs/afp-2021-1/thys/Euler_MacLaurin/Euler_MacLaurin.thy")
*** Undefined fact: "has_field_derivative_iff_has_vector_derivative" (line 1329 of "~/Desktop/2024_sem1/AutomaticProofRepair/AFPs/afp-2021-1/thys/Euler_MacLaurin/Euler_MacLaurin.thy")
*** At command "by" (line 1328 of "~/Desktop/2024_sem1/AutomaticProofRepair/AFPs/afp-2021-1/thys/Euler_MacLaurin/Euler_MacLaurin.thy")
*** Undefined fact: "has_field_derivative_iff_has_vector_derivative" (line 833 of "~/Desktop/2024_sem1/AutomaticProofRepair/AFPs/afp-2021-1/thys/Euler_MacLaurin/Euler_MacLaurin.thy")
*** At command "qed" (line 832 of "~/Desktop/2024_sem1/AutomaticProofRepair/AFPs/afp-2021-1/thys/Euler_MacLaurin/Euler_MacLaurin.thy")
*** Undefined constant: "Divides.divmod_nat" (line 42 of "~/Desktop/2024_sem1/AutomaticProofRepair/AFPs/afp-2021-1/thys/Polynomial_Factorization/Prime_Factorization.thy")
*** At command "partial_function" (line 41 of "~/Desktop/2024_sem1/AutomaticProofRepair/AFPs/afp-2021-1/thys/Polynomial_Factorization/Prime_Factorization.thy")
Gauss_Sums CANCELLED
Unfinished session(s): Dirichlet_Series, Gauss_Sums
0:02:45 elapsed time, 0:11:04 cpu time, factor 4.01

===============
Girth_Chromatic
0:00:06 elapsed time

===============
Goedel_HFSet_Semanticless
0:00:04 elapsed time

===============
Graph_Theory
0:00:03 elapsed time

===============
Green
Running Green ...
Green FAILED
(see also /home/quiqui/.isabelle/Isabelle2022/heaps/polyml-5.9_x86_64_32-linux/log/Green)
*** Undefined fact: "has_field_derivative_iff_has_vector_derivative" (line 2225 of "~/Desktop/2024_sem1/AutomaticProofRepair/AFPs/afp-2021-1/thys/Green/Paths.thy")
*** At command "using" (line 2225 of "~/Desktop/2024_sem1/AutomaticProofRepair/AFPs/afp-2021-1/thys/Green/Paths.thy")
*** Undefined fact: "has_field_derivative_iff_has_vector_derivative" (line 2459 of "~/Desktop/2024_sem1/AutomaticProofRepair/AFPs/afp-2021-1/thys/Green/Paths.thy")
*** At command "using" (line 2459 of "~/Desktop/2024_sem1/AutomaticProofRepair/AFPs/afp-2021-1/thys/Green/Paths.thy")
*** Undefined fact: "has_field_derivative_iff_has_vector_derivative" (line 122 of "~/Desktop/2024_sem1/AutomaticProofRepair/AFPs/afp-2021-1/thys/Green/Paths.thy")
*** At command "by" (line 122 of "~/Desktop/2024_sem1/AutomaticProofRepair/AFPs/afp-2021-1/thys/Green/Paths.thy")
*** Undefined fact: "has_field_derivative_iff_has_vector_derivative" (line 838 of "~/Desktop/2024_sem1/AutomaticProofRepair/AFPs/afp-2021-1/thys/Green/Integrals.thy")
*** At command "apply" (line 838 of "~/Desktop/2024_sem1/AutomaticProofRepair/AFPs/afp-2021-1/thys/Green/Integrals.thy")
*** Undefined fact: "has_field_derivative_iff_has_vector_derivative" (line 351 of "~/Desktop/2024_sem1/AutomaticProofRepair/AFPs/afp-2021-1/thys/Green/Integrals.thy")
*** At command "using" (line 351 of "~/Desktop/2024_sem1/AutomaticProofRepair/AFPs/afp-2021-1/thys/Green/Integrals.thy")
*** Undefined fact: "has_field_derivative_iff_has_vector_derivative" (line 140 of "~/Desktop/2024_sem1/AutomaticProofRepair/AFPs/afp-2021-1/thys/Green/Derivs.thy")
*** At command "unfolding" (line 140 of "~/Desktop/2024_sem1/AutomaticProofRepair/AFPs/afp-2021-1/thys/Green/Derivs.thy")
*** Undefined fact: "has_field_derivative_iff_has_vector_derivative" (line 113 of "~/Desktop/2024_sem1/AutomaticProofRepair/AFPs/afp-2021-1/thys/Green/Derivs.thy")
*** At command "unfolding" (line 113 of "~/Desktop/2024_sem1/AutomaticProofRepair/AFPs/afp-2021-1/thys/Green/Derivs.thy")
*** Undefined fact: "has_field_derivative_iff_has_vector_derivative" (line 90 of "~/Desktop/2024_sem1/AutomaticProofRepair/AFPs/afp-2021-1/thys/Green/Derivs.thy")
*** At command "unfolding" (line 90 of "~/Desktop/2024_sem1/AutomaticProofRepair/AFPs/afp-2021-1/thys/Green/Derivs.thy")
*** Undefined fact: "has_field_derivative_iff_has_vector_derivative" (line 7 of "~/Desktop/2024_sem1/AutomaticProofRepair/AFPs/afp-2021-1/thys/Green/Derivs.thy")
*** At command "by" (line 7 of "~/Desktop/2024_sem1/AutomaticProofRepair/AFPs/afp-2021-1/thys/Green/Derivs.thy")
Unfinished session(s): Green
0:00:52 elapsed time, 0:03:34 cpu time, factor 4.04

===============
Groebner_Macaulay
0:00:05 elapsed time

===============
Grothendieck_Schemes
0:00:02 elapsed time

===============
Group-Ring-Module
0:00:02 elapsed time

===============
Hello_World
Running Hello_World ...
Hello_World FAILED
(see also /home/quiqui/.isabelle/Isabelle2022/heaps/polyml-5.9_x86_64_32-linux/log/Hello_World)
*** ML error (line 34 of "~/Desktop/2024_sem1/AutomaticProofRepair/AFPs/afp-2021-1/thys/Hello_World/RunningCodeFromIsabelle.thy"):
*** Type error in function application.
***    Function:
***       List.app (fn ([file], content) => File.write (... + ...) content) :
***       (string list * string) list -> unit
***    Argument: files : (string list * Bytes.T) list
***    Reason:
***       Can't unify string (*In Basis*) with Bytes.T
***          (Different type constructors)
*** At command "ML" (line 19 of "~/Desktop/2024_sem1/AutomaticProofRepair/AFPs/afp-2021-1/thys/Hello_World/RunningCodeFromIsabelle.thy")
Unfinished session(s): Hello_World
0:00:11 elapsed time, 0:00:03 cpu time, factor 0.29

===============
Hidden_Markov_Models
Building Markov_Models ...
Markov_Models FAILED
(see also /home/quiqui/.isabelle/Isabelle2022/heaps/polyml-5.9_x86_64_32-linux/log/Markov_Models)
***            (λa. wp c1 (wp c2 a))
***  4. ⋀c1 c2.
***        ⟦monotone (λa b. ∀x. a x ≤ b x) (λa b. ∀x. a x ≤ b x) (wp c1);
***         monotone (λa b. ∀x. a x ≤ b x) (λa b. ∀x. a x ≤ b x) (wp c2)⟧
***        ⟹ monotone (λa b. ∀x. a x ≤ b x) (λa b. ∀x. a x ≤ b x)
***            (λa b. wp c1 a b ⊓ wp c2 a b)
***  5. ⋀x1 c1 c2.
***        ⟦monotone (λa b. ∀x. a x ≤ b x) (λa b. ∀x. a x ≤ b x) (wp c1);
***         monotone (λa b. ∀x. a x ≤ b x) (λa b. ∀x. a x ≤ b x) (wp c2)⟧
***        ⟹ monotone (λa b. ∀x. a x ≤ b x) (λa b. ∀x. a x ≤ b x)
***            (λa b. if x1 b then wp c1 a b else wp c2 a b)
***  6. ⋀x1 c1 c2.
***        ⟦monotone (λa b. ∀x. a x ≤ b x) (λa b. ∀x. a x ≤ b x) (wp c1);
***         monotone (λa b. ∀x. a x ≤ b x) (λa b. ∀x. a x ≤ b x) (wp c2)⟧
***        ⟹ monotone (λa b. ∀x. a x ≤ b x) (λa b. ∀x. a x ≤ b x)
***            (λa b. ennreal (pmf x1 True) * wp c1 a b +
***                   ennreal (pmf x1 False) * wp c2 a b)
***  7. ⋀x1 c.
***        monotone (λa b. ∀x. a x ≤ b x) (λa b. ∀x. a x ≤ b x) (wp c) ⟹
***        monotone (λa b. ∀x. a x ≤ b x) (λa b. ∀x. a x ≤ b x)
***         (λa. lfp (λX s. if x1 s then wp c X s else a s))
*** At command "by" (line 34 of "~/Desktop/2024_sem1/AutomaticProofRepair/AFPs/afp-2021-1/thys/Markov_Models/ex/PGCL.thy")
*** Failed to finish proof (line 735 of "~/Desktop/2024_sem1/AutomaticProofRepair/AFPs/afp-2021-1/thys/Markov_Models/Markov_Decision_Process.thy"):
*** goal (1 subgoal):
***  1. (⋀m n. m ≤ n ⟹ ∀x. (Q ^^ n) ⊤ x ⟶ (Q ^^ m) ⊤ x) ⟹
***     monotone (≤) (λx y. ∀xa. y xa ⟶ x xa) (λi x. (Q ^^ i) ⊤ (f x))
*** At command "by" (line 735 of "~/Desktop/2024_sem1/AutomaticProofRepair/AFPs/afp-2021-1/thys/Markov_Models/Markov_Decision_Process.thy")
*** Failed to finish proof (line 714 of "~/Desktop/2024_sem1/AutomaticProofRepair/AFPs/afp-2021-1/thys/Markov_Models/Markov_Decision_Process.thy"):
*** goal (1 subgoal):
***  1. ⋀x m n xa.
***        ⟦monotone (≤) (λx y. ∀xa. y xa ⟶ x xa) P; x ∈ cfg_on s; m ≤ n;
***         xa ∈ space St; P n xa⟧
***        ⟹ P m xa
*** At command "by" (line 714 of "~/Desktop/2024_sem1/AutomaticProofRepair/AFPs/afp-2021-1/thys/Markov_Models/Markov_Decision_Process.thy")
*** Failed to finish proof:
*** goal (1 subgoal):
***  1. monotone (≤) (λx y. ∀xa∈y. xa ∈ x)
***      (λn. {ω ∈ space (stream_space (count_space UNIV)).
***            enat n ≤ scount (HLD {y}) ω})
*** At command "done" (line 560 of "~/Desktop/2024_sem1/AutomaticProofRepair/AFPs/afp-2021-1/thys/Markov_Models/Classifying_Markov_Chain_States.thy")
Hidden_Markov_Models CANCELLED
Unfinished session(s): Hidden_Markov_Models, Markov_Models
0:01:07 elapsed time, 0:04:44 cpu time, factor 4.23

===============
Hoare_Time
0:00:08 elapsed time

===============
HRB-Slicing
0:00:04 elapsed time

===============
IEEE_Floating_Point
Building Word_Lib ...
*** Timeout
Word_Lib FAILED
(see also /home/quiqui/.isabelle/Isabelle2022/heaps/polyml-5.9_x86_64_32-linux/log/Word_Lib)
*** goal:
*** No subgoals!
*** At command "apply" (line 62 of "~/Desktop/2024_sem1/AutomaticProofRepair/AFPs/afp-2021-1/thys/Word_Lib/More_Word.thy")
*** Failed to apply initial proof method (line 242 of "~/Desktop/2024_sem1/AutomaticProofRepair/AFPs/afp-2021-1/thys/Word_Lib/Bit_Comprehension.thy"):
*** using this:
***   wf_set_bits_int f
*** goal (1 subgoal):
***  1. bit (BITS a. f a) 0 = f 0
*** At command "by" (line 242 of "~/Desktop/2024_sem1/AutomaticProofRepair/AFPs/afp-2021-1/thys/Word_Lib/Bit_Comprehension.thy")
*** Failed to apply proof method (line 130 of "~/Desktop/2024_sem1/AutomaticProofRepair/AFPs/afp-2021-1/thys/Word_Lib/Signed_Division_Word.thy"):
*** goal (2 subgoals):
***  1. a = - (2 ^ (LENGTH('a) - Suc 0)) ⟶ b ≠ - 1 ⟹
***     word_of_int (sgn (sint a)) * word_of_int (¦sint a¦ mod ¦sint b¦) =
***     a - word_of_int (sint a sdiv sint b) * b
***  2. ¬ (a ≠ - (2 ^ (LENGTH('a) - 1)) ∨ b ≠ - 1) ⟹
***     a smod b = a - a sdiv b * b
*** At command "apply" (line 130 of "~/Desktop/2024_sem1/AutomaticProofRepair/AFPs/afp-2021-1/thys/Word_Lib/Signed_Division_Word.thy")
*** Failed to finish proof (line 41 of "~/Desktop/2024_sem1/AutomaticProofRepair/AFPs/afp-2021-1/thys/Word_Lib/Signed_Division_Word.thy"):
*** goal (4 subgoals):
***  1. ⟦sint a < 0; sint b < 0⟧
***     ⟹ word_of_int (sint a sdiv sint b) * b +
***        word_of_int (sint a mod sint b) =
***        a
***  2. ⟦sint a < 0; ¬ sint b < 0⟧
***     ⟹ word_of_int (sint a sdiv sint b) * b -
***        word_of_int (- sint a mod sint b) =
***        a
***  3. ⟦¬ sint a < 0; sint b < 0⟧
***     ⟹ word_of_int (sint a sdiv sint b) * b +
***        word_of_int (sgn (sint a)) * word_of_int (sint a mod - sint b) =
***        a
***  4. ⟦¬ sint a < 0; ¬ sint b < 0⟧
***     ⟹ word_of_int (sint a sdiv sint b) * b +
***        word_of_int (sgn (sint a)) * word_of_int (sint a mod sint b) =
***        a
*** At command "by" (line 41 of "~/Desktop/2024_sem1/AutomaticProofRepair/AFPs/afp-2021-1/thys/Word_Lib/Signed_Division_Word.thy")
*** Failed to finish proof (line 62 of "~/Desktop/2024_sem1/AutomaticProofRepair/AFPs/afp-2021-1/thys/Word_Lib/Signed_Division_Word.thy"):
*** goal (1 subgoal):
***  1. word_of_int (sgn (sint w)) * word_of_int ¦sint w¦ = w
*** At command "by" (line 62 of "~/Desktop/2024_sem1/AutomaticProofRepair/AFPs/afp-2021-1/thys/Word_Lib/Signed_Division_Word.thy")
IEEE_Floating_Point CANCELLED
Unfinished session(s): IEEE_Floating_Point, Word_Lib
0:05:08 elapsed time, 0:08:05 cpu time, factor 1.57

===============
Implicational_Logic
0:00:02 elapsed time

===============
Incompleteness
0:00:04 elapsed time

===============
Independence_CH
0:00:04 elapsed time

===============
Inductive_Inference
Running Inductive_Inference ...
Inductive_Inference FAILED
(see also /home/quiqui/.isabelle/Isabelle2022/heaps/polyml-5.9_x86_64_32-linux/log/Inductive_Inference)
***                                (triple_encode (pdec222 (e2i e))
***                                  (e_cons (e2lenls e - 1)
***                                    (e_cons (e_hd (e2ls e)) (e_tl (e2xs e))))
***                                  0)
***                                (e2stack e),
***                               0)
***                        else prod_encode
***                              (e_cons
***                                (triple_encode (e2i e) (e2xs e)
***                                  (e_cons (e2rv e - 1) (e2ls e)))
***                                (e2tail e),
***                               0);
***          arity g = Suc (length xs); n = arity f; wellf f; wellf g;
***          Suc (arity f) = length xs; rv ↓= y⟧
***         ⟹ 0 < Partial_Recursive.list_encode ls
*** At command "by" (line 1164 of "~/Desktop/2024_sem1/AutomaticProofRepair/AFPs/afp-2021-1/thys/Inductive_Inference/Universal.thy")
*** Failed to finish proof (line 1243 of "~/Desktop/2024_sem1/AutomaticProofRepair/AFPs/afp-2021-1/thys/Inductive_Inference/Universal.thy"):
*** goal (1 subgoal):
***  1. ⟦ls ≠ []; rv ↓= 0; c = ((Mn n f, xs, ls) # fs, Some 0);
***      ⋀e. estep_Mn e ≡
***          if e2ls e = 0
***          then prod_encode
***                (e_cons
***                  (triple_encode (pdec22 (e2i e)) (e_cons 0 (e2xs e)) 0)
***                  (e_cons
***                    (triple_encode (e2i e) (e2xs e) (singleton_encode 0))
***                    (e2tail e)),
***                 0)
***          else if e2rv e = 1 then prod_encode (e2tail e, Suc (e_hd (e2ls e)))
***               else prod_encode
***                     (e_cons
***                       (triple_encode (pdec22 (e2i e))
***                         (e_cons (Suc (e_hd (e2ls e))) (e2xs e)) 0)
***                       (e_cons
***                         (triple_encode (e2i e) (e2xs e)
***                           (singleton_encode (Suc (e_hd (e2ls e)))))
***                         (e2tail e)),
***                      0)⟧
***     ⟹ 0 < Partial_Recursive.list_encode ls
*** At command "by" (line 1243 of "~/Desktop/2024_sem1/AutomaticProofRepair/AFPs/afp-2021-1/thys/Inductive_Inference/Universal.thy")
Unfinished session(s): Inductive_Inference
0:01:26 elapsed time, 0:04:45 cpu time, factor 3.32

===============
Interpolation_Polynomials_HOL_Algebra
0:00:03 elapsed time

===============
Interval_Arithmetic_Word32
Building Word_Lib ...
*** Timeout
Word_Lib FAILED
(see also /home/quiqui/.isabelle/Isabelle2022/heaps/polyml-5.9_x86_64_32-linux/log/Word_Lib)
*** using this:
***   wf_set_bits_int f
*** goal (1 subgoal):
***  1. bit (BITS a. f a) 0 = f 0
*** At command "by" (line 242 of "~/Desktop/2024_sem1/AutomaticProofRepair/AFPs/afp-2021-1/thys/Word_Lib/Bit_Comprehension.thy")
*** Failed to apply proof method (line 62 of "~/Desktop/2024_sem1/AutomaticProofRepair/AFPs/afp-2021-1/thys/Word_Lib/More_Word.thy"):
*** goal:
*** No subgoals!
*** At command "apply" (line 62 of "~/Desktop/2024_sem1/AutomaticProofRepair/AFPs/afp-2021-1/thys/Word_Lib/More_Word.thy")
*** Failed to apply proof method (line 130 of "~/Desktop/2024_sem1/AutomaticProofRepair/AFPs/afp-2021-1/thys/Word_Lib/Signed_Division_Word.thy"):
*** goal (2 subgoals):
***  1. a = - (2 ^ (LENGTH('a) - Suc 0)) ⟶ b ≠ - 1 ⟹
***     word_of_int (sgn (sint a)) * word_of_int (¦sint a¦ mod ¦sint b¦) =
***     a - word_of_int (sint a sdiv sint b) * b
***  2. ¬ (a ≠ - (2 ^ (LENGTH('a) - 1)) ∨ b ≠ - 1) ⟹
***     a smod b = a - a sdiv b * b
*** At command "apply" (line 130 of "~/Desktop/2024_sem1/AutomaticProofRepair/AFPs/afp-2021-1/thys/Word_Lib/Signed_Division_Word.thy")
*** Failed to finish proof (line 41 of "~/Desktop/2024_sem1/AutomaticProofRepair/AFPs/afp-2021-1/thys/Word_Lib/Signed_Division_Word.thy"):
*** goal (4 subgoals):
***  1. ⟦sint a < 0; sint b < 0⟧
***     ⟹ word_of_int (sint a sdiv sint b) * b +
***        word_of_int (sint a mod sint b) =
***        a
***  2. ⟦sint a < 0; ¬ sint b < 0⟧
***     ⟹ word_of_int (sint a sdiv sint b) * b -
***        word_of_int (- sint a mod sint b) =
***        a
***  3. ⟦¬ sint a < 0; sint b < 0⟧
***     ⟹ word_of_int (sint a sdiv sint b) * b +
***        word_of_int (sgn (sint a)) * word_of_int (sint a mod - sint b) =
***        a
***  4. ⟦¬ sint a < 0; ¬ sint b < 0⟧
***     ⟹ word_of_int (sint a sdiv sint b) * b +
***        word_of_int (sgn (sint a)) * word_of_int (sint a mod sint b) =
***        a
*** At command "by" (line 41 of "~/Desktop/2024_sem1/AutomaticProofRepair/AFPs/afp-2021-1/thys/Word_Lib/Signed_Division_Word.thy")
*** Failed to finish proof (line 62 of "~/Desktop/2024_sem1/AutomaticProofRepair/AFPs/afp-2021-1/thys/Word_Lib/Signed_Division_Word.thy"):
*** goal (1 subgoal):
***  1. word_of_int (sgn (sint w)) * word_of_int ¦sint w¦ = w
*** At command "by" (line 62 of "~/Desktop/2024_sem1/AutomaticProofRepair/AFPs/afp-2021-1/thys/Word_Lib/Signed_Division_Word.thy")
Interval_Arithmetic_Word32 CANCELLED
Unfinished session(s): Interval_Arithmetic_Word32, Word_Lib
0:05:08 elapsed time, 0:08:05 cpu time, factor 1.57

===============
IP_Addresses
Building Word_Lib ...
*** Timeout
Word_Lib FAILED
(see also /home/quiqui/.isabelle/Isabelle2022/heaps/polyml-5.9_x86_64_32-linux/log/Word_Lib)
*** goal:
*** No subgoals!
*** At command "apply" (line 62 of "~/Desktop/2024_sem1/AutomaticProofRepair/AFPs/afp-2021-1/thys/Word_Lib/More_Word.thy")
*** Failed to apply initial proof method (line 242 of "~/Desktop/2024_sem1/AutomaticProofRepair/AFPs/afp-2021-1/thys/Word_Lib/Bit_Comprehension.thy"):
*** using this:
***   wf_set_bits_int f
*** goal (1 subgoal):
***  1. bit (BITS a. f a) 0 = f 0
*** At command "by" (line 242 of "~/Desktop/2024_sem1/AutomaticProofRepair/AFPs/afp-2021-1/thys/Word_Lib/Bit_Comprehension.thy")
*** Failed to apply proof method (line 130 of "~/Desktop/2024_sem1/AutomaticProofRepair/AFPs/afp-2021-1/thys/Word_Lib/Signed_Division_Word.thy"):
*** goal (2 subgoals):
***  1. a = - (2 ^ (LENGTH('a) - Suc 0)) ⟶ b ≠ - 1 ⟹
***     word_of_int (sgn (sint a)) * word_of_int (¦sint a¦ mod ¦sint b¦) =
***     a - word_of_int (sint a sdiv sint b) * b
***  2. ¬ (a ≠ - (2 ^ (LENGTH('a) - 1)) ∨ b ≠ - 1) ⟹
***     a smod b = a - a sdiv b * b
*** At command "apply" (line 130 of "~/Desktop/2024_sem1/AutomaticProofRepair/AFPs/afp-2021-1/thys/Word_Lib/Signed_Division_Word.thy")
*** Failed to finish proof (line 41 of "~/Desktop/2024_sem1/AutomaticProofRepair/AFPs/afp-2021-1/thys/Word_Lib/Signed_Division_Word.thy"):
*** goal (4 subgoals):
***  1. ⟦sint a < 0; sint b < 0⟧
***     ⟹ word_of_int (sint a sdiv sint b) * b +
***        word_of_int (sint a mod sint b) =
***        a
***  2. ⟦sint a < 0; ¬ sint b < 0⟧
***     ⟹ word_of_int (sint a sdiv sint b) * b -
***        word_of_int (- sint a mod sint b) =
***        a
***  3. ⟦¬ sint a < 0; sint b < 0⟧
***     ⟹ word_of_int (sint a sdiv sint b) * b +
***        word_of_int (sgn (sint a)) * word_of_int (sint a mod - sint b) =
***        a
***  4. ⟦¬ sint a < 0; ¬ sint b < 0⟧
***     ⟹ word_of_int (sint a sdiv sint b) * b +
***        word_of_int (sgn (sint a)) * word_of_int (sint a mod sint b) =
***        a
*** At command "by" (line 41 of "~/Desktop/2024_sem1/AutomaticProofRepair/AFPs/afp-2021-1/thys/Word_Lib/Signed_Division_Word.thy")
*** Failed to finish proof (line 62 of "~/Desktop/2024_sem1/AutomaticProofRepair/AFPs/afp-2021-1/thys/Word_Lib/Signed_Division_Word.thy"):
*** goal (1 subgoal):
***  1. word_of_int (sgn (sint w)) * word_of_int ¦sint w¦ = w
*** At command "by" (line 62 of "~/Desktop/2024_sem1/AutomaticProofRepair/AFPs/afp-2021-1/thys/Word_Lib/Signed_Division_Word.thy")
IP_Addresses CANCELLED
Unfinished session(s): IP_Addresses, Word_Lib
0:05:08 elapsed time, 0:08:07 cpu time, factor 1.58

===============
Iptables_Semantics
Building Word_Lib ...
*** Timeout
Word_Lib FAILED
(see also /home/quiqui/.isabelle/Isabelle2022/heaps/polyml-5.9_x86_64_32-linux/log/Word_Lib)
*** goal:
*** No subgoals!
*** At command "apply" (line 62 of "~/Desktop/2024_sem1/AutomaticProofRepair/AFPs/afp-2021-1/thys/Word_Lib/More_Word.thy")
*** Failed to apply initial proof method (line 242 of "~/Desktop/2024_sem1/AutomaticProofRepair/AFPs/afp-2021-1/thys/Word_Lib/Bit_Comprehension.thy"):
*** using this:
***   wf_set_bits_int f
*** goal (1 subgoal):
***  1. bit (BITS a. f a) 0 = f 0
*** At command "by" (line 242 of "~/Desktop/2024_sem1/AutomaticProofRepair/AFPs/afp-2021-1/thys/Word_Lib/Bit_Comprehension.thy")
*** Failed to apply proof method (line 130 of "~/Desktop/2024_sem1/AutomaticProofRepair/AFPs/afp-2021-1/thys/Word_Lib/Signed_Division_Word.thy"):
*** goal (2 subgoals):
***  1. a = - (2 ^ (LENGTH('a) - Suc 0)) ⟶ b ≠ - 1 ⟹
***     word_of_int (sgn (sint a)) * word_of_int (¦sint a¦ mod ¦sint b¦) =
***     a - word_of_int (sint a sdiv sint b) * b
***  2. ¬ (a ≠ - (2 ^ (LENGTH('a) - 1)) ∨ b ≠ - 1) ⟹
***     a smod b = a - a sdiv b * b
*** At command "apply" (line 130 of "~/Desktop/2024_sem1/AutomaticProofRepair/AFPs/afp-2021-1/thys/Word_Lib/Signed_Division_Word.thy")
*** Failed to finish proof (line 41 of "~/Desktop/2024_sem1/AutomaticProofRepair/AFPs/afp-2021-1/thys/Word_Lib/Signed_Division_Word.thy"):
*** goal (4 subgoals):
***  1. ⟦sint a < 0; sint b < 0⟧
***     ⟹ word_of_int (sint a sdiv sint b) * b +
***        word_of_int (sint a mod sint b) =
***        a
***  2. ⟦sint a < 0; ¬ sint b < 0⟧
***     ⟹ word_of_int (sint a sdiv sint b) * b -
***        word_of_int (- sint a mod sint b) =
***        a
***  3. ⟦¬ sint a < 0; sint b < 0⟧
***     ⟹ word_of_int (sint a sdiv sint b) * b +
***        word_of_int (sgn (sint a)) * word_of_int (sint a mod - sint b) =
***        a
***  4. ⟦¬ sint a < 0; ¬ sint b < 0⟧
***     ⟹ word_of_int (sint a sdiv sint b) * b +
***        word_of_int (sgn (sint a)) * word_of_int (sint a mod sint b) =
***        a
*** At command "by" (line 41 of "~/Desktop/2024_sem1/AutomaticProofRepair/AFPs/afp-2021-1/thys/Word_Lib/Signed_Division_Word.thy")
*** Failed to finish proof (line 62 of "~/Desktop/2024_sem1/AutomaticProofRepair/AFPs/afp-2021-1/thys/Word_Lib/Signed_Division_Word.thy"):
*** goal (1 subgoal):
***  1. word_of_int (sgn (sint w)) * word_of_int ¦sint w¦ = w
*** At command "by" (line 62 of "~/Desktop/2024_sem1/AutomaticProofRepair/AFPs/afp-2021-1/thys/Word_Lib/Signed_Division_Word.thy")
IP_Addresses CANCELLED
Simple_Firewall CANCELLED
Routing CANCELLED
Iptables_Semantics CANCELLED
Iptables_Semantics_Examples CANCELLED
Iptables_Semantics_Examples_Big CANCELLED
Unfinished session(s): IP_Addresses, Iptables_Semantics, Iptables_Semantics_Examples, Iptables_Semantics_Examples_Big, Routing, Simple_Firewall, Word_Lib
0:05:07 elapsed time, 0:08:11 cpu time, factor 1.60

===============
Irrationals_From_THEBOOK
Building Stirling_Formula ...
Stirling_Formula FAILED
(see also /home/quiqui/.isabelle/Isabelle2022/heaps/polyml-5.9_x86_64_32-linux/log/Stirling_Formula)
*** Undefined fact: "has_field_derivative_iff_has_vector_derivative" (line 919 of "~/Desktop/2024_sem1/AutomaticProofRepair/AFPs/afp-2021-1/thys/Stirling_Formula/Gamma_Asymptotics.thy")
*** At command "by" (line 918 of "~/Desktop/2024_sem1/AutomaticProofRepair/AFPs/afp-2021-1/thys/Stirling_Formula/Gamma_Asymptotics.thy")
*** Undefined fact: "has_field_derivative_iff_has_vector_derivative" (line 881 of "~/Desktop/2024_sem1/AutomaticProofRepair/AFPs/afp-2021-1/thys/Stirling_Formula/Gamma_Asymptotics.thy")
*** At command "by" (line 879 of "~/Desktop/2024_sem1/AutomaticProofRepair/AFPs/afp-2021-1/thys/Stirling_Formula/Gamma_Asymptotics.thy")
*** Failed to finish proof (line 254 of "~/Desktop/2024_sem1/AutomaticProofRepair/AFPs/afp-2021-1/thys/Stirling_Formula/Gamma_Asymptotics.thy"):
*** goal (1 subgoal):
***  1. ⋀x. ⟦0 < a; 0 < b; x ≠ 0; of_bool (0 < x) ≠ of_bool (0 ≤ x)⟧ ⟹ False
*** At command "by" (line 252 of "~/Desktop/2024_sem1/AutomaticProofRepair/AFPs/afp-2021-1/thys/Stirling_Formula/Gamma_Asymptotics.thy")
*** Undefined fact: "has_field_derivative_iff_has_vector_derivative" (line 395 of "~/Desktop/2024_sem1/AutomaticProofRepair/AFPs/afp-2021-1/thys/Stirling_Formula/Gamma_Asymptotics.thy")
*** At command "by" (line 393 of "~/Desktop/2024_sem1/AutomaticProofRepair/AFPs/afp-2021-1/thys/Stirling_Formula/Gamma_Asymptotics.thy")
*** Undefined fact: "has_field_derivative_iff_has_vector_derivative" (line 441 of "~/Desktop/2024_sem1/AutomaticProofRepair/AFPs/afp-2021-1/thys/Stirling_Formula/Stirling_Formula.thy")
*** At command "by" (line 440 of "~/Desktop/2024_sem1/AutomaticProofRepair/AFPs/afp-2021-1/thys/Stirling_Formula/Stirling_Formula.thy")
Irrationals_From_THEBOOK CANCELLED
Unfinished session(s): Irrationals_From_THEBOOK, Stirling_Formula
0:00:52 elapsed time, 0:02:10 cpu time, factor 2.49

===============
Isabelle_C
Running Isabelle_C ...
Isabelle_C FAILED
(see also /home/quiqui/.isabelle/Isabelle2022/heaps/polyml-5.9_x86_64_32-linux/log/Isabelle_C)
*** Failed to load theory "Isabelle_C.C_Parser_Annotation" (unresolved "Isabelle_C.C_Lexer_Annotation")
*** Failed to load theory "Isabelle_C.C_Eval" (unresolved "Isabelle_C.C_Parser_Annotation", "Isabelle_C.C_Parser_Language")
*** Failed to load theory "Isabelle_C.C_Command" (unresolved "Isabelle_C.C_Eval")
*** Failed to load theory "Isabelle_C.C_Document" (unresolved "Isabelle_C.C_Command")
*** Failed to load theory "Isabelle_C.C_Main" (unresolved "Isabelle_C.C_Document")
*** Failed to load theory "Isabelle_C.C0" (unresolved "Isabelle_C.C_Main")
*** Failed to load theory "Isabelle_C.C1" (unresolved "Isabelle_C.C_Main")
*** Failed to load theory "Isabelle_C.C2" (unresolved "Isabelle_C.C_Main")
*** Failed to load theory "Isabelle_C.C3" (unresolved "Isabelle_C.C_Main")
*** Failed to load theory "Isabelle_C.C4" (unresolved "Isabelle_C.C_Main")
*** Failed to load theory "Isabelle_C.C_paper" (unresolved "Isabelle_C.C_Main")
*** ML error (line 827 of "~/Desktop/2024_sem1/AutomaticProofRepair/AFPs/afp-2021-1/thys/Isabelle_C/C11-FrontEnd/src/C_Parser_Language.thy"):
*** Value or constructor (text_input) has not been declared in structure Args
*** At command "ML" (line 811 of "~/Desktop/2024_sem1/AutomaticProofRepair/AFPs/afp-2021-1/thys/Isabelle_C/C11-FrontEnd/src/C_Parser_Language.thy")
*** ML error (line 250 of "~/Desktop/2024_sem1/AutomaticProofRepair/AFPs/afp-2021-1/thys/Isabelle_C/C11-FrontEnd/src/C_Lexer_Annotation.thy"):
*** Constructor (Verbatim) has not been declared in structure Token
*** ML error (line 250 of "~/Desktop/2024_sem1/AutomaticProofRepair/AFPs/afp-2021-1/thys/Isabelle_C/C11-FrontEnd/src/C_Lexer_Annotation.thy"):
*** qualified name Token.Verbatim illegal here
*** ML error (line 418 of "~/Desktop/2024_sem1/AutomaticProofRepair/AFPs/afp-2021-1/thys/Isabelle_C/C11-FrontEnd/src/C_Lexer_Annotation.thy"):
*** Constructor (Verbatim) has not been declared in structure Token
*** ML error (line 418 of "~/Desktop/2024_sem1/AutomaticProofRepair/AFPs/afp-2021-1/thys/Isabelle_C/C11-FrontEnd/src/C_Lexer_Annotation.thy"):
*** qualified name Token.Verbatim illegal here
*** ML error (line 495 of "~/Desktop/2024_sem1/AutomaticProofRepair/AFPs/afp-2021-1/thys/Isabelle_C/C11-FrontEnd/src/C_Lexer_Annotation.thy"):
*** Constructor (Verbatim) has not been declared in structure Token
*** ML error (line 495 of "~/Desktop/2024_sem1/AutomaticProofRepair/AFPs/afp-2021-1/thys/Isabelle_C/C11-FrontEnd/src/C_Lexer_Annotation.thy"):
*** qualified name Token.Verbatim illegal here
*** ML error (line 692 of "~/Desktop/2024_sem1/AutomaticProofRepair/AFPs/afp-2021-1/thys/Isabelle_C/C11-FrontEnd/src/C_Lexer_Annotation.thy"):
*** Value or constructor (Verbatim) has not been declared in structure Token
*** At command "ML" (line 219 of "~/Desktop/2024_sem1/AutomaticProofRepair/AFPs/afp-2021-1/thys/Isabelle_C/C11-FrontEnd/src/C_Lexer_Annotation.thy")
Unfinished session(s): Isabelle_C
0:00:46 elapsed time, 0:00:49 cpu time, factor 1.04

===============
Isabelle_Meta_Model
Running Isabelle_Meta_Model ...
Isabelle_Meta_Model FAILED
(see also /home/quiqui/.isabelle/Isabelle2022/heaps/polyml-5.9_x86_64_32-linux/log/Isabelle_Meta_Model)
*** Failed to load theory "Isabelle_Meta_Model.Isabelle_Main1" (unresolved "Isabelle_Meta_Model.Isabelle_code_runtime", "Isabelle_Meta_Model.Isabelle_code_target")
*** ML error (line 181 of "~/Desktop/2024_sem1/AutomaticProofRepair/AFPs/afp-2021-1/thys/Isabelle_Meta_Model/isabelle_home/src/Tools/Code/Isabelle_code_target.thy"):
*** Value or constructor (text) has not been declared in structure Parse
*** At command "ML" (line 156 of "~/Desktop/2024_sem1/AutomaticProofRepair/AFPs/afp-2021-1/thys/Isabelle_Meta_Model/isabelle_home/src/Tools/Code/Isabelle_code_target.thy")
*** ML error (line 87 of "~/Desktop/2024_sem1/AutomaticProofRepair/AFPs/afp-2021-1/thys/Isabelle_Meta_Model/isabelle_home/src/Tools/Code/Isabelle_code_runtime.thy"):
*** Type error in function application.
***    Function: space_implode "\n\n" : string list -> string
***    Argument: (map snd ml_modules) : Bytes.T list
***    Reason:
***       Can't unify string (*In Basis*) with Bytes.T
***          (Different type constructors)
*** At command "ML" (line 44 of "~/Desktop/2024_sem1/AutomaticProofRepair/AFPs/afp-2021-1/thys/Isabelle_Meta_Model/isabelle_home/src/Tools/Code/Isabelle_code_runtime.thy")
Unfinished session(s): Isabelle_Meta_Model
0:00:07 elapsed time, 0:00:03 cpu time, factor 0.47

===============
Jinja
0:00:03 elapsed time

===============
JinjaDCI
0:00:03 elapsed time

===============
JinjaThreads
Running JinjaThreads ...
JinjaThreads FAILED
(see also /home/quiqui/.isabelle/Isabelle2022/heaps/polyml-5.9_x86_64_32-linux/log/JinjaThreads)
*** using this:
***   wf_set_bits_int f
*** goal (1 subgoal):
***  1. bit (BITS a. f a) 0 = f 0
*** At command "by" (line 242 of "~/Desktop/2024_sem1/AutomaticProofRepair/AFPs/afp-2021-1/thys/Word_Lib/Bit_Comprehension.thy")
*** Failed to apply proof method (line 130 of "~/Desktop/2024_sem1/AutomaticProofRepair/AFPs/afp-2021-1/thys/Word_Lib/Signed_Division_Word.thy"):
*** goal (2 subgoals):
***  1. a = - (2 ^ (LENGTH('a) - Suc 0)) ⟶ b ≠ - 1 ⟹
***     word_of_int (sgn (sint a)) * word_of_int (¦sint a¦ mod ¦sint b¦) =
***     a - word_of_int (sint a sdiv sint b) * b
***  2. ¬ (a ≠ - (2 ^ (LENGTH('a) - 1)) ∨ b ≠ - 1) ⟹
***     a smod b = a - a sdiv b * b
*** At command "apply" (line 130 of "~/Desktop/2024_sem1/AutomaticProofRepair/AFPs/afp-2021-1/thys/Word_Lib/Signed_Division_Word.thy")
*** Failed to finish proof (line 41 of "~/Desktop/2024_sem1/AutomaticProofRepair/AFPs/afp-2021-1/thys/Word_Lib/Signed_Division_Word.thy"):
*** goal (4 subgoals):
***  1. ⟦sint a < 0; sint b < 0⟧
***     ⟹ word_of_int (sint a sdiv sint b) * b +
***        word_of_int (sint a mod sint b) =
***        a
***  2. ⟦sint a < 0; ¬ sint b < 0⟧
***     ⟹ word_of_int (sint a sdiv sint b) * b -
***        word_of_int (- sint a mod sint b) =
***        a
***  3. ⟦¬ sint a < 0; sint b < 0⟧
***     ⟹ word_of_int (sint a sdiv sint b) * b +
***        word_of_int (sgn (sint a)) * word_of_int (sint a mod - sint b) =
***        a
***  4. ⟦¬ sint a < 0; ¬ sint b < 0⟧
***     ⟹ word_of_int (sint a sdiv sint b) * b +
***        word_of_int (sgn (sint a)) * word_of_int (sint a mod sint b) =
***        a
*** At command "by" (line 41 of "~/Desktop/2024_sem1/AutomaticProofRepair/AFPs/afp-2021-1/thys/Word_Lib/Signed_Division_Word.thy")
*** Failed to finish proof (line 62 of "~/Desktop/2024_sem1/AutomaticProofRepair/AFPs/afp-2021-1/thys/Word_Lib/Signed_Division_Word.thy"):
*** goal (1 subgoal):
***  1. word_of_int (sgn (sint w)) * word_of_int ¦sint w¦ = w
*** At command "by" (line 62 of "~/Desktop/2024_sem1/AutomaticProofRepair/AFPs/afp-2021-1/thys/Word_Lib/Signed_Division_Word.thy")
*** Code check failed for Scala: isabelle_scala scalac $ISABELLE_SCALAC_OPTIONS ROOT.scala
*** At command "export_code" (line 1067 of "~/Desktop/2024_sem1/AutomaticProofRepair/AFPs/afp-2021-1/thys/Collections/Lib/Diff_Array.thy")
*** Undefined fact: "Orderings.monoI" (line 36 of "~/Desktop/2024_sem1/AutomaticProofRepair/AFPs/afp-2021-1/thys/Refine_Monadic/Refine_Mono_Prover.thy")
*** At command "declaration" (line 36 of "~/Desktop/2024_sem1/AutomaticProofRepair/AFPs/afp-2021-1/thys/Refine_Monadic/Refine_Mono_Prover.thy")
Unfinished session(s): JinjaThreads
0:23:21 elapsed time, 0:35:13 cpu time, factor 1.51

===============
Jordan_Normal_Form
Running Jordan_Normal_Form ...
Jordan_Normal_Form FAILED
(see also /home/quiqui/.isabelle/Isabelle2022/heaps/polyml-5.9_x86_64_32-linux/log/Jordan_Normal_Form)
*** Undefined fact: "pdivmod_pdivmodrel" (line 348 of "~/Desktop/2024_sem1/AutomaticProofRepair/AFPs/afp-2021-1/thys/Polynomial_Interpolation/Ring_Hom_Poly.thy")
*** At command "from" (line 348 of "~/Desktop/2024_sem1/AutomaticProofRepair/AFPs/afp-2021-1/thys/Polynomial_Interpolation/Ring_Hom_Poly.thy")
Unfinished session(s): Jordan_Normal_Form
0:06:08 elapsed time, 0:21:41 cpu time, factor 3.53

===============
Khovanskii_Theorem
Running Khovanskii_Theorem ...
Khovanskii_Theorem FAILED
(see also /home/quiqui/.isabelle/Isabelle2022/heaps/polyml-5.9_x86_64_32-linux/log/Khovanskii_Theorem)
*** Failed to refine any pending goal
*** At command "by" (line 148 of "~/Desktop/2024_sem1/AutomaticProofRepair/AFPs/afp-2021-1/thys/Khovanskii_Theorem/For_2022.thy")
Unfinished session(s): Khovanskii_Theorem
0:01:28 elapsed time, 0:02:29 cpu time, factor 1.69

===============
Lambert_W
Running Lambert_W ...
Lambert_W FAILED
(see also /home/quiqui/.isabelle/Isabelle2022/heaps/polyml-5.9_x86_64_32-linux/log/Lambert_W)
*** Undefined fact: "has_field_derivative_iff_has_vector_derivative" (line 441 of "~/Desktop/2024_sem1/AutomaticProofRepair/AFPs/afp-2021-1/thys/Stirling_Formula/Stirling_Formula.thy")
*** At command "by" (line 440 of "~/Desktop/2024_sem1/AutomaticProofRepair/AFPs/afp-2021-1/thys/Stirling_Formula/Stirling_Formula.thy")
Unfinished session(s): Lambert_W
0:01:17 elapsed time, 0:02:24 cpu time, factor 1.86

===============
Laplace_Transform
0:00:06 elapsed time

===============
Lifting_the_Exponent
0:00:05 elapsed time

===============
Linear_Inequalities
Building Jordan_Normal_Form ...
Jordan_Normal_Form FAILED
(see also /home/quiqui/.isabelle/Isabelle2022/heaps/polyml-5.9_x86_64_32-linux/log/Jordan_Normal_Form)
*** Undefined fact: "pdivmod_pdivmodrel" (line 348 of "~/Desktop/2024_sem1/AutomaticProofRepair/AFPs/afp-2021-1/thys/Polynomial_Interpolation/Ring_Hom_Poly.thy")
*** At command "from" (line 348 of "~/Desktop/2024_sem1/AutomaticProofRepair/AFPs/afp-2021-1/thys/Polynomial_Interpolation/Ring_Hom_Poly.thy")
Subresultants CANCELLED
Berlekamp_Zassenhaus CANCELLED
LLL_Basis_Reduction CANCELLED
Linear_Inequalities CANCELLED
Unfinished session(s): Berlekamp_Zassenhaus, Jordan_Normal_Form, LLL_Basis_Reduction, Linear_Inequalities, Subresultants
0:06:32 elapsed time, 0:25:40 cpu time, factor 3.93

===============
Linear_Recurrences
Building Jordan_Normal_Form ...
Jordan_Normal_Form FAILED
(see also /home/quiqui/.isabelle/Isabelle2022/heaps/polyml-5.9_x86_64_32-linux/log/Jordan_Normal_Form)
*** Undefined fact: "pdivmod_pdivmodrel" (line 348 of "~/Desktop/2024_sem1/AutomaticProofRepair/AFPs/afp-2021-1/thys/Polynomial_Interpolation/Ring_Hom_Poly.thy")
*** At command "from" (line 348 of "~/Desktop/2024_sem1/AutomaticProofRepair/AFPs/afp-2021-1/thys/Polynomial_Interpolation/Ring_Hom_Poly.thy")
Building Count_Complex_Roots ...
Count_Complex_Roots FAILED
(see also /home/quiqui/.isabelle/Isabelle2022/heaps/polyml-5.9_x86_64_32-linux/log/Count_Complex_Roots)
*** Undefined fact: "eucl_rel_poly_iff" (line 275 of "~/Desktop/2024_sem1/AutomaticProofRepair/AFPs/afp-2021-1/thys/Winding_Number_Eval/Missing_Algebraic.thy")
*** At command "unfolding" (line 275 of "~/Desktop/2024_sem1/AutomaticProofRepair/AFPs/afp-2021-1/thys/Winding_Number_Eval/Missing_Algebraic.thy")
*** Undefined fact: "pdivmod_pdivmodrel" (line 348 of "~/Desktop/2024_sem1/AutomaticProofRepair/AFPs/afp-2021-1/thys/Polynomial_Interpolation/Ring_Hom_Poly.thy")
*** At command "from" (line 348 of "~/Desktop/2024_sem1/AutomaticProofRepair/AFPs/afp-2021-1/thys/Polynomial_Interpolation/Ring_Hom_Poly.thy")
Linear_Recurrences CANCELLED
Subresultants CANCELLED
Berlekamp_Zassenhaus CANCELLED
Linear_Recurrences_Solver CANCELLED
Unfinished session(s): Berlekamp_Zassenhaus, Count_Complex_Roots, Jordan_Normal_Form, Linear_Recurrences, Linear_Recurrences_Solver, Subresultants
0:05:46 elapsed time, 0:28:33 cpu time, factor 4.94

===============
List-Infinite
0:00:02 elapsed time

===============
List_Update
Running List_Update ...
List_Update FAILED
(see also /home/quiqui/.isabelle/Isabelle2022/heaps/polyml-5.9_x86_64_32-linux/log/List_Update)
*** Failed to finish proof (line 1502 of "~/Desktop/2024_sem1/AutomaticProofRepair/AFPs/afp-2021-1/thys/List_Update/TS.thy"):
*** goal (1 subgoal):
***  1. count_list (drop (length cs - i) (rev cs)) x ≤ count_list cs x
*** At command "by" (line 1502 of "~/Desktop/2024_sem1/AutomaticProofRepair/AFPs/afp-2021-1/thys/List_Update/TS.thy")
Unfinished session(s): List_Update
0:01:05 elapsed time, 0:04:33 cpu time, factor 4.17

===============
LLL_Factorization
Building Jordan_Normal_Form ...
Jordan_Normal_Form FAILED
(see also /home/quiqui/.isabelle/Isabelle2022/heaps/polyml-5.9_x86_64_32-linux/log/Jordan_Normal_Form)
*** Undefined fact: "pdivmod_pdivmodrel" (line 348 of "~/Desktop/2024_sem1/AutomaticProofRepair/AFPs/afp-2021-1/thys/Polynomial_Interpolation/Ring_Hom_Poly.thy")
*** At command "from" (line 348 of "~/Desktop/2024_sem1/AutomaticProofRepair/AFPs/afp-2021-1/thys/Polynomial_Interpolation/Ring_Hom_Poly.thy")
Subresultants CANCELLED
Berlekamp_Zassenhaus CANCELLED
LLL_Basis_Reduction CANCELLED
LLL_Factorization CANCELLED
Unfinished session(s): Berlekamp_Zassenhaus, Jordan_Normal_Form, LLL_Basis_Reduction, LLL_Factorization, Subresultants
0:04:14 elapsed time, 0:20:51 cpu time, factor 4.92

===============
Lp
0:00:04 elapsed time

===============
LP_Duality
Building Jordan_Normal_Form ...
Jordan_Normal_Form FAILED
(see also /home/quiqui/.isabelle/Isabelle2022/heaps/polyml-5.9_x86_64_32-linux/log/Jordan_Normal_Form)
*** Undefined fact: "pdivmod_pdivmodrel" (line 348 of "~/Desktop/2024_sem1/AutomaticProofRepair/AFPs/afp-2021-1/thys/Polynomial_Interpolation/Ring_Hom_Poly.thy")
*** At command "from" (line 348 of "~/Desktop/2024_sem1/AutomaticProofRepair/AFPs/afp-2021-1/thys/Polynomial_Interpolation/Ring_Hom_Poly.thy")
Subresultants CANCELLED
Berlekamp_Zassenhaus CANCELLED
LLL_Basis_Reduction CANCELLED
Linear_Inequalities CANCELLED
LP_Duality CANCELLED
Unfinished session(s): Berlekamp_Zassenhaus, Jordan_Normal_Form, LLL_Basis_Reduction, LP_Duality, Linear_Inequalities, Subresultants
0:04:38 elapsed time, 0:21:39 cpu time, factor 4.66

===============
Markov_Models
Running Markov_Models ...
Markov_Models FAILED
(see also /home/quiqui/.isabelle/Isabelle2022/heaps/polyml-5.9_x86_64_32-linux/log/Markov_Models)
***            (λa. wp c1 (wp c2 a))
***  4. ⋀c1 c2.
***        ⟦monotone (λa b. ∀x. a x ≤ b x) (λa b. ∀x. a x ≤ b x) (wp c1);
***         monotone (λa b. ∀x. a x ≤ b x) (λa b. ∀x. a x ≤ b x) (wp c2)⟧
***        ⟹ monotone (λa b. ∀x. a x ≤ b x) (λa b. ∀x. a x ≤ b x)
***            (λa b. wp c1 a b ⊓ wp c2 a b)
***  5. ⋀x1 c1 c2.
***        ⟦monotone (λa b. ∀x. a x ≤ b x) (λa b. ∀x. a x ≤ b x) (wp c1);
***         monotone (λa b. ∀x. a x ≤ b x) (λa b. ∀x. a x ≤ b x) (wp c2)⟧
***        ⟹ monotone (λa b. ∀x. a x ≤ b x) (λa b. ∀x. a x ≤ b x)
***            (λa b. if x1 b then wp c1 a b else wp c2 a b)
***  6. ⋀x1 c1 c2.
***        ⟦monotone (λa b. ∀x. a x ≤ b x) (λa b. ∀x. a x ≤ b x) (wp c1);
***         monotone (λa b. ∀x. a x ≤ b x) (λa b. ∀x. a x ≤ b x) (wp c2)⟧
***        ⟹ monotone (λa b. ∀x. a x ≤ b x) (λa b. ∀x. a x ≤ b x)
***            (λa b. ennreal (pmf x1 True) * wp c1 a b +
***                   ennreal (pmf x1 False) * wp c2 a b)
***  7. ⋀x1 c.
***        monotone (λa b. ∀x. a x ≤ b x) (λa b. ∀x. a x ≤ b x) (wp c) ⟹
***        monotone (λa b. ∀x. a x ≤ b x) (λa b. ∀x. a x ≤ b x)
***         (λa. lfp (λX s. if x1 s then wp c X s else a s))
*** At command "by" (line 34 of "~/Desktop/2024_sem1/AutomaticProofRepair/AFPs/afp-2021-1/thys/Markov_Models/ex/PGCL.thy")
*** Failed to finish proof (line 735 of "~/Desktop/2024_sem1/AutomaticProofRepair/AFPs/afp-2021-1/thys/Markov_Models/Markov_Decision_Process.thy"):
*** goal (1 subgoal):
***  1. (⋀m n. m ≤ n ⟹ ∀x. (Q ^^ n) ⊤ x ⟶ (Q ^^ m) ⊤ x) ⟹
***     monotone (≤) (λx y. ∀xa. y xa ⟶ x xa) (λi x. (Q ^^ i) ⊤ (f x))
*** At command "by" (line 735 of "~/Desktop/2024_sem1/AutomaticProofRepair/AFPs/afp-2021-1/thys/Markov_Models/Markov_Decision_Process.thy")
*** Failed to finish proof (line 714 of "~/Desktop/2024_sem1/AutomaticProofRepair/AFPs/afp-2021-1/thys/Markov_Models/Markov_Decision_Process.thy"):
*** goal (1 subgoal):
***  1. ⋀x m n xa.
***        ⟦monotone (≤) (λx y. ∀xa. y xa ⟶ x xa) P; x ∈ cfg_on s; m ≤ n;
***         xa ∈ space St; P n xa⟧
***        ⟹ P m xa
*** At command "by" (line 714 of "~/Desktop/2024_sem1/AutomaticProofRepair/AFPs/afp-2021-1/thys/Markov_Models/Markov_Decision_Process.thy")
*** Failed to finish proof:
*** goal (1 subgoal):
***  1. monotone (≤) (λx y. ∀xa∈y. xa ∈ x)
***      (λn. {ω ∈ space (stream_space (count_space UNIV)).
***            enat n ≤ scount (HLD {y}) ω})
*** At command "done" (line 560 of "~/Desktop/2024_sem1/AutomaticProofRepair/AFPs/afp-2021-1/thys/Markov_Models/Classifying_Markov_Chain_States.thy")
Unfinished session(s): Markov_Models
0:01:12 elapsed time, 0:04:57 cpu time, factor 4.07

===============
MDP-Algorithms
Building MDP-Rewards ...
MDP-Rewards FAILED
(see also /home/quiqui/.isabelle/Isabelle2022/heaps/polyml-5.9_x86_64_32-linux/log/MDP-Rewards)
*** Failed to apply initial proof method (line 44 of "~/Desktop/2024_sem1/AutomaticProofRepair/AFPs/afp-2021-1/thys/MDP-Rewards/MDP_disc.thy"):
*** goal (1 subgoal):
***  1. integrable (M ⨂⇩M Pi⇩M UNIV (λi. M))
***      (λX. f (to_stream (case X of (s, ω) ⇒ case_nat s ω))) =
***     integrable (M ⨂⇩M Pi⇩M UNIV (λi. M))
***      (λ(x, X). f (to_stream (case_nat x X)))
*** At command "by" (line 44 of "~/Desktop/2024_sem1/AutomaticProofRepair/AFPs/afp-2021-1/thys/MDP-Rewards/MDP_disc.thy")
MDP-Algorithms CANCELLED
Unfinished session(s): MDP-Algorithms, MDP-Rewards
0:00:21 elapsed time, 0:00:57 cpu time, factor 2.69

===============
MDP-Rewards
Running MDP-Rewards ...
MDP-Rewards FAILED
(see also /home/quiqui/.isabelle/Isabelle2022/heaps/polyml-5.9_x86_64_32-linux/log/MDP-Rewards)
*** Failed to apply initial proof method (line 44 of "~/Desktop/2024_sem1/AutomaticProofRepair/AFPs/afp-2021-1/thys/MDP-Rewards/MDP_disc.thy"):
*** goal (1 subgoal):
***  1. integrable (M ⨂⇩M Pi⇩M UNIV (λi. M))
***      (λX. f (to_stream (case X of (s, ω) ⇒ case_nat s ω))) =
***     integrable (M ⨂⇩M Pi⇩M UNIV (λi. M))
***      (λ(x, X). f (to_stream (case_nat x X)))
*** At command "by" (line 44 of "~/Desktop/2024_sem1/AutomaticProofRepair/AFPs/afp-2021-1/thys/MDP-Rewards/MDP_disc.thy")
Unfinished session(s): MDP-Rewards
0:00:21 elapsed time, 0:00:57 cpu time, factor 2.70

===============
Mereology
0:00:03 elapsed time

===============
Mersenne_Primes
Running Mersenne_Primes ...
Mersenne_Primes FAILED
(see also /home/quiqui/.isabelle/Isabelle2022/heaps/polyml-5.9_x86_64_32-linux/log/Mersenne_Primes)
*** Failed to finish proof (line 28 of "~/Desktop/2024_sem1/AutomaticProofRepair/AFPs/afp-2021-1/thys/Word_Lib/Least_significant_bit.thy"):
*** goal (1 subgoal):
***  1. ∀x. bit x 0 = odd x
*** At command "by" (line 28 of "~/Desktop/2024_sem1/AutomaticProofRepair/AFPs/afp-2021-1/thys/Word_Lib/Least_significant_bit.thy")
*** Undefined fact: "eucl_rel_int_iff" (line 136 of "~/Desktop/2024_sem1/AutomaticProofRepair/AFPs/afp-2021-1/thys/Mersenne_Primes/Lucas_Lehmer_Code.thy")
*** At command "by" (line 136 of "~/Desktop/2024_sem1/AutomaticProofRepair/AFPs/afp-2021-1/thys/Mersenne_Primes/Lucas_Lehmer_Code.thy")
*** Failed to finish proof (line 67 of "~/Desktop/2024_sem1/AutomaticProofRepair/AFPs/afp-2021-1/thys/Word_Lib/Least_significant_bit.thy"):
*** goal (1 subgoal):
***  1. odd w = bit w 0
*** At command "by" (line 67 of "~/Desktop/2024_sem1/AutomaticProofRepair/AFPs/afp-2021-1/thys/Word_Lib/Least_significant_bit.thy")
*** Failed to finish proof (line 2184 of "~/Desktop/2024_sem1/AutomaticProofRepair/AFPs/afp-2021-1/thys/Word_Lib/More_Word.thy"):
*** goal (1 subgoal):
***  1. ⋀x. odd x = bit x 0
*** At command "by" (line 2184 of "~/Desktop/2024_sem1/AutomaticProofRepair/AFPs/afp-2021-1/thys/Word_Lib/More_Word.thy")
*** Failed to apply initial proof method (line 2199 of "~/Desktop/2024_sem1/AutomaticProofRepair/AFPs/afp-2021-1/thys/Word_Lib/More_Word.thy"):
*** goal (1 subgoal):
***  1. ¬ bit (x + 1) 0 ⟹ bit x 0
*** At command "by" (line 2199 of "~/Desktop/2024_sem1/AutomaticProofRepair/AFPs/afp-2021-1/thys/Word_Lib/More_Word.thy")
*** Failed to finish proof (line 2181 of "~/Desktop/2024_sem1/AutomaticProofRepair/AFPs/afp-2021-1/thys/Word_Lib/More_Word.thy"):
*** goal (1 subgoal):
***  1. ⟦x + 1 = 0; odd x⟧ ⟹ bit x 0
*** At command "by" (line 2181 of "~/Desktop/2024_sem1/AutomaticProofRepair/AFPs/afp-2021-1/thys/Word_Lib/More_Word.thy")
*** Failed to apply initial proof method (line 242 of "~/Desktop/2024_sem1/AutomaticProofRepair/AFPs/afp-2021-1/thys/Word_Lib/Bit_Comprehension.thy"):
*** using this:
***   wf_set_bits_int f
*** goal (1 subgoal):
***  1. bit (BITS a. f a) 0 = f 0
*** At command "by" (line 242 of "~/Desktop/2024_sem1/AutomaticProofRepair/AFPs/afp-2021-1/thys/Word_Lib/Bit_Comprehension.thy")
*** Failed to apply proof method (line 62 of "~/Desktop/2024_sem1/AutomaticProofRepair/AFPs/afp-2021-1/thys/Word_Lib/More_Word.thy"):
*** goal:
*** No subgoals!
*** At command "apply" (line 62 of "~/Desktop/2024_sem1/AutomaticProofRepair/AFPs/afp-2021-1/thys/Word_Lib/More_Word.thy")
Unfinished session(s): Mersenne_Primes
0:19:52 elapsed time, 0:24:48 cpu time, factor 1.25

===============
MFMC_Countable
0:00:07 elapsed time

===============
MiniML
0:00:02 elapsed time

===============
Modular_arithmetic_LLL_and_HNF_algorithms
Building Smith_Normal_Form ...
Smith_Normal_Form FAILED
(see also /home/quiqui/.isabelle/Isabelle2022/heaps/polyml-5.9_x86_64_32-linux/log/Smith_Normal_Form)
*** Type unification failed: Clash of types "_ set" and "_ ⇒ _"
*** 
*** Type error in application: incompatible operand type
*** 
*** Operator:  strict_mono_on g :: (??'a ⇒ ??'b) ⇒ bool
*** Operand:   {0::??'c..<n} :: ??'c set
*** 
*** Coercion Inference:
*** 
*** Local coercion insertion on the operand failed:
*** No coercion known for type constructors: "set" and "fun"
*** At command "lemma" (line 887 of "~/Desktop/2024_sem1/AutomaticProofRepair/AFPs/afp-2021-1/thys/Smith_Normal_Form/SNF_Missing_Lemmas.thy")
*** Undefined fact: "pdivmod_pdivmodrel" (line 348 of "~/Desktop/2024_sem1/AutomaticProofRepair/AFPs/afp-2021-1/thys/Polynomial_Interpolation/Ring_Hom_Poly.thy")
*** At command "from" (line 348 of "~/Desktop/2024_sem1/AutomaticProofRepair/AFPs/afp-2021-1/thys/Polynomial_Interpolation/Ring_Hom_Poly.thy")
Modular_arithmetic_LLL_and_HNF_algorithms CANCELLED
Unfinished session(s): Modular_arithmetic_LLL_and_HNF_algorithms, Smith_Normal_Form
0:05:06 elapsed time, 0:17:04 cpu time, factor 3.35

===============
MonoBoolTranAlgebra
Running MonoBoolTranAlgebra ...
MonoBoolTranAlgebra FAILED
(see also /home/quiqui/.isabelle/Isabelle2022/heaps/polyml-5.9_x86_64_32-linux/log/MonoBoolTranAlgebra)
*** Undefined fact: "Lattices.semilattice_sup_class.mono_sup" (line 361 of "~/Desktop/2024_sem1/AutomaticProofRepair/AFPs/afp-2021-1/thys/MonoBoolTranAlgebra/Mono_Bool_Tran_Algebra.thy")
*** At command "by" (line 361 of "~/Desktop/2024_sem1/AutomaticProofRepair/AFPs/afp-2021-1/thys/MonoBoolTranAlgebra/Mono_Bool_Tran_Algebra.thy")
Unfinished session(s): MonoBoolTranAlgebra
0:00:16 elapsed time, 0:00:18 cpu time, factor 1.12

===============
MonoidalCategory
0:00:04 elapsed time

===============
Nano_JSON
Running Nano_JSON ...
Nano_JSON FAILED
(see also /home/quiqui/.isabelle/Isabelle2022/heaps/polyml-5.9_x86_64_32-linux/log/Nano_JSON)
*** Failed to load theory "Nano_JSON.Nano_JSON_Query" (unresolved "Nano_JSON.Nano_JSON")
*** Failed to load theory "Nano_JSON.Nano_JSON_Main" (unresolved "Nano_JSON.Nano_JSON_Query")
*** Failed to load theory "Nano_JSON.Nano_JSON_Manual" (unresolved "Nano_JSON.Nano_JSON_Query")
*** Failed to load theory "Nano_JSON.Example" (unresolved "Nano_JSON.Nano_JSON_Main")
*** Failed to load theory "Nano_JSON.Example_Real" (unresolved "Nano_JSON.Nano_JSON_Main")
*** ML error (line 453 of "~/Desktop/2024_sem1/AutomaticProofRepair/AFPs/afp-2021-1/thys/Nano_JSON/Nano_JSON.thy"):
*** Type error in function application.
***    Function: XML.Text : string -> XML.tree
***    Argument: content : Bytes.T
***    Reason:
***       Can't unify string (*In Basis*) with Bytes.T
***          (Different type constructors)
*** ML error (line 464 of "~/Desktop/2024_sem1/AutomaticProofRepair/AFPs/afp-2021-1/thys/Nano_JSON/Nano_JSON.thy"):
*** Type error in function application.
***    Function:
***       export (Path.binding (Path.append (... ...) filename, Position.none))
***       : Bytes.T -> theory -> theory
***    Argument: json_string : string
***    Reason:
***       Can't unify Bytes.T with string (*In Basis*)
***          (Different type constructors)
*** At command "ML" (line 445 of "~/Desktop/2024_sem1/AutomaticProofRepair/AFPs/afp-2021-1/thys/Nano_JSON/Nano_JSON.thy")
Unfinished session(s): Nano_JSON
0:00:09 elapsed time, 0:00:05 cpu time, factor 0.56

===============
Nash_Williams
0:00:04 elapsed time

===============
Native_Word
Building Word_Lib ...
*** Timeout
Word_Lib FAILED
(see also /home/quiqui/.isabelle/Isabelle2022/heaps/polyml-5.9_x86_64_32-linux/log/Word_Lib)
*** goal:
*** No subgoals!
*** At command "apply" (line 62 of "~/Desktop/2024_sem1/AutomaticProofRepair/AFPs/afp-2021-1/thys/Word_Lib/More_Word.thy")
*** Failed to apply initial proof method (line 242 of "~/Desktop/2024_sem1/AutomaticProofRepair/AFPs/afp-2021-1/thys/Word_Lib/Bit_Comprehension.thy"):
*** using this:
***   wf_set_bits_int f
*** goal (1 subgoal):
***  1. bit (BITS a. f a) 0 = f 0
*** At command "by" (line 242 of "~/Desktop/2024_sem1/AutomaticProofRepair/AFPs/afp-2021-1/thys/Word_Lib/Bit_Comprehension.thy")
*** Failed to apply proof method (line 130 of "~/Desktop/2024_sem1/AutomaticProofRepair/AFPs/afp-2021-1/thys/Word_Lib/Signed_Division_Word.thy"):
*** goal (2 subgoals):
***  1. a = - (2 ^ (LENGTH('a) - Suc 0)) ⟶ b ≠ - 1 ⟹
***     word_of_int (sgn (sint a)) * word_of_int (¦sint a¦ mod ¦sint b¦) =
***     a - word_of_int (sint a sdiv sint b) * b
***  2. ¬ (a ≠ - (2 ^ (LENGTH('a) - 1)) ∨ b ≠ - 1) ⟹
***     a smod b = a - a sdiv b * b
*** At command "apply" (line 130 of "~/Desktop/2024_sem1/AutomaticProofRepair/AFPs/afp-2021-1/thys/Word_Lib/Signed_Division_Word.thy")
*** Failed to finish proof (line 41 of "~/Desktop/2024_sem1/AutomaticProofRepair/AFPs/afp-2021-1/thys/Word_Lib/Signed_Division_Word.thy"):
*** goal (4 subgoals):
***  1. ⟦sint a < 0; sint b < 0⟧
***     ⟹ word_of_int (sint a sdiv sint b) * b +
***        word_of_int (sint a mod sint b) =
***        a
***  2. ⟦sint a < 0; ¬ sint b < 0⟧
***     ⟹ word_of_int (sint a sdiv sint b) * b -
***        word_of_int (- sint a mod sint b) =
***        a
***  3. ⟦¬ sint a < 0; sint b < 0⟧
***     ⟹ word_of_int (sint a sdiv sint b) * b +
***        word_of_int (sgn (sint a)) * word_of_int (sint a mod - sint b) =
***        a
***  4. ⟦¬ sint a < 0; ¬ sint b < 0⟧
***     ⟹ word_of_int (sint a sdiv sint b) * b +
***        word_of_int (sgn (sint a)) * word_of_int (sint a mod sint b) =
***        a
*** At command "by" (line 41 of "~/Desktop/2024_sem1/AutomaticProofRepair/AFPs/afp-2021-1/thys/Word_Lib/Signed_Division_Word.thy")
*** Failed to finish proof (line 62 of "~/Desktop/2024_sem1/AutomaticProofRepair/AFPs/afp-2021-1/thys/Word_Lib/Signed_Division_Word.thy"):
*** goal (1 subgoal):
***  1. word_of_int (sgn (sint w)) * word_of_int ¦sint w¦ = w
*** At command "by" (line 62 of "~/Desktop/2024_sem1/AutomaticProofRepair/AFPs/afp-2021-1/thys/Word_Lib/Signed_Division_Word.thy")
Native_Word CANCELLED
Unfinished session(s): Native_Word, Word_Lib
0:05:08 elapsed time, 0:08:18 cpu time, factor 1.61

===============
Nested_Multisets_Ordinals
0:00:02 elapsed time

===============
Optics
0:00:03 elapsed time

===============
Ordered_Resolution_Prover
0:00:03 elapsed time

===============
Order_Lattice_Props
0:00:02 elapsed time

===============
Ordinal_Partitions
Running Ordinal_Partitions ...
Ordinal_Partitions FAILED
(see also /home/quiqui/.isabelle/Isabelle2022/heaps/polyml-5.9_x86_64_32-linux/log/Ordinal_Partitions)
*** Failed to load theory "ZFC_in_HOL.ZFC_Cardinals" (unresolved "ZFC_in_HOL.ZFC_in_HOL")
*** Failed to load theory "ZFC_in_HOL.Kirby" (unresolved "ZFC_in_HOL.ZFC_Cardinals")
*** Failed to load theory "ZFC_in_HOL.Ordinal_Exp" (unresolved "ZFC_in_HOL.Kirby")
*** Failed to load theory "Ordinal_Partitions.Library_Additions" (unresolved "ZFC_in_HOL.Ordinal_Exp")
*** Failed to load theory "ZFC_in_HOL.Cantor_NF" (unresolved "ZFC_in_HOL.Ordinal_Exp")
*** Failed to load theory "ZFC_in_HOL.ZFC_Typeclasses" (unresolved "ZFC_in_HOL.ZFC_Cardinals")
*** Failed to load theory "Ordinal_Partitions.Partitions" (unresolved "Ordinal_Partitions.Library_Additions", "ZFC_in_HOL.Cantor_NF", "ZFC_in_HOL.ZFC_Typeclasses")
*** Failed to load theory "Ordinal_Partitions.Erdos_Milner" (unresolved "Ordinal_Partitions.Partitions")
*** Failed to load theory "Ordinal_Partitions.Omega_Omega" (unresolved "Ordinal_Partitions.Erdos_Milner")
*** Type unification failed: Clash of types "_ ⇒ _" and "_ set"
*** 
*** Type error in application: incompatible operand type
*** 
*** Operator:  strict_mono_on :: ??'a set ⇒ (??'a ⇒ ??'b) ⇒ bool
*** Operand:   h :: ??'c ⇒ ??'c
*** 
*** At command "lemma" (line 1090 of "~/Desktop/2024_sem1/AutomaticProofRepair/AFPs/afp-2021-1/thys/ZFC_in_HOL/ZFC_in_HOL.thy")
Unfinished session(s): Ordinal_Partitions
0:00:24 elapsed time, 0:01:48 cpu time, factor 4.38

===============
Ordinary_Differential_Equations
Building Ordinary_Differential_Equations ...
Ordinary_Differential_Equations FAILED
(see also /home/quiqui/.isabelle/Isabelle2022/heaps/polyml-5.9_x86_64_32-linux/log/Ordinary_Differential_Equations)
*** Undefined fact: "has_field_derivative_iff_has_vector_derivative" (line 176 of "~/Desktop/2024_sem1/AutomaticProofRepair/AFPs/afp-2021-1/thys/Ordinary_Differential_Equations/IVP/Upper_Lower_Solution.thy")
*** At command "by" (line 176 of "~/Desktop/2024_sem1/AutomaticProofRepair/AFPs/afp-2021-1/thys/Ordinary_Differential_Equations/IVP/Upper_Lower_Solution.thy")
*** Undefined fact: "has_field_derivative_iff_has_vector_derivative" (line 56 of "~/Desktop/2024_sem1/AutomaticProofRepair/AFPs/afp-2021-1/thys/Ordinary_Differential_Equations/Library/Gronwall.thy")
*** At command "by" (line 56 of "~/Desktop/2024_sem1/AutomaticProofRepair/AFPs/afp-2021-1/thys/Ordinary_Differential_Equations/Library/Gronwall.thy")
*** Undefined fact: "has_field_derivative_iff_has_vector_derivative" (line 17 of "~/Desktop/2024_sem1/AutomaticProofRepair/AFPs/afp-2021-1/thys/Ordinary_Differential_Equations/Library/Gronwall.thy")
*** At command "by" (line 17 of "~/Desktop/2024_sem1/AutomaticProofRepair/AFPs/afp-2021-1/thys/Ordinary_Differential_Equations/Library/Gronwall.thy")
*** Undefined fact: "has_field_derivative_iff_has_vector_derivative" (line 88 of "~/Desktop/2024_sem1/AutomaticProofRepair/AFPs/afp-2021-1/thys/Ordinary_Differential_Equations/Library/Vector_Derivative_On.thy")
*** At command "by" (line 88 of "~/Desktop/2024_sem1/AutomaticProofRepair/AFPs/afp-2021-1/thys/Ordinary_Differential_Equations/Library/Vector_Derivative_On.thy")
*** Undefined fact: "has_field_derivative_iff_has_vector_derivative" (line 70 of "~/Desktop/2024_sem1/AutomaticProofRepair/AFPs/afp-2021-1/thys/Ordinary_Differential_Equations/Library/Vector_Derivative_On.thy")
*** At command "by" (line 70 of "~/Desktop/2024_sem1/AutomaticProofRepair/AFPs/afp-2021-1/thys/Ordinary_Differential_Equations/Library/Vector_Derivative_On.thy")
HOL-ODE-Numerics CANCELLED
HOL-ODE-ARCH-COMP CANCELLED
HOL-ODE-Examples CANCELLED
Lorenz_Approximation CANCELLED
Lorenz_C0 CANCELLED
Lorenz_C1 CANCELLED
Unfinished session(s): HOL-ODE-ARCH-COMP, HOL-ODE-Examples, HOL-ODE-Numerics, Lorenz_Approximation, Lorenz_C0, Lorenz_C1, Ordinary_Differential_Equations
0:01:52 elapsed time, 0:08:24 cpu time, factor 4.47

===============
PAC_Checker
Building Refine_Monadic ...
Refine_Monadic FAILED
(see also /home/quiqui/.isabelle/Isabelle2022/heaps/polyml-5.9_x86_64_32-linux/log/Refine_Monadic)
*** Failed to load theory "Refine_Monadic.Refine_Misc" (unresolved "Refine_Monadic.Refine_Mono_Prover")
*** Failed to load theory "Refine_Monadic.RefineG_Domain" (unresolved "Refine_Monadic.Refine_Misc")
*** Failed to load theory "Refine_Monadic.RefineG_Transfer" (unresolved "Refine_Monadic.Refine_Misc")
*** Failed to load theory "Refine_Monadic.RefineG_Assert" (unresolved "Refine_Monadic.RefineG_Transfer")
*** Failed to load theory "Refine_Monadic.RefineG_Recursion" (unresolved "Refine_Monadic.RefineG_Domain", "Refine_Monadic.RefineG_Transfer", "Refine_Monadic.Refine_Misc")
*** Failed to load theory "Refine_Monadic.Refine_Basic" (unresolved "Refine_Monadic.RefineG_Assert", "Refine_Monadic.RefineG_Recursion", "Refine_Monadic.Refine_Misc")
*** Failed to load theory "Refine_Monadic.Refine_Heuristics" (unresolved "Refine_Monadic.Refine_Basic")
*** Failed to load theory "Refine_Monadic.Refine_Leof" (unresolved "Refine_Monadic.Refine_Basic")
*** Failed to load theory "Refine_Monadic.Refine_More_Comb" (unresolved "Refine_Monadic.Refine_Basic", "Refine_Monadic.Refine_Heuristics", "Refine_Monadic.Refine_Leof")
*** Failed to load theory "Refine_Monadic.RefineG_While" (unresolved "Refine_Monadic.RefineG_Recursion")
*** Failed to load theory "Refine_Monadic.Refine_Det" (unresolved "Refine_Monadic.RefineG_Assert", "Refine_Monadic.RefineG_While")
*** Failed to load theory "Refine_Monadic.Refine_While" (unresolved "Refine_Monadic.RefineG_While", "Refine_Monadic.Refine_Basic", "Refine_Monadic.Refine_Leof")
*** Failed to load theory "Refine_Monadic.Refine_Pfun" (unresolved "Refine_Monadic.Refine_Basic", "Refine_Monadic.Refine_Det")
*** Failed to load theory "Refine_Monadic.Refine_Transfer" (unresolved "Refine_Monadic.RefineG_Transfer", "Refine_Monadic.Refine_Basic", "Refine_Monadic.Refine_Det", "Refine_Monadic.Refine_While")
*** Failed to load theory "Refine_Monadic.Autoref_Monadic" (unresolved "Refine_Monadic.Refine_Transfer")
*** Failed to load theory "Refine_Monadic.Refine_Automation" (unresolved "Refine_Monadic.Refine_Basic", "Refine_Monadic.Refine_Transfer")
*** Failed to load theory "Refine_Monadic.Refine_Foreach" (unresolved "Refine_Monadic.Refine_Heuristics", "Refine_Monadic.Refine_Pfun", "Refine_Monadic.Refine_Transfer", "Refine_Monadic.Refine_While")
*** Failed to load theory "Refine_Monadic.Refine_Monadic" (unresolved "Refine_Monadic.Autoref_Monadic", "Refine_Monadic.Refine_Automation", "Refine_Monadic.Refine_Basic", "Refine_Monadic.Refine_Foreach", "Refine_Monadic.Refine_Heuristics", "Refine_Monadic.Refine_Leof", "Refine_Monadic.Refine_More_Comb", "Refine_Monadic.Refine_Pfun", "Refine_Monadic.Refine_Transfer", "Refine_Monadic.Refine_While")
*** Failed to load theory "Refine_Monadic.Breadth_First_Search" (unresolved "Refine_Monadic.Refine_Monadic")
*** Failed to load theory "Refine_Monadic.WordRefine" (unresolved "Refine_Monadic.Refine_Monadic")
*** Failed to load theory "Refine_Monadic.Examples" (unresolved "Refine_Monadic.Breadth_First_Search", "Refine_Monadic.WordRefine")
*** Undefined fact: "Orderings.monoI" (line 36 of "~/Desktop/2024_sem1/AutomaticProofRepair/AFPs/afp-2021-1/thys/Refine_Monadic/Refine_Mono_Prover.thy")
*** At command "declaration" (line 36 of "~/Desktop/2024_sem1/AutomaticProofRepair/AFPs/afp-2021-1/thys/Refine_Monadic/Refine_Mono_Prover.thy")
Collections CANCELLED
Sepref_Prereq CANCELLED
Sepref_Basic CANCELLED
Sepref_IICF CANCELLED
PAC_Checker CANCELLED
Unfinished session(s): Collections, PAC_Checker, Refine_Monadic, Sepref_Basic, Sepref_IICF, Sepref_Prereq
0:00:29 elapsed time, 0:00:54 cpu time, factor 1.89

===============
Package_logic
0:00:02 elapsed time

===============
Padic_Field
Building Padic_Ints ...
Padic_Ints FAILED
(see also /home/quiqui/.isabelle/Isabelle2022/heaps/polyml-5.9_x86_64_32-linux/log/Padic_Ints)
*** Undefined fact: "cring" (line 3704 of "~/Desktop/2024_sem1/AutomaticProofRepair/AFPs/afp-2021-1/thys/Padic_Ints/Cring_Poly.thy")
*** At command "using" (line 3704 of "~/Desktop/2024_sem1/AutomaticProofRepair/AFPs/afp-2021-1/thys/Padic_Ints/Cring_Poly.thy")
*** Undefined fact: "is_ring" (line 24 of "~/Desktop/2024_sem1/AutomaticProofRepair/AFPs/afp-2021-1/thys/Padic_Ints/Cring_Poly.thy")
*** At command "apply" (line 24 of "~/Desktop/2024_sem1/AutomaticProofRepair/AFPs/afp-2021-1/thys/Padic_Ints/Cring_Poly.thy")
Padic_Field CANCELLED
Unfinished session(s): Padic_Field, Padic_Ints
0:01:21 elapsed time, 0:05:41 cpu time, factor 4.18

===============
Padic_Ints
Running Padic_Ints ...
Padic_Ints FAILED
(see also /home/quiqui/.isabelle/Isabelle2022/heaps/polyml-5.9_x86_64_32-linux/log/Padic_Ints)
*** Undefined fact: "cring" (line 3704 of "~/Desktop/2024_sem1/AutomaticProofRepair/AFPs/afp-2021-1/thys/Padic_Ints/Cring_Poly.thy")
*** At command "using" (line 3704 of "~/Desktop/2024_sem1/AutomaticProofRepair/AFPs/afp-2021-1/thys/Padic_Ints/Cring_Poly.thy")
*** Undefined fact: "is_ring" (line 24 of "~/Desktop/2024_sem1/AutomaticProofRepair/AFPs/afp-2021-1/thys/Padic_Ints/Cring_Poly.thy")
*** At command "apply" (line 24 of "~/Desktop/2024_sem1/AutomaticProofRepair/AFPs/afp-2021-1/thys/Padic_Ints/Cring_Poly.thy")
Unfinished session(s): Padic_Ints
0:01:18 elapsed time, 0:05:34 cpu time, factor 4.28

===============
Planarity_Certificates
0:00:05 elapsed time

===============
Pluennecke_Ruzsa_Inequality
0:00:02 elapsed time

===============
Poincare_Bendixson
Building Ordinary_Differential_Equations ...
Ordinary_Differential_Equations FAILED
(see also /home/quiqui/.isabelle/Isabelle2022/heaps/polyml-5.9_x86_64_32-linux/log/Ordinary_Differential_Equations)
*** Undefined fact: "has_field_derivative_iff_has_vector_derivative" (line 176 of "~/Desktop/2024_sem1/AutomaticProofRepair/AFPs/afp-2021-1/thys/Ordinary_Differential_Equations/IVP/Upper_Lower_Solution.thy")
*** At command "by" (line 176 of "~/Desktop/2024_sem1/AutomaticProofRepair/AFPs/afp-2021-1/thys/Ordinary_Differential_Equations/IVP/Upper_Lower_Solution.thy")
*** Undefined fact: "has_field_derivative_iff_has_vector_derivative" (line 66 of "~/Desktop/2024_sem1/AutomaticProofRepair/AFPs/afp-2021-1/thys/Ordinary_Differential_Equations/Library/Gronwall.thy")
*** At command "by" (line 64 of "~/Desktop/2024_sem1/AutomaticProofRepair/AFPs/afp-2021-1/thys/Ordinary_Differential_Equations/Library/Gronwall.thy")
*** Undefined fact: "has_field_derivative_iff_has_vector_derivative" (line 27 of "~/Desktop/2024_sem1/AutomaticProofRepair/AFPs/afp-2021-1/thys/Ordinary_Differential_Equations/Library/Gronwall.thy")
*** At command "by" (line 25 of "~/Desktop/2024_sem1/AutomaticProofRepair/AFPs/afp-2021-1/thys/Ordinary_Differential_Equations/Library/Gronwall.thy")
*** Undefined fact: "has_field_derivative_iff_has_vector_derivative" (line 70 of "~/Desktop/2024_sem1/AutomaticProofRepair/AFPs/afp-2021-1/thys/Ordinary_Differential_Equations/Library/Vector_Derivative_On.thy")
*** At command "by" (line 70 of "~/Desktop/2024_sem1/AutomaticProofRepair/AFPs/afp-2021-1/thys/Ordinary_Differential_Equations/Library/Vector_Derivative_On.thy")
*** Undefined fact: "has_field_derivative_iff_has_vector_derivative" (line 88 of "~/Desktop/2024_sem1/AutomaticProofRepair/AFPs/afp-2021-1/thys/Ordinary_Differential_Equations/Library/Vector_Derivative_On.thy")
*** At command "by" (line 88 of "~/Desktop/2024_sem1/AutomaticProofRepair/AFPs/afp-2021-1/thys/Ordinary_Differential_Equations/Library/Vector_Derivative_On.thy")
HOL-ODE-Numerics CANCELLED
Poincare_Bendixson CANCELLED
Unfinished session(s): HOL-ODE-Numerics, Ordinary_Differential_Equations, Poincare_Bendixson
0:02:02 elapsed time, 0:08:53 cpu time, factor 4.36

===============
Polynomial_Factorization
Running Polynomial_Factorization ...
Polynomial_Factorization FAILED
(see also /home/quiqui/.isabelle/Isabelle2022/heaps/polyml-5.9_x86_64_32-linux/log/Polynomial_Factorization)
*** Undefined fact: "pdivmod_pdivmodrel" (line 348 of "~/Desktop/2024_sem1/AutomaticProofRepair/AFPs/afp-2021-1/thys/Polynomial_Interpolation/Ring_Hom_Poly.thy")
*** At command "from" (line 348 of "~/Desktop/2024_sem1/AutomaticProofRepair/AFPs/afp-2021-1/thys/Polynomial_Interpolation/Ring_Hom_Poly.thy")
*** Undefined constant: "Divides.divmod_nat" (line 42 of "~/Desktop/2024_sem1/AutomaticProofRepair/AFPs/afp-2021-1/thys/Polynomial_Factorization/Prime_Factorization.thy")
*** At command "partial_function" (line 41 of "~/Desktop/2024_sem1/AutomaticProofRepair/AFPs/afp-2021-1/thys/Polynomial_Factorization/Prime_Factorization.thy")
*** Undefined constant: "Divides.divmod_nat" (line 51 of "~/Desktop/2024_sem1/AutomaticProofRepair/AFPs/afp-2021-1/thys/Polynomial_Interpolation/Improved_Code_Equations.thy")
*** At command "subsection" (line 51 of "~/Desktop/2024_sem1/AutomaticProofRepair/AFPs/afp-2021-1/thys/Polynomial_Interpolation/Improved_Code_Equations.thy")
Unfinished session(s): Polynomial_Factorization
0:01:02 elapsed time, 0:04:22 cpu time, factor 4.21

===============
Polynomial_Interpolation
Running Polynomial_Interpolation ...
Polynomial_Interpolation FAILED
(see also /home/quiqui/.isabelle/Isabelle2022/heaps/polyml-5.9_x86_64_32-linux/log/Polynomial_Interpolation)
*** Undefined fact: "pdivmod_pdivmodrel" (line 348 of "~/Desktop/2024_sem1/AutomaticProofRepair/AFPs/afp-2021-1/thys/Polynomial_Interpolation/Ring_Hom_Poly.thy")
*** At command "from" (line 348 of "~/Desktop/2024_sem1/AutomaticProofRepair/AFPs/afp-2021-1/thys/Polynomial_Interpolation/Ring_Hom_Poly.thy")
*** Undefined constant: "Divides.divmod_nat" (line 51 of "~/Desktop/2024_sem1/AutomaticProofRepair/AFPs/afp-2021-1/thys/Polynomial_Interpolation/Improved_Code_Equations.thy")
*** At command "subsection" (line 51 of "~/Desktop/2024_sem1/AutomaticProofRepair/AFPs/afp-2021-1/thys/Polynomial_Interpolation/Improved_Code_Equations.thy")
Unfinished session(s): Polynomial_Interpolation
0:00:18 elapsed time, 0:00:55 cpu time, factor 2.99

===============
Polynomials
0:00:06 elapsed time

===============
Posix-Lexing
0:00:03 elapsed time

===============
Prefix_Free_Code_Combinators
Running Prefix_Free_Code_Combinators ...
Prefix_Free_Code_Combinators FAILED
(see also /home/quiqui/.isabelle/Isabelle2022/heaps/polyml-5.9_x86_64_32-linux/log/Prefix_Free_Code_Combinators)
*** Failed to finish proof (line 215 of "~/Desktop/2024_sem1/AutomaticProofRepair/AFPs/afp-2021-1/thys/Prefix_Free_Code_Combinators/Prefix_Free_Code_Combinators.thy"):
*** goal (1 subgoal):
***  1. (2 ^ l ≤ u) = (2 ^ l ≤ v) ∧
***     prefix (encode_bounded_nat l (u - of_bool (2 ^ l ≤ u) * 2 ^ l))
***      (encode_bounded_nat l (v - of_bool (2 ^ l ≤ v) * 2 ^ l)) ⟹
***     (2 ^ l ≤ v ⟶
***      prefix (encode_bounded_nat l (u - 2 ^ l))
***       (encode_bounded_nat l (v - 2 ^ l))) ∧
***     (¬ 2 ^ l ≤ v ⟶
***      prefix (encode_bounded_nat l u) (encode_bounded_nat l v))
*** At command "by" (line 215 of "~/Desktop/2024_sem1/AutomaticProofRepair/AFPs/afp-2021-1/thys/Prefix_Free_Code_Combinators/Prefix_Free_Code_Combinators.thy")
Unfinished session(s): Prefix_Free_Code_Combinators
0:00:09 elapsed time, 0:00:08 cpu time, factor 0.89

===============
Prime_Distribution_Elementary
Building Dirichlet_Series ...
Dirichlet_Series FAILED
(see also /home/quiqui/.isabelle/Isabelle2022/heaps/polyml-5.9_x86_64_32-linux/log/Dirichlet_Series)
*** Undefined fact: "has_field_derivative_iff_has_vector_derivative" (line 467 of "~/Desktop/2024_sem1/AutomaticProofRepair/AFPs/afp-2021-1/thys/Dirichlet_Series/Dirichlet_Series_Analysis.thy")
*** At command "by" (line 465 of "~/Desktop/2024_sem1/AutomaticProofRepair/AFPs/afp-2021-1/thys/Dirichlet_Series/Dirichlet_Series_Analysis.thy")
*** Undefined fact: "has_field_derivative_iff_has_vector_derivative" (line 878 of "~/Desktop/2024_sem1/AutomaticProofRepair/AFPs/afp-2021-1/thys/Dirichlet_Series/Dirichlet_Series_Analysis.thy")
*** At command "by" (line 877 of "~/Desktop/2024_sem1/AutomaticProofRepair/AFPs/afp-2021-1/thys/Dirichlet_Series/Dirichlet_Series_Analysis.thy")
*** Undefined fact: "has_field_derivative_iff_has_vector_derivative" (line 207 of "~/Desktop/2024_sem1/AutomaticProofRepair/AFPs/afp-2021-1/thys/Dirichlet_Series/Dirichlet_Series_Analysis.thy")
*** At command "by" (line 206 of "~/Desktop/2024_sem1/AutomaticProofRepair/AFPs/afp-2021-1/thys/Dirichlet_Series/Dirichlet_Series_Analysis.thy")
*** Undefined fact: "has_field_derivative_iff_has_vector_derivative" (line 1579 of "~/Desktop/2024_sem1/AutomaticProofRepair/AFPs/afp-2021-1/thys/Euler_MacLaurin/Euler_MacLaurin.thy")
*** At command "qed" (line 1578 of "~/Desktop/2024_sem1/AutomaticProofRepair/AFPs/afp-2021-1/thys/Euler_MacLaurin/Euler_MacLaurin.thy")
*** Undefined fact: "has_field_derivative_iff_has_vector_derivative" (line 1329 of "~/Desktop/2024_sem1/AutomaticProofRepair/AFPs/afp-2021-1/thys/Euler_MacLaurin/Euler_MacLaurin.thy")
*** At command "by" (line 1328 of "~/Desktop/2024_sem1/AutomaticProofRepair/AFPs/afp-2021-1/thys/Euler_MacLaurin/Euler_MacLaurin.thy")
*** Undefined fact: "has_field_derivative_iff_has_vector_derivative" (line 1485 of "~/Desktop/2024_sem1/AutomaticProofRepair/AFPs/afp-2021-1/thys/Euler_MacLaurin/Euler_MacLaurin.thy")
*** At command "by" (line 1483 of "~/Desktop/2024_sem1/AutomaticProofRepair/AFPs/afp-2021-1/thys/Euler_MacLaurin/Euler_MacLaurin.thy")
*** Undefined fact: "has_field_derivative_iff_has_vector_derivative" (line 1452 of "~/Desktop/2024_sem1/AutomaticProofRepair/AFPs/afp-2021-1/thys/Euler_MacLaurin/Euler_MacLaurin.thy")
*** At command "by" (line 1450 of "~/Desktop/2024_sem1/AutomaticProofRepair/AFPs/afp-2021-1/thys/Euler_MacLaurin/Euler_MacLaurin.thy")
*** Undefined fact: "has_field_derivative_iff_has_vector_derivative" (line 833 of "~/Desktop/2024_sem1/AutomaticProofRepair/AFPs/afp-2021-1/thys/Euler_MacLaurin/Euler_MacLaurin.thy")
*** At command "qed" (line 832 of "~/Desktop/2024_sem1/AutomaticProofRepair/AFPs/afp-2021-1/thys/Euler_MacLaurin/Euler_MacLaurin.thy")
*** Undefined constant: "Divides.divmod_nat" (line 42 of "~/Desktop/2024_sem1/AutomaticProofRepair/AFPs/afp-2021-1/thys/Polynomial_Factorization/Prime_Factorization.thy")
*** At command "partial_function" (line 41 of "~/Desktop/2024_sem1/AutomaticProofRepair/AFPs/afp-2021-1/thys/Polynomial_Factorization/Prime_Factorization.thy")
Zeta_Function CANCELLED
Prime_Distribution_Elementary CANCELLED
Unfinished session(s): Dirichlet_Series, Prime_Distribution_Elementary, Zeta_Function
0:02:07 elapsed time, 0:10:42 cpu time, factor 5.04

===============
Prime_Number_Theorem
Building Dirichlet_Series ...
Dirichlet_Series FAILED
(see also /home/quiqui/.isabelle/Isabelle2022/heaps/polyml-5.9_x86_64_32-linux/log/Dirichlet_Series)
*** Undefined fact: "has_field_derivative_iff_has_vector_derivative" (line 467 of "~/Desktop/2024_sem1/AutomaticProofRepair/AFPs/afp-2021-1/thys/Dirichlet_Series/Dirichlet_Series_Analysis.thy")
*** At command "by" (line 465 of "~/Desktop/2024_sem1/AutomaticProofRepair/AFPs/afp-2021-1/thys/Dirichlet_Series/Dirichlet_Series_Analysis.thy")
*** Undefined fact: "has_field_derivative_iff_has_vector_derivative" (line 878 of "~/Desktop/2024_sem1/AutomaticProofRepair/AFPs/afp-2021-1/thys/Dirichlet_Series/Dirichlet_Series_Analysis.thy")
*** At command "by" (line 877 of "~/Desktop/2024_sem1/AutomaticProofRepair/AFPs/afp-2021-1/thys/Dirichlet_Series/Dirichlet_Series_Analysis.thy")
*** Undefined fact: "has_field_derivative_iff_has_vector_derivative" (line 207 of "~/Desktop/2024_sem1/AutomaticProofRepair/AFPs/afp-2021-1/thys/Dirichlet_Series/Dirichlet_Series_Analysis.thy")
*** At command "by" (line 206 of "~/Desktop/2024_sem1/AutomaticProofRepair/AFPs/afp-2021-1/thys/Dirichlet_Series/Dirichlet_Series_Analysis.thy")
*** Undefined fact: "has_field_derivative_iff_has_vector_derivative" (line 1562 of "~/Desktop/2024_sem1/AutomaticProofRepair/AFPs/afp-2021-1/thys/Euler_MacLaurin/Euler_MacLaurin.thy")
*** At command "by" (line 1560 of "~/Desktop/2024_sem1/AutomaticProofRepair/AFPs/afp-2021-1/thys/Euler_MacLaurin/Euler_MacLaurin.thy")
*** Undefined fact: "has_field_derivative_iff_has_vector_derivative" (line 1499 of "~/Desktop/2024_sem1/AutomaticProofRepair/AFPs/afp-2021-1/thys/Euler_MacLaurin/Euler_MacLaurin.thy")
*** At command "qed" (line 1498 of "~/Desktop/2024_sem1/AutomaticProofRepair/AFPs/afp-2021-1/thys/Euler_MacLaurin/Euler_MacLaurin.thy")
*** Undefined fact: "has_field_derivative_iff_has_vector_derivative" (line 1329 of "~/Desktop/2024_sem1/AutomaticProofRepair/AFPs/afp-2021-1/thys/Euler_MacLaurin/Euler_MacLaurin.thy")
*** At command "by" (line 1328 of "~/Desktop/2024_sem1/AutomaticProofRepair/AFPs/afp-2021-1/thys/Euler_MacLaurin/Euler_MacLaurin.thy")
*** Undefined fact: "has_field_derivative_iff_has_vector_derivative" (line 1452 of "~/Desktop/2024_sem1/AutomaticProofRepair/AFPs/afp-2021-1/thys/Euler_MacLaurin/Euler_MacLaurin.thy")
*** At command "by" (line 1450 of "~/Desktop/2024_sem1/AutomaticProofRepair/AFPs/afp-2021-1/thys/Euler_MacLaurin/Euler_MacLaurin.thy")
*** Undefined fact: "has_field_derivative_iff_has_vector_derivative" (line 833 of "~/Desktop/2024_sem1/AutomaticProofRepair/AFPs/afp-2021-1/thys/Euler_MacLaurin/Euler_MacLaurin.thy")
*** At command "qed" (line 832 of "~/Desktop/2024_sem1/AutomaticProofRepair/AFPs/afp-2021-1/thys/Euler_MacLaurin/Euler_MacLaurin.thy")
*** Undefined constant: "Divides.divmod_nat" (line 42 of "~/Desktop/2024_sem1/AutomaticProofRepair/AFPs/afp-2021-1/thys/Polynomial_Factorization/Prime_Factorization.thy")
*** At command "partial_function" (line 41 of "~/Desktop/2024_sem1/AutomaticProofRepair/AFPs/afp-2021-1/thys/Polynomial_Factorization/Prime_Factorization.thy")
Zeta_Function CANCELLED
Prime_Number_Theorem CANCELLED
Unfinished session(s): Dirichlet_Series, Prime_Number_Theorem, Zeta_Function
0:02:12 elapsed time, 0:10:31 cpu time, factor 4.77

===============
Probabilistic_Prime_Tests
0:00:04 elapsed time

===============
Probabilistic_System_Zoo
Running Probabilistic_System_Zoo ...
Probabilistic_System_Zoo FAILED
(see also /home/quiqui/.isabelle/Isabelle2022/heaps/polyml-5.9_x86_64_32-linux/log/Probabilistic_System_Zoo)
*** Too many parameters for case "8" (line 91 of "~/Desktop/2024_sem1/AutomaticProofRepair/AFPs/afp-2021-1/thys/Probabilistic_System_Zoo/Vardi_Counterexample.thy")
*** At command "case" (line 91 of "~/Desktop/2024_sem1/AutomaticProofRepair/AFPs/afp-2021-1/thys/Probabilistic_System_Zoo/Vardi_Counterexample.thy")
*** Failed to refine any pending goal
*** At command "by" (line 94 of "~/Desktop/2024_sem1/AutomaticProofRepair/AFPs/afp-2021-1/thys/Probabilistic_System_Zoo/Nonempty_Bounded_Set.thy")
*** Failed to apply proof method (line 117 of "~/Desktop/2024_sem1/AutomaticProofRepair/AFPs/afp-2021-1/thys/Probabilistic_System_Zoo/Bool_Bounded_Set.thy"):
*** goal (1 subgoal):
***  1. regularCard natLeq
*** At command "apply" (line 117 of "~/Desktop/2024_sem1/AutomaticProofRepair/AFPs/afp-2021-1/thys/Probabilistic_System_Zoo/Bool_Bounded_Set.thy")
*** Failed to apply proof method (line 68 of "~/Desktop/2024_sem1/AutomaticProofRepair/AFPs/afp-2021-1/thys/Probabilistic_System_Zoo/Finitely_Bounded_Set_Counterexample.thy"):
*** goal (1 subgoal):
***  1. regularCard (|UNIV| +c natLeq)
*** At command "apply" (line 68 of "~/Desktop/2024_sem1/AutomaticProofRepair/AFPs/afp-2021-1/thys/Probabilistic_System_Zoo/Finitely_Bounded_Set_Counterexample.thy")
Unfinished session(s): Probabilistic_System_Zoo
0:00:33 elapsed time, 0:01:41 cpu time, factor 3.03

===============
Promela
Building Refine_Monadic ...
Refine_Monadic FAILED
(see also /home/quiqui/.isabelle/Isabelle2022/heaps/polyml-5.9_x86_64_32-linux/log/Refine_Monadic)
*** Failed to load theory "Refine_Monadic.Refine_Misc" (unresolved "Refine_Monadic.Refine_Mono_Prover")
*** Failed to load theory "Refine_Monadic.RefineG_Domain" (unresolved "Refine_Monadic.Refine_Misc")
*** Failed to load theory "Refine_Monadic.RefineG_Transfer" (unresolved "Refine_Monadic.Refine_Misc")
*** Failed to load theory "Refine_Monadic.RefineG_Assert" (unresolved "Refine_Monadic.RefineG_Transfer")
*** Failed to load theory "Refine_Monadic.RefineG_Recursion" (unresolved "Refine_Monadic.RefineG_Domain", "Refine_Monadic.RefineG_Transfer", "Refine_Monadic.Refine_Misc")
*** Failed to load theory "Refine_Monadic.Refine_Basic" (unresolved "Refine_Monadic.RefineG_Assert", "Refine_Monadic.RefineG_Recursion", "Refine_Monadic.Refine_Misc")
*** Failed to load theory "Refine_Monadic.Refine_Heuristics" (unresolved "Refine_Monadic.Refine_Basic")
*** Failed to load theory "Refine_Monadic.Refine_Leof" (unresolved "Refine_Monadic.Refine_Basic")
*** Failed to load theory "Refine_Monadic.Refine_More_Comb" (unresolved "Refine_Monadic.Refine_Basic", "Refine_Monadic.Refine_Heuristics", "Refine_Monadic.Refine_Leof")
*** Failed to load theory "Refine_Monadic.RefineG_While" (unresolved "Refine_Monadic.RefineG_Recursion")
*** Failed to load theory "Refine_Monadic.Refine_Det" (unresolved "Refine_Monadic.RefineG_Assert", "Refine_Monadic.RefineG_While")
*** Failed to load theory "Refine_Monadic.Refine_Pfun" (unresolved "Refine_Monadic.Refine_Basic", "Refine_Monadic.Refine_Det")
*** Failed to load theory "Refine_Monadic.Refine_While" (unresolved "Refine_Monadic.RefineG_While", "Refine_Monadic.Refine_Basic", "Refine_Monadic.Refine_Leof")
*** Failed to load theory "Refine_Monadic.Refine_Transfer" (unresolved "Refine_Monadic.RefineG_Transfer", "Refine_Monadic.Refine_Basic", "Refine_Monadic.Refine_Det", "Refine_Monadic.Refine_While")
*** Failed to load theory "Refine_Monadic.Autoref_Monadic" (unresolved "Refine_Monadic.Refine_Transfer")
*** Failed to load theory "Refine_Monadic.Refine_Automation" (unresolved "Refine_Monadic.Refine_Basic", "Refine_Monadic.Refine_Transfer")
*** Failed to load theory "Refine_Monadic.Refine_Foreach" (unresolved "Refine_Monadic.Refine_Heuristics", "Refine_Monadic.Refine_Pfun", "Refine_Monadic.Refine_Transfer", "Refine_Monadic.Refine_While")
*** Failed to load theory "Refine_Monadic.Refine_Monadic" (unresolved "Refine_Monadic.Autoref_Monadic", "Refine_Monadic.Refine_Automation", "Refine_Monadic.Refine_Basic", "Refine_Monadic.Refine_Foreach", "Refine_Monadic.Refine_Heuristics", "Refine_Monadic.Refine_Leof", "Refine_Monadic.Refine_More_Comb", "Refine_Monadic.Refine_Pfun", "Refine_Monadic.Refine_Transfer", "Refine_Monadic.Refine_While")
*** Failed to load theory "Refine_Monadic.Breadth_First_Search" (unresolved "Refine_Monadic.Refine_Monadic")
*** Failed to load theory "Refine_Monadic.WordRefine" (unresolved "Refine_Monadic.Refine_Monadic")
*** Failed to load theory "Refine_Monadic.Examples" (unresolved "Refine_Monadic.Breadth_First_Search", "Refine_Monadic.WordRefine")
*** Undefined fact: "Orderings.monoI" (line 36 of "~/Desktop/2024_sem1/AutomaticProofRepair/AFPs/afp-2021-1/thys/Refine_Monadic/Refine_Mono_Prover.thy")
*** At command "declaration" (line 36 of "~/Desktop/2024_sem1/AutomaticProofRepair/AFPs/afp-2021-1/thys/Refine_Monadic/Refine_Mono_Prover.thy")
Collections CANCELLED
CAVA_Base CANCELLED
CAVA_Automata CANCELLED
Promela CANCELLED
Unfinished session(s): CAVA_Automata, CAVA_Base, Collections, Promela, Refine_Monadic
0:00:22 elapsed time, 0:00:52 cpu time, factor 2.32

===============
Proof_Strategy_Language
Running Proof_Strategy_Language ...
Proof_Strategy_Language FAILED
(see also /home/quiqui/.isabelle/Isabelle2022/heaps/polyml-5.9_x86_64_32-linux/log/Proof_Strategy_Language)
*** Failed to load theory "Proof_Strategy_Language.PSL" (unresolved "Proof_Strategy_Language.Try_Hard")
*** Failed to load theory "Proof_Strategy_Language.Example" (unresolved "Proof_Strategy_Language.PSL")
*** ML error (line 165 of "~/Desktop/2024_sem1/AutomaticProofRepair/AFPs/afp-2021-1/thys/Proof_Strategy_Language/Subtool.ML"):
*** Type mismatch in type constraint.
***    Value: Sledgehammer.run_sledgehammer params Auto_Try NONE 1 fact_override
***       : Proof.state -> bool * (Sledgehammer.sledgehammer_outcome * string)
***    Constraint: Proof.state -> bool * (string * string list)
***    Reason:
***       Can't unify Sledgehammer.sledgehammer_outcome with string (*In Basis*)
***          (Different type constructors)
*** At command "ML_file" (line 18 of "~/Desktop/2024_sem1/AutomaticProofRepair/AFPs/afp-2021-1/thys/Proof_Strategy_Language/Try_Hard.thy")
Unfinished session(s): Proof_Strategy_Language
0:00:08 elapsed time

===============
Public_Announcement_Logic
0:00:03 elapsed time

===============
QHLProver
Building Jordan_Normal_Form ...
Jordan_Normal_Form FAILED
(see also /home/quiqui/.isabelle/Isabelle2022/heaps/polyml-5.9_x86_64_32-linux/log/Jordan_Normal_Form)
*** Undefined fact: "pdivmod_pdivmodrel" (line 348 of "~/Desktop/2024_sem1/AutomaticProofRepair/AFPs/afp-2021-1/thys/Polynomial_Interpolation/Ring_Hom_Poly.thy")
*** At command "from" (line 348 of "~/Desktop/2024_sem1/AutomaticProofRepair/AFPs/afp-2021-1/thys/Polynomial_Interpolation/Ring_Hom_Poly.thy")
QHLProver CANCELLED
Unfinished session(s): Jordan_Normal_Form, QHLProver
0:04:47 elapsed time, 0:21:22 cpu time, factor 4.45

===============
QR_Decomposition
Running QR_Decomposition ...
QR_Decomposition FAILED
(see also /home/quiqui/.isabelle/Isabelle2022/heaps/polyml-5.9_x86_64_32-linux/log/QR_Decomposition)
*** Failed to load theory "QR_Decomposition.Examples_QR_Abstract_Float" (unresolved "Gauss_Jordan.Code_Real_Approx_By_Float_Haskell")
*** Failed to load theory "QR_Decomposition.Examples_QR_IArrays_Float" (unresolved "Gauss_Jordan.Code_Real_Approx_By_Float_Haskell")
*** Not a constant: real_of_integer
*** At command "code_printing" (line 19 of "~/Desktop/2024_sem1/AutomaticProofRepair/AFPs/afp-2021-1/thys/Gauss_Jordan/Code_Real_Approx_By_Float_Haskell.thy")
Unfinished session(s): QR_Decomposition
0:02:24 elapsed time, 0:10:51 cpu time, factor 4.52

===============
Quasi_Borel_Spaces
Running Quasi_Borel_Spaces ...
Quasi_Borel_Spaces FAILED
(see also /home/quiqui/.isabelle/Isabelle2022/heaps/polyml-5.9_x86_64_32-linux/log/Quasi_Borel_Spaces)
*** More instantiations than variables in theorem
*** At command "using" (line 373 of "~/Desktop/2024_sem1/AutomaticProofRepair/AFPs/afp-2021-1/thys/Quasi_Borel_Spaces/Pair_QuasiBorel_Measure.thy")
*** More instantiations than variables in theorem
*** At command "using" (line 816 of "~/Desktop/2024_sem1/AutomaticProofRepair/AFPs/afp-2021-1/thys/Quasi_Borel_Spaces/Probability_Space_QuasiBorel.thy")
Unfinished session(s): Quasi_Borel_Spaces
0:00:43 elapsed time, 0:02:09 cpu time, factor 2.97

===============
Random_BSTs
Running Random_BSTs ...
Random_BSTs FAILED
(see also /home/quiqui/.isabelle/Isabelle2022/heaps/polyml-5.9_x86_64_32-linux/log/Random_BSTs)
*** Type unification failed: Clash of types "_ ⇒ _" and "_ set"
*** 
*** Type error in application: incompatible operand type
*** 
*** Operator:  (∈) x :: ??'a set ⇒ bool
*** Operand:   A :: ??'b ⇒ ??'c
*** 
*** Coercion Inference:
*** 
*** Local coercion insertion on the operand failed:
*** No coercion known for type constructors: "fun" and "set"
*** At command "lemma" (line 128 of "~/Desktop/2024_sem1/AutomaticProofRepair/AFPs/afp-2021-1/thys/Random_BSTs/Random_BSTs.thy")
*** At command "by" (line 118 of "~/Desktop/2024_sem1/AutomaticProofRepair/AFPs/afp-2021-1/thys/Random_BSTs/Random_BSTs.thy")
*** Type unification failed: Clash of types "_ ⇒ _" and "_ set"
*** 
*** Type error in application: incompatible operand type
*** 
*** Operator:  (∈) x :: ??'a set ⇒ bool
*** Operand:   A :: ??'b ⇒ ??'c
*** 
*** Coercion Inference:
*** 
*** Local coercion insertion on the operand failed:
*** No coercion known for type constructors: "fun" and "set"
*** At command "lemma" (line 128 of "~/Desktop/2024_sem1/AutomaticProofRepair/AFPs/afp-2021-1/thys/Random_BSTs/Random_BSTs.thy")
Unfinished session(s): Random_BSTs
0:00:20 elapsed time, 0:00:12 cpu time, factor 0.62

===============
Random_Graph_Subgraph_Threshold
0:00:07 elapsed time

===============
Rank_Nullity_Theorem
0:00:05 elapsed time

===============
Real_Power
0:00:03 elapsed time

===============
Refine_Imperative_HOL
Building Refine_Monadic ...
Refine_Monadic FAILED
(see also /home/quiqui/.isabelle/Isabelle2022/heaps/polyml-5.9_x86_64_32-linux/log/Refine_Monadic)
*** Failed to load theory "Refine_Monadic.Refine_Misc" (unresolved "Refine_Monadic.Refine_Mono_Prover")
*** Failed to load theory "Refine_Monadic.RefineG_Domain" (unresolved "Refine_Monadic.Refine_Misc")
*** Failed to load theory "Refine_Monadic.RefineG_Transfer" (unresolved "Refine_Monadic.Refine_Misc")
*** Failed to load theory "Refine_Monadic.RefineG_Assert" (unresolved "Refine_Monadic.RefineG_Transfer")
*** Failed to load theory "Refine_Monadic.RefineG_Recursion" (unresolved "Refine_Monadic.RefineG_Domain", "Refine_Monadic.RefineG_Transfer", "Refine_Monadic.Refine_Misc")
*** Failed to load theory "Refine_Monadic.Refine_Basic" (unresolved "Refine_Monadic.RefineG_Assert", "Refine_Monadic.RefineG_Recursion", "Refine_Monadic.Refine_Misc")
*** Failed to load theory "Refine_Monadic.Refine_Heuristics" (unresolved "Refine_Monadic.Refine_Basic")
*** Failed to load theory "Refine_Monadic.Refine_Leof" (unresolved "Refine_Monadic.Refine_Basic")
*** Failed to load theory "Refine_Monadic.Refine_More_Comb" (unresolved "Refine_Monadic.Refine_Basic", "Refine_Monadic.Refine_Heuristics", "Refine_Monadic.Refine_Leof")
*** Failed to load theory "Refine_Monadic.RefineG_While" (unresolved "Refine_Monadic.RefineG_Recursion")
*** Failed to load theory "Refine_Monadic.Refine_Det" (unresolved "Refine_Monadic.RefineG_Assert", "Refine_Monadic.RefineG_While")
*** Failed to load theory "Refine_Monadic.Refine_While" (unresolved "Refine_Monadic.RefineG_While", "Refine_Monadic.Refine_Basic", "Refine_Monadic.Refine_Leof")
*** Failed to load theory "Refine_Monadic.Refine_Pfun" (unresolved "Refine_Monadic.Refine_Basic", "Refine_Monadic.Refine_Det")
*** Failed to load theory "Refine_Monadic.Refine_Transfer" (unresolved "Refine_Monadic.RefineG_Transfer", "Refine_Monadic.Refine_Basic", "Refine_Monadic.Refine_Det", "Refine_Monadic.Refine_While")
*** Failed to load theory "Refine_Monadic.Autoref_Monadic" (unresolved "Refine_Monadic.Refine_Transfer")
*** Failed to load theory "Refine_Monadic.Refine_Automation" (unresolved "Refine_Monadic.Refine_Basic", "Refine_Monadic.Refine_Transfer")
*** Failed to load theory "Refine_Monadic.Refine_Foreach" (unresolved "Refine_Monadic.Refine_Heuristics", "Refine_Monadic.Refine_Pfun", "Refine_Monadic.Refine_Transfer", "Refine_Monadic.Refine_While")
*** Failed to load theory "Refine_Monadic.Refine_Monadic" (unresolved "Refine_Monadic.Autoref_Monadic", "Refine_Monadic.Refine_Automation", "Refine_Monadic.Refine_Basic", "Refine_Monadic.Refine_Foreach", "Refine_Monadic.Refine_Heuristics", "Refine_Monadic.Refine_Leof", "Refine_Monadic.Refine_More_Comb", "Refine_Monadic.Refine_Pfun", "Refine_Monadic.Refine_Transfer", "Refine_Monadic.Refine_While")
*** Failed to load theory "Refine_Monadic.Breadth_First_Search" (unresolved "Refine_Monadic.Refine_Monadic")
*** Failed to load theory "Refine_Monadic.WordRefine" (unresolved "Refine_Monadic.Refine_Monadic")
*** Failed to load theory "Refine_Monadic.Examples" (unresolved "Refine_Monadic.Breadth_First_Search", "Refine_Monadic.WordRefine")
*** Undefined fact: "Orderings.monoI" (line 36 of "~/Desktop/2024_sem1/AutomaticProofRepair/AFPs/afp-2021-1/thys/Refine_Monadic/Refine_Mono_Prover.thy")
*** At command "declaration" (line 36 of "~/Desktop/2024_sem1/AutomaticProofRepair/AFPs/afp-2021-1/thys/Refine_Monadic/Refine_Mono_Prover.thy")
Collections CANCELLED
Sepref_Prereq CANCELLED
Refine_Imperative_HOL CANCELLED
Sepref_Basic CANCELLED
Sepref_IICF CANCELLED
Unfinished session(s): Collections, Refine_Imperative_HOL, Refine_Monadic, Sepref_Basic, Sepref_IICF, Sepref_Prereq
0:00:33 elapsed time, 0:01:01 cpu time, factor 1.81

===============
Refine_Monadic
Running Refine_Monadic ...
Refine_Monadic FAILED
(see also /home/quiqui/.isabelle/Isabelle2022/heaps/polyml-5.9_x86_64_32-linux/log/Refine_Monadic)
*** Failed to load theory "Refine_Monadic.Refine_Misc" (unresolved "Refine_Monadic.Refine_Mono_Prover")
*** Failed to load theory "Refine_Monadic.RefineG_Domain" (unresolved "Refine_Monadic.Refine_Misc")
*** Failed to load theory "Refine_Monadic.RefineG_Transfer" (unresolved "Refine_Monadic.Refine_Misc")
*** Failed to load theory "Refine_Monadic.RefineG_Assert" (unresolved "Refine_Monadic.RefineG_Transfer")
*** Failed to load theory "Refine_Monadic.RefineG_Recursion" (unresolved "Refine_Monadic.RefineG_Domain", "Refine_Monadic.RefineG_Transfer", "Refine_Monadic.Refine_Misc")
*** Failed to load theory "Refine_Monadic.Refine_Basic" (unresolved "Refine_Monadic.RefineG_Assert", "Refine_Monadic.RefineG_Recursion", "Refine_Monadic.Refine_Misc")
*** Failed to load theory "Refine_Monadic.Refine_Heuristics" (unresolved "Refine_Monadic.Refine_Basic")
*** Failed to load theory "Refine_Monadic.Refine_Leof" (unresolved "Refine_Monadic.Refine_Basic")
*** Failed to load theory "Refine_Monadic.Refine_More_Comb" (unresolved "Refine_Monadic.Refine_Basic", "Refine_Monadic.Refine_Heuristics", "Refine_Monadic.Refine_Leof")
*** Failed to load theory "Refine_Monadic.RefineG_While" (unresolved "Refine_Monadic.RefineG_Recursion")
*** Failed to load theory "Refine_Monadic.Refine_Det" (unresolved "Refine_Monadic.RefineG_Assert", "Refine_Monadic.RefineG_While")
*** Failed to load theory "Refine_Monadic.Refine_While" (unresolved "Refine_Monadic.RefineG_While", "Refine_Monadic.Refine_Basic", "Refine_Monadic.Refine_Leof")
*** Failed to load theory "Refine_Monadic.Refine_Pfun" (unresolved "Refine_Monadic.Refine_Basic", "Refine_Monadic.Refine_Det")
*** Failed to load theory "Refine_Monadic.Refine_Transfer" (unresolved "Refine_Monadic.RefineG_Transfer", "Refine_Monadic.Refine_Basic", "Refine_Monadic.Refine_Det", "Refine_Monadic.Refine_While")
*** Failed to load theory "Refine_Monadic.Refine_Automation" (unresolved "Refine_Monadic.Refine_Basic", "Refine_Monadic.Refine_Transfer")
*** Failed to load theory "Refine_Monadic.Autoref_Monadic" (unresolved "Refine_Monadic.Refine_Transfer")
*** Failed to load theory "Refine_Monadic.Refine_Foreach" (unresolved "Refine_Monadic.Refine_Heuristics", "Refine_Monadic.Refine_Pfun", "Refine_Monadic.Refine_Transfer", "Refine_Monadic.Refine_While")
*** Failed to load theory "Refine_Monadic.Refine_Monadic" (unresolved "Refine_Monadic.Autoref_Monadic", "Refine_Monadic.Refine_Automation", "Refine_Monadic.Refine_Basic", "Refine_Monadic.Refine_Foreach", "Refine_Monadic.Refine_Heuristics", "Refine_Monadic.Refine_Leof", "Refine_Monadic.Refine_More_Comb", "Refine_Monadic.Refine_Pfun", "Refine_Monadic.Refine_Transfer", "Refine_Monadic.Refine_While")
*** Failed to load theory "Refine_Monadic.Breadth_First_Search" (unresolved "Refine_Monadic.Refine_Monadic")
*** Failed to load theory "Refine_Monadic.WordRefine" (unresolved "Refine_Monadic.Refine_Monadic")
*** Failed to load theory "Refine_Monadic.Examples" (unresolved "Refine_Monadic.Breadth_First_Search", "Refine_Monadic.WordRefine")
*** Undefined fact: "Orderings.monoI" (line 36 of "~/Desktop/2024_sem1/AutomaticProofRepair/AFPs/afp-2021-1/thys/Refine_Monadic/Refine_Mono_Prover.thy")
*** At command "declaration" (line 36 of "~/Desktop/2024_sem1/AutomaticProofRepair/AFPs/afp-2021-1/thys/Refine_Monadic/Refine_Mono_Prover.thy")
Unfinished session(s): Refine_Monadic
0:00:29 elapsed time, 0:00:59 cpu time, factor 2.05

===============
Registers
Building Complex_Bounded_Operators ...
Complex_Bounded_Operators FAILED
(see also /home/quiqui/.isabelle/Isabelle2022/heaps/polyml-5.9_x86_64_32-linux/log/Complex_Bounded_Operators)
*** Undefined fact: "pdivmod_pdivmodrel" (line 348 of "~/Desktop/2024_sem1/AutomaticProofRepair/AFPs/afp-2021-1/thys/Polynomial_Interpolation/Ring_Hom_Poly.thy")
*** At command "from" (line 348 of "~/Desktop/2024_sem1/AutomaticProofRepair/AFPs/afp-2021-1/thys/Polynomial_Interpolation/Ring_Hom_Poly.thy")
Registers CANCELLED
Unfinished session(s): Complex_Bounded_Operators, Registers
0:06:40 elapsed time, 0:32:52 cpu time, factor 4.93

===============
Regular-Sets
0:00:04 elapsed time

===============
Relational_Disjoint_Set_Forests
0:00:03 elapsed time

===============
Rep_Fin_Groups
Running Rep_Fin_Groups ...
Rep_Fin_Groups FAILED
(see also /home/quiqui/.isabelle/Isabelle2022/heaps/polyml-5.9_x86_64_32-linux/log/Rep_Fin_Groups)
*** Failed to finish proof (line 8057 of "~/Desktop/2024_sem1/AutomaticProofRepair/AFPs/afp-2021-1/thys/Rep_Fin_Groups/Rep_Fin_Groups.thy"):
*** goal (1 subgoal):
***  1. ⟦add_independentS Us; add_independentS Ws; ∀x∈set Us. (0::'a) ∈ x;
***      ∀x∈sum_list Ws. ∀a∈sum_list Us. a + x = (0::'a) ⟶ a = (0::'a);
***      ⋀As Bs.
***         ⟦∀X∈set As. (0::?'a4) ∈ X; add_independentS As; add_independentS Bs;
***          ∀x∈sum_list Bs + {0::?'a4}.
***             ∀a∈sum_list As. a + x = (0::?'a4) ⟶ a = (0::?'a4)⟧
***         ⟹ add_independentS (As @ Bs)⟧
***     ⟹ add_independentS (Us @ Ws)
*** At command "by" (line 8057 of "~/Desktop/2024_sem1/AutomaticProofRepair/AFPs/afp-2021-1/thys/Rep_Fin_Groups/Rep_Fin_Groups.thy")
Unfinished session(s): Rep_Fin_Groups
0:01:12 elapsed time, 0:03:16 cpu time, factor 2.70

===============
ResiduatedTransitionSystem
0:00:03 elapsed time

===============
ROOTS


===============
Roth_Arithmetic_Progressions
0:00:05 elapsed time

===============
Safe_Distance
Running Safe_Distance ...
Safe_Distance FAILED
(see also /home/quiqui/.isabelle/Isabelle2022/heaps/polyml-5.9_x86_64_32-linux/log/Safe_Distance)
*** ML error (line 129 of "~/Desktop/2024_sem1/AutomaticProofRepair/AFPs/afp-2021-1/thys/Safe_Distance/Evaluation.thy"):
*** Value or constructor (fold_lines) has not been declared in structure File
*** At command "ML" (line 113 of "~/Desktop/2024_sem1/AutomaticProofRepair/AFPs/afp-2021-1/thys/Safe_Distance/Evaluation.thy")
*** Undefined fact: "has_field_derivative_iff_has_vector_derivative" (line 129 of "~/Desktop/2024_sem1/AutomaticProofRepair/AFPs/afp-2021-1/thys/Safe_Distance/Safe_Distance_Reaction.thy")
*** At command "unfolding" (line 128 of "~/Desktop/2024_sem1/AutomaticProofRepair/AFPs/afp-2021-1/thys/Safe_Distance/Safe_Distance_Reaction.thy")
*** Undefined fact: "has_field_derivative_iff_has_vector_derivative" (line 88 of "~/Desktop/2024_sem1/AutomaticProofRepair/AFPs/afp-2021-1/thys/Safe_Distance/Safe_Distance_Reaction.thy")
*** At command "by" (line 88 of "~/Desktop/2024_sem1/AutomaticProofRepair/AFPs/afp-2021-1/thys/Safe_Distance/Safe_Distance_Reaction.thy")
*** Undefined fact: "has_field_derivative_iff_has_vector_derivative" (line 39 of "~/Desktop/2024_sem1/AutomaticProofRepair/AFPs/afp-2021-1/thys/Safe_Distance/Safe_Distance_Reaction.thy")
*** At command "by" (line 39 of "~/Desktop/2024_sem1/AutomaticProofRepair/AFPs/afp-2021-1/thys/Safe_Distance/Safe_Distance_Reaction.thy")
*** Undefined fact: "has_field_derivative_iff_has_vector_derivative" (line 481 of "~/Desktop/2024_sem1/AutomaticProofRepair/AFPs/afp-2021-1/thys/Safe_Distance/Safe_Distance.thy")
*** At command "by" (line 481 of "~/Desktop/2024_sem1/AutomaticProofRepair/AFPs/afp-2021-1/thys/Safe_Distance/Safe_Distance.thy")
*** Undefined fact: "has_field_derivative_iff_has_vector_derivative" (line 429 of "~/Desktop/2024_sem1/AutomaticProofRepair/AFPs/afp-2021-1/thys/Safe_Distance/Safe_Distance.thy")
*** At command "unfolding" (line 428 of "~/Desktop/2024_sem1/AutomaticProofRepair/AFPs/afp-2021-1/thys/Safe_Distance/Safe_Distance.thy")
*** Undefined fact: "has_field_derivative_iff_has_vector_derivative" (line 451 of "~/Desktop/2024_sem1/AutomaticProofRepair/AFPs/afp-2021-1/thys/Safe_Distance/Safe_Distance.thy")
*** At command "by" (line 451 of "~/Desktop/2024_sem1/AutomaticProofRepair/AFPs/afp-2021-1/thys/Safe_Distance/Safe_Distance.thy")
*** Undefined fact: "has_field_derivative_iff_has_vector_derivative" (line 445 of "~/Desktop/2024_sem1/AutomaticProofRepair/AFPs/afp-2021-1/thys/Safe_Distance/Safe_Distance.thy")
*** At command "by" (line 445 of "~/Desktop/2024_sem1/AutomaticProofRepair/AFPs/afp-2021-1/thys/Safe_Distance/Safe_Distance.thy")
*** Undefined fact: "has_field_derivative_iff_has_vector_derivative" (line 277 of "~/Desktop/2024_sem1/AutomaticProofRepair/AFPs/afp-2021-1/thys/Safe_Distance/Safe_Distance.thy")
*** At command "by" (line 277 of "~/Desktop/2024_sem1/AutomaticProofRepair/AFPs/afp-2021-1/thys/Safe_Distance/Safe_Distance.thy")
*** Undefined fact: "has_field_derivative_iff_has_vector_derivative" (line 222 of "~/Desktop/2024_sem1/AutomaticProofRepair/AFPs/afp-2021-1/thys/Safe_Distance/Safe_Distance.thy")
*** At command "by" (line 222 of "~/Desktop/2024_sem1/AutomaticProofRepair/AFPs/afp-2021-1/thys/Safe_Distance/Safe_Distance.thy")
*** Undefined fact: "has_field_derivative_iff_has_vector_derivative" (line 211 of "~/Desktop/2024_sem1/AutomaticProofRepair/AFPs/afp-2021-1/thys/Safe_Distance/Safe_Distance.thy")
*** At command "by" (line 211 of "~/Desktop/2024_sem1/AutomaticProofRepair/AFPs/afp-2021-1/thys/Safe_Distance/Safe_Distance.thy")
Unfinished session(s): Safe_Distance
0:01:47 elapsed time, 0:06:47 cpu time, factor 3.78

===============
Saturation_Framework
0:00:04 elapsed time

===============
Saturation_Framework_Extensions
Running Saturation_Framework_Extensions ...
*** Timeout
Saturation_Framework_Extensions FAILED
(see also /home/quiqui/.isabelle/Isabelle2022/heaps/polyml-5.9_x86_64_32-linux/log/Saturation_Framework_Extensions)
*** Interrupt
Unfinished session(s): Saturation_Framework_Extensions
0:10:07 elapsed time

===============
SC_DOM_Components
0:00:04 elapsed time

===============
Schutz_Spacetime
0:00:02 elapsed time

===============
Security_Protocol_Refinement
0:00:02 elapsed time

===============
Separation_Logic_Unbounded
0:00:02 elapsed time

===============
Shadow_DOM
0:00:03 elapsed time

===============
Sigma_Commit_Crypto
Building CryptHOL ...
Warning - Unable to increase stack - interrupting thread
CryptHOL FAILED
(see also /home/quiqui/.isabelle/Isabelle2022/heaps/polyml-5.9_x86_64_32-linux/log/CryptHOL)
*** Undefined fact: "nat_mod_eq_lemma" (line 73 of "~/Desktop/2024_sem1/AutomaticProofRepair/AFPs/afp-2021-1/thys/CryptHOL/Cyclic_Group.thy")
*** At command "by" (line 73 of "~/Desktop/2024_sem1/AutomaticProofRepair/AFPs/afp-2021-1/thys/CryptHOL/Cyclic_Group.thy")
Sigma_Commit_Crypto CANCELLED
Unfinished session(s): CryptHOL, Sigma_Commit_Crypto
0:06:45 elapsed time, 0:16:17 cpu time, factor 2.41

===============
Signature_Groebner
0:00:07 elapsed time

===============
Simplex
0:00:03 elapsed time

===============
Simplicial_complexes_and_boolean_functions
Building Refine_Monadic ...
Refine_Monadic FAILED
(see also /home/quiqui/.isabelle/Isabelle2022/heaps/polyml-5.9_x86_64_32-linux/log/Refine_Monadic)
*** Failed to load theory "Refine_Monadic.Refine_Misc" (unresolved "Refine_Monadic.Refine_Mono_Prover")
*** Failed to load theory "Refine_Monadic.RefineG_Domain" (unresolved "Refine_Monadic.Refine_Misc")
*** Failed to load theory "Refine_Monadic.RefineG_Transfer" (unresolved "Refine_Monadic.Refine_Misc")
*** Failed to load theory "Refine_Monadic.RefineG_Assert" (unresolved "Refine_Monadic.RefineG_Transfer")
*** Failed to load theory "Refine_Monadic.RefineG_Recursion" (unresolved "Refine_Monadic.RefineG_Domain", "Refine_Monadic.RefineG_Transfer", "Refine_Monadic.Refine_Misc")
*** Failed to load theory "Refine_Monadic.Refine_Basic" (unresolved "Refine_Monadic.RefineG_Assert", "Refine_Monadic.RefineG_Recursion", "Refine_Monadic.Refine_Misc")
*** Failed to load theory "Refine_Monadic.Refine_Heuristics" (unresolved "Refine_Monadic.Refine_Basic")
*** Failed to load theory "Refine_Monadic.Refine_Leof" (unresolved "Refine_Monadic.Refine_Basic")
*** Failed to load theory "Refine_Monadic.Refine_More_Comb" (unresolved "Refine_Monadic.Refine_Basic", "Refine_Monadic.Refine_Heuristics", "Refine_Monadic.Refine_Leof")
*** Failed to load theory "Refine_Monadic.RefineG_While" (unresolved "Refine_Monadic.RefineG_Recursion")
*** Failed to load theory "Refine_Monadic.Refine_Det" (unresolved "Refine_Monadic.RefineG_Assert", "Refine_Monadic.RefineG_While")
*** Failed to load theory "Refine_Monadic.Refine_While" (unresolved "Refine_Monadic.RefineG_While", "Refine_Monadic.Refine_Basic", "Refine_Monadic.Refine_Leof")
*** Failed to load theory "Refine_Monadic.Refine_Pfun" (unresolved "Refine_Monadic.Refine_Basic", "Refine_Monadic.Refine_Det")
*** Failed to load theory "Refine_Monadic.Refine_Transfer" (unresolved "Refine_Monadic.RefineG_Transfer", "Refine_Monadic.Refine_Basic", "Refine_Monadic.Refine_Det", "Refine_Monadic.Refine_While")
*** Failed to load theory "Refine_Monadic.Autoref_Monadic" (unresolved "Refine_Monadic.Refine_Transfer")
*** Failed to load theory "Refine_Monadic.Refine_Automation" (unresolved "Refine_Monadic.Refine_Basic", "Refine_Monadic.Refine_Transfer")
*** Failed to load theory "Refine_Monadic.Refine_Foreach" (unresolved "Refine_Monadic.Refine_Heuristics", "Refine_Monadic.Refine_Pfun", "Refine_Monadic.Refine_Transfer", "Refine_Monadic.Refine_While")
*** Failed to load theory "Refine_Monadic.Refine_Monadic" (unresolved "Refine_Monadic.Autoref_Monadic", "Refine_Monadic.Refine_Automation", "Refine_Monadic.Refine_Basic", "Refine_Monadic.Refine_Foreach", "Refine_Monadic.Refine_Heuristics", "Refine_Monadic.Refine_Leof", "Refine_Monadic.Refine_More_Comb", "Refine_Monadic.Refine_Pfun", "Refine_Monadic.Refine_Transfer", "Refine_Monadic.Refine_While")
*** Failed to load theory "Refine_Monadic.Breadth_First_Search" (unresolved "Refine_Monadic.Refine_Monadic")
*** Failed to load theory "Refine_Monadic.WordRefine" (unresolved "Refine_Monadic.Refine_Monadic")
*** Failed to load theory "Refine_Monadic.Examples" (unresolved "Refine_Monadic.Breadth_First_Search", "Refine_Monadic.WordRefine")
*** Undefined fact: "Orderings.monoI" (line 36 of "~/Desktop/2024_sem1/AutomaticProofRepair/AFPs/afp-2021-1/thys/Refine_Monadic/Refine_Mono_Prover.thy")
*** At command "declaration" (line 36 of "~/Desktop/2024_sem1/AutomaticProofRepair/AFPs/afp-2021-1/thys/Refine_Monadic/Refine_Mono_Prover.thy")
Collections CANCELLED
Sepref_Prereq CANCELLED
Simplicial_complexes_and_boolean_functions CANCELLED
Unfinished session(s): Collections, Refine_Monadic, Sepref_Prereq, Simplicial_complexes_and_boolean_functions
0:00:39 elapsed time, 0:01:06 cpu time, factor 1.71

===============
SimplifiedOntologicalArgument
Running SimplifiedOntologicalArgument ...
SimplifiedOntologicalArgument FAILED
(see also /home/quiqui/.isabelle/Isabelle2022/heaps/polyml-5.9_x86_64_32-linux/log/SimplifiedOntologicalArgument)
*** Failed to load theory "SimplifiedOntologicalArgument.SimplifiedOntologicalArgument" (unresolved "SimplifiedOntologicalArgument.DisableKodkodScala")
*** Failed to load theory "SimplifiedOntologicalArgument.SimpleVariant" (unresolved "SimplifiedOntologicalArgument.DisableKodkodScala")
*** Failed to load theory "SimplifiedOntologicalArgument.SimpleVariantHF" (unresolved "SimplifiedOntologicalArgument.DisableKodkodScala")
*** Failed to load theory "SimplifiedOntologicalArgument.SimpleVariantPG" (unresolved "SimplifiedOntologicalArgument.DisableKodkodScala")
*** Failed to load theory "SimplifiedOntologicalArgument.UFilterVariant" (unresolved "SimplifiedOntologicalArgument.DisableKodkodScala")
*** ML error (line 11 of "~/Desktop/2024_sem1/AutomaticProofRepair/AFPs/afp-2021-1/thys/SimplifiedOntologicalArgument/DisableKodkodScala.thy"):
*** Value or constructor (default_put_bool) has not been declared in structure Options
*** At command "ML" (line 10 of "~/Desktop/2024_sem1/AutomaticProofRepair/AFPs/afp-2021-1/thys/SimplifiedOntologicalArgument/DisableKodkodScala.thy")
Unfinished session(s): SimplifiedOntologicalArgument
0:01:14 elapsed time, 0:01:51 cpu time, factor 1.50

===============
Skip_Lists
Running Skip_Lists ...
Skip_Lists FAILED
(see also /home/quiqui/.isabelle/Isabelle2022/heaps/polyml-5.9_x86_64_32-linux/log/Skip_Lists)
*** Failed to load theory "Skip_Lists.Skip_List" (unresolved "Skip_Lists.Misc")
*** Type unification failed: Clash of types "_ ⇒ _" and "_ set"
*** 
*** Type error in application: incompatible operand type
*** 
*** Operator:  mono_on :: ??'a set ⇒ (??'a ⇒ ??'b) ⇒ bool
*** Operand:   f :: 'a ⇒ 'b
*** 
*** Coercion Inference:
*** 
*** Local coercion insertion on the operand failed:
*** No coercion known for type constructors: "fun" and "set"
*** At command "lemma" (line 13 of "~/Desktop/2024_sem1/AutomaticProofRepair/AFPs/afp-2021-1/thys/Skip_Lists/Misc.thy")
Unfinished session(s): Skip_Lists
0:00:14 elapsed time, 0:00:11 cpu time, factor 0.80

===============
Slicing
0:00:04 elapsed time

===============
Smith_Normal_Form
Running Smith_Normal_Form ...
Smith_Normal_Form FAILED
(see also /home/quiqui/.isabelle/Isabelle2022/heaps/polyml-5.9_x86_64_32-linux/log/Smith_Normal_Form)
*** Type unification failed: Clash of types "_ set" and "_ ⇒ _"
*** 
*** Type error in application: incompatible operand type
*** 
*** Operator:  strict_mono_on g :: (??'a ⇒ ??'b) ⇒ bool
*** Operand:   {0::??'c..<n} :: ??'c set
*** 
*** Coercion Inference:
*** 
*** Local coercion insertion on the operand failed:
*** No coercion known for type constructors: "set" and "fun"
*** At command "lemma" (line 887 of "~/Desktop/2024_sem1/AutomaticProofRepair/AFPs/afp-2021-1/thys/Smith_Normal_Form/SNF_Missing_Lemmas.thy")
*** Undefined fact: "pdivmod_pdivmodrel" (line 348 of "~/Desktop/2024_sem1/AutomaticProofRepair/AFPs/afp-2021-1/thys/Polynomial_Interpolation/Ring_Hom_Poly.thy")
*** At command "from" (line 348 of "~/Desktop/2024_sem1/AutomaticProofRepair/AFPs/afp-2021-1/thys/Polynomial_Interpolation/Ring_Hom_Poly.thy")
Unfinished session(s): Smith_Normal_Form
0:04:52 elapsed time, 0:19:37 cpu time, factor 4.02

===============
Smooth_Manifolds
0:00:04 elapsed time

===============
Sophomores_Dream
0:00:05 elapsed time

===============
Stable_Matching
Running Stable_Matching ...
*** Timeout
Stable_Matching FAILED
(see also /home/quiqui/.isabelle/Isabelle2022/heaps/polyml-5.9_x86_64_32-linux/log/Stable_Matching)
*** Interrupt
Unfinished session(s): Stable_Matching
0:10:04 elapsed time, 0:15:35 cpu time, factor 1.55

===============
Stalnaker_Logic
0:00:02 elapsed time

===============
Stateful_Protocol_Composition_and_Typing
0:00:03 elapsed time

===============
Stirling_Formula
Running Stirling_Formula ...
Stirling_Formula FAILED
(see also /home/quiqui/.isabelle/Isabelle2022/heaps/polyml-5.9_x86_64_32-linux/log/Stirling_Formula)
*** Undefined fact: "has_field_derivative_iff_has_vector_derivative" (line 919 of "~/Desktop/2024_sem1/AutomaticProofRepair/AFPs/afp-2021-1/thys/Stirling_Formula/Gamma_Asymptotics.thy")
*** At command "by" (line 918 of "~/Desktop/2024_sem1/AutomaticProofRepair/AFPs/afp-2021-1/thys/Stirling_Formula/Gamma_Asymptotics.thy")
*** Undefined fact: "has_field_derivative_iff_has_vector_derivative" (line 881 of "~/Desktop/2024_sem1/AutomaticProofRepair/AFPs/afp-2021-1/thys/Stirling_Formula/Gamma_Asymptotics.thy")
*** At command "by" (line 879 of "~/Desktop/2024_sem1/AutomaticProofRepair/AFPs/afp-2021-1/thys/Stirling_Formula/Gamma_Asymptotics.thy")
*** Failed to finish proof (line 254 of "~/Desktop/2024_sem1/AutomaticProofRepair/AFPs/afp-2021-1/thys/Stirling_Formula/Gamma_Asymptotics.thy"):
*** goal (1 subgoal):
***  1. ⋀x. ⟦0 < a; 0 < b; x ≠ 0; of_bool (0 < x) ≠ of_bool (0 ≤ x)⟧ ⟹ False
*** At command "by" (line 252 of "~/Desktop/2024_sem1/AutomaticProofRepair/AFPs/afp-2021-1/thys/Stirling_Formula/Gamma_Asymptotics.thy")
*** Undefined fact: "has_field_derivative_iff_has_vector_derivative" (line 395 of "~/Desktop/2024_sem1/AutomaticProofRepair/AFPs/afp-2021-1/thys/Stirling_Formula/Gamma_Asymptotics.thy")
*** At command "by" (line 393 of "~/Desktop/2024_sem1/AutomaticProofRepair/AFPs/afp-2021-1/thys/Stirling_Formula/Gamma_Asymptotics.thy")
*** Undefined fact: "has_field_derivative_iff_has_vector_derivative" (line 441 of "~/Desktop/2024_sem1/AutomaticProofRepair/AFPs/afp-2021-1/thys/Stirling_Formula/Stirling_Formula.thy")
*** At command "by" (line 440 of "~/Desktop/2024_sem1/AutomaticProofRepair/AFPs/afp-2021-1/thys/Stirling_Formula/Stirling_Formula.thy")
Unfinished session(s): Stirling_Formula
0:00:51 elapsed time, 0:02:14 cpu time, factor 2.59

===============
Stochastic_Matrices
Building Markov_Models ...
Markov_Models FAILED
(see also /home/quiqui/.isabelle/Isabelle2022/heaps/polyml-5.9_x86_64_32-linux/log/Markov_Models)
***            (λa. wp c1 (wp c2 a))
***  4. ⋀c1 c2.
***        ⟦monotone (λa b. ∀x. a x ≤ b x) (λa b. ∀x. a x ≤ b x) (wp c1);
***         monotone (λa b. ∀x. a x ≤ b x) (λa b. ∀x. a x ≤ b x) (wp c2)⟧
***        ⟹ monotone (λa b. ∀x. a x ≤ b x) (λa b. ∀x. a x ≤ b x)
***            (λa b. wp c1 a b ⊓ wp c2 a b)
***  5. ⋀x1 c1 c2.
***        ⟦monotone (λa b. ∀x. a x ≤ b x) (λa b. ∀x. a x ≤ b x) (wp c1);
***         monotone (λa b. ∀x. a x ≤ b x) (λa b. ∀x. a x ≤ b x) (wp c2)⟧
***        ⟹ monotone (λa b. ∀x. a x ≤ b x) (λa b. ∀x. a x ≤ b x)
***            (λa b. if x1 b then wp c1 a b else wp c2 a b)
***  6. ⋀x1 c1 c2.
***        ⟦monotone (λa b. ∀x. a x ≤ b x) (λa b. ∀x. a x ≤ b x) (wp c1);
***         monotone (λa b. ∀x. a x ≤ b x) (λa b. ∀x. a x ≤ b x) (wp c2)⟧
***        ⟹ monotone (λa b. ∀x. a x ≤ b x) (λa b. ∀x. a x ≤ b x)
***            (λa b. ennreal (pmf x1 True) * wp c1 a b +
***                   ennreal (pmf x1 False) * wp c2 a b)
***  7. ⋀x1 c.
***        monotone (λa b. ∀x. a x ≤ b x) (λa b. ∀x. a x ≤ b x) (wp c) ⟹
***        monotone (λa b. ∀x. a x ≤ b x) (λa b. ∀x. a x ≤ b x)
***         (λa. lfp (λX s. if x1 s then wp c X s else a s))
*** At command "by" (line 34 of "~/Desktop/2024_sem1/AutomaticProofRepair/AFPs/afp-2021-1/thys/Markov_Models/ex/PGCL.thy")
*** Failed to finish proof (line 735 of "~/Desktop/2024_sem1/AutomaticProofRepair/AFPs/afp-2021-1/thys/Markov_Models/Markov_Decision_Process.thy"):
*** goal (1 subgoal):
***  1. (⋀m n. m ≤ n ⟹ ∀x. (Q ^^ n) ⊤ x ⟶ (Q ^^ m) ⊤ x) ⟹
***     monotone (≤) (λx y. ∀xa. y xa ⟶ x xa) (λi x. (Q ^^ i) ⊤ (f x))
*** At command "by" (line 735 of "~/Desktop/2024_sem1/AutomaticProofRepair/AFPs/afp-2021-1/thys/Markov_Models/Markov_Decision_Process.thy")
*** Failed to finish proof (line 714 of "~/Desktop/2024_sem1/AutomaticProofRepair/AFPs/afp-2021-1/thys/Markov_Models/Markov_Decision_Process.thy"):
*** goal (1 subgoal):
***  1. ⋀x m n xa.
***        ⟦monotone (≤) (λx y. ∀xa. y xa ⟶ x xa) P; x ∈ cfg_on s; m ≤ n;
***         xa ∈ space St; P n xa⟧
***        ⟹ P m xa
*** At command "by" (line 714 of "~/Desktop/2024_sem1/AutomaticProofRepair/AFPs/afp-2021-1/thys/Markov_Models/Markov_Decision_Process.thy")
*** Failed to finish proof:
*** goal (1 subgoal):
***  1. monotone (≤) (λx y. ∀xa∈y. xa ∈ x)
***      (λn. {ω ∈ space (stream_space (count_space UNIV)).
***            enat n ≤ scount (HLD {y}) ω})
*** At command "done" (line 560 of "~/Desktop/2024_sem1/AutomaticProofRepair/AFPs/afp-2021-1/thys/Markov_Models/Classifying_Markov_Chain_States.thy")
Stochastic_Matrices CANCELLED
Unfinished session(s): Markov_Models, Stochastic_Matrices
0:01:03 elapsed time, 0:04:55 cpu time, factor 4.66

===============
Store_Buffer_Reduction
0:00:03 elapsed time

===============
Sturm_Sequences
0:00:04 elapsed time

===============
Sturm_Tarski
0:00:04 elapsed time

===============
Subresultants
Building Jordan_Normal_Form ...
Jordan_Normal_Form FAILED
(see also /home/quiqui/.isabelle/Isabelle2022/heaps/polyml-5.9_x86_64_32-linux/log/Jordan_Normal_Form)
*** Undefined fact: "pdivmod_pdivmodrel" (line 348 of "~/Desktop/2024_sem1/AutomaticProofRepair/AFPs/afp-2021-1/thys/Polynomial_Interpolation/Ring_Hom_Poly.thy")
*** At command "from" (line 348 of "~/Desktop/2024_sem1/AutomaticProofRepair/AFPs/afp-2021-1/thys/Polynomial_Interpolation/Ring_Hom_Poly.thy")
Subresultants CANCELLED
Unfinished session(s): Jordan_Normal_Form, Subresultants
0:04:07 elapsed time, 0:20:41 cpu time, factor 5.02

===============
SumSquares
0:00:03 elapsed time

===============
Sunflowers
Running Sunflowers ...
Sunflowers FAILED
(see also /home/quiqui/.isabelle/Isabelle2022/heaps/polyml-5.9_x86_64_32-linux/log/Sunflowers)
*** Failed to apply initial proof method (line 108 of "~/Desktop/2024_sem1/AutomaticProofRepair/AFPs/afp-2021-1/thys/Sunflowers/Erdos_Rado_Sunflower.thy"):
*** goal (1 subgoal):
***  1. card (⋃ G) ≤ sum card G
*** At command "by" (line 108 of "~/Desktop/2024_sem1/AutomaticProofRepair/AFPs/afp-2021-1/thys/Sunflowers/Erdos_Rado_Sunflower.thy")
Unfinished session(s): Sunflowers
0:00:07 elapsed time, 0:00:10 cpu time, factor 1.47

===============
SuperCalc
0:00:03 elapsed time

===============
Szemeredi_Regularity
0:00:04 elapsed time

===============
Taylor_Models
Building Affine_Arithmetic ...
Affine_Arithmetic FAILED
(see also /home/quiqui/.isabelle/Isabelle2022/heaps/polyml-5.9_x86_64_32-linux/log/Affine_Arithmetic)
*** using this:
***   wf_set_bits_int f
*** goal (1 subgoal):
***  1. bit (BITS a. f a) 0 = f 0
*** At command "by" (line 242 of "~/Desktop/2024_sem1/AutomaticProofRepair/AFPs/afp-2021-1/thys/Word_Lib/Bit_Comprehension.thy")
*** Failed to apply proof method (line 62 of "~/Desktop/2024_sem1/AutomaticProofRepair/AFPs/afp-2021-1/thys/Word_Lib/More_Word.thy"):
*** goal:
*** No subgoals!
*** At command "apply" (line 62 of "~/Desktop/2024_sem1/AutomaticProofRepair/AFPs/afp-2021-1/thys/Word_Lib/More_Word.thy")
*** Failed to apply proof method (line 130 of "~/Desktop/2024_sem1/AutomaticProofRepair/AFPs/afp-2021-1/thys/Word_Lib/Signed_Division_Word.thy"):
*** goal (2 subgoals):
***  1. a = - (2 ^ (LENGTH('a) - Suc 0)) ⟶ b ≠ - 1 ⟹
***     word_of_int (sgn (sint a)) * word_of_int (¦sint a¦ mod ¦sint b¦) =
***     a - word_of_int (sint a sdiv sint b) * b
***  2. ¬ (a ≠ - (2 ^ (LENGTH('a) - 1)) ∨ b ≠ - 1) ⟹
***     a smod b = a - a sdiv b * b
*** At command "apply" (line 130 of "~/Desktop/2024_sem1/AutomaticProofRepair/AFPs/afp-2021-1/thys/Word_Lib/Signed_Division_Word.thy")
*** Failed to finish proof (line 41 of "~/Desktop/2024_sem1/AutomaticProofRepair/AFPs/afp-2021-1/thys/Word_Lib/Signed_Division_Word.thy"):
*** goal (4 subgoals):
***  1. ⟦sint a < 0; sint b < 0⟧
***     ⟹ word_of_int (sint a sdiv sint b) * b +
***        word_of_int (sint a mod sint b) =
***        a
***  2. ⟦sint a < 0; ¬ sint b < 0⟧
***     ⟹ word_of_int (sint a sdiv sint b) * b -
***        word_of_int (- sint a mod sint b) =
***        a
***  3. ⟦¬ sint a < 0; sint b < 0⟧
***     ⟹ word_of_int (sint a sdiv sint b) * b +
***        word_of_int (sgn (sint a)) * word_of_int (sint a mod - sint b) =
***        a
***  4. ⟦¬ sint a < 0; ¬ sint b < 0⟧
***     ⟹ word_of_int (sint a sdiv sint b) * b +
***        word_of_int (sgn (sint a)) * word_of_int (sint a mod sint b) =
***        a
*** At command "by" (line 41 of "~/Desktop/2024_sem1/AutomaticProofRepair/AFPs/afp-2021-1/thys/Word_Lib/Signed_Division_Word.thy")
*** Failed to finish proof (line 62 of "~/Desktop/2024_sem1/AutomaticProofRepair/AFPs/afp-2021-1/thys/Word_Lib/Signed_Division_Word.thy"):
*** goal (1 subgoal):
***  1. word_of_int (sgn (sint w)) * word_of_int ¦sint w¦ = w
*** At command "by" (line 62 of "~/Desktop/2024_sem1/AutomaticProofRepair/AFPs/afp-2021-1/thys/Word_Lib/Signed_Division_Word.thy")
Taylor_Models CANCELLED
Unfinished session(s): Affine_Arithmetic, Taylor_Models
0:28:31 elapsed time, 0:49:19 cpu time, factor 1.73

===============
TortoiseHare
Running TortoiseHare ...
TortoiseHare FAILED
(see also /home/quiqui/.isabelle/Isabelle2022/heaps/polyml-5.9_x86_64_32-linux/log/TortoiseHare)
*** Undefined fact: "nat_mod_eq_lemma" (line 260 of "~/Desktop/2024_sem1/AutomaticProofRepair/AFPs/afp-2021-1/thys/TortoiseHare/Basis.thy")
*** At command "using" (line 260 of "~/Desktop/2024_sem1/AutomaticProofRepair/AFPs/afp-2021-1/thys/TortoiseHare/Basis.thy")
Unfinished session(s): TortoiseHare
0:00:15 elapsed time, 0:00:14 cpu time, factor 0.91

===============
Transformer_Semantics
Running Transformer_Semantics ...
*** Timeout
Transformer_Semantics FAILED
(see also /home/quiqui/.isabelle/Isabelle2022/heaps/polyml-5.9_x86_64_32-linux/log/Transformer_Semantics)
*** Interrupt
Unfinished session(s): Transformer_Semantics
0:10:06 elapsed time, 0:20:01 cpu time, factor 1.98

===============
Transitive_Models
0:00:02 elapsed time

===============
Types_To_Sets_Extension
Building Conditional_Transfer_Rule ...
Conditional_Transfer_Rule FAILED
(see also /home/quiqui/.isabelle/Isabelle2022/heaps/polyml-5.9_x86_64_32-linux/log/Conditional_Transfer_Rule)
*** ud: the input term is not a constant
*** At command "ud" (line 87 of "~/Desktop/2024_sem1/AutomaticProofRepair/AFPs/afp-2021-1/thys/Conditional_Transfer_Rule/CTR/Tests/CTR_Tests.thy")
Types_To_Sets_Extension CANCELLED
Unfinished session(s): Conditional_Transfer_Rule, Types_To_Sets_Extension
0:00:09 elapsed time, 0:00:05 cpu time, factor 0.59

===============
Undirected_Graph_Theory
0:00:09 elapsed time

===============
Universal_Hash_Families
0:00:10 elapsed time

===============
Universal_Turing_Machine
0:00:07 elapsed time

===============
UpDown_Scheme
Running UpDown_Scheme ...
UpDown_Scheme FAILED
(see also /home/quiqui/.isabelle/Isabelle2022/heaps/polyml-5.9_x86_64_32-linux/log/UpDown_Scheme)
*** Failed to apply initial proof method (line 96 of "~/Desktop/2024_sem1/AutomaticProofRepair/AFPs/afp-2021-1/thys/UpDown_Scheme/Triangular_Function.thy"):
*** using this:
***   integrable lborel
***    (λx. indicat_real
***          {real_of_int (i - 1) /
***           2 ^ (l + 1)..real_of_int (i + 1) / 2 ^ (l + 1)}
***          x *⇩R
***         φ (l, i) x)
*** goal (1 subgoal):
***  1. integrable lborel (φ (l, i))
*** At command "by" (line 96 of "~/Desktop/2024_sem1/AutomaticProofRepair/AFPs/afp-2021-1/thys/UpDown_Scheme/Triangular_Function.thy")
*** Failed to apply initial proof method (line 106 of "~/Desktop/2024_sem1/AutomaticProofRepair/AFPs/afp-2021-1/thys/UpDown_Scheme/Triangular_Function.thy"):
*** using this:
***   integrable lborel
***    (λx. indicat_real
***          {real_of_int (i - 1) /
***           2 ^ (l + 1)..real_of_int (i + 1) / 2 ^ (l + 1)}
***          x *⇩R
***         (φ (l, i) x * φ (l', i') x))
*** goal (1 subgoal):
***  1. integrable lborel (λx. φ (l, i) x * φ (l', i') x)
*** At command "by" (line 106 of "~/Desktop/2024_sem1/AutomaticProofRepair/AFPs/afp-2021-1/thys/UpDown_Scheme/Triangular_Function.thy")
Unfinished session(s): UpDown_Scheme
0:00:44 elapsed time, 0:02:42 cpu time, factor 3.68

===============
Valuation
0:00:03 elapsed time

===============
Van_Emde_Boas_Trees
Running Van_Emde_Boas_Trees ...
*** Timeout
Van_Emde_Boas_Trees FAILED
(see also /home/quiqui/.isabelle/Isabelle2022/heaps/polyml-5.9_x86_64_32-linux/log/Van_Emde_Boas_Trees)
*** goal:
*** No subgoals!
*** At command "apply" (line 62 of "~/Desktop/2024_sem1/AutomaticProofRepair/AFPs/afp-2021-1/thys/Word_Lib/More_Word.thy")
*** Failed to apply initial proof method (line 242 of "~/Desktop/2024_sem1/AutomaticProofRepair/AFPs/afp-2021-1/thys/Word_Lib/Bit_Comprehension.thy"):
*** using this:
***   wf_set_bits_int f
*** goal (1 subgoal):
***  1. bit (BITS a. f a) 0 = f 0
*** At command "by" (line 242 of "~/Desktop/2024_sem1/AutomaticProofRepair/AFPs/afp-2021-1/thys/Word_Lib/Bit_Comprehension.thy")
*** Failed to apply proof method (line 130 of "~/Desktop/2024_sem1/AutomaticProofRepair/AFPs/afp-2021-1/thys/Word_Lib/Signed_Division_Word.thy"):
*** goal (2 subgoals):
***  1. a = - (2 ^ (LENGTH('a) - Suc 0)) ⟶ b ≠ - 1 ⟹
***     word_of_int (sgn (sint a)) * word_of_int (¦sint a¦ mod ¦sint b¦) =
***     a - word_of_int (sint a sdiv sint b) * b
***  2. ¬ (a ≠ - (2 ^ (LENGTH('a) - 1)) ∨ b ≠ - 1) ⟹
***     a smod b = a - a sdiv b * b
*** At command "apply" (line 130 of "~/Desktop/2024_sem1/AutomaticProofRepair/AFPs/afp-2021-1/thys/Word_Lib/Signed_Division_Word.thy")
*** Failed to finish proof (line 62 of "~/Desktop/2024_sem1/AutomaticProofRepair/AFPs/afp-2021-1/thys/Word_Lib/Signed_Division_Word.thy"):
*** goal (1 subgoal):
***  1. word_of_int (sgn (sint w)) * word_of_int ¦sint w¦ = w
*** At command "by" (line 62 of "~/Desktop/2024_sem1/AutomaticProofRepair/AFPs/afp-2021-1/thys/Word_Lib/Signed_Division_Word.thy")
*** Failed to finish proof (line 41 of "~/Desktop/2024_sem1/AutomaticProofRepair/AFPs/afp-2021-1/thys/Word_Lib/Signed_Division_Word.thy"):
*** goal (4 subgoals):
***  1. ⟦sint a < 0; sint b < 0⟧
***     ⟹ word_of_int (sint a sdiv sint b) * b +
***        word_of_int (sint a mod sint b) =
***        a
***  2. ⟦sint a < 0; ¬ sint b < 0⟧
***     ⟹ word_of_int (sint a sdiv sint b) * b -
***        word_of_int (- sint a mod sint b) =
***        a
***  3. ⟦¬ sint a < 0; sint b < 0⟧
***     ⟹ word_of_int (sint a sdiv sint b) * b +
***        word_of_int (sgn (sint a)) * word_of_int (sint a mod - sint b) =
***        a
***  4. ⟦¬ sint a < 0; ¬ sint b < 0⟧
***     ⟹ word_of_int (sint a sdiv sint b) * b +
***        word_of_int (sgn (sint a)) * word_of_int (sint a mod sint b) =
***        a
*** At command "by" (line 41 of "~/Desktop/2024_sem1/AutomaticProofRepair/AFPs/afp-2021-1/thys/Word_Lib/Signed_Division_Word.thy")
Unfinished session(s): Van_Emde_Boas_Trees
0:15:16 elapsed time, 0:32:40 cpu time, factor 2.14

===============
VerifyThis2018
Building Refine_Monadic ...
Refine_Monadic FAILED
(see also /home/quiqui/.isabelle/Isabelle2022/heaps/polyml-5.9_x86_64_32-linux/log/Refine_Monadic)
*** Failed to load theory "Refine_Monadic.Refine_Misc" (unresolved "Refine_Monadic.Refine_Mono_Prover")
*** Failed to load theory "Refine_Monadic.RefineG_Domain" (unresolved "Refine_Monadic.Refine_Misc")
*** Failed to load theory "Refine_Monadic.RefineG_Transfer" (unresolved "Refine_Monadic.Refine_Misc")
*** Failed to load theory "Refine_Monadic.RefineG_Assert" (unresolved "Refine_Monadic.RefineG_Transfer")
*** Failed to load theory "Refine_Monadic.RefineG_Recursion" (unresolved "Refine_Monadic.RefineG_Domain", "Refine_Monadic.RefineG_Transfer", "Refine_Monadic.Refine_Misc")
*** Failed to load theory "Refine_Monadic.Refine_Basic" (unresolved "Refine_Monadic.RefineG_Assert", "Refine_Monadic.RefineG_Recursion", "Refine_Monadic.Refine_Misc")
*** Failed to load theory "Refine_Monadic.Refine_Heuristics" (unresolved "Refine_Monadic.Refine_Basic")
*** Failed to load theory "Refine_Monadic.Refine_Leof" (unresolved "Refine_Monadic.Refine_Basic")
*** Failed to load theory "Refine_Monadic.Refine_More_Comb" (unresolved "Refine_Monadic.Refine_Basic", "Refine_Monadic.Refine_Heuristics", "Refine_Monadic.Refine_Leof")
*** Failed to load theory "Refine_Monadic.RefineG_While" (unresolved "Refine_Monadic.RefineG_Recursion")
*** Failed to load theory "Refine_Monadic.Refine_Det" (unresolved "Refine_Monadic.RefineG_Assert", "Refine_Monadic.RefineG_While")
*** Failed to load theory "Refine_Monadic.Refine_While" (unresolved "Refine_Monadic.RefineG_While", "Refine_Monadic.Refine_Basic", "Refine_Monadic.Refine_Leof")
*** Failed to load theory "Refine_Monadic.Refine_Pfun" (unresolved "Refine_Monadic.Refine_Basic", "Refine_Monadic.Refine_Det")
*** Failed to load theory "Refine_Monadic.Refine_Transfer" (unresolved "Refine_Monadic.RefineG_Transfer", "Refine_Monadic.Refine_Basic", "Refine_Monadic.Refine_Det", "Refine_Monadic.Refine_While")
*** Failed to load theory "Refine_Monadic.Autoref_Monadic" (unresolved "Refine_Monadic.Refine_Transfer")
*** Failed to load theory "Refine_Monadic.Refine_Automation" (unresolved "Refine_Monadic.Refine_Basic", "Refine_Monadic.Refine_Transfer")
*** Failed to load theory "Refine_Monadic.Refine_Foreach" (unresolved "Refine_Monadic.Refine_Heuristics", "Refine_Monadic.Refine_Pfun", "Refine_Monadic.Refine_Transfer", "Refine_Monadic.Refine_While")
*** Failed to load theory "Refine_Monadic.Refine_Monadic" (unresolved "Refine_Monadic.Autoref_Monadic", "Refine_Monadic.Refine_Automation", "Refine_Monadic.Refine_Basic", "Refine_Monadic.Refine_Foreach", "Refine_Monadic.Refine_Heuristics", "Refine_Monadic.Refine_Leof", "Refine_Monadic.Refine_More_Comb", "Refine_Monadic.Refine_Pfun", "Refine_Monadic.Refine_Transfer", "Refine_Monadic.Refine_While")
*** Failed to load theory "Refine_Monadic.Breadth_First_Search" (unresolved "Refine_Monadic.Refine_Monadic")
*** Failed to load theory "Refine_Monadic.WordRefine" (unresolved "Refine_Monadic.Refine_Monadic")
*** Failed to load theory "Refine_Monadic.Examples" (unresolved "Refine_Monadic.Breadth_First_Search", "Refine_Monadic.WordRefine")
*** Undefined fact: "Orderings.monoI" (line 36 of "~/Desktop/2024_sem1/AutomaticProofRepair/AFPs/afp-2021-1/thys/Refine_Monadic/Refine_Mono_Prover.thy")
*** At command "declaration" (line 36 of "~/Desktop/2024_sem1/AutomaticProofRepair/AFPs/afp-2021-1/thys/Refine_Monadic/Refine_Mono_Prover.thy")
Collections CANCELLED
Sepref_Prereq CANCELLED
Sepref_Basic CANCELLED
Sepref_IICF CANCELLED
VerifyThis2018 CANCELLED
Unfinished session(s): Collections, Refine_Monadic, Sepref_Basic, Sepref_IICF, Sepref_Prereq, VerifyThis2018
0:00:47 elapsed time, 0:01:13 cpu time, factor 1.55

===============
VerifyThis2019
Building Refine_Monadic ...
Refine_Monadic FAILED
(see also /home/quiqui/.isabelle/Isabelle2022/heaps/polyml-5.9_x86_64_32-linux/log/Refine_Monadic)
*** Failed to load theory "Refine_Monadic.Refine_Misc" (unresolved "Refine_Monadic.Refine_Mono_Prover")
*** Failed to load theory "Refine_Monadic.RefineG_Domain" (unresolved "Refine_Monadic.Refine_Misc")
*** Failed to load theory "Refine_Monadic.RefineG_Transfer" (unresolved "Refine_Monadic.Refine_Misc")
*** Failed to load theory "Refine_Monadic.RefineG_Assert" (unresolved "Refine_Monadic.RefineG_Transfer")
*** Failed to load theory "Refine_Monadic.RefineG_Recursion" (unresolved "Refine_Monadic.RefineG_Domain", "Refine_Monadic.RefineG_Transfer", "Refine_Monadic.Refine_Misc")
*** Failed to load theory "Refine_Monadic.Refine_Basic" (unresolved "Refine_Monadic.RefineG_Assert", "Refine_Monadic.RefineG_Recursion", "Refine_Monadic.Refine_Misc")
*** Failed to load theory "Refine_Monadic.Refine_Heuristics" (unresolved "Refine_Monadic.Refine_Basic")
*** Failed to load theory "Refine_Monadic.Refine_Leof" (unresolved "Refine_Monadic.Refine_Basic")
*** Failed to load theory "Refine_Monadic.Refine_More_Comb" (unresolved "Refine_Monadic.Refine_Basic", "Refine_Monadic.Refine_Heuristics", "Refine_Monadic.Refine_Leof")
*** Failed to load theory "Refine_Monadic.RefineG_While" (unresolved "Refine_Monadic.RefineG_Recursion")
*** Failed to load theory "Refine_Monadic.Refine_Det" (unresolved "Refine_Monadic.RefineG_Assert", "Refine_Monadic.RefineG_While")
*** Failed to load theory "Refine_Monadic.Refine_While" (unresolved "Refine_Monadic.RefineG_While", "Refine_Monadic.Refine_Basic", "Refine_Monadic.Refine_Leof")
*** Failed to load theory "Refine_Monadic.Refine_Pfun" (unresolved "Refine_Monadic.Refine_Basic", "Refine_Monadic.Refine_Det")
*** Failed to load theory "Refine_Monadic.Refine_Transfer" (unresolved "Refine_Monadic.RefineG_Transfer", "Refine_Monadic.Refine_Basic", "Refine_Monadic.Refine_Det", "Refine_Monadic.Refine_While")
*** Failed to load theory "Refine_Monadic.Refine_Automation" (unresolved "Refine_Monadic.Refine_Basic", "Refine_Monadic.Refine_Transfer")
*** Failed to load theory "Refine_Monadic.Autoref_Monadic" (unresolved "Refine_Monadic.Refine_Transfer")
*** Failed to load theory "Refine_Monadic.Refine_Foreach" (unresolved "Refine_Monadic.Refine_Heuristics", "Refine_Monadic.Refine_Pfun", "Refine_Monadic.Refine_Transfer", "Refine_Monadic.Refine_While")
*** Failed to load theory "Refine_Monadic.Refine_Monadic" (unresolved "Refine_Monadic.Autoref_Monadic", "Refine_Monadic.Refine_Automation", "Refine_Monadic.Refine_Basic", "Refine_Monadic.Refine_Foreach", "Refine_Monadic.Refine_Heuristics", "Refine_Monadic.Refine_Leof", "Refine_Monadic.Refine_More_Comb", "Refine_Monadic.Refine_Pfun", "Refine_Monadic.Refine_Transfer", "Refine_Monadic.Refine_While")
*** Failed to load theory "Refine_Monadic.Breadth_First_Search" (unresolved "Refine_Monadic.Refine_Monadic")
*** Failed to load theory "Refine_Monadic.WordRefine" (unresolved "Refine_Monadic.Refine_Monadic")
*** Failed to load theory "Refine_Monadic.Examples" (unresolved "Refine_Monadic.Breadth_First_Search", "Refine_Monadic.WordRefine")
*** Undefined fact: "Orderings.monoI" (line 36 of "~/Desktop/2024_sem1/AutomaticProofRepair/AFPs/afp-2021-1/thys/Refine_Monadic/Refine_Mono_Prover.thy")
*** At command "declaration" (line 36 of "~/Desktop/2024_sem1/AutomaticProofRepair/AFPs/afp-2021-1/thys/Refine_Monadic/Refine_Mono_Prover.thy")
Collections CANCELLED
Sepref_Prereq CANCELLED
Sepref_Basic CANCELLED
Sepref_IICF CANCELLED
VerifyThis2019 CANCELLED
Unfinished session(s): Collections, Refine_Monadic, Sepref_Basic, Sepref_IICF, Sepref_Prereq, VerifyThis2019
0:00:37 elapsed time, 0:01:10 cpu time, factor 1.86

===============
Virtual_Substitution
Running Virtual_Substitution ...
Virtual_Substitution FAILED
(see also /home/quiqui/.isabelle/Isabelle2022/heaps/polyml-5.9_x86_64_32-linux/log/Virtual_Substitution)
*** Failed to finish proof (line 543 of "~/Desktop/2024_sem1/AutomaticProofRepair/AFPs/afp-2021-1/thys/Virtual_Substitution/OptimizationProofs.thy"):
*** goal (1 subgoal):
***  1. ⋀a b. ⟦∀x∈set (chop (to_list v p)). case x of (term, x) ⇒ i ≤ x;
***            (a, b) ∈ set (chop (to_list v p))⟧
***           ⟹ f v ^ (b - i) * f v ^ i = f v ^ b
*** At command "by" (line 543 of "~/Desktop/2024_sem1/AutomaticProofRepair/AFPs/afp-2021-1/thys/Virtual_Substitution/OptimizationProofs.thy")
Unfinished session(s): Virtual_Substitution
0:06:09 elapsed time, 0:21:08 cpu time, factor 3.44

===============
VYDRA_MDL
Building Deriving ...
*** Timeout
Deriving FAILED
(see also /home/quiqui/.isabelle/Isabelle2022/heaps/polyml-5.9_x86_64_32-linux/log/Deriving)
*** using this:
***   wf_set_bits_int f
*** goal (1 subgoal):
***  1. bit (BITS a. f a) 0 = f 0
*** At command "by" (line 242 of "~/Desktop/2024_sem1/AutomaticProofRepair/AFPs/afp-2021-1/thys/Word_Lib/Bit_Comprehension.thy")
*** Failed to apply proof method (line 62 of "~/Desktop/2024_sem1/AutomaticProofRepair/AFPs/afp-2021-1/thys/Word_Lib/More_Word.thy"):
*** goal:
*** No subgoals!
*** At command "apply" (line 62 of "~/Desktop/2024_sem1/AutomaticProofRepair/AFPs/afp-2021-1/thys/Word_Lib/More_Word.thy")
*** Failed to apply proof method (line 130 of "~/Desktop/2024_sem1/AutomaticProofRepair/AFPs/afp-2021-1/thys/Word_Lib/Signed_Division_Word.thy"):
*** goal (2 subgoals):
***  1. a = - (2 ^ (LENGTH('a) - Suc 0)) ⟶ b ≠ - 1 ⟹
***     word_of_int (sgn (sint a)) * word_of_int (¦sint a¦ mod ¦sint b¦) =
***     a - word_of_int (sint a sdiv sint b) * b
***  2. ¬ (a ≠ - (2 ^ (LENGTH('a) - 1)) ∨ b ≠ - 1) ⟹
***     a smod b = a - a sdiv b * b
*** At command "apply" (line 130 of "~/Desktop/2024_sem1/AutomaticProofRepair/AFPs/afp-2021-1/thys/Word_Lib/Signed_Division_Word.thy")
*** Failed to finish proof (line 41 of "~/Desktop/2024_sem1/AutomaticProofRepair/AFPs/afp-2021-1/thys/Word_Lib/Signed_Division_Word.thy"):
*** goal (4 subgoals):
***  1. ⟦sint a < 0; sint b < 0⟧
***     ⟹ word_of_int (sint a sdiv sint b) * b +
***        word_of_int (sint a mod sint b) =
***        a
***  2. ⟦sint a < 0; ¬ sint b < 0⟧
***     ⟹ word_of_int (sint a sdiv sint b) * b -
***        word_of_int (- sint a mod sint b) =
***        a
***  3. ⟦¬ sint a < 0; sint b < 0⟧
***     ⟹ word_of_int (sint a sdiv sint b) * b +
***        word_of_int (sgn (sint a)) * word_of_int (sint a mod - sint b) =
***        a
***  4. ⟦¬ sint a < 0; ¬ sint b < 0⟧
***     ⟹ word_of_int (sint a sdiv sint b) * b +
***        word_of_int (sgn (sint a)) * word_of_int (sint a mod sint b) =
***        a
*** At command "by" (line 41 of "~/Desktop/2024_sem1/AutomaticProofRepair/AFPs/afp-2021-1/thys/Word_Lib/Signed_Division_Word.thy")
*** Failed to finish proof (line 62 of "~/Desktop/2024_sem1/AutomaticProofRepair/AFPs/afp-2021-1/thys/Word_Lib/Signed_Division_Word.thy"):
*** goal (1 subgoal):
***  1. word_of_int (sgn (sint w)) * word_of_int ¦sint w¦ = w
*** At command "by" (line 62 of "~/Desktop/2024_sem1/AutomaticProofRepair/AFPs/afp-2021-1/thys/Word_Lib/Signed_Division_Word.thy")
Containers CANCELLED
VYDRA_MDL CANCELLED
Unfinished session(s): Containers, Deriving, VYDRA_MDL
0:10:05 elapsed time, 0:12:12 cpu time, factor 1.21

===============
WebAssembly
Running WebAssembly ...
*** Timeout
WebAssembly FAILED
(see also /home/quiqui/.isabelle/Isabelle2022/heaps/polyml-5.9_x86_64_32-linux/log/WebAssembly)
*** using this:
***   wf_set_bits_int f
*** goal (1 subgoal):
***  1. bit (BITS a. f a) 0 = f 0
*** At command "by" (line 242 of "~/Desktop/2024_sem1/AutomaticProofRepair/AFPs/afp-2021-1/thys/Word_Lib/Bit_Comprehension.thy")
*** Failed to apply proof method (line 62 of "~/Desktop/2024_sem1/AutomaticProofRepair/AFPs/afp-2021-1/thys/Word_Lib/More_Word.thy"):
*** goal:
*** No subgoals!
*** At command "apply" (line 62 of "~/Desktop/2024_sem1/AutomaticProofRepair/AFPs/afp-2021-1/thys/Word_Lib/More_Word.thy")
*** Failed to apply proof method (line 130 of "~/Desktop/2024_sem1/AutomaticProofRepair/AFPs/afp-2021-1/thys/Word_Lib/Signed_Division_Word.thy"):
*** goal (2 subgoals):
***  1. a = - (2 ^ (LENGTH('a) - Suc 0)) ⟶ b ≠ - 1 ⟹
***     word_of_int (sgn (sint a)) * word_of_int (¦sint a¦ mod ¦sint b¦) =
***     a - word_of_int (sint a sdiv sint b) * b
***  2. ¬ (a ≠ - (2 ^ (LENGTH('a) - 1)) ∨ b ≠ - 1) ⟹
***     a smod b = a - a sdiv b * b
*** At command "apply" (line 130 of "~/Desktop/2024_sem1/AutomaticProofRepair/AFPs/afp-2021-1/thys/Word_Lib/Signed_Division_Word.thy")
*** Failed to finish proof (line 41 of "~/Desktop/2024_sem1/AutomaticProofRepair/AFPs/afp-2021-1/thys/Word_Lib/Signed_Division_Word.thy"):
*** goal (4 subgoals):
***  1. ⟦sint a < 0; sint b < 0⟧
***     ⟹ word_of_int (sint a sdiv sint b) * b +
***        word_of_int (sint a mod sint b) =
***        a
***  2. ⟦sint a < 0; ¬ sint b < 0⟧
***     ⟹ word_of_int (sint a sdiv sint b) * b -
***        word_of_int (- sint a mod sint b) =
***        a
***  3. ⟦¬ sint a < 0; sint b < 0⟧
***     ⟹ word_of_int (sint a sdiv sint b) * b +
***        word_of_int (sgn (sint a)) * word_of_int (sint a mod - sint b) =
***        a
***  4. ⟦¬ sint a < 0; ¬ sint b < 0⟧
***     ⟹ word_of_int (sint a sdiv sint b) * b +
***        word_of_int (sgn (sint a)) * word_of_int (sint a mod sint b) =
***        a
*** At command "by" (line 41 of "~/Desktop/2024_sem1/AutomaticProofRepair/AFPs/afp-2021-1/thys/Word_Lib/Signed_Division_Word.thy")
*** Failed to finish proof (line 62 of "~/Desktop/2024_sem1/AutomaticProofRepair/AFPs/afp-2021-1/thys/Word_Lib/Signed_Division_Word.thy"):
*** goal (1 subgoal):
***  1. word_of_int (sgn (sint w)) * word_of_int ¦sint w¦ = w
*** At command "by" (line 62 of "~/Desktop/2024_sem1/AutomaticProofRepair/AFPs/afp-2021-1/thys/Word_Lib/Signed_Division_Word.thy")
Unfinished session(s): WebAssembly
0:10:05 elapsed time, 0:15:09 cpu time, factor 1.50

===============
Weight_Balanced_Trees
0:00:05 elapsed time

===============
Weighted_Path_Order
0:00:05 elapsed time

===============
Wetzels_Problem
Running Wetzels_Problem ...
Wetzels_Problem FAILED
(see also /home/quiqui/.isabelle/Isabelle2022/heaps/polyml-5.9_x86_64_32-linux/log/Wetzels_Problem)
*** Failed to load theory "ZFC_in_HOL.ZFC_Cardinals" (unresolved "ZFC_in_HOL.ZFC_in_HOL")
*** Failed to load theory "ZFC_in_HOL.ZFC_Typeclasses" (unresolved "ZFC_in_HOL.ZFC_Cardinals")
*** Failed to load theory "Wetzels_Problem.Wetzels_Problem" (unresolved "ZFC_in_HOL.ZFC_Typeclasses")
*** Type unification failed: Clash of types "_ ⇒ _" and "_ set"
*** 
*** Type error in application: incompatible operand type
*** 
*** Operator:  strict_mono_on :: ??'a set ⇒ (??'a ⇒ ??'b) ⇒ bool
*** Operand:   h :: ??'c ⇒ ??'c
*** 
*** At command "lemma" (line 1090 of "~/Desktop/2024_sem1/AutomaticProofRepair/AFPs/afp-2021-1/thys/ZFC_in_HOL/ZFC_in_HOL.thy")
Unfinished session(s): Wetzels_Problem
0:00:15 elapsed time, 0:00:57 cpu time, factor 3.63

===============
Winding_Number_Eval
Running Winding_Number_Eval ...
Winding_Number_Eval FAILED
(see also /home/quiqui/.isabelle/Isabelle2022/heaps/polyml-5.9_x86_64_32-linux/log/Winding_Number_Eval)
*** Undefined fact: "eucl_rel_poly" (line 274 of "~/Desktop/2024_sem1/AutomaticProofRepair/AFPs/afp-2021-1/thys/Winding_Number_Eval/Missing_Algebraic.thy")
*** At command "by" (line 274 of "~/Desktop/2024_sem1/AutomaticProofRepair/AFPs/afp-2021-1/thys/Winding_Number_Eval/Missing_Algebraic.thy")
Unfinished session(s): Winding_Number_Eval
0:00:51 elapsed time, 0:03:17 cpu time, factor 3.86

===============
WOOT_Strong_Eventual_Consistency
0:00:05 elapsed time

===============
Word_Lib
Running Word_Lib ...
*** Timeout
Word_Lib FAILED
(see also /home/quiqui/.isabelle/Isabelle2022/heaps/polyml-5.9_x86_64_32-linux/log/Word_Lib)
*** using this:
***   wf_set_bits_int f
*** goal (1 subgoal):
***  1. bit (BITS a. f a) 0 = f 0
*** At command "by" (line 242 of "~/Desktop/2024_sem1/AutomaticProofRepair/AFPs/afp-2021-1/thys/Word_Lib/Bit_Comprehension.thy")
*** Failed to apply proof method (line 62 of "~/Desktop/2024_sem1/AutomaticProofRepair/AFPs/afp-2021-1/thys/Word_Lib/More_Word.thy"):
*** goal:
*** No subgoals!
*** At command "apply" (line 62 of "~/Desktop/2024_sem1/AutomaticProofRepair/AFPs/afp-2021-1/thys/Word_Lib/More_Word.thy")
*** Failed to apply proof method (line 130 of "~/Desktop/2024_sem1/AutomaticProofRepair/AFPs/afp-2021-1/thys/Word_Lib/Signed_Division_Word.thy"):
*** goal (2 subgoals):
***  1. a = - (2 ^ (LENGTH('a) - Suc 0)) ⟶ b ≠ - 1 ⟹
***     word_of_int (sgn (sint a)) * word_of_int (¦sint a¦ mod ¦sint b¦) =
***     a - word_of_int (sint a sdiv sint b) * b
***  2. ¬ (a ≠ - (2 ^ (LENGTH('a) - 1)) ∨ b ≠ - 1) ⟹
***     a smod b = a - a sdiv b * b
*** At command "apply" (line 130 of "~/Desktop/2024_sem1/AutomaticProofRepair/AFPs/afp-2021-1/thys/Word_Lib/Signed_Division_Word.thy")
*** Failed to finish proof (line 41 of "~/Desktop/2024_sem1/AutomaticProofRepair/AFPs/afp-2021-1/thys/Word_Lib/Signed_Division_Word.thy"):
*** goal (4 subgoals):
***  1. ⟦sint a < 0; sint b < 0⟧
***     ⟹ word_of_int (sint a sdiv sint b) * b +
***        word_of_int (sint a mod sint b) =
***        a
***  2. ⟦sint a < 0; ¬ sint b < 0⟧
***     ⟹ word_of_int (sint a sdiv sint b) * b -
***        word_of_int (- sint a mod sint b) =
***        a
***  3. ⟦¬ sint a < 0; sint b < 0⟧
***     ⟹ word_of_int (sint a sdiv sint b) * b +
***        word_of_int (sgn (sint a)) * word_of_int (sint a mod - sint b) =
***        a
***  4. ⟦¬ sint a < 0; ¬ sint b < 0⟧
***     ⟹ word_of_int (sint a sdiv sint b) * b +
***        word_of_int (sgn (sint a)) * word_of_int (sint a mod sint b) =
***        a
*** At command "by" (line 41 of "~/Desktop/2024_sem1/AutomaticProofRepair/AFPs/afp-2021-1/thys/Word_Lib/Signed_Division_Word.thy")
*** Failed to finish proof (line 62 of "~/Desktop/2024_sem1/AutomaticProofRepair/AFPs/afp-2021-1/thys/Word_Lib/Signed_Division_Word.thy"):
*** goal (1 subgoal):
***  1. word_of_int (sgn (sint w)) * word_of_int ¦sint w¦ = w
*** At command "by" (line 62 of "~/Desktop/2024_sem1/AutomaticProofRepair/AFPs/afp-2021-1/thys/Word_Lib/Signed_Division_Word.thy")
Unfinished session(s): Word_Lib
0:05:06 elapsed time, 0:08:22 cpu time, factor 1.64

===============
X86_Semantics
Running X86_Semantics ...
X86_Semantics FAILED
(see also /home/quiqui/.isabelle/Isabelle2022/heaps/polyml-5.9_x86_64_32-linux/log/X86_Semantics)
***     x < 2 ^ n
***     0 < n
*** goal (1 subgoal):
***  1. bit x 0 = bit (x - 2 ^ n) 0
*** At command "by" (line 1353 of "~/Desktop/2024_sem1/AutomaticProofRepair/AFPs/afp-2021-1/thys/Word_Lib/Bits_Int.thy")
*** Failed to apply proof method (line 817 of "~/Desktop/2024_sem1/AutomaticProofRepair/AFPs/afp-2021-1/thys/Word_Lib/Bits_Int.thy"):
*** goal (2 subgoals):
***  1. ⋀w. (b ⟶ bit (1 + 2 * (w div 2)) 0) ∧ (¬ b ⟶ ¬ bit (2 * (w div 2)) 0)
***  2. ⋀n w m.
***        (⋀w m. bit (set_bit_class.set_bit w n b) m =
***               (if m = n then b else bit w m)) ⟹
***        bit (set_bit_class.set_bit w (Suc n) b) m =
***        (if m = Suc n then b else bit w m)
*** At command "apply" (line 817 of "~/Desktop/2024_sem1/AutomaticProofRepair/AFPs/afp-2021-1/thys/Word_Lib/Bits_Int.thy")
*** Failed to finish proof (line 67 of "~/Desktop/2024_sem1/AutomaticProofRepair/AFPs/afp-2021-1/thys/Word_Lib/Least_significant_bit.thy"):
*** goal (1 subgoal):
***  1. odd w = bit w 0
*** At command "by" (line 67 of "~/Desktop/2024_sem1/AutomaticProofRepair/AFPs/afp-2021-1/thys/Word_Lib/Least_significant_bit.thy")
*** Failed to finish proof (line 2184 of "~/Desktop/2024_sem1/AutomaticProofRepair/AFPs/afp-2021-1/thys/Word_Lib/More_Word.thy"):
*** goal (1 subgoal):
***  1. ⋀x. odd x = bit x 0
*** At command "by" (line 2184 of "~/Desktop/2024_sem1/AutomaticProofRepair/AFPs/afp-2021-1/thys/Word_Lib/More_Word.thy")
*** Failed to apply initial proof method (line 2199 of "~/Desktop/2024_sem1/AutomaticProofRepair/AFPs/afp-2021-1/thys/Word_Lib/More_Word.thy"):
*** goal (1 subgoal):
***  1. ¬ bit (x + 1) 0 ⟹ bit x 0
*** At command "by" (line 2199 of "~/Desktop/2024_sem1/AutomaticProofRepair/AFPs/afp-2021-1/thys/Word_Lib/More_Word.thy")
*** Failed to finish proof (line 2181 of "~/Desktop/2024_sem1/AutomaticProofRepair/AFPs/afp-2021-1/thys/Word_Lib/More_Word.thy"):
*** goal (1 subgoal):
***  1. ⟦x + 1 = 0; odd x⟧ ⟹ bit x 0
*** At command "by" (line 2181 of "~/Desktop/2024_sem1/AutomaticProofRepair/AFPs/afp-2021-1/thys/Word_Lib/More_Word.thy")
*** Failed to apply proof method (line 62 of "~/Desktop/2024_sem1/AutomaticProofRepair/AFPs/afp-2021-1/thys/Word_Lib/More_Word.thy"):
*** goal:
*** No subgoals!
*** At command "apply" (line 62 of "~/Desktop/2024_sem1/AutomaticProofRepair/AFPs/afp-2021-1/thys/Word_Lib/More_Word.thy")
*** Failed to apply initial proof method (line 242 of "~/Desktop/2024_sem1/AutomaticProofRepair/AFPs/afp-2021-1/thys/Word_Lib/Bit_Comprehension.thy"):
*** using this:
***   wf_set_bits_int f
*** goal (1 subgoal):
***  1. bit (BITS a. f a) 0 = f 0
*** At command "by" (line 242 of "~/Desktop/2024_sem1/AutomaticProofRepair/AFPs/afp-2021-1/thys/Word_Lib/Bit_Comprehension.thy")
Unfinished session(s): X86_Semantics
0:13:57 elapsed time, 0:17:41 cpu time, factor 1.27

===============
XML
Running XML ...
XML FAILED
(see also /home/quiqui/.isabelle/Isabelle2022/heaps/polyml-5.9_x86_64_32-linux/log/XML)
***         ¬ x1 ∧ x2 ∧ x3 ∧ x4 ∧ ¬ x5 ∧ ¬ x6 ∧ x7 ∧ ¬ x8 ∨
***         x1 ∧ x2 ∧ x3 ∧ x4 ∧ ¬ x5 ∧ ¬ x6 ∧ x7 ∧ ¬ x8 ∨
***         ¬ x1 ∧ ¬ x2 ∧ ¬ x3 ∧ ¬ x4 ∧ x5 ∧ ¬ x6 ∧ x7 ∧ ¬ x8 ∨
***         x1 ∧ ¬ x2 ∧ ¬ x3 ∧ ¬ x4 ∧ x5 ∧ ¬ x6 ∧ x7 ∧ ¬ x8 ∨
***         ¬ x1 ∧ x2 ∧ ¬ x3 ∧ ¬ x4 ∧ x5 ∧ ¬ x6 ∧ x7 ∧ ¬ x8 ∨
***         x1 ∧ x2 ∧ ¬ x3 ∧ ¬ x4 ∧ x5 ∧ ¬ x6 ∧ x7 ∧ ¬ x8 ∨
***         ¬ x1 ∧ ¬ x2 ∧ x3 ∧ ¬ x4 ∧ x5 ∧ ¬ x6 ∧ x7 ∧ ¬ x8 ∨
***         x1 ∧ ¬ x2 ∧ x3 ∧ ¬ x4 ∧ x5 ∧ ¬ x6 ∧ x7 ∧ ¬ x8 ∨
***         ¬ x1 ∧ x2 ∧ x3 ∧ ¬ x4 ∧ x5 ∧ ¬ x6 ∧ x7 ∧ ¬ x8 ∨
***         x1 ∧ x2 ∧ x3 ∧ ¬ x4 ∧ x5 ∧ ¬ x6 ∧ x7 ∧ ¬ x8 ∨
***         ¬ x1 ∧ ¬ x2 ∧ ¬ x3 ∧ x4 ∧ x5 ∧ ¬ x6 ∧ x7 ∧ ¬ x8 ∨
***         x1 ∧ ¬ x2 ∧ ¬ x3 ∧ x4 ∧ x5 ∧ ¬ x6 ∧ x7 ∧ ¬ x8 ∨
***         ¬ x1 ∧ x2 ∧ ¬ x3 ∧ x4 ∧ x5 ∧ ¬ x6 ∧ x7 ∧ ¬ x8 ∨
***         x1 ∧ x2 ∧ x3 ∧ x4 ∧ x5 ∧ ¬ x6 ∧ x7 ∧ ¬ x8 ∨
***         ¬ x1 ∧ ¬ x2 ∧ ¬ x3 ∧ ¬ x4 ∧ x5 ∧ x6 ∧ ¬ x7 ∧ ¬ x8 ∨
***         x1 ∧ ¬ x2 ∧ ¬ x3 ∧ ¬ x4 ∧ x5 ∧ x6 ∧ ¬ x7 ∧ ¬ x8 ∨
***         ¬ x1 ∧ x2 ∧ ¬ x3 ∧ ¬ x4 ∧ x5 ∧ x6 ∧ ¬ x7 ∧ ¬ x8 ∨
***         x1 ∧ x2 ∧ ¬ x3 ∧ ¬ x4 ∧ x5 ∧ x6 ∧ ¬ x7 ∧ ¬ x8 ∨
***         ¬ x1 ∧ ¬ x2 ∧ x3 ∧ ¬ x4 ∧ x5 ∧ x6 ∧ ¬ x7 ∧ ¬ x8 ∨
***         x1 ∧ ¬ x2 ∧ x3 ∧ ¬ x4 ∧ x5 ∧ x6 ∧ ¬ x7 ∧ ¬ x8 ∨
***         ¬ x1 ∧ x2 ∧ x3 ∧ ¬ x4 ∧ x5 ∧ x6 ∧ ¬ x7 ∧ ¬ x8 ∨
***         x1 ∧ x2 ∧ x3 ∧ ¬ x4 ∧ x5 ∧ x6 ∧ ¬ x7 ∧ ¬ x8 ∨
***         ¬ x1 ∧ ¬ x2 ∧ ¬ x3 ∧ x4 ∧ x5 ∧ x6 ∧ ¬ x7 ∧ ¬ x8 ∨
***         x1 ∧ ¬ x2 ∧ ¬ x3 ∧ x4 ∧ x5 ∧ x6 ∧ ¬ x7 ∧ ¬ x8 ∨
***         ¬ x1 ∧ x2 ∧ x3 ∧ ¬ x4 ∧ ¬ x5 ∧ x6 ∧ ¬ x7 ∧ ¬ x8 ∨
***         x1 ∧ x2 ∧ ¬ x3 ∧ x4 ∧ x5 ∧ x6 ∧ ¬ x7 ∧ ¬ x8 ∨
***         ¬ x1 ∧ x2 ∧ ¬ x3 ∧ x4 ∧ x5 ∧ x6 ∧ ¬ x7 ∧ ¬ x8 ∨
***         x1 ∧ ¬ x2 ∧ x3 ∧ x4 ∧ ¬ x5 ∧ x6 ∧ ¬ x7 ∧ ¬ x8) =
***        ((x8 ∨ x7 ∧ x6 ∧ (x5 ∨ x4 ∨ x3 ∨ x2 ∨ x1)) ∧
***         ¬ x8 ∧ (x4 ⟶ x5 ⟶ x6 ⟶ x7 ⟶ ¬ x3 ∧ (x2 ⟶ ¬ x1)) ∨
***         (x8 ∨ x7 ∧ (x6 ∨ x5 ∨ x4 ∨ x3 ∨ x2 ∨ x1)) ∧
***         ¬ x8 ∧ (x7 ⟶ ¬ x6 ∧ (x4 ⟶ x5 ⟶ ¬ x3 ∧ (x2 ⟶ ¬ x1))) ∨
***         (x8 ∨ x7 ∨ x6 ∧ x5) ∧
***         ¬ x8 ∧ ¬ x7 ∧ (x4 ⟶ x5 ⟶ x6 ⟶ ¬ x3 ∧ ¬ x2) ∨
***         x1 ∧ x2 ∧ x3 ∧ x4 ∧ x5 ∧ ¬ x6 ∧ x7 ∧ ¬ x8 ∨
***         ¬ x1 ∧ x2 ∧ x3 ∧ ¬ x4 ∧ ¬ x5 ∧ x6 ∧ ¬ x7 ∧ ¬ x8 ∨
***         x1 ∧ x2 ∧ ¬ x3 ∧ x4 ∧ x5 ∧ x6 ∧ ¬ x7 ∧ ¬ x8 ∨
***         ¬ x1 ∧ x2 ∧ ¬ x3 ∧ x4 ∧ x5 ∧ x6 ∧ ¬ x7 ∧ ¬ x8 ∨
***         x1 ∧ ¬ x2 ∧ x3 ∧ x4 ∧ ¬ x5 ∧ x6 ∧ ¬ x7 ∧ ¬ x8)
*** At command "by" (line 168 of "~/Desktop/2024_sem1/AutomaticProofRepair/AFPs/afp-2021-1/thys/XML/Xml.thy")
Unfinished session(s): XML
0:00:14 elapsed time, 0:00:20 cpu time, factor 1.42

===============
Youngs_Inequality
Running Youngs_Inequality ...
Youngs_Inequality FAILED
(see also /home/quiqui/.isabelle/Isabelle2022/heaps/polyml-5.9_x86_64_32-linux/log/Youngs_Inequality)
*** Type unification failed: Clash of types "_ ⇒ _" and "_ set"
*** 
*** Type error in application: incompatible operand type
*** 
*** Operator:  mono_on :: ??'a set ⇒ (??'a ⇒ ??'b) ⇒ bool
*** Operand:   f :: real ⇒ real
*** 
*** Coercion Inference:
*** 
*** Local coercion insertion on the operand failed:
*** No coercion known for type constructors: "fun" and "set"
*** At command "lemma" (line 87 of "~/Desktop/2024_sem1/AutomaticProofRepair/AFPs/afp-2021-1/thys/Youngs_Inequality/Youngs.thy")
Unfinished session(s): Youngs_Inequality
0:00:05 elapsed time

===============
Zeta_3_Irrational
Building Dirichlet_Series ...
Dirichlet_Series FAILED
(see also /home/quiqui/.isabelle/Isabelle2022/heaps/polyml-5.9_x86_64_32-linux/log/Dirichlet_Series)
*** Undefined fact: "has_field_derivative_iff_has_vector_derivative" (line 467 of "~/Desktop/2024_sem1/AutomaticProofRepair/AFPs/afp-2021-1/thys/Dirichlet_Series/Dirichlet_Series_Analysis.thy")
*** At command "by" (line 465 of "~/Desktop/2024_sem1/AutomaticProofRepair/AFPs/afp-2021-1/thys/Dirichlet_Series/Dirichlet_Series_Analysis.thy")
*** Undefined fact: "has_field_derivative_iff_has_vector_derivative" (line 878 of "~/Desktop/2024_sem1/AutomaticProofRepair/AFPs/afp-2021-1/thys/Dirichlet_Series/Dirichlet_Series_Analysis.thy")
*** At command "by" (line 877 of "~/Desktop/2024_sem1/AutomaticProofRepair/AFPs/afp-2021-1/thys/Dirichlet_Series/Dirichlet_Series_Analysis.thy")
*** Undefined fact: "has_field_derivative_iff_has_vector_derivative" (line 207 of "~/Desktop/2024_sem1/AutomaticProofRepair/AFPs/afp-2021-1/thys/Dirichlet_Series/Dirichlet_Series_Analysis.thy")
*** At command "by" (line 206 of "~/Desktop/2024_sem1/AutomaticProofRepair/AFPs/afp-2021-1/thys/Dirichlet_Series/Dirichlet_Series_Analysis.thy")
*** Undefined fact: "has_field_derivative_iff_has_vector_derivative" (line 1329 of "~/Desktop/2024_sem1/AutomaticProofRepair/AFPs/afp-2021-1/thys/Euler_MacLaurin/Euler_MacLaurin.thy")
*** At command "by" (line 1328 of "~/Desktop/2024_sem1/AutomaticProofRepair/AFPs/afp-2021-1/thys/Euler_MacLaurin/Euler_MacLaurin.thy")
*** Undefined fact: "has_field_derivative_iff_has_vector_derivative" (line 1579 of "~/Desktop/2024_sem1/AutomaticProofRepair/AFPs/afp-2021-1/thys/Euler_MacLaurin/Euler_MacLaurin.thy")
*** At command "qed" (line 1578 of "~/Desktop/2024_sem1/AutomaticProofRepair/AFPs/afp-2021-1/thys/Euler_MacLaurin/Euler_MacLaurin.thy")
*** Undefined fact: "has_field_derivative_iff_has_vector_derivative" (line 1485 of "~/Desktop/2024_sem1/AutomaticProofRepair/AFPs/afp-2021-1/thys/Euler_MacLaurin/Euler_MacLaurin.thy")
*** At command "by" (line 1483 of "~/Desktop/2024_sem1/AutomaticProofRepair/AFPs/afp-2021-1/thys/Euler_MacLaurin/Euler_MacLaurin.thy")
*** Undefined fact: "has_field_derivative_iff_has_vector_derivative" (line 1452 of "~/Desktop/2024_sem1/AutomaticProofRepair/AFPs/afp-2021-1/thys/Euler_MacLaurin/Euler_MacLaurin.thy")
*** At command "by" (line 1450 of "~/Desktop/2024_sem1/AutomaticProofRepair/AFPs/afp-2021-1/thys/Euler_MacLaurin/Euler_MacLaurin.thy")
*** Undefined fact: "has_field_derivative_iff_has_vector_derivative" (line 833 of "~/Desktop/2024_sem1/AutomaticProofRepair/AFPs/afp-2021-1/thys/Euler_MacLaurin/Euler_MacLaurin.thy")
*** At command "qed" (line 832 of "~/Desktop/2024_sem1/AutomaticProofRepair/AFPs/afp-2021-1/thys/Euler_MacLaurin/Euler_MacLaurin.thy")
*** Undefined constant: "Divides.divmod_nat" (line 42 of "~/Desktop/2024_sem1/AutomaticProofRepair/AFPs/afp-2021-1/thys/Polynomial_Factorization/Prime_Factorization.thy")
*** At command "partial_function" (line 41 of "~/Desktop/2024_sem1/AutomaticProofRepair/AFPs/afp-2021-1/thys/Polynomial_Factorization/Prime_Factorization.thy")
Zeta_Function CANCELLED
Prime_Number_Theorem CANCELLED
Zeta_3_Irrational CANCELLED
Unfinished session(s): Dirichlet_Series, Prime_Number_Theorem, Zeta_3_Irrational, Zeta_Function
0:01:13 elapsed time, 0:07:47 cpu time, factor 6.35

===============
Zeta_Function
Building Dirichlet_Series ...
Dirichlet_Series FAILED
(see also /home/quiqui/.isabelle/Isabelle2022/heaps/polyml-5.9_x86_64_32-linux/log/Dirichlet_Series)
*** Undefined fact: "has_field_derivative_iff_has_vector_derivative" (line 878 of "~/Desktop/2024_sem1/AutomaticProofRepair/AFPs/afp-2021-1/thys/Dirichlet_Series/Dirichlet_Series_Analysis.thy")
*** At command "by" (line 877 of "~/Desktop/2024_sem1/AutomaticProofRepair/AFPs/afp-2021-1/thys/Dirichlet_Series/Dirichlet_Series_Analysis.thy")
*** Undefined fact: "has_field_derivative_iff_has_vector_derivative" (line 467 of "~/Desktop/2024_sem1/AutomaticProofRepair/AFPs/afp-2021-1/thys/Dirichlet_Series/Dirichlet_Series_Analysis.thy")
*** At command "by" (line 465 of "~/Desktop/2024_sem1/AutomaticProofRepair/AFPs/afp-2021-1/thys/Dirichlet_Series/Dirichlet_Series_Analysis.thy")
*** Undefined fact: "has_field_derivative_iff_has_vector_derivative" (line 207 of "~/Desktop/2024_sem1/AutomaticProofRepair/AFPs/afp-2021-1/thys/Dirichlet_Series/Dirichlet_Series_Analysis.thy")
*** At command "by" (line 206 of "~/Desktop/2024_sem1/AutomaticProofRepair/AFPs/afp-2021-1/thys/Dirichlet_Series/Dirichlet_Series_Analysis.thy")
*** Undefined fact: "has_field_derivative_iff_has_vector_derivative" (line 1562 of "~/Desktop/2024_sem1/AutomaticProofRepair/AFPs/afp-2021-1/thys/Euler_MacLaurin/Euler_MacLaurin.thy")
*** At command "by" (line 1560 of "~/Desktop/2024_sem1/AutomaticProofRepair/AFPs/afp-2021-1/thys/Euler_MacLaurin/Euler_MacLaurin.thy")
*** Undefined fact: "has_field_derivative_iff_has_vector_derivative" (line 1499 of "~/Desktop/2024_sem1/AutomaticProofRepair/AFPs/afp-2021-1/thys/Euler_MacLaurin/Euler_MacLaurin.thy")
*** At command "qed" (line 1498 of "~/Desktop/2024_sem1/AutomaticProofRepair/AFPs/afp-2021-1/thys/Euler_MacLaurin/Euler_MacLaurin.thy")
*** Undefined fact: "has_field_derivative_iff_has_vector_derivative" (line 1452 of "~/Desktop/2024_sem1/AutomaticProofRepair/AFPs/afp-2021-1/thys/Euler_MacLaurin/Euler_MacLaurin.thy")
*** At command "by" (line 1450 of "~/Desktop/2024_sem1/AutomaticProofRepair/AFPs/afp-2021-1/thys/Euler_MacLaurin/Euler_MacLaurin.thy")
*** Undefined fact: "has_field_derivative_iff_has_vector_derivative" (line 1329 of "~/Desktop/2024_sem1/AutomaticProofRepair/AFPs/afp-2021-1/thys/Euler_MacLaurin/Euler_MacLaurin.thy")
*** At command "by" (line 1328 of "~/Desktop/2024_sem1/AutomaticProofRepair/AFPs/afp-2021-1/thys/Euler_MacLaurin/Euler_MacLaurin.thy")
*** Undefined fact: "has_field_derivative_iff_has_vector_derivative" (line 833 of "~/Desktop/2024_sem1/AutomaticProofRepair/AFPs/afp-2021-1/thys/Euler_MacLaurin/Euler_MacLaurin.thy")
*** At command "qed" (line 832 of "~/Desktop/2024_sem1/AutomaticProofRepair/AFPs/afp-2021-1/thys/Euler_MacLaurin/Euler_MacLaurin.thy")
*** Undefined constant: "Divides.divmod_nat" (line 42 of "~/Desktop/2024_sem1/AutomaticProofRepair/AFPs/afp-2021-1/thys/Polynomial_Factorization/Prime_Factorization.thy")
*** At command "partial_function" (line 41 of "~/Desktop/2024_sem1/AutomaticProofRepair/AFPs/afp-2021-1/thys/Polynomial_Factorization/Prime_Factorization.thy")
Zeta_Function CANCELLED
Unfinished session(s): Dirichlet_Series, Zeta_Function
0:01:15 elapsed time, 0:08:04 cpu time, factor 6.40

===============
ZFC_in_HOL
Running ZFC_in_HOL ...
ZFC_in_HOL FAILED
(see also /home/quiqui/.isabelle/Isabelle2022/heaps/polyml-5.9_x86_64_32-linux/log/ZFC_in_HOL)
*** Failed to load theory "ZFC_in_HOL.ZFC_Cardinals" (unresolved "ZFC_in_HOL.ZFC_in_HOL")
*** Failed to load theory "ZFC_in_HOL.Kirby" (unresolved "ZFC_in_HOL.ZFC_Cardinals")
*** Failed to load theory "ZFC_in_HOL.Ordinal_Exp" (unresolved "ZFC_in_HOL.Kirby")
*** Failed to load theory "ZFC_in_HOL.Cantor_NF" (unresolved "ZFC_in_HOL.Ordinal_Exp")
*** Failed to load theory "ZFC_in_HOL.ZFC_Typeclasses" (unresolved "ZFC_in_HOL.ZFC_Cardinals")
*** Type unification failed: Clash of types "_ ⇒ _" and "_ set"
*** 
*** Type error in application: incompatible operand type
*** 
*** Operator:  strict_mono_on :: ??'a set ⇒ (??'a ⇒ ??'b) ⇒ bool
*** Operand:   h :: ??'c ⇒ ??'c
*** 
*** At command "lemma" (line 1090 of "~/Desktop/2024_sem1/AutomaticProofRepair/AFPs/afp-2021-1/thys/ZFC_in_HOL/ZFC_in_HOL.thy")
Unfinished session(s): ZFC_in_HOL
0:00:12 elapsed time, 0:01:00 cpu time, factor 4.86

